sprite_editor/compare_preview_sizes.py:27:9: B007 Loop control variable 'i' not used within the loop body. If this is intended, start the name with an underscore.
sprite_editor/compare_preview_sizes.py:50:9: B014 Redundant exception types in `except (FileNotFoundError, IOError, OSError):`.  Write `except OSError:`, which catches exactly the same exceptions.
sprite_editor/controllers/palette_controller.py:12:1: F401 '..palette_utils.apply_palette_with_transparency' imported but unused
sprite_editor/controllers/viewer_controller.py:107:35: B907 'tmp.name' is manually surrounded by quotes, consider using the `!r` conversion flag.
sprite_editor/controllers/viewer_controller.py:109:39: B907 'tmp.name' is manually surrounded by quotes, consider using the `!r` conversion flag.
sprite_editor/extract_all_palettes.py:47:9: B007 Loop control variable 'i' not used within the loop body. If this is intended, start the name with an underscore.
sprite_editor/logging_config.py:54:9: B014 Redundant exception types in `except (OSError, IOError) as e:`.  Write `except OSError as e:`, which catches exactly the same exceptions.
sprite_editor/models/project_model.py:78:5: C901 'ProjectModel.add_recent_file' is too complex (12)
sprite_editor/multi_palette_demo.py:8:1: F401 'oam_palette_mapper.OAMPaletteMapper' imported but unused
sprite_editor/multi_palette_demo.py:10:1: E302 expected 2 blank lines, found 1
sprite_editor/multi_palette_demo.py:12:1: W293 blank line contains whitespace
sprite_editor/multi_palette_demo.py:15:1: W293 blank line contains whitespace
sprite_editor/multi_palette_demo.py:20:1: W293 blank line contains whitespace
sprite_editor/multi_palette_demo.py:28:1: W293 blank line contains whitespace
sprite_editor/multi_palette_demo.py:30:1: W293 blank line contains whitespace
sprite_editor/multi_palette_demo.py:36:1: W293 blank line contains whitespace
sprite_editor/multi_palette_demo.py:43:1: W293 blank line contains whitespace
sprite_editor/multi_palette_demo.py:51:1: W293 blank line contains whitespace
sprite_editor/multi_palette_demo.py:74:1: E305 expected 2 blank lines after class or function definition, found 1
sprite_editor/multi_palette_demo.py:75:25: W292 no newline at end of file
sprite_editor/multi_palette_viewer.py:301:17: B007 Loop control variable 'tile' not used within the loop body. If this is intended, start the name with an underscore.
sprite_editor/multi_palette_viewer.py:301:23: B007 Loop control variable 'usage_label' not used within the loop body. If this is intended, start the name with an underscore.
sprite_editor/multi_palette_viewer.py:317:40: B007 Loop control variable 'container' not used within the loop body. If this is intended, start the name with an underscore.
sprite_editor/oam_palette_mapper.py:61:13: B028 No explicit stacklevel argument found. The warn method from the warnings module uses a stacklevel of 1 by default. This will only show a stack trace for the line on which the warn method is called. It is therefore recommended to use a stacklevel of 2 or greater to provide more information to the user.
sprite_editor/palette_utils.py:136:5: B014 Redundant exception types in `except (OSError, IOError, struct.error, ValueError, IndexError):`.  Write `except (OSError, struct.error, ValueError, IndexError):`, which catches exactly the same exceptions.
sprite_editor/palette_utils.py:176:1: W293 blank line contains whitespace
sprite_editor/palette_utils.py:179:1: W293 blank line contains whitespace
sprite_editor/palette_utils.py:184:1: W293 blank line contains whitespace
sprite_editor/palette_utils.py:188:35: W291 trailing whitespace
sprite_editor/palette_utils.py:190:1: W293 blank line contains whitespace
sprite_editor/security_utils.py:39:9: B904 Within an `except` clause, raise exceptions with `raise ... from err` or `raise ... from None` to distinguish them from errors in exception handling.  See https://docs.python.org/3/tutorial/errors.html#exception-chaining for details.
sprite_editor/security_utils.py:47:13: B904 Within an `except` clause, raise exceptions with `raise ... from err` or `raise ... from None` to distinguish them from errors in exception handling.  See https://docs.python.org/3/tutorial/errors.html#exception-chaining for details.
sprite_editor/security_utils.py:87:9: B904 Within an `except` clause, raise exceptions with `raise ... from err` or `raise ... from None` to distinguish them from errors in exception handling.  See https://docs.python.org/3/tutorial/errors.html#exception-chaining for details.
sprite_editor/security_utils.py:100:13: B904 Within an `except` clause, raise exceptions with `raise ... from err` or `raise ... from None` to distinguish them from errors in exception handling.  See https://docs.python.org/3/tutorial/errors.html#exception-chaining for details.
sprite_editor/snes_tiles_to_png.py:38:9: B007 Loop control variable 'i' not used within the loop body. If this is intended, start the name with an underscore.
sprite_editor/sprite_assembler.py:81:9: B007 Loop control variable 'name' not used within the loop body. If this is intended, start the name with an underscore.
sprite_editor/sprite_disassembler.py:139:107: B950 line too long (106 > 88 characters)
sprite_editor/sprite_disassembler.py:141:109: B950 line too long (108 > 88 characters)
sprite_editor/sprite_editor_core.py:79:122: B950 line too long (121 > 88 characters)
sprite_editor/sprite_editor_core.py:129:9: B014 Redundant exception types in `except (OSError, IOError, IndexError, MemoryError) as e:`.  Write `except (OSError, IndexError, MemoryError) as e:`, which catches exactly the same exceptions.
sprite_editor/sprite_editor_core.py:193:9: B014 Redundant exception types in `except (OSError, IOError, AttributeError) as e:`.  Write `except (OSError, AttributeError) as e:`, which catches exactly the same exceptions.
sprite_editor/sprite_editor_core.py:197:5: C901 'SpriteEditorCore.inject_into_vram' is too complex (11)
sprite_editor/sprite_editor_core.py:250:9: B014 Redundant exception types in `except (OSError, IOError) as e:`.  Write `except OSError as e:`, which catches exactly the same exceptions.
sprite_editor/sprite_editor_core.py:291:9: B014 Redundant exception types in `except (OSError, IOError, AttributeError, RuntimeError) as e:`.  Write `except (OSError, AttributeError, RuntimeError) as e:`, which catches exactly the same exceptions.
sprite_editor/sprite_editor_core.py:322:9: B014 Redundant exception types in `except (OSError, IOError):`.  Write `except OSError:`, which catches exactly the same exceptions.
sprite_editor/sprite_editor_core.py:340:9: B014 Redundant exception types in `except (OSError, IOError, AttributeError, RuntimeError) as e:`.  Write `except (OSError, AttributeError, RuntimeError) as e:`, which catches exactly the same exceptions.
sprite_editor/sprite_editor_core.py:345:5: C901 'SpriteEditorCore.extract_sprites_multi_palette' is too complex (12)
sprite_editor/sprite_editor_core.py:346:119: B950 line too long (118 > 88 characters)
sprite_editor/sprite_editor_core.py:353:1: W293 blank line contains whitespace
sprite_editor/sprite_editor_core.py:359:1: W293 blank line contains whitespace
sprite_editor/sprite_editor_core.py:383:1: W293 blank line contains whitespace
sprite_editor/sprite_editor_core.py:400:9: B014 Redundant exception types in `except (OSError, IOError, RuntimeError, SecurityError) as e:`.  Write `except (OSError, RuntimeError, SecurityError) as e:`, which catches exactly the same exceptions.
sprite_editor/sprite_editor_core.py:414:5: C901 'SpriteEditorCore._load_palettes_from_cgram' is too complex (11)
sprite_editor/sprite_editor_core.py:417:1: W293 blank line contains whitespace
sprite_editor/sprite_editor_core.py:423:105: B950 line too long (104 > 88 characters)
sprite_editor/sprite_editor_core.py:428:1: W293 blank line contains whitespace
sprite_editor/sprite_editor_core.py:434:106: B950 line too long (105 > 88 characters)
sprite_editor/sprite_editor_core.py:444:17: B007 Loop control variable 'i' not used within the loop body. If this is intended, start the name with an underscore.
sprite_editor/sprite_editor_core.py:446:1: W293 blank line contains whitespace
sprite_editor/sprite_editor_core.py:457:99: B950 line too long (98 > 88 characters)
sprite_editor/sprite_editor_core.py:468:1: W293 blank line contains whitespace
sprite_editor/sprite_editor_core.py:488:128: B950 line too long (127 > 88 characters)
sprite_editor/sprite_editor_core.py:495:1: W293 blank line contains whitespace
sprite_editor/sprite_editor_core.py:538:9: B014 Redundant exception types in `except (OSError, IOError, IndexError) as e:`.  Write `except (OSError, IndexError) as e:`, which catches exactly the same exceptions.
sprite_editor/sprite_editor_core.py:543:106: B950 line too long (105 > 88 characters)
sprite_editor/sprite_editor_core.py:550:1: W293 blank line contains whitespace
sprite_editor/sprite_editor_core.py:601:1: W293 blank line contains whitespace
sprite_editor/sprite_editor_core.py:605:51: W291 trailing whitespace
sprite_editor/sprite_editor_core.py:617:1: W293 blank line contains whitespace
sprite_editor/sprite_editor_core.py:622:1: W293 blank line contains whitespace
sprite_editor/sprite_editor_core.py:624:45: W291 trailing whitespace
sprite_editor/sprite_editor_core.py:628:1: W293 blank line contains whitespace
sprite_editor/sprite_editor_core.py:635:9: B014 Redundant exception types in `except (OSError, IOError, RuntimeError, AttributeError, SecurityError) as e:`.  Write `except (OSError, RuntimeError, AttributeError, SecurityError) as e:`, which catches exactly the same exceptions.
sprite_editor/sprite_editor_core.py:637:1: W293 blank line contains whitespace
sprite_editor/sprite_editor_core.py:646:102: B950 line too long (101 > 88 characters)
sprite_editor/sprite_editor_core.py:649:1: W293 blank line contains whitespace
sprite_editor/sprite_editor_core.py:654:1: W293 blank line contains whitespace
sprite_editor/sprite_extractor.py:132:35: B907 'args.vram' is manually surrounded by quotes, consider using the `!r` conversion flag.
sprite_editor/sprite_injector.py:206:36: B907 'args.input_png' is manually surrounded by quotes, consider using the `!r` conversion flag.
sprite_editor/sprite_injector.py:210:35: B907 'args.vram' is manually surrounded by quotes, consider using the `!r` conversion flag.
sprite_editor/sprite_viewer_widget.py:238:114: B950 line too long (113 > 88 characters)
sprite_editor/sprite_workflow.py:68:30: B907 'png_file' is manually surrounded by quotes, consider using the `!r` conversion flag.
sprite_editor/sprite_workflow.py:84:37: B907 'output_vram' is manually surrounded by quotes, consider using the `!r` conversion flag.
sprite_editor/sprite_workflow.py:90:30: B907 'png_file' is manually surrounded by quotes, consider using the `!r` conversion flag.
sprite_editor/test_png_to_snes.py:193:9: B017 `assertRaises(Exception)` and `pytest.raises(Exception)` should be considered evil. They can lead to your test passing even if the code being tested is never executed due to a typo. Assert for a more specific exception (builtin or custom), or use `assertRaisesRegex` (if using `assertRaises`), or add the `match` keyword argument (if using `pytest.raises`), or use the context manager form with a target.
sprite_editor/test_png_to_snes.py:206:9: B017 `assertRaises(Exception)` and `pytest.raises(Exception)` should be considered evil. They can lead to your test passing even if the code being tested is never executed due to a typo. Assert for a more specific exception (builtin or custom), or use `assertRaisesRegex` (if using `assertRaises`), or add the `match` keyword argument (if using `pytest.raises`), or use the context manager form with a target.
sprite_editor/test_png_to_snes.py:223:9: B017 `assertRaises(Exception)` and `pytest.raises(Exception)` should be considered evil. They can lead to your test passing even if the code being tested is never executed due to a typo. Assert for a more specific exception (builtin or custom), or use `assertRaisesRegex` (if using `assertRaises`), or add the `match` keyword argument (if using `pytest.raises`), or use the context manager form with a target.
sprite_editor/test_png_to_snes.py:316:13: B007 Loop control variable 'y' not used within the loop body. If this is intended, start the name with an underscore.
sprite_editor/test_sprite_workflow.py:163:41: F841 local variable 'mock_print' is assigned to but never used
sprite_editor/test_sprite_workflow.py:183:41: F841 local variable 'mock_print' is assigned to but never used
sprite_editor/test_sprite_workflow.py:212:51: B907 'png_path' is manually surrounded by quotes, consider using the `!r` conversion flag.
sprite_editor/test_sprite_workflow.py:226:41: F841 local variable 'mock_print' is assigned to but never used
sprite_editor/test_sprite_workflow.py:295:51: B907 'png_path' is manually surrounded by quotes, consider using the `!r` conversion flag.
sprite_editor/tests/conftest.py:14:5: F401 'PyQt6.QtCore.Qt' imported but unused
sprite_editor/tests/conftest.py:119:1: E305 expected 2 blank lines after class or function definition, found 1
sprite_editor/tests/conftest.py:133:5: E303 too many blank lines (2)
sprite_editor/tests/conftest.py:142:1: W293 blank line contains whitespace
sprite_editor/tests/conftest.py:143:1: W293 blank line contains whitespace
sprite_editor/tests/conftest.py:144:5: E303 too many blank lines (2)
sprite_editor/tests/conftest.py:149:64: W291 trailing whitespace
sprite_editor/tests/conftest.py:154:5: E303 too many blank lines (2)
sprite_editor/tests/conftest.py:161:1: W293 blank line contains whitespace
sprite_editor/tests/conftest.py:163:1: W293 blank line contains whitespace
sprite_editor/tests/run_tests_no_timeout.py:14:38: W291 trailing whitespace
sprite_editor/tests/run_tests_no_timeout.py:65:1: E302 expected 2 blank lines, found 1
sprite_editor/tests/run_tests_no_timeout.py:67:19: E226 missing whitespace around arithmetic operator
sprite_editor/tests/run_tests_no_timeout.py:69:17: E226 missing whitespace around arithmetic operator
sprite_editor/tests/run_tests_no_timeout.py:70:1: W293 blank line contains whitespace
sprite_editor/tests/run_tests_no_timeout.py:76:1: W293 blank line contains whitespace
sprite_editor/tests/run_tests_no_timeout.py:79:1: W293 blank line contains whitespace
sprite_editor/tests/run_tests_no_timeout.py:87:1: W293 blank line contains whitespace
sprite_editor/tests/run_tests_no_timeout.py:89:1: W293 blank line contains whitespace
sprite_editor/tests/run_tests_no_timeout.py:100:1: W293 blank line contains whitespace
sprite_editor/tests/run_tests_no_timeout.py:105:1: W293 blank line contains whitespace
sprite_editor/tests/run_tests_no_timeout.py:108:1: E302 expected 2 blank lines, found 1
sprite_editor/tests/run_tests_no_timeout.py:111:1: W293 blank line contains whitespace
sprite_editor/tests/run_tests_no_timeout.py:113:1: W293 blank line contains whitespace
sprite_editor/tests/run_tests_no_timeout.py:117:1: W293 blank line contains whitespace
sprite_editor/tests/run_tests_no_timeout.py:118:19: E226 missing whitespace around arithmetic operator
sprite_editor/tests/run_tests_no_timeout.py:120:17: E226 missing whitespace around arithmetic operator
sprite_editor/tests/run_tests_no_timeout.py:121:1: W293 blank line contains whitespace
sprite_editor/tests/run_tests_no_timeout.py:129:1: E305 expected 2 blank lines after class or function definition, found 1
sprite_editor/tests/run_tests_no_timeout.py:130:21: W292 no newline at end of file
sprite_editor/tests/test_advanced_integration.py:6:1: F401 'os' imported but unused
sprite_editor/tests/test_advanced_integration.py:7:1: F401 'tempfile' imported but unused
sprite_editor/tests/test_advanced_integration.py:8:1: F401 'pathlib.Path' imported but unused
sprite_editor/tests/test_advanced_integration.py:14:1: F401 'sprite_editor.sprite_injector' imported but unused
sprite_editor/tests/test_advanced_integration.py:25:1: W293 blank line contains whitespace
sprite_editor/tests/test_advanced_integration.py:31:1: W293 blank line contains whitespace
sprite_editor/tests/test_advanced_integration.py:38:1: W293 blank line contains whitespace
sprite_editor/tests/test_advanced_integration.py:41:1: W293 blank line contains whitespace
sprite_editor/tests/test_advanced_integration.py:45:1: W293 blank line contains whitespace
sprite_editor/tests/test_advanced_integration.py:46:9: F841 local variable 'result' is assigned to but never used
sprite_editor/tests/test_advanced_integration.py:52:1: W293 blank line contains whitespace
sprite_editor/tests/test_advanced_integration.py:54:1: W293 blank line contains whitespace
sprite_editor/tests/test_advanced_integration.py:58:1: W293 blank line contains whitespace
sprite_editor/tests/test_advanced_integration.py:60:44: B905 `zip()` without an explicit `strict=` parameter.
sprite_editor/tests/test_advanced_integration.py:68:1: W293 blank line contains whitespace
sprite_editor/tests/test_advanced_integration.py:75:1: W293 blank line contains whitespace
sprite_editor/tests/test_advanced_integration.py:77:1: W293 blank line contains whitespace
sprite_editor/tests/test_advanced_integration.py:85:1: W293 blank line contains whitespace
sprite_editor/tests/test_advanced_integration.py:87:1: W293 blank line contains whitespace
sprite_editor/tests/test_advanced_integration.py:94:29: W291 trailing whitespace
sprite_editor/tests/test_advanced_integration.py:98:1: W293 blank line contains whitespace
sprite_editor/tests/test_advanced_integration.py:101:1: W293 blank line contains whitespace
sprite_editor/tests/test_advanced_integration.py:105:1: W293 blank line contains whitespace
sprite_editor/tests/test_advanced_integration.py:114:43: W291 trailing whitespace
sprite_editor/tests/test_advanced_integration.py:117:17: B007 Loop control variable 'i' not used within the loop body. If this is intended, start the name with an underscore.
sprite_editor/tests/test_advanced_integration.py:120:1: W293 blank line contains whitespace
sprite_editor/tests/test_advanced_integration.py:125:1: W293 blank line contains whitespace
sprite_editor/tests/test_advanced_integration.py:129:1: W293 blank line contains whitespace
sprite_editor/tests/test_advanced_integration.py:137:1: W293 blank line contains whitespace
sprite_editor/tests/test_advanced_integration.py:144:1: W293 blank line contains whitespace
sprite_editor/tests/test_advanced_integration.py:146:1: W293 blank line contains whitespace
sprite_editor/tests/test_advanced_integration.py:150:1: W293 blank line contains whitespace
sprite_editor/tests/test_advanced_integration.py:156:1: W293 blank line contains whitespace
sprite_editor/tests/test_advanced_integration.py:171:1: W293 blank line contains whitespace
sprite_editor/tests/test_advanced_integration.py:176:1: W293 blank line contains whitespace
sprite_editor/tests/test_advanced_integration.py:179:1: W293 blank line contains whitespace
sprite_editor/tests/test_advanced_integration.py:182:1: W293 blank line contains whitespace
sprite_editor/tests/test_advanced_integration.py:187:1: W293 blank line contains whitespace
sprite_editor/tests/test_advanced_integration.py:195:1: W293 blank line contains whitespace
sprite_editor/tests/test_advanced_integration.py:199:1: W293 blank line contains whitespace
sprite_editor/tests/test_advanced_integration.py:203:1: W293 blank line contains whitespace
sprite_editor/tests/test_advanced_integration.py:207:1: W293 blank line contains whitespace
sprite_editor/tests/test_advanced_integration.py:212:1: W293 blank line contains whitespace
sprite_editor/tests/test_advanced_integration.py:216:1: W293 blank line contains whitespace
sprite_editor/tests/test_advanced_integration.py:230:1: W293 blank line contains whitespace
sprite_editor/tests/test_advanced_integration.py:235:1: W293 blank line contains whitespace
sprite_editor/tests/test_advanced_integration.py:242:1: W293 blank line contains whitespace
sprite_editor/tests/test_advanced_integration.py:245:43: W291 trailing whitespace
sprite_editor/tests/test_advanced_integration.py:249:1: W293 blank line contains whitespace
sprite_editor/tests/test_advanced_integration.py:258:1: W293 blank line contains whitespace
sprite_editor/tests/test_advanced_integration.py:268:1: W293 blank line contains whitespace
sprite_editor/tests/test_advanced_integration.py:270:1: W293 blank line contains whitespace
sprite_editor/tests/test_advanced_integration.py:273:1: W293 blank line contains whitespace
sprite_editor/tests/test_advanced_integration.py:279:1: W293 blank line contains whitespace
sprite_editor/tests/test_advanced_integration.py:281:1: W293 blank line contains whitespace
sprite_editor/tests/test_advanced_integration.py:293:1: W293 blank line contains whitespace
sprite_editor/tests/test_advanced_integration.py:296:1: W293 blank line contains whitespace
sprite_editor/tests/test_advanced_integration.py:299:1: W293 blank line contains whitespace
sprite_editor/tests/test_advanced_integration.py:301:1: W293 blank line contains whitespace
sprite_editor/tests/test_advanced_integration.py:305:1: W293 blank line contains whitespace
sprite_editor/tests/test_advanced_integration.py:309:1: W293 blank line contains whitespace
sprite_editor/tests/test_advanced_integration.py:324:1: W293 blank line contains whitespace
sprite_editor/tests/test_advanced_integration.py:327:1: W293 blank line contains whitespace
sprite_editor/tests/test_advanced_integration.py:335:1: W293 blank line contains whitespace
sprite_editor/tests/test_advanced_integration.py:354:1: W293 blank line contains whitespace
sprite_editor/tests/test_advanced_integration.py:358:1: W293 blank line contains whitespace
sprite_editor/tests/test_advanced_integration.py:375:1: W293 blank line contains whitespace
sprite_editor/tests/test_advanced_integration.py:380:1: W293 blank line contains whitespace
sprite_editor/tests/test_advanced_integration.py:384:1: W293 blank line contains whitespace
sprite_editor/tests/test_advanced_integration.py:387:1: W293 blank line contains whitespace
sprite_editor/tests/test_advanced_integration.py:399:44: W292 no newline at end of file
sprite_editor/tests/test_base_controller.py:6:1: F401 'unittest.mock.patch' imported but unused
sprite_editor/tests/test_base_controller.py:16:1: W293 blank line contains whitespace
sprite_editor/tests/test_base_controller.py:20:1: W293 blank line contains whitespace
sprite_editor/tests/test_base_controller.py:28:1: W293 blank line contains whitespace
sprite_editor/tests/test_base_controller.py:33:1: W293 blank line contains whitespace
sprite_editor/tests/test_base_controller.py:35:1: W293 blank line contains whitespace
sprite_editor/tests/test_base_controller.py:39:1: W293 blank line contains whitespace
sprite_editor/tests/test_base_controller.py:43:1: W293 blank line contains whitespace
sprite_editor/tests/test_base_controller.py:45:1: W293 blank line contains whitespace
sprite_editor/tests/test_base_controller.py:49:1: W293 blank line contains whitespace
sprite_editor/tests/test_base_controller.py:53:1: W293 blank line contains whitespace
sprite_editor/tests/test_base_controller.py:55:1: W293 blank line contains whitespace
sprite_editor/tests/test_base_controller.py:59:1: W293 blank line contains whitespace
sprite_editor/tests/test_base_controller.py:63:1: W293 blank line contains whitespace
sprite_editor/tests/test_base_controller.py:67:1: W293 blank line contains whitespace
sprite_editor/tests/test_base_controller.py:73:1: W293 blank line contains whitespace
sprite_editor/tests/test_base_controller.py:76:1: W293 blank line contains whitespace
sprite_editor/tests/test_base_controller.py:79:1: W293 blank line contains whitespace
sprite_editor/tests/test_base_controller.py:84:1: W293 blank line contains whitespace
sprite_editor/tests/test_base_controller.py:87:1: W293 blank line contains whitespace
sprite_editor/tests/test_base_controller.py:90:1: W293 blank line contains whitespace
sprite_editor/tests/test_base_controller.py:96:1: W293 blank line contains whitespace
sprite_editor/tests/test_base_controller.py:99:1: W293 blank line contains whitespace
sprite_editor/tests/test_base_controller.py:102:1: W293 blank line contains whitespace
sprite_editor/tests/test_base_controller.py:107:1: W293 blank line contains whitespace
sprite_editor/tests/test_base_controller.py:110:1: W293 blank line contains whitespace
sprite_editor/tests/test_base_controller.py:113:1: W293 blank line contains whitespace
sprite_editor/tests/test_base_controller.py:119:1: W293 blank line contains whitespace
sprite_editor/tests/test_base_controller.py:124:1: W293 blank line contains whitespace
sprite_editor/tests/test_base_controller.py:130:1: W293 blank line contains whitespace
sprite_editor/tests/test_base_controller.py:133:1: W293 blank line contains whitespace
sprite_editor/tests/test_base_controller.py:137:1: W293 blank line contains whitespace
sprite_editor/tests/test_base_controller.py:140:1: W293 blank line contains whitespace
sprite_editor/tests/test_base_controller.py:145:1: W293 blank line contains whitespace
sprite_editor/tests/test_base_controller.py:146:45: W292 no newline at end of file
sprite_editor/tests/test_controllers.py:207:9: F841 local variable 'controller' is assigned to but never used
sprite_editor/tests/test_controllers.py:234:9: F841 local variable 'controller' is assigned to but never used
sprite_editor/tests/test_controllers.py:283:9: F841 local variable 'controller' is assigned to but never used
sprite_editor/tests/test_enhanced_gui_interaction.py:8:1: F401 'tempfile' imported but unused
sprite_editor/tests/test_enhanced_gui_interaction.py:9:1: F401 'pathlib.Path' imported but unused
sprite_editor/tests/test_enhanced_gui_interaction.py:10:1: F401 'unittest.mock.patch' imported but unused
sprite_editor/tests/test_enhanced_gui_interaction.py:10:1: F401 'unittest.mock.MagicMock' imported but unused
sprite_editor/tests/test_enhanced_gui_interaction.py:13:1: F401 'PyQt6.QtWidgets.QApplication' imported but unused
sprite_editor/tests/test_enhanced_gui_interaction.py:13:1: F401 'PyQt6.QtWidgets.QMainWindow' imported but unused
sprite_editor/tests/test_enhanced_gui_interaction.py:14:55: W291 trailing whitespace
sprite_editor/tests/test_enhanced_gui_interaction.py:19:1: F401 'PyQt6.QtTest.QTest' imported but unused
sprite_editor/tests/test_enhanced_gui_interaction.py:20:1: F401 'PyQt6.QtGui.QKeySequence' imported but unused
sprite_editor/tests/test_enhanced_gui_interaction.py:31:1: W293 blank line contains whitespace
sprite_editor/tests/test_enhanced_gui_interaction.py:35:1: W293 blank line contains whitespace
sprite_editor/tests/test_enhanced_gui_interaction.py:38:1: W293 blank line contains whitespace
sprite_editor/tests/test_enhanced_gui_interaction.py:41:1: W293 blank line contains whitespace
sprite_editor/tests/test_enhanced_gui_interaction.py:45:1: W293 blank line contains whitespace
sprite_editor/tests/test_enhanced_gui_interaction.py:48:1: W293 blank line contains whitespace
sprite_editor/tests/test_enhanced_gui_interaction.py:50:1: W293 blank line contains whitespace
sprite_editor/tests/test_enhanced_gui_interaction.py:57:1: W293 blank line contains whitespace
sprite_editor/tests/test_enhanced_gui_interaction.py:59:1: W293 blank line contains whitespace
sprite_editor/tests/test_enhanced_gui_interaction.py:70:1: W293 blank line contains whitespace
sprite_editor/tests/test_enhanced_gui_interaction.py:77:1: W293 blank line contains whitespace
sprite_editor/tests/test_enhanced_gui_interaction.py:80:1: W293 blank line contains whitespace
sprite_editor/tests/test_enhanced_gui_interaction.py:85:1: W293 blank line contains whitespace
sprite_editor/tests/test_enhanced_gui_interaction.py:89:1: W293 blank line contains whitespace
sprite_editor/tests/test_enhanced_gui_interaction.py:92:1: W293 blank line contains whitespace
sprite_editor/tests/test_enhanced_gui_interaction.py:98:1: W293 blank line contains whitespace
sprite_editor/tests/test_enhanced_gui_interaction.py:100:99: B950 line too long (98 > 88 characters)
sprite_editor/tests/test_enhanced_gui_interaction.py:101:1: W293 blank line contains whitespace
sprite_editor/tests/test_enhanced_gui_interaction.py:104:1: W293 blank line contains whitespace
sprite_editor/tests/test_enhanced_gui_interaction.py:107:1: W293 blank line contains whitespace
sprite_editor/tests/test_enhanced_gui_interaction.py:111:1: W293 blank line contains whitespace
sprite_editor/tests/test_enhanced_gui_interaction.py:114:1: W293 blank line contains whitespace
sprite_editor/tests/test_enhanced_gui_interaction.py:118:1: W293 blank line contains whitespace
sprite_editor/tests/test_enhanced_gui_interaction.py:120:1: W293 blank line contains whitespace
sprite_editor/tests/test_enhanced_gui_interaction.py:124:1: W293 blank line contains whitespace
sprite_editor/tests/test_enhanced_gui_interaction.py:126:1: W293 blank line contains whitespace
sprite_editor/tests/test_enhanced_gui_interaction.py:131:1: W293 blank line contains whitespace
sprite_editor/tests/test_enhanced_gui_interaction.py:136:1: W293 blank line contains whitespace
sprite_editor/tests/test_enhanced_gui_interaction.py:139:1: W293 blank line contains whitespace
sprite_editor/tests/test_enhanced_gui_interaction.py:143:1: W293 blank line contains whitespace
sprite_editor/tests/test_enhanced_gui_interaction.py:145:1: W293 blank line contains whitespace
sprite_editor/tests/test_enhanced_gui_interaction.py:149:1: W293 blank line contains whitespace
sprite_editor/tests/test_enhanced_gui_interaction.py:153:1: W293 blank line contains whitespace
sprite_editor/tests/test_enhanced_gui_interaction.py:157:1: W293 blank line contains whitespace
sprite_editor/tests/test_enhanced_gui_interaction.py:164:1: W293 blank line contains whitespace
sprite_editor/tests/test_enhanced_gui_interaction.py:171:1: W293 blank line contains whitespace
sprite_editor/tests/test_enhanced_gui_interaction.py:177:1: W293 blank line contains whitespace
sprite_editor/tests/test_enhanced_gui_interaction.py:179:1: W293 blank line contains whitespace
sprite_editor/tests/test_enhanced_gui_interaction.py:182:1: W293 blank line contains whitespace
sprite_editor/tests/test_enhanced_gui_interaction.py:184:1: W293 blank line contains whitespace
sprite_editor/tests/test_enhanced_gui_interaction.py:191:1: W293 blank line contains whitespace
sprite_editor/tests/test_enhanced_gui_interaction.py:196:1: W293 blank line contains whitespace
sprite_editor/tests/test_enhanced_gui_interaction.py:201:1: W293 blank line contains whitespace
sprite_editor/tests/test_enhanced_gui_interaction.py:210:1: W293 blank line contains whitespace
sprite_editor/tests/test_enhanced_gui_interaction.py:217:1: W293 blank line contains whitespace
sprite_editor/tests/test_enhanced_gui_interaction.py:219:9: F841 local variable 'extraction_tab' is assigned to but never used
sprite_editor/tests/test_enhanced_gui_interaction.py:223:1: W293 blank line contains whitespace
sprite_editor/tests/test_enhanced_gui_interaction.py:226:1: W293 blank line contains whitespace
sprite_editor/tests/test_enhanced_gui_interaction.py:230:1: W293 blank line contains whitespace
sprite_editor/tests/test_enhanced_gui_interaction.py:234:1: W293 blank line contains whitespace
sprite_editor/tests/test_enhanced_gui_interaction.py:237:1: W293 blank line contains whitespace
sprite_editor/tests/test_enhanced_gui_interaction.py:245:102: B950 line too long (101 > 88 characters)
sprite_editor/tests/test_enhanced_gui_interaction.py:246:1: W293 blank line contains whitespace
sprite_editor/tests/test_enhanced_gui_interaction.py:254:1: W293 blank line contains whitespace
sprite_editor/tests/test_enhanced_gui_interaction.py:258:1: W293 blank line contains whitespace
sprite_editor/tests/test_enhanced_gui_interaction.py:262:1: W293 blank line contains whitespace
sprite_editor/tests/test_enhanced_gui_interaction.py:269:1: W293 blank line contains whitespace
sprite_editor/tests/test_enhanced_gui_interaction.py:272:1: W293 blank line contains whitespace
sprite_editor/tests/test_enhanced_gui_interaction.py:275:1: W293 blank line contains whitespace
sprite_editor/tests/test_enhanced_gui_interaction.py:279:1: W293 blank line contains whitespace
sprite_editor/tests/test_enhanced_gui_interaction.py:286:1: W293 blank line contains whitespace
sprite_editor/tests/test_enhanced_gui_interaction.py:289:1: W293 blank line contains whitespace
sprite_editor/tests/test_enhanced_gui_interaction.py:294:1: W293 blank line contains whitespace
sprite_editor/tests/test_enhanced_gui_interaction.py:304:1: W293 blank line contains whitespace
sprite_editor/tests/test_enhanced_gui_interaction.py:308:62: W291 trailing whitespace
sprite_editor/tests/test_enhanced_gui_interaction.py:313:1: W293 blank line contains whitespace
sprite_editor/tests/test_enhanced_gui_interaction.py:316:1: W293 blank line contains whitespace
sprite_editor/tests/test_enhanced_gui_interaction.py:321:1: W293 blank line contains whitespace
sprite_editor/tests/test_enhanced_gui_interaction.py:326:1: W293 blank line contains whitespace
sprite_editor/tests/test_enhanced_gui_interaction.py:329:1: W293 blank line contains whitespace
sprite_editor/tests/test_enhanced_gui_interaction.py:341:108: B950 line too long (107 > 88 characters)
sprite_editor/tests/test_enhanced_gui_interaction.py:345:1: W293 blank line contains whitespace
sprite_editor/tests/test_enhanced_gui_interaction.py:350:13: W292 no newline at end of file
sprite_editor/tests/test_error_handling.py:6:1: F401 'os' imported but unused
sprite_editor/tests/test_error_handling.py:7:1: F401 'tempfile' imported but unused
sprite_editor/tests/test_error_handling.py:8:1: F401 'pathlib.Path' imported but unused
sprite_editor/tests/test_error_handling.py:16:1: F401 'sprite_editor.constants.MAX_PNG_FILE_SIZE' imported but unused
sprite_editor/tests/test_error_handling.py:16:1: F401 'sprite_editor.constants.MAX_VRAM_FILE_SIZE' imported but unused
sprite_editor/tests/test_error_handling.py:16:1: F401 'sprite_editor.constants.BYTES_PER_TILE_4BPP' imported but unused
sprite_editor/tests/test_error_handling.py:16:1: F401 'sprite_editor.constants.VRAM_SIZE_ABSOLUTE_MAX' imported but unused
sprite_editor/tests/test_error_handling.py:29:1: W293 blank line contains whitespace
sprite_editor/tests/test_error_handling.py:37:1: W293 blank line contains whitespace
sprite_editor/tests/test_error_handling.py:41:1: W293 blank line contains whitespace
sprite_editor/tests/test_error_handling.py:51:1: W293 blank line contains whitespace
sprite_editor/tests/test_error_handling.py:59:1: W293 blank line contains whitespace
sprite_editor/tests/test_error_handling.py:67:1: W293 blank line contains whitespace
sprite_editor/tests/test_error_handling.py:75:1: W293 blank line contains whitespace
sprite_editor/tests/test_error_handling.py:87:1: W293 blank line contains whitespace
sprite_editor/tests/test_error_handling.py:92:1: W293 blank line contains whitespace
sprite_editor/tests/test_error_handling.py:100:1: W293 blank line contains whitespace
sprite_editor/tests/test_error_handling.py:106:1: W293 blank line contains whitespace
sprite_editor/tests/test_error_handling.py:111:1: W293 blank line contains whitespace
sprite_editor/tests/test_error_handling.py:114:9: F841 local variable 'result' is assigned to but never used
sprite_editor/tests/test_error_handling.py:121:1: W293 blank line contains whitespace
sprite_editor/tests/test_error_handling.py:127:1: W293 blank line contains whitespace
sprite_editor/tests/test_error_handling.py:133:1: W293 blank line contains whitespace
sprite_editor/tests/test_error_handling.py:136:1: W293 blank line contains whitespace
sprite_editor/tests/test_error_handling.py:140:1: W293 blank line contains whitespace
sprite_editor/tests/test_error_handling.py:143:9: F841 local variable 'result' is assigned to but never used
sprite_editor/tests/test_error_handling.py:150:1: W293 blank line contains whitespace
sprite_editor/tests/test_error_handling.py:154:1: W293 blank line contains whitespace
sprite_editor/tests/test_error_handling.py:162:1: W293 blank line contains whitespace
sprite_editor/tests/test_error_handling.py:166:1: W293 blank line contains whitespace
sprite_editor/tests/test_error_handling.py:188:22: W291 trailing whitespace
sprite_editor/tests/test_error_handling.py:194:1: W293 blank line contains whitespace
sprite_editor/tests/test_error_handling.py:208:1: W293 blank line contains whitespace
sprite_editor/tests/test_error_handling.py:219:1: W293 blank line contains whitespace
sprite_editor/tests/test_error_handling.py:221:9: F841 local variable 'palette' is assigned to but never used
sprite_editor/tests/test_error_handling.py:238:1: W293 blank line contains whitespace
sprite_editor/tests/test_error_handling.py:242:1: W293 blank line contains whitespace
sprite_editor/tests/test_error_handling.py:252:1: W293 blank line contains whitespace
sprite_editor/tests/test_error_handling.py:253:46: W291 trailing whitespace
sprite_editor/tests/test_error_handling.py:256:1: W293 blank line contains whitespace
sprite_editor/tests/test_error_handling.py:265:1: W293 blank line contains whitespace
sprite_editor/tests/test_error_handling.py:277:1: W293 blank line contains whitespace
sprite_editor/tests/test_error_handling.py:280:9: F841 local variable 'result' is assigned to but never used
sprite_editor/tests/test_error_handling.py:287:1: W293 blank line contains whitespace
sprite_editor/tests/test_error_handling.py:290:1: W293 blank line contains whitespace
sprite_editor/tests/test_error_handling.py:302:1: W293 blank line contains whitespace
sprite_editor/tests/test_error_handling.py:307:1: W293 blank line contains whitespace
sprite_editor/tests/test_error_handling.py:316:1: W293 blank line contains whitespace
sprite_editor/tests/test_error_handling.py:333:1: W293 blank line contains whitespace
sprite_editor/tests/test_error_handling.py:340:1: W293 blank line contains whitespace
sprite_editor/tests/test_error_handling.py:344:1: W293 blank line contains whitespace
sprite_editor/tests/test_error_handling.py:347:1: W293 blank line contains whitespace
sprite_editor/tests/test_error_handling.py:356:1: W293 blank line contains whitespace
sprite_editor/tests/test_error_handling.py:360:1: W293 blank line contains whitespace
sprite_editor/tests/test_error_handling.py:367:1: W293 blank line contains whitespace
sprite_editor/tests/test_error_handling.py:371:1: W293 blank line contains whitespace
sprite_editor/tests/test_error_handling.py:374:1: W293 blank line contains whitespace
sprite_editor/tests/test_error_handling.py:388:1: W293 blank line contains whitespace
sprite_editor/tests/test_error_handling.py:397:1: W293 blank line contains whitespace
sprite_editor/tests/test_error_handling.py:407:1: W293 blank line contains whitespace
sprite_editor/tests/test_error_handling.py:417:1: W293 blank line contains whitespace
sprite_editor/tests/test_error_handling.py:421:1: W293 blank line contains whitespace
sprite_editor/tests/test_error_handling.py:434:9: F841 local variable 'result' is assigned to but never used
sprite_editor/tests/test_error_handling.py:437:22: W291 trailing whitespace
sprite_editor/tests/test_error_handling.py:443:1: W293 blank line contains whitespace
sprite_editor/tests/test_error_handling.py:444:9: F841 local variable 'result' is assigned to but never used
sprite_editor/tests/test_error_handling.py:445:68: W292 no newline at end of file
sprite_editor/tests/test_extract_controller.py:7:1: F401 'os' imported but unused
sprite_editor/tests/test_extract_controller.py:8:1: F401 'tempfile' imported but unused
sprite_editor/tests/test_extract_controller.py:10:1: F401 'unittest.mock.PropertyMock' imported but unused
sprite_editor/tests/test_extract_controller.py:14:1: F401 'PyQt6.QtCore.QThread' imported but unused
sprite_editor/tests/test_extract_controller.py:14:1: F401 'PyQt6.QtCore.pyqtSignal' imported but unused
sprite_editor/tests/test_extract_controller.py:20:1: F401 'sprite_editor.workers.extract_worker.ExtractWorker' imported but unused
sprite_editor/tests/test_extract_controller.py:28:1: W293 blank line contains whitespace
sprite_editor/tests/test_extract_controller.py:32:1: W293 blank line contains whitespace
sprite_editor/tests/test_extract_controller.py:40:1: W293 blank line contains whitespace
sprite_editor/tests/test_extract_controller.py:45:1: W293 blank line contains whitespace
sprite_editor/tests/test_extract_controller.py:53:1: W293 blank line contains whitespace
sprite_editor/tests/test_extract_controller.py:72:1: W293 blank line contains whitespace
sprite_editor/tests/test_extract_controller.py:76:1: W293 blank line contains whitespace
sprite_editor/tests/test_extract_controller.py:87:1: W293 blank line contains whitespace
sprite_editor/tests/test_extract_controller.py:92:1: W293 blank line contains whitespace
sprite_editor/tests/test_extract_controller.py:97:1: W293 blank line contains whitespace
sprite_editor/tests/test_extract_controller.py:109:1: W293 blank line contains whitespace
sprite_editor/tests/test_extract_controller.py:114:1: W293 blank line contains whitespace
sprite_editor/tests/test_extract_controller.py:116:1: W293 blank line contains whitespace
sprite_editor/tests/test_extract_controller.py:121:1: W293 blank line contains whitespace
sprite_editor/tests/test_extract_controller.py:124:1: W293 blank line contains whitespace
sprite_editor/tests/test_extract_controller.py:126:100: B950 line too long (99 > 88 characters)
sprite_editor/tests/test_extract_controller.py:127:1: W293 blank line contains whitespace
sprite_editor/tests/test_extract_controller.py:132:1: W293 blank line contains whitespace
sprite_editor/tests/test_extract_controller.py:134:1: W293 blank line contains whitespace
sprite_editor/tests/test_extract_controller.py:138:1: W293 blank line contains whitespace
sprite_editor/tests/test_extract_controller.py:143:1: W293 blank line contains whitespace
sprite_editor/tests/test_extract_controller.py:145:1: W293 blank line contains whitespace
sprite_editor/tests/test_extract_controller.py:150:1: W293 blank line contains whitespace
sprite_editor/tests/test_extract_controller.py:153:1: W293 blank line contains whitespace
sprite_editor/tests/test_extract_controller.py:155:102: B950 line too long (101 > 88 characters)
sprite_editor/tests/test_extract_controller.py:156:1: W293 blank line contains whitespace
sprite_editor/tests/test_extract_controller.py:161:1: W293 blank line contains whitespace
sprite_editor/tests/test_extract_controller.py:164:1: W293 blank line contains whitespace
sprite_editor/tests/test_extract_controller.py:166:1: W293 blank line contains whitespace
sprite_editor/tests/test_extract_controller.py:170:1: W293 blank line contains whitespace
sprite_editor/tests/test_extract_controller.py:175:1: W293 blank line contains whitespace
sprite_editor/tests/test_extract_controller.py:178:1: W293 blank line contains whitespace
sprite_editor/tests/test_extract_controller.py:180:1: W293 blank line contains whitespace
sprite_editor/tests/test_extract_controller.py:189:1: W293 blank line contains whitespace
sprite_editor/tests/test_extract_controller.py:200:1: W293 blank line contains whitespace
sprite_editor/tests/test_extract_controller.py:203:1: W293 blank line contains whitespace
sprite_editor/tests/test_extract_controller.py:209:1: W293 blank line contains whitespace
sprite_editor/tests/test_extract_controller.py:213:1: W293 blank line contains whitespace
sprite_editor/tests/test_extract_controller.py:223:1: W293 blank line contains whitespace
sprite_editor/tests/test_extract_controller.py:226:1: W293 blank line contains whitespace
sprite_editor/tests/test_extract_controller.py:235:1: W293 blank line contains whitespace
sprite_editor/tests/test_extract_controller.py:246:1: W293 blank line contains whitespace
sprite_editor/tests/test_extract_controller.py:248:103: B950 line too long (102 > 88 characters)
sprite_editor/tests/test_extract_controller.py:251:1: W293 blank line contains whitespace
sprite_editor/tests/test_extract_controller.py:253:1: W293 blank line contains whitespace
sprite_editor/tests/test_extract_controller.py:263:1: W293 blank line contains whitespace
sprite_editor/tests/test_extract_controller.py:268:1: W293 blank line contains whitespace
sprite_editor/tests/test_extract_controller.py:273:1: W293 blank line contains whitespace
sprite_editor/tests/test_extract_controller.py:276:1: W293 blank line contains whitespace
sprite_editor/tests/test_extract_controller.py:289:1: W293 blank line contains whitespace
sprite_editor/tests/test_extract_controller.py:290:103: B950 line too long (102 > 88 characters)
sprite_editor/tests/test_extract_controller.py:293:1: W293 blank line contains whitespace
sprite_editor/tests/test_extract_controller.py:295:1: W293 blank line contains whitespace
sprite_editor/tests/test_extract_controller.py:305:1: W293 blank line contains whitespace
sprite_editor/tests/test_extract_controller.py:309:1: W293 blank line contains whitespace
sprite_editor/tests/test_extract_controller.py:311:1: W293 blank line contains whitespace
sprite_editor/tests/test_extract_controller.py:316:1: W293 blank line contains whitespace
sprite_editor/tests/test_extract_controller.py:318:1: W293 blank line contains whitespace
sprite_editor/tests/test_extract_controller.py:321:1: W293 blank line contains whitespace
sprite_editor/tests/test_extract_controller.py:324:1: W293 blank line contains whitespace
sprite_editor/tests/test_extract_controller.py:328:1: W293 blank line contains whitespace
sprite_editor/tests/test_extract_controller.py:331:1: W293 blank line contains whitespace
sprite_editor/tests/test_extract_controller.py:335:1: W293 blank line contains whitespace
sprite_editor/tests/test_extract_controller.py:338:1: W293 blank line contains whitespace
sprite_editor/tests/test_extract_controller.py:341:1: W293 blank line contains whitespace
sprite_editor/tests/test_extract_controller.py:344:1: W293 blank line contains whitespace
sprite_editor/tests/test_extract_controller.py:355:1: W293 blank line contains whitespace
sprite_editor/tests/test_extract_controller.py:359:1: W293 blank line contains whitespace
sprite_editor/tests/test_extract_controller.py:362:1: W293 blank line contains whitespace
sprite_editor/tests/test_extract_controller.py:365:1: W293 blank line contains whitespace
sprite_editor/tests/test_extract_controller.py:369:1: W293 blank line contains whitespace
sprite_editor/tests/test_extract_controller.py:373:1: W293 blank line contains whitespace
sprite_editor/tests/test_extract_controller.py:377:1: W293 blank line contains whitespace
sprite_editor/tests/test_extract_controller.py:380:1: W293 blank line contains whitespace
sprite_editor/tests/test_extract_controller.py:382:98: B950 line too long (97 > 88 characters)
sprite_editor/tests/test_extract_controller.py:383:1: W293 blank line contains whitespace
sprite_editor/tests/test_extract_controller.py:388:1: W293 blank line contains whitespace
sprite_editor/tests/test_extract_controller.py:391:1: W293 blank line contains whitespace
sprite_editor/tests/test_extract_controller.py:393:1: W293 blank line contains whitespace
sprite_editor/tests/test_extract_controller.py:396:70: W292 no newline at end of file
sprite_editor/tests/test_file_operations.py:9:1: F401 'shutil' imported but unused
sprite_editor/tests/test_file_operations.py:11:1: F401 'unittest.mock.MagicMock' imported but unused
sprite_editor/tests/test_file_operations.py:26:1: W293 blank line contains whitespace
sprite_editor/tests/test_file_operations.py:29:1: W293 blank line contains whitespace
sprite_editor/tests/test_file_operations.py:32:1: W293 blank line contains whitespace
sprite_editor/tests/test_file_operations.py:39:1: W293 blank line contains whitespace
sprite_editor/tests/test_file_operations.py:45:1: W293 blank line contains whitespace
sprite_editor/tests/test_file_operations.py:50:1: W293 blank line contains whitespace
sprite_editor/tests/test_file_operations.py:55:1: W293 blank line contains whitespace
sprite_editor/tests/test_file_operations.py:61:1: W293 blank line contains whitespace
sprite_editor/tests/test_file_operations.py:68:1: W293 blank line contains whitespace
sprite_editor/tests/test_file_operations.py:75:1: W293 blank line contains whitespace
sprite_editor/tests/test_file_operations.py:82:1: W293 blank line contains whitespace
sprite_editor/tests/test_file_operations.py:88:1: W293 blank line contains whitespace
sprite_editor/tests/test_file_operations.py:94:1: W293 blank line contains whitespace
sprite_editor/tests/test_file_operations.py:100:1: W293 blank line contains whitespace
sprite_editor/tests/test_file_operations.py:107:1: W293 blank line contains whitespace
sprite_editor/tests/test_file_operations.py:113:1: W293 blank line contains whitespace
sprite_editor/tests/test_file_operations.py:118:1: W293 blank line contains whitespace
sprite_editor/tests/test_file_operations.py:123:1: W293 blank line contains whitespace
sprite_editor/tests/test_file_operations.py:127:1: W293 blank line contains whitespace
sprite_editor/tests/test_file_operations.py:134:1: W293 blank line contains whitespace
sprite_editor/tests/test_file_operations.py:138:1: W293 blank line contains whitespace
sprite_editor/tests/test_file_operations.py:142:1: W293 blank line contains whitespace
sprite_editor/tests/test_file_operations.py:146:1: W293 blank line contains whitespace
sprite_editor/tests/test_file_operations.py:150:1: W293 blank line contains whitespace
sprite_editor/tests/test_file_operations.py:153:1: W293 blank line contains whitespace
sprite_editor/tests/test_file_operations.py:158:1: W293 blank line contains whitespace
sprite_editor/tests/test_file_operations.py:161:1: W293 blank line contains whitespace
sprite_editor/tests/test_file_operations.py:166:1: W293 blank line contains whitespace
sprite_editor/tests/test_file_operations.py:173:1: W293 blank line contains whitespace
sprite_editor/tests/test_file_operations.py:180:1: W293 blank line contains whitespace
sprite_editor/tests/test_file_operations.py:187:1: W293 blank line contains whitespace
sprite_editor/tests/test_file_operations.py:199:1: W293 blank line contains whitespace
sprite_editor/tests/test_file_operations.py:208:1: W293 blank line contains whitespace
sprite_editor/tests/test_file_operations.py:215:1: W293 blank line contains whitespace
sprite_editor/tests/test_file_operations.py:221:1: W293 blank line contains whitespace
sprite_editor/tests/test_file_operations.py:227:1: W293 blank line contains whitespace
sprite_editor/tests/test_file_operations.py:231:67: W292 no newline at end of file
sprite_editor/tests/test_gui_views.py:7:1: F401 'os' imported but unused
sprite_editor/tests/test_gui_views.py:8:1: F401 'tempfile' imported but unused
sprite_editor/tests/test_gui_views.py:9:1: F401 'pathlib.Path' imported but unused
sprite_editor/tests/test_gui_views.py:10:1: F401 'unittest.mock.mock_open' imported but unused
sprite_editor/tests/test_gui_views.py:13:1: F401 'PyQt6.QtWidgets.QApplication' imported but unused
sprite_editor/tests/test_gui_views.py:13:1: F401 'PyQt6.QtWidgets.QComboBox' imported but unused
sprite_editor/tests/test_gui_views.py:13:1: F401 'PyQt6.QtWidgets.QLineEdit' imported but unused
sprite_editor/tests/test_gui_views.py:13:1: F401 'PyQt6.QtWidgets.QSpinBox' imported but unused
sprite_editor/tests/test_gui_views.py:13:1: F401 'PyQt6.QtWidgets.QCheckBox' imported but unused
sprite_editor/tests/test_gui_views.py:13:1: F401 'PyQt6.QtWidgets.QTabWidget' imported but unused
sprite_editor/tests/test_gui_views.py:17:1: F401 'PyQt6.QtCore.QTimer' imported but unused
sprite_editor/tests/test_gui_views.py:19:1: F401 'PyQt6.QtTest.QTest' imported but unused
sprite_editor/tests/test_gui_views.py:40:1: W293 blank line contains whitespace
sprite_editor/tests/test_gui_views.py:44:1: W293 blank line contains whitespace
sprite_editor/tests/test_gui_views.py:48:146: B950 line too long (145 > 88 characters)
sprite_editor/tests/test_gui_views.py:50:1: W293 blank line contains whitespace
sprite_editor/tests/test_gui_views.py:62:1: W293 blank line contains whitespace
sprite_editor/tests/test_gui_views.py:67:1: W293 blank line contains whitespace
sprite_editor/tests/test_gui_views.py:75:1: W293 blank line contains whitespace
sprite_editor/tests/test_gui_views.py:80:1: W293 blank line contains whitespace
sprite_editor/tests/test_gui_views.py:84:1: W293 blank line contains whitespace
sprite_editor/tests/test_gui_views.py:87:1: W293 blank line contains whitespace
sprite_editor/tests/test_gui_views.py:90:52: W291 trailing whitespace
sprite_editor/tests/test_gui_views.py:93:1: W293 blank line contains whitespace
sprite_editor/tests/test_gui_views.py:96:1: W293 blank line contains whitespace
sprite_editor/tests/test_gui_views.py:102:1: W293 blank line contains whitespace
sprite_editor/tests/test_gui_views.py:105:1: W293 blank line contains whitespace
sprite_editor/tests/test_gui_views.py:110:1: W293 blank line contains whitespace
sprite_editor/tests/test_gui_views.py:122:1: W293 blank line contains whitespace
sprite_editor/tests/test_gui_views.py:127:1: W293 blank line contains whitespace
sprite_editor/tests/test_gui_views.py:131:1: W293 blank line contains whitespace
sprite_editor/tests/test_gui_views.py:138:1: W293 blank line contains whitespace
sprite_editor/tests/test_gui_views.py:143:1: W293 blank line contains whitespace
sprite_editor/tests/test_gui_views.py:149:1: W293 blank line contains whitespace
sprite_editor/tests/test_gui_views.py:152:1: W293 blank line contains whitespace
sprite_editor/tests/test_gui_views.py:155:1: W293 blank line contains whitespace
sprite_editor/tests/test_gui_views.py:161:1: W293 blank line contains whitespace
sprite_editor/tests/test_gui_views.py:165:1: W293 blank line contains whitespace
sprite_editor/tests/test_gui_views.py:169:1: W293 blank line contains whitespace
sprite_editor/tests/test_gui_views.py:173:1: W293 blank line contains whitespace
sprite_editor/tests/test_gui_views.py:179:1: W293 blank line contains whitespace
sprite_editor/tests/test_gui_views.py:185:1: W293 blank line contains whitespace
sprite_editor/tests/test_gui_views.py:193:1: W293 blank line contains whitespace
sprite_editor/tests/test_gui_views.py:196:1: W293 blank line contains whitespace
sprite_editor/tests/test_gui_views.py:200:1: W293 blank line contains whitespace
sprite_editor/tests/test_gui_views.py:205:1: W293 blank line contains whitespace
sprite_editor/tests/test_gui_views.py:208:1: W293 blank line contains whitespace
sprite_editor/tests/test_gui_views.py:214:1: W293 blank line contains whitespace
sprite_editor/tests/test_gui_views.py:222:1: W293 blank line contains whitespace
sprite_editor/tests/test_gui_views.py:230:1: W293 blank line contains whitespace
sprite_editor/tests/test_gui_views.py:235:1: W293 blank line contains whitespace
sprite_editor/tests/test_gui_views.py:238:1: W293 blank line contains whitespace
sprite_editor/tests/test_gui_views.py:243:1: W293 blank line contains whitespace
sprite_editor/tests/test_gui_views.py:247:1: W293 blank line contains whitespace
sprite_editor/tests/test_gui_views.py:251:1: W293 blank line contains whitespace
sprite_editor/tests/test_gui_views.py:254:1: W293 blank line contains whitespace
sprite_editor/tests/test_gui_views.py:258:1: W293 blank line contains whitespace
sprite_editor/tests/test_gui_views.py:261:1: W293 blank line contains whitespace
sprite_editor/tests/test_gui_views.py:270:1: W293 blank line contains whitespace
sprite_editor/tests/test_gui_views.py:274:1: W293 blank line contains whitespace
sprite_editor/tests/test_gui_views.py:278:1: W293 blank line contains whitespace
sprite_editor/tests/test_gui_views.py:282:1: W293 blank line contains whitespace
sprite_editor/tests/test_gui_views.py:286:1: W293 blank line contains whitespace
sprite_editor/tests/test_gui_views.py:290:1: W293 blank line contains whitespace
sprite_editor/tests/test_gui_views.py:294:1: W293 blank line contains whitespace
sprite_editor/tests/test_gui_views.py:304:1: W293 blank line contains whitespace
sprite_editor/tests/test_gui_views.py:309:1: W293 blank line contains whitespace
sprite_editor/tests/test_gui_views.py:315:1: W293 blank line contains whitespace
sprite_editor/tests/test_gui_views.py:320:1: W293 blank line contains whitespace
sprite_editor/tests/test_gui_views.py:323:1: W293 blank line contains whitespace
sprite_editor/tests/test_gui_views.py:326:1: W293 blank line contains whitespace
sprite_editor/tests/test_gui_views.py:331:1: W293 blank line contains whitespace
sprite_editor/tests/test_gui_views.py:336:1: W293 blank line contains whitespace
sprite_editor/tests/test_gui_views.py:341:1: W293 blank line contains whitespace
sprite_editor/tests/test_gui_views.py:347:1: W293 blank line contains whitespace
sprite_editor/tests/test_gui_views.py:356:1: W293 blank line contains whitespace
sprite_editor/tests/test_gui_views.py:360:1: W293 blank line contains whitespace
sprite_editor/tests/test_gui_views.py:364:1: W293 blank line contains whitespace
sprite_editor/tests/test_gui_views.py:371:1: W293 blank line contains whitespace
sprite_editor/tests/test_gui_views.py:374:1: W293 blank line contains whitespace
sprite_editor/tests/test_gui_views.py:378:1: W293 blank line contains whitespace
sprite_editor/tests/test_gui_views.py:383:1: W293 blank line contains whitespace
sprite_editor/tests/test_gui_views.py:394:1: W293 blank line contains whitespace
sprite_editor/tests/test_gui_views.py:398:1: W293 blank line contains whitespace
sprite_editor/tests/test_gui_views.py:402:1: W293 blank line contains whitespace
sprite_editor/tests/test_gui_views.py:407:1: W293 blank line contains whitespace
sprite_editor/tests/test_gui_views.py:415:1: W293 blank line contains whitespace
sprite_editor/tests/test_gui_views.py:418:1: W293 blank line contains whitespace
sprite_editor/tests/test_gui_views.py:424:1: W293 blank line contains whitespace
sprite_editor/tests/test_gui_views.py:434:1: W293 blank line contains whitespace
sprite_editor/tests/test_gui_views.py:441:1: W293 blank line contains whitespace
sprite_editor/tests/test_gui_views.py:444:1: W293 blank line contains whitespace
sprite_editor/tests/test_gui_views.py:451:1: W293 blank line contains whitespace
sprite_editor/tests/test_gui_views.py:454:1: W293 blank line contains whitespace
sprite_editor/tests/test_gui_views.py:460:1: W293 blank line contains whitespace
sprite_editor/tests/test_gui_views.py:464:1: W293 blank line contains whitespace
sprite_editor/tests/test_gui_views.py:474:1: W293 blank line contains whitespace
sprite_editor/tests/test_gui_views.py:476:1: W293 blank line contains whitespace
sprite_editor/tests/test_gui_views.py:484:1: W293 blank line contains whitespace
sprite_editor/tests/test_gui_views.py:491:1: W293 blank line contains whitespace
sprite_editor/tests/test_gui_views.py:496:1: W293 blank line contains whitespace
sprite_editor/tests/test_gui_views.py:501:1: W293 blank line contains whitespace
sprite_editor/tests/test_gui_views.py:506:1: W293 blank line contains whitespace
sprite_editor/tests/test_gui_views.py:515:1: W293 blank line contains whitespace
sprite_editor/tests/test_gui_views.py:524:1: W293 blank line contains whitespace
sprite_editor/tests/test_gui_views.py:527:1: W293 blank line contains whitespace
sprite_editor/tests/test_gui_views.py:534:1: W293 blank line contains whitespace
sprite_editor/tests/test_gui_views.py:537:1: W293 blank line contains whitespace
sprite_editor/tests/test_gui_views.py:548:1: W293 blank line contains whitespace
sprite_editor/tests/test_gui_views.py:554:1: W293 blank line contains whitespace
sprite_editor/tests/test_gui_views.py:557:1: W293 blank line contains whitespace
sprite_editor/tests/test_gui_views.py:560:1: W293 blank line contains whitespace
sprite_editor/tests/test_gui_views.py:566:1: W293 blank line contains whitespace
sprite_editor/tests/test_gui_views.py:577:74: W292 no newline at end of file
sprite_editor/tests/test_gui_workflows.py:6:1: F401 'json' imported but unused
sprite_editor/tests/test_gui_workflows.py:7:1: F401 'pathlib.Path' imported but unused
sprite_editor/tests/test_gui_workflows.py:8:1: F401 'unittest.mock.mock_open' imported but unused
sprite_editor/tests/test_gui_workflows.py:31:1: W293 blank line contains whitespace
sprite_editor/tests/test_gui_workflows.py:32:41: W291 trailing whitespace
sprite_editor/tests/test_gui_workflows.py:34:1: W293 blank line contains whitespace
sprite_editor/tests/test_gui_workflows.py:44:1: W293 blank line contains whitespace
sprite_editor/tests/test_gui_workflows.py:48:1: W293 blank line contains whitespace
sprite_editor/tests/test_gui_workflows.py:53:1: W293 blank line contains whitespace
sprite_editor/tests/test_gui_workflows.py:55:106: B950 line too long (105 > 88 characters)
sprite_editor/tests/test_gui_workflows.py:59:1: W293 blank line contains whitespace
sprite_editor/tests/test_gui_workflows.py:62:1: W293 blank line contains whitespace
sprite_editor/tests/test_gui_workflows.py:65:1: W293 blank line contains whitespace
sprite_editor/tests/test_gui_workflows.py:69:1: W293 blank line contains whitespace
sprite_editor/tests/test_gui_workflows.py:71:1: W293 blank line contains whitespace
sprite_editor/tests/test_gui_workflows.py:75:1: W293 blank line contains whitespace
sprite_editor/tests/test_gui_workflows.py:77:1: W293 blank line contains whitespace
sprite_editor/tests/test_gui_workflows.py:79:1: W293 blank line contains whitespace
sprite_editor/tests/test_gui_workflows.py:83:1: W293 blank line contains whitespace
sprite_editor/tests/test_gui_workflows.py:88:1: W293 blank line contains whitespace
sprite_editor/tests/test_gui_workflows.py:92:1: W293 blank line contains whitespace
sprite_editor/tests/test_gui_workflows.py:96:1: W293 blank line contains whitespace
sprite_editor/tests/test_gui_workflows.py:101:1: W293 blank line contains whitespace
sprite_editor/tests/test_gui_workflows.py:104:1: W293 blank line contains whitespace
sprite_editor/tests/test_gui_workflows.py:108:1: W293 blank line contains whitespace
sprite_editor/tests/test_gui_workflows.py:112:1: W293 blank line contains whitespace
sprite_editor/tests/test_gui_workflows.py:116:1: W293 blank line contains whitespace
sprite_editor/tests/test_gui_workflows.py:117:47: W292 no newline at end of file
sprite_editor/tests/test_initialization_bug.py:158:13: F841 local variable 'controller' is assigned to but never used
sprite_editor/tests/test_initialization_bug.py:161:13: F841 local variable 'expected_order' is assigned to but never used
sprite_editor/tests/test_inject_controller.py:8:1: F401 'tempfile' imported but unused
sprite_editor/tests/test_inject_controller.py:10:1: F401 'unittest.mock.PropertyMock' imported but unused
sprite_editor/tests/test_inject_controller.py:14:1: F401 'PyQt6.QtCore.QThread' imported but unused
sprite_editor/tests/test_inject_controller.py:14:1: F401 'PyQt6.QtCore.pyqtSignal' imported but unused
sprite_editor/tests/test_inject_controller.py:20:1: F401 'sprite_editor.workers.inject_worker.InjectWorker' imported but unused
sprite_editor/tests/test_inject_controller.py:28:1: W293 blank line contains whitespace
sprite_editor/tests/test_inject_controller.py:32:1: W293 blank line contains whitespace
sprite_editor/tests/test_inject_controller.py:35:1: W293 blank line contains whitespace
sprite_editor/tests/test_inject_controller.py:43:1: W293 blank line contains whitespace
sprite_editor/tests/test_inject_controller.py:48:1: W293 blank line contains whitespace
sprite_editor/tests/test_inject_controller.py:57:1: W293 blank line contains whitespace
sprite_editor/tests/test_inject_controller.py:76:1: W293 blank line contains whitespace
sprite_editor/tests/test_inject_controller.py:81:1: W293 blank line contains whitespace
sprite_editor/tests/test_inject_controller.py:92:1: W293 blank line contains whitespace
sprite_editor/tests/test_inject_controller.py:97:1: W293 blank line contains whitespace
sprite_editor/tests/test_inject_controller.py:102:1: W293 blank line contains whitespace
sprite_editor/tests/test_inject_controller.py:114:1: W293 blank line contains whitespace
sprite_editor/tests/test_inject_controller.py:119:1: W293 blank line contains whitespace
sprite_editor/tests/test_inject_controller.py:121:1: W293 blank line contains whitespace
sprite_editor/tests/test_inject_controller.py:123:1: W293 blank line contains whitespace
sprite_editor/tests/test_inject_controller.py:128:1: W293 blank line contains whitespace
sprite_editor/tests/test_inject_controller.py:131:1: W293 blank line contains whitespace
sprite_editor/tests/test_inject_controller.py:133:98: B950 line too long (97 > 88 characters)
sprite_editor/tests/test_inject_controller.py:134:1: W293 blank line contains whitespace
sprite_editor/tests/test_inject_controller.py:139:1: W293 blank line contains whitespace
sprite_editor/tests/test_inject_controller.py:144:1: W293 blank line contains whitespace
sprite_editor/tests/test_inject_controller.py:146:1: W293 blank line contains whitespace
sprite_editor/tests/test_inject_controller.py:150:1: W293 blank line contains whitespace
sprite_editor/tests/test_inject_controller.py:155:1: W293 blank line contains whitespace
sprite_editor/tests/test_inject_controller.py:157:1: W293 blank line contains whitespace
sprite_editor/tests/test_inject_controller.py:162:1: W293 blank line contains whitespace
sprite_editor/tests/test_inject_controller.py:166:1: W293 blank line contains whitespace
sprite_editor/tests/test_inject_controller.py:168:100: B950 line too long (99 > 88 characters)
sprite_editor/tests/test_inject_controller.py:169:1: W293 blank line contains whitespace
sprite_editor/tests/test_inject_controller.py:174:1: W293 blank line contains whitespace
sprite_editor/tests/test_inject_controller.py:177:1: W293 blank line contains whitespace
sprite_editor/tests/test_inject_controller.py:179:1: W293 blank line contains whitespace
sprite_editor/tests/test_inject_controller.py:188:1: W293 blank line contains whitespace
sprite_editor/tests/test_inject_controller.py:193:1: W293 blank line contains whitespace
sprite_editor/tests/test_inject_controller.py:196:1: W293 blank line contains whitespace
sprite_editor/tests/test_inject_controller.py:202:1: W293 blank line contains whitespace
sprite_editor/tests/test_inject_controller.py:204:1: W293 blank line contains whitespace
sprite_editor/tests/test_inject_controller.py:207:1: W293 blank line contains whitespace
sprite_editor/tests/test_inject_controller.py:211:1: W293 blank line contains whitespace
sprite_editor/tests/test_inject_controller.py:220:1: W293 blank line contains whitespace
sprite_editor/tests/test_inject_controller.py:229:1: W293 blank line contains whitespace
sprite_editor/tests/test_inject_controller.py:232:1: W293 blank line contains whitespace
sprite_editor/tests/test_inject_controller.py:238:1: W293 blank line contains whitespace
sprite_editor/tests/test_inject_controller.py:242:1: W293 blank line contains whitespace
sprite_editor/tests/test_inject_controller.py:251:1: W293 blank line contains whitespace
sprite_editor/tests/test_inject_controller.py:254:1: W293 blank line contains whitespace
sprite_editor/tests/test_inject_controller.py:257:1: W293 blank line contains whitespace
sprite_editor/tests/test_inject_controller.py:266:1: W293 blank line contains whitespace
sprite_editor/tests/test_inject_controller.py:269:1: W293 blank line contains whitespace
sprite_editor/tests/test_inject_controller.py:275:1: W293 blank line contains whitespace
sprite_editor/tests/test_inject_controller.py:284:1: W293 blank line contains whitespace
sprite_editor/tests/test_inject_controller.py:287:1: W293 blank line contains whitespace
sprite_editor/tests/test_inject_controller.py:295:1: W293 blank line contains whitespace
sprite_editor/tests/test_inject_controller.py:305:1: W293 blank line contains whitespace
sprite_editor/tests/test_inject_controller.py:307:101: B950 line too long (100 > 88 characters)
sprite_editor/tests/test_inject_controller.py:310:1: W293 blank line contains whitespace
sprite_editor/tests/test_inject_controller.py:312:1: W293 blank line contains whitespace
sprite_editor/tests/test_inject_controller.py:325:1: W293 blank line contains whitespace
sprite_editor/tests/test_inject_controller.py:330:1: W293 blank line contains whitespace
sprite_editor/tests/test_inject_controller.py:335:1: W293 blank line contains whitespace
sprite_editor/tests/test_inject_controller.py:338:1: W293 blank line contains whitespace
sprite_editor/tests/test_inject_controller.py:349:1: W293 blank line contains whitespace
sprite_editor/tests/test_inject_controller.py:350:101: B950 line too long (100 > 88 characters)
sprite_editor/tests/test_inject_controller.py:353:1: W293 blank line contains whitespace
sprite_editor/tests/test_inject_controller.py:355:1: W293 blank line contains whitespace
sprite_editor/tests/test_inject_controller.py:363:1: W293 blank line contains whitespace
sprite_editor/tests/test_inject_controller.py:367:1: W293 blank line contains whitespace
sprite_editor/tests/test_inject_controller.py:369:1: W293 blank line contains whitespace
sprite_editor/tests/test_inject_controller.py:373:1: W293 blank line contains whitespace
sprite_editor/tests/test_inject_controller.py:376:1: W293 blank line contains whitespace
sprite_editor/tests/test_inject_controller.py:379:1: W293 blank line contains whitespace
sprite_editor/tests/test_inject_controller.py:382:99: B950 line too long (98 > 88 characters)
sprite_editor/tests/test_inject_controller.py:383:1: W293 blank line contains whitespace
sprite_editor/tests/test_inject_controller.py:389:1: W293 blank line contains whitespace
sprite_editor/tests/test_inject_controller.py:392:1: W293 blank line contains whitespace
sprite_editor/tests/test_inject_controller.py:396:1: W293 blank line contains whitespace
sprite_editor/tests/test_inject_controller.py:399:1: W293 blank line contains whitespace
sprite_editor/tests/test_inject_controller.py:402:1: W293 blank line contains whitespace
sprite_editor/tests/test_inject_controller.py:405:1: W293 blank line contains whitespace
sprite_editor/tests/test_inject_controller.py:410:40: W292 no newline at end of file
sprite_editor/tests/test_integration.py:294:13: F841 local variable 'palette' is assigned to but never used
sprite_editor/tests/test_integration.py:360:13: B007 Loop control variable 'char_idx' not used within the loop body. If this is intended, start the name with an underscore.
sprite_editor/tests/test_main_controller.py:7:1: F401 'os' imported but unused
sprite_editor/tests/test_main_controller.py:8:1: F401 'pathlib.Path' imported but unused
sprite_editor/tests/test_main_controller.py:9:1: F401 'unittest.mock.call' imported but unused
sprite_editor/tests/test_main_controller.py:12:1: F401 'PyQt6.QtCore.pyqtSignal' imported but unused
sprite_editor/tests/test_main_controller.py:12:1: F401 'PyQt6.QtCore.QSettings' imported but unused
sprite_editor/tests/test_main_controller.py:24:1: W293 blank line contains whitespace
sprite_editor/tests/test_main_controller.py:27:1: W293 blank line contains whitespace
sprite_editor/tests/test_main_controller.py:42:1: W293 blank line contains whitespace
sprite_editor/tests/test_main_controller.py:48:1: W293 blank line contains whitespace
sprite_editor/tests/test_main_controller.py:62:1: W293 blank line contains whitespace
sprite_editor/tests/test_main_controller.py:76:1: W293 blank line contains whitespace
sprite_editor/tests/test_main_controller.py:103:1: W293 blank line contains whitespace
sprite_editor/tests/test_main_controller.py:109:1: W293 blank line contains whitespace
sprite_editor/tests/test_main_controller.py:132:1: W293 blank line contains whitespace
sprite_editor/tests/test_main_controller.py:158:1: W293 blank line contains whitespace
sprite_editor/tests/test_main_controller.py:163:1: W293 blank line contains whitespace
sprite_editor/tests/test_main_controller.py:176:1: W293 blank line contains whitespace
sprite_editor/tests/test_main_controller.py:182:1: W293 blank line contains whitespace
sprite_editor/tests/test_main_controller.py:199:1: W293 blank line contains whitespace
sprite_editor/tests/test_main_controller.py:202:1: W293 blank line contains whitespace
sprite_editor/tests/test_main_controller.py:205:1: W293 blank line contains whitespace
sprite_editor/tests/test_main_controller.py:208:1: W293 blank line contains whitespace
sprite_editor/tests/test_main_controller.py:220:1: W293 blank line contains whitespace
sprite_editor/tests/test_main_controller.py:224:1: W293 blank line contains whitespace
sprite_editor/tests/test_main_controller.py:229:1: W293 blank line contains whitespace
sprite_editor/tests/test_main_controller.py:236:1: W293 blank line contains whitespace
sprite_editor/tests/test_main_controller.py:242:1: W293 blank line contains whitespace
sprite_editor/tests/test_main_controller.py:246:106: B950 line too long (105 > 88 characters)
sprite_editor/tests/test_main_controller.py:247:102: B950 line too long (101 > 88 characters)
sprite_editor/tests/test_main_controller.py:248:21: F841 local variable 'controller' is assigned to but never used
sprite_editor/tests/test_main_controller.py:249:1: W293 blank line contains whitespace
sprite_editor/tests/test_main_controller.py:255:18: W291 trailing whitespace
sprite_editor/tests/test_main_controller.py:258:1: W293 blank line contains whitespace
sprite_editor/tests/test_main_controller.py:259:114: B950 line too long (113 > 88 characters)
sprite_editor/tests/test_main_controller.py:262:1: W293 blank line contains whitespace
sprite_editor/tests/test_main_controller.py:265:1: W293 blank line contains whitespace
sprite_editor/tests/test_main_controller.py:273:1: W293 blank line contains whitespace
sprite_editor/tests/test_main_controller.py:279:1: W293 blank line contains whitespace
sprite_editor/tests/test_main_controller.py:283:1: W293 blank line contains whitespace
sprite_editor/tests/test_main_controller.py:287:1: W293 blank line contains whitespace
sprite_editor/tests/test_main_controller.py:290:1: W293 blank line contains whitespace
sprite_editor/tests/test_main_controller.py:294:1: W293 blank line contains whitespace
sprite_editor/tests/test_main_controller.py:297:1: W293 blank line contains whitespace
sprite_editor/tests/test_main_controller.py:305:1: W293 blank line contains whitespace
sprite_editor/tests/test_main_controller.py:307:1: W293 blank line contains whitespace
sprite_editor/tests/test_main_controller.py:310:1: W293 blank line contains whitespace
sprite_editor/tests/test_main_controller.py:318:1: W293 blank line contains whitespace
sprite_editor/tests/test_main_controller.py:321:9: F841 local variable 'controller' is assigned to but never used
sprite_editor/tests/test_main_controller.py:322:1: W293 blank line contains whitespace
sprite_editor/tests/test_main_controller.py:326:1: W293 blank line contains whitespace
sprite_editor/tests/test_main_controller.py:330:1: W293 blank line contains whitespace
sprite_editor/tests/test_main_controller.py:333:1: W293 blank line contains whitespace
sprite_editor/tests/test_main_controller.py:342:1: W293 blank line contains whitespace
sprite_editor/tests/test_main_controller.py:346:1: W293 blank line contains whitespace
sprite_editor/tests/test_main_controller.py:351:1: W293 blank line contains whitespace
sprite_editor/tests/test_main_controller.py:361:1: W293 blank line contains whitespace
sprite_editor/tests/test_main_controller.py:364:1: W293 blank line contains whitespace
sprite_editor/tests/test_main_controller.py:366:1: W293 blank line contains whitespace
sprite_editor/tests/test_main_controller.py:371:1: W293 blank line contains whitespace
sprite_editor/tests/test_main_controller.py:380:1: W293 blank line contains whitespace
sprite_editor/tests/test_main_controller.py:382:1: W293 blank line contains whitespace
sprite_editor/tests/test_main_controller.py:385:57: E712 comparison to True should be 'if cond is True:' or 'if cond:'
sprite_editor/tests/test_main_controller.py:391:1: W293 blank line contains whitespace
sprite_editor/tests/test_main_controller.py:397:1: W293 blank line contains whitespace
sprite_editor/tests/test_main_controller.py:400:1: W293 blank line contains whitespace
sprite_editor/tests/test_main_controller.py:404:1: W293 blank line contains whitespace
sprite_editor/tests/test_main_controller.py:409:1: W293 blank line contains whitespace
sprite_editor/tests/test_main_controller.py:415:1: W293 blank line contains whitespace
sprite_editor/tests/test_main_controller.py:418:1: W293 blank line contains whitespace
sprite_editor/tests/test_main_controller.py:422:1: W293 blank line contains whitespace
sprite_editor/tests/test_main_controller.py:425:1: W293 blank line contains whitespace
sprite_editor/tests/test_main_controller.py:426:102: B950 line too long (101 > 88 characters)
sprite_editor/tests/test_main_controller.py:430:1: W293 blank line contains whitespace
sprite_editor/tests/test_main_controller.py:433:1: W293 blank line contains whitespace
sprite_editor/tests/test_main_controller.py:437:1: W293 blank line contains whitespace
sprite_editor/tests/test_main_controller.py:440:1: W293 blank line contains whitespace
sprite_editor/tests/test_main_controller.py:445:1: W293 blank line contains whitespace
sprite_editor/tests/test_main_controller.py:449:1: W293 blank line contains whitespace
sprite_editor/tests/test_main_controller.py:452:1: W293 blank line contains whitespace
sprite_editor/tests/test_main_controller.py:455:1: W293 blank line contains whitespace
sprite_editor/tests/test_main_controller.py:460:1: W293 blank line contains whitespace
sprite_editor/tests/test_main_controller.py:463:1: W293 blank line contains whitespace
sprite_editor/tests/test_main_controller.py:466:1: W293 blank line contains whitespace
sprite_editor/tests/test_main_controller.py:474:1: W293 blank line contains whitespace
sprite_editor/tests/test_main_controller.py:478:1: W293 blank line contains whitespace
sprite_editor/tests/test_main_controller.py:482:1: W293 blank line contains whitespace
sprite_editor/tests/test_main_controller.py:487:1: W293 blank line contains whitespace
sprite_editor/tests/test_main_controller.py:490:1: W293 blank line contains whitespace
sprite_editor/tests/test_main_controller.py:492:1: W293 blank line contains whitespace
sprite_editor/tests/test_main_controller.py:496:1: W293 blank line contains whitespace
sprite_editor/tests/test_main_controller.py:501:1: W293 blank line contains whitespace
sprite_editor/tests/test_main_controller.py:504:1: W293 blank line contains whitespace
sprite_editor/tests/test_main_controller.py:506:1: W293 blank line contains whitespace
sprite_editor/tests/test_main_controller.py:510:1: W293 blank line contains whitespace
sprite_editor/tests/test_main_controller.py:515:1: W293 blank line contains whitespace
sprite_editor/tests/test_main_controller.py:517:1: W293 blank line contains whitespace
sprite_editor/tests/test_main_controller.py:521:1: W293 blank line contains whitespace
sprite_editor/tests/test_main_controller.py:526:1: W293 blank line contains whitespace
sprite_editor/tests/test_main_controller.py:529:1: W293 blank line contains whitespace
sprite_editor/tests/test_main_controller.py:531:1: W293 blank line contains whitespace
sprite_editor/tests/test_main_controller.py:539:1: W293 blank line contains whitespace
sprite_editor/tests/test_main_controller.py:543:1: W293 blank line contains whitespace
sprite_editor/tests/test_main_controller.py:546:1: W293 blank line contains whitespace
sprite_editor/tests/test_main_controller.py:551:1: W293 blank line contains whitespace
sprite_editor/tests/test_main_controller.py:555:1: W293 blank line contains whitespace
sprite_editor/tests/test_main_controller.py:559:1: W293 blank line contains whitespace
sprite_editor/tests/test_main_controller.py:562:1: W293 blank line contains whitespace
sprite_editor/tests/test_main_controller.py:566:1: W293 blank line contains whitespace
sprite_editor/tests/test_main_controller.py:570:1: W293 blank line contains whitespace
sprite_editor/tests/test_main_controller.py:574:1: W293 blank line contains whitespace
sprite_editor/tests/test_main_controller.py:577:1: W293 blank line contains whitespace
sprite_editor/tests/test_main_controller.py:581:1: W293 blank line contains whitespace
sprite_editor/tests/test_main_controller.py:584:1: W293 blank line contains whitespace
sprite_editor/tests/test_main_controller.py:592:1: W293 blank line contains whitespace
sprite_editor/tests/test_main_controller.py:596:1: W293 blank line contains whitespace
sprite_editor/tests/test_main_controller.py:601:1: W293 blank line contains whitespace
sprite_editor/tests/test_main_controller.py:605:1: W293 blank line contains whitespace
sprite_editor/tests/test_main_controller.py:609:1: W293 blank line contains whitespace
sprite_editor/tests/test_main_controller.py:613:1: W293 blank line contains whitespace
sprite_editor/tests/test_main_controller.py:617:1: W293 blank line contains whitespace
sprite_editor/tests/test_main_controller.py:625:1: W293 blank line contains whitespace
sprite_editor/tests/test_main_controller.py:630:1: W293 blank line contains whitespace
sprite_editor/tests/test_main_controller.py:635:1: W293 blank line contains whitespace
sprite_editor/tests/test_main_controller.py:638:1: W293 blank line contains whitespace
sprite_editor/tests/test_main_controller.py:642:1: W293 blank line contains whitespace
sprite_editor/tests/test_main_controller.py:646:1: W293 blank line contains whitespace
sprite_editor/tests/test_main_controller.py:651:1: W293 blank line contains whitespace
sprite_editor/tests/test_main_controller.py:654:1: W293 blank line contains whitespace
sprite_editor/tests/test_main_controller.py:655:9: B017 `assertRaises(Exception)` and `pytest.raises(Exception)` should be considered evil. They can lead to your test passing even if the code being tested is never executed due to a typo. Assert for a more specific exception (builtin or custom), or use `assertRaisesRegex` (if using `assertRaises`), or add the `match` keyword argument (if using `pytest.raises`), or use the context manager form with a target.
sprite_editor/tests/test_main_controller.py:657:1: W293 blank line contains whitespace
sprite_editor/tests/test_main_controller.py:660:1: W293 blank line contains whitespace
sprite_editor/tests/test_main_controller.py:664:1: W293 blank line contains whitespace
sprite_editor/tests/test_main_controller.py:668:1: W293 blank line contains whitespace
sprite_editor/tests/test_main_controller.py:671:1: W293 blank line contains whitespace
sprite_editor/tests/test_main_controller.py:675:1: W293 blank line contains whitespace
sprite_editor/tests/test_main_controller.py:678:1: W293 blank line contains whitespace
sprite_editor/tests/test_main_controller.py:682:39: W292 no newline at end of file
sprite_editor/tests/test_models.py:241:98: B950 line too long (97 > 88 characters)
sprite_editor/tests/test_models.py:348:9: F841 local variable 'palette_model' is assigned to but never used
sprite_editor/tests/test_oam_integration.py:59:13: B007 Loop control variable 'pal_num' not used within the loop body. If this is intended, start the name with an underscore.
sprite_editor/tests/test_oam_integration.py:74:9: F841 local variable 'all_sprites' is assigned to but never used
sprite_editor/tests/test_oam_integration.py:75:9: F841 local variable 'labels' is assigned to but never used
sprite_editor/tests/test_oam_integration.py:93:17: B007 Loop control variable 'pal_name' not used within the loop body. If this is intended, start the name with an underscore.
sprite_editor/tests/test_oam_integration.py:111:9: F841 local variable 'core' is assigned to but never used
sprite_editor/tests/test_oam_integration.py:296:21: F841 local variable 'result' is assigned to but never used
sprite_editor/tests/test_oam_integration.py:299:21: B011 Do not call assert False since python -O removes these calls. Instead callers should raise AssertionError().
sprite_editor/tests/test_oam_palette_mapper_coverage.py:139:101: B950 line too long (100 > 88 characters)
sprite_editor/tests/test_palette_controller.py:8:1: F401 'tempfile' imported but unused
sprite_editor/tests/test_palette_controller.py:10:1: F401 'unittest.mock.PropertyMock' imported but unused
sprite_editor/tests/test_palette_controller.py:10:1: F401 'unittest.mock.call' imported but unused
sprite_editor/tests/test_palette_controller.py:13:1: F401 'PyQt6.QtWidgets.QWidget' imported but unused
sprite_editor/tests/test_palette_controller.py:14:1: F401 'PyQt6.QtCore.QObject' imported but unused
sprite_editor/tests/test_palette_controller.py:29:1: W293 blank line contains whitespace
sprite_editor/tests/test_palette_controller.py:40:1: W293 blank line contains whitespace
sprite_editor/tests/test_palette_controller.py:48:1: W293 blank line contains whitespace
sprite_editor/tests/test_palette_controller.py:53:1: W293 blank line contains whitespace
sprite_editor/tests/test_palette_controller.py:59:1: W293 blank line contains whitespace
sprite_editor/tests/test_palette_controller.py:85:1: W293 blank line contains whitespace
sprite_editor/tests/test_palette_controller.py:89:1: W293 blank line contains whitespace
sprite_editor/tests/test_palette_controller.py:100:1: W293 blank line contains whitespace
sprite_editor/tests/test_palette_controller.py:107:1: W293 blank line contains whitespace
sprite_editor/tests/test_palette_controller.py:112:1: W293 blank line contains whitespace
sprite_editor/tests/test_palette_controller.py:124:1: W293 blank line contains whitespace
sprite_editor/tests/test_palette_controller.py:129:1: W293 blank line contains whitespace
sprite_editor/tests/test_palette_controller.py:132:1: W293 blank line contains whitespace
sprite_editor/tests/test_palette_controller.py:135:1: W293 blank line contains whitespace
sprite_editor/tests/test_palette_controller.py:140:1: W293 blank line contains whitespace
sprite_editor/tests/test_palette_controller.py:143:1: W293 blank line contains whitespace
sprite_editor/tests/test_palette_controller.py:148:1: W293 blank line contains whitespace
sprite_editor/tests/test_palette_controller.py:152:1: W293 blank line contains whitespace
sprite_editor/tests/test_palette_controller.py:157:1: W293 blank line contains whitespace
sprite_editor/tests/test_palette_controller.py:159:1: W293 blank line contains whitespace
sprite_editor/tests/test_palette_controller.py:162:1: W293 blank line contains whitespace
sprite_editor/tests/test_palette_controller.py:167:1: W293 blank line contains whitespace
sprite_editor/tests/test_palette_controller.py:170:1: W293 blank line contains whitespace
sprite_editor/tests/test_palette_controller.py:173:1: W293 blank line contains whitespace
sprite_editor/tests/test_palette_controller.py:178:1: W293 blank line contains whitespace
sprite_editor/tests/test_palette_controller.py:183:1: W293 blank line contains whitespace
sprite_editor/tests/test_palette_controller.py:186:1: W293 blank line contains whitespace
sprite_editor/tests/test_palette_controller.py:188:1: W293 blank line contains whitespace
sprite_editor/tests/test_palette_controller.py:197:1: W293 blank line contains whitespace
sprite_editor/tests/test_palette_controller.py:202:1: W293 blank line contains whitespace
sprite_editor/tests/test_palette_controller.py:204:1: W293 blank line contains whitespace
sprite_editor/tests/test_palette_controller.py:206:23: E712 comparison to True should be 'if cond is True:' or 'if cond:'
sprite_editor/tests/test_palette_controller.py:207:1: W293 blank line contains whitespace
sprite_editor/tests/test_palette_controller.py:210:1: W293 blank line contains whitespace
sprite_editor/tests/test_palette_controller.py:214:1: W293 blank line contains whitespace
sprite_editor/tests/test_palette_controller.py:216:1: W293 blank line contains whitespace
sprite_editor/tests/test_palette_controller.py:218:23: E712 comparison to False should be 'if cond is False:' or 'if not cond:'
sprite_editor/tests/test_palette_controller.py:224:1: W293 blank line contains whitespace
sprite_editor/tests/test_palette_controller.py:228:1: W293 blank line contains whitespace
sprite_editor/tests/test_palette_controller.py:231:1: W293 blank line contains whitespace
sprite_editor/tests/test_palette_controller.py:237:1: W293 blank line contains whitespace
sprite_editor/tests/test_palette_controller.py:242:1: W293 blank line contains whitespace
sprite_editor/tests/test_palette_controller.py:245:1: W293 blank line contains whitespace
sprite_editor/tests/test_palette_controller.py:251:1: W293 blank line contains whitespace
sprite_editor/tests/test_palette_controller.py:259:1: W293 blank line contains whitespace
sprite_editor/tests/test_palette_controller.py:265:1: W293 blank line contains whitespace
sprite_editor/tests/test_palette_controller.py:268:1: W293 blank line contains whitespace
sprite_editor/tests/test_palette_controller.py:276:1: W293 blank line contains whitespace
sprite_editor/tests/test_palette_controller.py:279:1: W293 blank line contains whitespace
sprite_editor/tests/test_palette_controller.py:282:1: W293 blank line contains whitespace
sprite_editor/tests/test_palette_controller.py:287:1: W293 blank line contains whitespace
sprite_editor/tests/test_palette_controller.py:293:1: W293 blank line contains whitespace
sprite_editor/tests/test_palette_controller.py:304:1: W293 blank line contains whitespace
sprite_editor/tests/test_palette_controller.py:307:1: W293 blank line contains whitespace
sprite_editor/tests/test_palette_controller.py:311:1: W293 blank line contains whitespace
sprite_editor/tests/test_palette_controller.py:314:1: W293 blank line contains whitespace
sprite_editor/tests/test_palette_controller.py:317:1: W293 blank line contains whitespace
sprite_editor/tests/test_palette_controller.py:323:1: W293 blank line contains whitespace
sprite_editor/tests/test_palette_controller.py:328:1: W293 blank line contains whitespace
sprite_editor/tests/test_palette_controller.py:331:1: W293 blank line contains whitespace
sprite_editor/tests/test_palette_controller.py:342:1: W293 blank line contains whitespace
sprite_editor/tests/test_palette_controller.py:348:1: W293 blank line contains whitespace
sprite_editor/tests/test_palette_controller.py:351:1: W293 blank line contains whitespace
sprite_editor/tests/test_palette_controller.py:353:1: W293 blank line contains whitespace
sprite_editor/tests/test_palette_controller.py:356:1: W293 blank line contains whitespace
sprite_editor/tests/test_palette_controller.py:360:1: W293 blank line contains whitespace
sprite_editor/tests/test_palette_controller.py:363:1: W293 blank line contains whitespace
sprite_editor/tests/test_palette_controller.py:365:1: W293 blank line contains whitespace
sprite_editor/tests/test_palette_controller.py:368:1: W293 blank line contains whitespace
sprite_editor/tests/test_palette_controller.py:373:1: W293 blank line contains whitespace
sprite_editor/tests/test_palette_controller.py:376:1: W293 blank line contains whitespace
sprite_editor/tests/test_palette_controller.py:378:1: W293 blank line contains whitespace
sprite_editor/tests/test_palette_controller.py:386:1: W293 blank line contains whitespace
sprite_editor/tests/test_palette_controller.py:390:1: W293 blank line contains whitespace
sprite_editor/tests/test_palette_controller.py:393:1: W293 blank line contains whitespace
sprite_editor/tests/test_palette_controller.py:397:1: W293 blank line contains whitespace
sprite_editor/tests/test_palette_controller.py:400:1: W293 blank line contains whitespace
sprite_editor/tests/test_palette_controller.py:406:1: W293 blank line contains whitespace
sprite_editor/tests/test_palette_controller.py:409:1: W293 blank line contains whitespace
sprite_editor/tests/test_palette_controller.py:414:1: W293 blank line contains whitespace
sprite_editor/tests/test_palette_controller.py:418:1: W293 blank line contains whitespace
sprite_editor/tests/test_palette_controller.py:422:1: W293 blank line contains whitespace
sprite_editor/tests/test_palette_controller.py:425:1: W293 blank line contains whitespace
sprite_editor/tests/test_palette_controller.py:429:1: W293 blank line contains whitespace
sprite_editor/tests/test_palette_controller.py:432:1: W293 blank line contains whitespace
sprite_editor/tests/test_palette_controller.py:437:1: W293 blank line contains whitespace
sprite_editor/tests/test_palette_controller.py:442:1: W293 blank line contains whitespace
sprite_editor/tests/test_palette_controller.py:444:1: W293 blank line contains whitespace
sprite_editor/tests/test_palette_controller.py:449:1: W293 blank line contains whitespace
sprite_editor/tests/test_palette_controller.py:454:1: W293 blank line contains whitespace
sprite_editor/tests/test_palette_controller.py:457:1: W293 blank line contains whitespace
sprite_editor/tests/test_palette_controller.py:460:1: W293 blank line contains whitespace
sprite_editor/tests/test_palette_controller.py:470:1: W293 blank line contains whitespace
sprite_editor/tests/test_palette_controller.py:476:1: W293 blank line contains whitespace
sprite_editor/tests/test_palette_controller.py:479:1: W293 blank line contains whitespace
sprite_editor/tests/test_palette_controller.py:482:1: W293 blank line contains whitespace
sprite_editor/tests/test_palette_controller.py:487:1: W293 blank line contains whitespace
sprite_editor/tests/test_palette_controller.py:491:1: W293 blank line contains whitespace
sprite_editor/tests/test_palette_controller.py:494:1: W293 blank line contains whitespace
sprite_editor/tests/test_palette_controller.py:499:1: W293 blank line contains whitespace
sprite_editor/tests/test_palette_controller.py:504:1: W293 blank line contains whitespace
sprite_editor/tests/test_palette_controller.py:506:9: F841 local variable 'controller' is assigned to but never used
sprite_editor/tests/test_palette_controller.py:509:1: W293 blank line contains whitespace
sprite_editor/tests/test_palette_controller.py:513:49: W292 no newline at end of file
sprite_editor/tests/test_png_to_snes.py:8:1: F401 'sys' imported but unused
sprite_editor/tests/test_png_to_snes.py:9:1: F401 'tempfile' imported but unused
sprite_editor/tests/test_png_to_snes.py:10:1: F401 'pathlib.Path' imported but unused
sprite_editor/tests/test_png_to_snes.py:11:1: F401 'unittest.mock.MagicMock' imported but unused
sprite_editor/tests/test_png_to_snes.py:11:1: F401 'unittest.mock.mock_open' imported but unused
sprite_editor/tests/test_png_to_snes.py:25:1: W293 blank line contains whitespace
sprite_editor/tests/test_png_to_snes.py:32:1: W293 blank line contains whitespace
sprite_editor/tests/test_png_to_snes.py:37:9: B007 Loop control variable 'i' not used within the loop body. If this is intended, start the name with an underscore.
sprite_editor/tests/test_png_to_snes.py:41:1: W293 blank line contains whitespace
sprite_editor/tests/test_png_to_snes.py:51:1: W293 blank line contains whitespace
sprite_editor/tests/test_png_to_snes.py:58:1: W293 blank line contains whitespace
sprite_editor/tests/test_png_to_snes.py:65:1: W293 blank line contains whitespace
sprite_editor/tests/test_png_to_snes.py:72:1: W293 blank line contains whitespace
sprite_editor/tests/test_png_to_snes.py:86:1: W293 blank line contains whitespace
sprite_editor/tests/test_png_to_snes.py:90:1: W293 blank line contains whitespace
sprite_editor/tests/test_png_to_snes.py:93:1: W293 blank line contains whitespace
sprite_editor/tests/test_png_to_snes.py:97:1: W293 blank line contains whitespace
sprite_editor/tests/test_png_to_snes.py:102:1: W293 blank line contains whitespace
sprite_editor/tests/test_png_to_snes.py:107:1: W293 blank line contains whitespace
sprite_editor/tests/test_png_to_snes.py:111:1: W293 blank line contains whitespace
sprite_editor/tests/test_png_to_snes.py:114:1: W293 blank line contains whitespace
sprite_editor/tests/test_png_to_snes.py:118:1: W293 blank line contains whitespace
sprite_editor/tests/test_png_to_snes.py:122:1: W293 blank line contains whitespace
sprite_editor/tests/test_png_to_snes.py:126:1: W293 blank line contains whitespace
sprite_editor/tests/test_png_to_snes.py:129:1: W293 blank line contains whitespace
sprite_editor/tests/test_png_to_snes.py:132:1: W293 blank line contains whitespace
sprite_editor/tests/test_png_to_snes.py:136:1: W293 blank line contains whitespace
sprite_editor/tests/test_png_to_snes.py:140:1: W293 blank line contains whitespace
sprite_editor/tests/test_png_to_snes.py:143:1: W293 blank line contains whitespace
sprite_editor/tests/test_png_to_snes.py:146:1: W293 blank line contains whitespace
sprite_editor/tests/test_png_to_snes.py:149:1: W293 blank line contains whitespace
sprite_editor/tests/test_png_to_snes.py:153:1: W293 blank line contains whitespace
sprite_editor/tests/test_png_to_snes.py:156:1: W293 blank line contains whitespace
sprite_editor/tests/test_png_to_snes.py:159:1: W293 blank line contains whitespace
sprite_editor/tests/test_png_to_snes.py:162:1: W293 blank line contains whitespace
sprite_editor/tests/test_png_to_snes.py:167:1: W293 blank line contains whitespace
sprite_editor/tests/test_png_to_snes.py:172:1: W293 blank line contains whitespace
sprite_editor/tests/test_png_to_snes.py:174:1: W293 blank line contains whitespace
sprite_editor/tests/test_png_to_snes.py:175:9: B017 `assertRaises(Exception)` and `pytest.raises(Exception)` should be considered evil. They can lead to your test passing even if the code being tested is never executed due to a typo. Assert for a more specific exception (builtin or custom), or use `assertRaisesRegex` (if using `assertRaises`), or add the `match` keyword argument (if using `pytest.raises`), or use the context manager form with a target.
sprite_editor/tests/test_png_to_snes.py:177:1: W293 blank line contains whitespace
sprite_editor/tests/test_png_to_snes.py:182:1: W293 blank line contains whitespace
sprite_editor/tests/test_png_to_snes.py:185:1: W293 blank line contains whitespace
sprite_editor/tests/test_png_to_snes.py:191:1: W293 blank line contains whitespace
sprite_editor/tests/test_png_to_snes.py:195:1: W293 blank line contains whitespace
sprite_editor/tests/test_png_to_snes.py:202:1: W293 blank line contains whitespace
sprite_editor/tests/test_png_to_snes.py:204:1: W293 blank line contains whitespace
sprite_editor/tests/test_png_to_snes.py:208:1: W293 blank line contains whitespace
sprite_editor/tests/test_png_to_snes.py:214:1: W293 blank line contains whitespace
sprite_editor/tests/test_png_to_snes.py:218:1: W293 blank line contains whitespace
sprite_editor/tests/test_png_to_snes.py:222:1: W293 blank line contains whitespace
sprite_editor/tests/test_png_to_snes.py:223:13: F841 local variable 'result' is assigned to but never used
sprite_editor/tests/test_png_to_snes.py:224:1: W293 blank line contains whitespace
sprite_editor/tests/test_png_to_snes.py:227:1: W293 blank line contains whitespace
sprite_editor/tests/test_png_to_snes.py:232:1: W293 blank line contains whitespace
sprite_editor/tests/test_png_to_snes.py:237:1: W293 blank line contains whitespace
sprite_editor/tests/test_png_to_snes.py:240:1: W293 blank line contains whitespace
sprite_editor/tests/test_png_to_snes.py:242:1: W293 blank line contains whitespace
sprite_editor/tests/test_png_to_snes.py:245:1: W293 blank line contains whitespace
sprite_editor/tests/test_png_to_snes.py:255:1: W293 blank line contains whitespace
sprite_editor/tests/test_png_to_snes.py:259:1: W293 blank line contains whitespace
sprite_editor/tests/test_png_to_snes.py:262:1: W293 blank line contains whitespace
sprite_editor/tests/test_png_to_snes.py:265:1: W293 blank line contains whitespace
sprite_editor/tests/test_png_to_snes.py:267:1: W293 blank line contains whitespace
sprite_editor/tests/test_png_to_snes.py:272:1: W293 blank line contains whitespace
sprite_editor/tests/test_png_to_snes.py:276:1: W293 blank line contains whitespace
sprite_editor/tests/test_png_to_snes.py:279:1: W293 blank line contains whitespace
sprite_editor/tests/test_png_to_snes.py:284:1: W293 blank line contains whitespace
sprite_editor/tests/test_png_to_snes.py:288:1: W293 blank line contains whitespace
sprite_editor/tests/test_png_to_snes.py:291:1: W293 blank line contains whitespace
sprite_editor/tests/test_png_to_snes.py:295:1: W293 blank line contains whitespace
sprite_editor/tests/test_png_to_snes.py:298:1: W293 blank line contains whitespace
sprite_editor/tests/test_png_to_snes.py:301:1: W293 blank line contains whitespace
sprite_editor/tests/test_png_to_snes.py:305:1: W293 blank line contains whitespace
sprite_editor/tests/test_png_to_snes.py:308:1: W293 blank line contains whitespace
sprite_editor/tests/test_png_to_snes.py:311:1: W293 blank line contains whitespace
sprite_editor/tests/test_png_to_snes.py:318:1: W293 blank line contains whitespace
sprite_editor/tests/test_png_to_snes.py:322:1: W293 blank line contains whitespace
sprite_editor/tests/test_png_to_snes.py:325:1: W293 blank line contains whitespace
sprite_editor/tests/test_png_to_snes.py:329:1: W293 blank line contains whitespace
sprite_editor/tests/test_png_to_snes.py:333:1: W293 blank line contains whitespace
sprite_editor/tests/test_png_to_snes.py:336:1: W293 blank line contains whitespace
sprite_editor/tests/test_png_to_snes.py:340:1: W293 blank line contains whitespace
sprite_editor/tests/test_png_to_snes.py:342:1: W293 blank line contains whitespace
sprite_editor/tests/test_png_to_snes.py:345:1: W293 blank line contains whitespace
sprite_editor/tests/test_png_to_snes.py:349:1: W293 blank line contains whitespace
sprite_editor/tests/test_png_to_snes.py:354:1: W293 blank line contains whitespace
sprite_editor/tests/test_png_to_snes.py:359:1: W293 blank line contains whitespace
sprite_editor/tests/test_png_to_snes.py:360:57: B905 `zip()` without an explicit `strict=` parameter.
sprite_editor/tests/test_png_to_snes.py:362:1: W293 blank line contains whitespace
sprite_editor/tests/test_png_to_snes.py:364:1: W293 blank line contains whitespace
sprite_editor/tests/test_png_to_snes.py:367:1: W293 blank line contains whitespace
sprite_editor/tests/test_png_to_snes.py:373:1: W293 blank line contains whitespace
sprite_editor/tests/test_png_to_snes.py:377:1: W293 blank line contains whitespace
sprite_editor/tests/test_png_to_snes.py:382:1: W293 blank line contains whitespace
sprite_editor/tests/test_png_to_snes.py:389:1: W293 blank line contains whitespace
sprite_editor/tests/test_png_to_snes.py:390:9: B017 `assertRaises(Exception)` and `pytest.raises(Exception)` should be considered evil. They can lead to your test passing even if the code being tested is never executed due to a typo. Assert for a more specific exception (builtin or custom), or use `assertRaisesRegex` (if using `assertRaises`), or add the `match` keyword argument (if using `pytest.raises`), or use the context manager form with a target.
sprite_editor/tests/test_png_to_snes.py:392:1: W293 blank line contains whitespace
sprite_editor/tests/test_png_to_snes.py:395:1: W293 blank line contains whitespace
sprite_editor/tests/test_png_to_snes.py:401:1: W293 blank line contains whitespace
sprite_editor/tests/test_png_to_snes.py:405:1: W293 blank line contains whitespace
sprite_editor/tests/test_png_to_snes.py:410:13: B007 Loop control variable 'i' not used within the loop body. If this is intended, start the name with an underscore.
sprite_editor/tests/test_png_to_snes.py:414:1: W293 blank line contains whitespace
sprite_editor/tests/test_png_to_snes.py:416:1: W293 blank line contains whitespace
sprite_editor/tests/test_png_to_snes.py:419:1: W293 blank line contains whitespace
sprite_editor/tests/test_png_to_snes.py:422:43: W292 no newline at end of file
sprite_editor/tests/test_project_management.py:11:1: F401 'pathlib.Path' imported but unused
sprite_editor/tests/test_project_management.py:12:1: F401 'unittest.mock.MagicMock' imported but unused
sprite_editor/tests/test_project_management.py:15:1: F401 'PyQt6.QtWidgets.QApplication' imported but unused
sprite_editor/tests/test_project_management.py:16:1: F401 'PyQt6.QtCore.Qt' imported but unused
sprite_editor/tests/test_project_management.py:17:1: F401 'PyQt6.QtTest.QTest' imported but unused
sprite_editor/tests/test_project_management.py:41:1: W293 blank line contains whitespace
sprite_editor/tests/test_project_management.py:46:1: W293 blank line contains whitespace
sprite_editor/tests/test_project_management.py:53:1: W293 blank line contains whitespace
sprite_editor/tests/test_project_management.py:56:1: W293 blank line contains whitespace
sprite_editor/tests/test_project_management.py:63:1: W293 blank line contains whitespace
sprite_editor/tests/test_project_management.py:73:1: W293 blank line contains whitespace
sprite_editor/tests/test_project_management.py:76:1: W293 blank line contains whitespace
sprite_editor/tests/test_project_management.py:81:1: W293 blank line contains whitespace
sprite_editor/tests/test_project_management.py:84:1: W293 blank line contains whitespace
sprite_editor/tests/test_project_management.py:88:1: W293 blank line contains whitespace
sprite_editor/tests/test_project_management.py:93:1: W293 blank line contains whitespace
sprite_editor/tests/test_project_management.py:98:1: W293 blank line contains whitespace
sprite_editor/tests/test_project_management.py:102:1: W293 blank line contains whitespace
sprite_editor/tests/test_project_management.py:108:1: W293 blank line contains whitespace
sprite_editor/tests/test_project_management.py:120:1: W293 blank line contains whitespace
sprite_editor/tests/test_project_management.py:124:1: W293 blank line contains whitespace
sprite_editor/tests/test_project_management.py:127:1: W293 blank line contains whitespace
sprite_editor/tests/test_project_management.py:132:1: W293 blank line contains whitespace
sprite_editor/tests/test_project_management.py:135:1: W293 blank line contains whitespace
sprite_editor/tests/test_project_management.py:139:1: W293 blank line contains whitespace
sprite_editor/tests/test_project_management.py:146:1: W293 blank line contains whitespace
sprite_editor/tests/test_project_management.py:150:1: W293 blank line contains whitespace
sprite_editor/tests/test_project_management.py:156:1: W293 blank line contains whitespace
sprite_editor/tests/test_project_management.py:164:1: W293 blank line contains whitespace
sprite_editor/tests/test_project_management.py:168:1: W293 blank line contains whitespace
sprite_editor/tests/test_project_management.py:171:1: W293 blank line contains whitespace
sprite_editor/tests/test_project_management.py:174:1: W293 blank line contains whitespace
sprite_editor/tests/test_project_management.py:185:1: W293 blank line contains whitespace
sprite_editor/tests/test_project_management.py:190:1: W293 blank line contains whitespace
sprite_editor/tests/test_project_management.py:194:1: W293 blank line contains whitespace
sprite_editor/tests/test_project_management.py:197:1: W293 blank line contains whitespace
sprite_editor/tests/test_project_management.py:200:1: W293 blank line contains whitespace
sprite_editor/tests/test_project_management.py:203:1: W293 blank line contains whitespace
sprite_editor/tests/test_project_management.py:207:1: W293 blank line contains whitespace
sprite_editor/tests/test_project_management.py:216:1: W293 blank line contains whitespace
sprite_editor/tests/test_project_management.py:220:1: W293 blank line contains whitespace
sprite_editor/tests/test_project_management.py:222:1: W293 blank line contains whitespace
sprite_editor/tests/test_project_management.py:226:1: W293 blank line contains whitespace
sprite_editor/tests/test_project_management.py:229:1: W293 blank line contains whitespace
sprite_editor/tests/test_project_management.py:232:1: W293 blank line contains whitespace
sprite_editor/tests/test_project_management.py:236:1: W293 blank line contains whitespace
sprite_editor/tests/test_project_management.py:242:1: W293 blank line contains whitespace
sprite_editor/tests/test_project_management.py:245:1: W293 blank line contains whitespace
sprite_editor/tests/test_project_management.py:248:1: W293 blank line contains whitespace
sprite_editor/tests/test_project_management.py:251:1: W293 blank line contains whitespace
sprite_editor/tests/test_project_management.py:258:1: W293 blank line contains whitespace
sprite_editor/tests/test_project_management.py:264:1: W293 blank line contains whitespace
sprite_editor/tests/test_project_management.py:267:1: W293 blank line contains whitespace
sprite_editor/tests/test_project_management.py:270:1: W293 blank line contains whitespace
sprite_editor/tests/test_project_management.py:279:1: W293 blank line contains whitespace
sprite_editor/tests/test_project_management.py:283:1: W293 blank line contains whitespace
sprite_editor/tests/test_project_management.py:291:1: W293 blank line contains whitespace
sprite_editor/tests/test_project_management.py:298:1: W293 blank line contains whitespace
sprite_editor/tests/test_project_management.py:301:1: W293 blank line contains whitespace
sprite_editor/tests/test_project_management.py:306:1: W293 blank line contains whitespace
sprite_editor/tests/test_project_management.py:310:1: W293 blank line contains whitespace
sprite_editor/tests/test_project_management.py:317:1: W293 blank line contains whitespace
sprite_editor/tests/test_project_management.py:321:1: W293 blank line contains whitespace
sprite_editor/tests/test_project_management.py:325:1: W293 blank line contains whitespace
sprite_editor/tests/test_project_management.py:329:1: W293 blank line contains whitespace
sprite_editor/tests/test_project_management.py:333:1: W293 blank line contains whitespace
sprite_editor/tests/test_project_management.py:337:1: W293 blank line contains whitespace
sprite_editor/tests/test_project_management.py:342:1: W293 blank line contains whitespace
sprite_editor/tests/test_project_management.py:349:1: W293 blank line contains whitespace
sprite_editor/tests/test_project_management.py:356:1: W293 blank line contains whitespace
sprite_editor/tests/test_project_management.py:359:1: W293 blank line contains whitespace
sprite_editor/tests/test_project_management.py:363:1: W293 blank line contains whitespace
sprite_editor/tests/test_project_management.py:367:1: W293 blank line contains whitespace
sprite_editor/tests/test_project_management.py:371:1: W293 blank line contains whitespace
sprite_editor/tests/test_project_management.py:375:1: W293 blank line contains whitespace
sprite_editor/tests/test_project_management.py:380:1: W293 blank line contains whitespace
sprite_editor/tests/test_project_management.py:384:1: W293 blank line contains whitespace
sprite_editor/tests/test_project_management.py:387:1: W293 blank line contains whitespace
sprite_editor/tests/test_project_management.py:392:1: W293 blank line contains whitespace
sprite_editor/tests/test_project_management.py:399:1: W293 blank line contains whitespace
sprite_editor/tests/test_project_management.py:403:1: W293 blank line contains whitespace
sprite_editor/tests/test_project_management.py:408:1: W391 blank line at end of file
sprite_editor/tests/test_settings_manager.py:7:1: F401 'os' imported but unused
sprite_editor/tests/test_settings_manager.py:9:1: F401 'tempfile' imported but unused
sprite_editor/tests/test_settings_manager.py:10:1: F401 'pathlib.Path' imported but unused
sprite_editor/tests/test_settings_manager.py:11:1: F401 'unittest.mock.MagicMock' imported but unused
sprite_editor/tests/test_settings_manager.py:11:1: F401 'unittest.mock.mock_open' imported but unused
sprite_editor/tests/test_settings_manager.py:32:1: W293 blank line contains whitespace
sprite_editor/tests/test_settings_manager.py:34:1: W293 blank line contains whitespace
sprite_editor/tests/test_settings_manager.py:43:1: W293 blank line contains whitespace
sprite_editor/tests/test_settings_manager.py:47:1: W293 blank line contains whitespace
sprite_editor/tests/test_settings_manager.py:51:1: W293 blank line contains whitespace
sprite_editor/tests/test_settings_manager.py:53:1: W293 blank line contains whitespace
sprite_editor/tests/test_settings_manager.py:54:9: F841 local variable 'manager' is assigned to but never used
sprite_editor/tests/test_settings_manager.py:56:1: W293 blank line contains whitespace
sprite_editor/tests/test_settings_manager.py:66:1: W293 blank line contains whitespace
sprite_editor/tests/test_settings_manager.py:70:1: W293 blank line contains whitespace
sprite_editor/tests/test_settings_manager.py:73:1: W293 blank line contains whitespace
sprite_editor/tests/test_settings_manager.py:79:1: W293 blank line contains whitespace
sprite_editor/tests/test_settings_manager.py:83:1: W293 blank line contains whitespace
sprite_editor/tests/test_settings_manager.py:87:1: W293 blank line contains whitespace
sprite_editor/tests/test_settings_manager.py:91:1: W293 blank line contains whitespace
sprite_editor/tests/test_settings_manager.py:98:1: W293 blank line contains whitespace
sprite_editor/tests/test_settings_manager.py:103:1: W293 blank line contains whitespace
sprite_editor/tests/test_settings_manager.py:111:1: W293 blank line contains whitespace
sprite_editor/tests/test_settings_manager.py:116:1: W293 blank line contains whitespace
sprite_editor/tests/test_settings_manager.py:121:1: W293 blank line contains whitespace
sprite_editor/tests/test_settings_manager.py:126:1: W293 blank line contains whitespace
sprite_editor/tests/test_settings_manager.py:131:1: W293 blank line contains whitespace
sprite_editor/tests/test_settings_manager.py:136:1: W293 blank line contains whitespace
sprite_editor/tests/test_settings_manager.py:141:1: W293 blank line contains whitespace
sprite_editor/tests/test_settings_manager.py:146:1: W293 blank line contains whitespace
sprite_editor/tests/test_settings_manager.py:149:1: W293 blank line contains whitespace
sprite_editor/tests/test_settings_manager.py:153:1: W293 blank line contains whitespace
sprite_editor/tests/test_settings_manager.py:157:1: W293 blank line contains whitespace
sprite_editor/tests/test_settings_manager.py:167:1: W293 blank line contains whitespace
sprite_editor/tests/test_settings_manager.py:171:1: W293 blank line contains whitespace
sprite_editor/tests/test_settings_manager.py:174:1: W293 blank line contains whitespace
sprite_editor/tests/test_settings_manager.py:181:1: W293 blank line contains whitespace
sprite_editor/tests/test_settings_manager.py:184:1: W293 blank line contains whitespace
sprite_editor/tests/test_settings_manager.py:190:1: W293 blank line contains whitespace
sprite_editor/tests/test_settings_manager.py:195:1: W293 blank line contains whitespace
sprite_editor/tests/test_settings_manager.py:199:1: W293 blank line contains whitespace
sprite_editor/tests/test_settings_manager.py:206:1: W293 blank line contains whitespace
sprite_editor/tests/test_settings_manager.py:212:1: W293 blank line contains whitespace
sprite_editor/tests/test_settings_manager.py:217:1: W293 blank line contains whitespace
sprite_editor/tests/test_settings_manager.py:227:1: W293 blank line contains whitespace
sprite_editor/tests/test_settings_manager.py:234:1: W293 blank line contains whitespace
sprite_editor/tests/test_settings_manager.py:237:1: W293 blank line contains whitespace
sprite_editor/tests/test_settings_manager.py:241:1: W293 blank line contains whitespace
sprite_editor/tests/test_settings_manager.py:247:1: W293 blank line contains whitespace
sprite_editor/tests/test_settings_manager.py:250:1: W293 blank line contains whitespace
sprite_editor/tests/test_settings_manager.py:253:1: W293 blank line contains whitespace
sprite_editor/tests/test_settings_manager.py:259:1: W293 blank line contains whitespace
sprite_editor/tests/test_settings_manager.py:269:1: W293 blank line contains whitespace
sprite_editor/tests/test_settings_manager.py:277:1: W293 blank line contains whitespace
sprite_editor/tests/test_settings_manager.py:281:1: W293 blank line contains whitespace
sprite_editor/tests/test_settings_manager.py:287:1: W293 blank line contains whitespace
sprite_editor/tests/test_settings_manager.py:292:1: W293 blank line contains whitespace
sprite_editor/tests/test_settings_manager.py:299:1: W293 blank line contains whitespace
sprite_editor/tests/test_settings_manager.py:309:1: W293 blank line contains whitespace
sprite_editor/tests/test_settings_manager.py:314:1: W293 blank line contains whitespace
sprite_editor/tests/test_settings_manager.py:319:1: W293 blank line contains whitespace
sprite_editor/tests/test_settings_manager.py:321:1: W293 blank line contains whitespace
sprite_editor/tests/test_settings_manager.py:327:1: W293 blank line contains whitespace
sprite_editor/tests/test_settings_manager.py:329:1: W293 blank line contains whitespace
sprite_editor/tests/test_settings_manager.py:332:1: W293 blank line contains whitespace
sprite_editor/tests/test_settings_manager.py:338:1: W293 blank line contains whitespace
sprite_editor/tests/test_settings_manager.py:341:1: W293 blank line contains whitespace
sprite_editor/tests/test_settings_manager.py:350:1: W293 blank line contains whitespace
sprite_editor/tests/test_settings_manager.py:356:1: W293 blank line contains whitespace
sprite_editor/tests/test_settings_manager.py:360:1: W293 blank line contains whitespace
sprite_editor/tests/test_settings_manager.py:362:1: W293 blank line contains whitespace
sprite_editor/tests/test_settings_manager.py:368:1: W293 blank line contains whitespace
sprite_editor/tests/test_settings_manager.py:371:77: W292 no newline at end of file
sprite_editor/tests/test_snes_tiles_to_png.py:8:1: F401 'sys' imported but unused
sprite_editor/tests/test_snes_tiles_to_png.py:9:1: F401 'tempfile' imported but unused
sprite_editor/tests/test_snes_tiles_to_png.py:10:1: F401 'pathlib.Path' imported but unused
sprite_editor/tests/test_snes_tiles_to_png.py:11:1: F401 'unittest.mock.MagicMock' imported but unused
sprite_editor/tests/test_snes_tiles_to_png.py:26:1: W293 blank line contains whitespace
sprite_editor/tests/test_snes_tiles_to_png.py:29:1: W293 blank line contains whitespace
sprite_editor/tests/test_snes_tiles_to_png.py:37:1: W293 blank line contains whitespace
sprite_editor/tests/test_snes_tiles_to_png.py:40:1: W293 blank line contains whitespace
sprite_editor/tests/test_snes_tiles_to_png.py:47:1: W293 blank line contains whitespace
sprite_editor/tests/test_snes_tiles_to_png.py:50:1: W293 blank line contains whitespace
sprite_editor/tests/test_snes_tiles_to_png.py:55:1: W293 blank line contains whitespace
sprite_editor/tests/test_snes_tiles_to_png.py:59:1: W293 blank line contains whitespace
sprite_editor/tests/test_snes_tiles_to_png.py:73:1: W293 blank line contains whitespace
sprite_editor/tests/test_snes_tiles_to_png.py:78:1: W293 blank line contains whitespace
sprite_editor/tests/test_snes_tiles_to_png.py:80:1: W293 blank line contains whitespace
sprite_editor/tests/test_snes_tiles_to_png.py:83:1: W293 blank line contains whitespace
sprite_editor/tests/test_snes_tiles_to_png.py:88:1: W293 blank line contains whitespace
sprite_editor/tests/test_snes_tiles_to_png.py:93:1: W293 blank line contains whitespace
sprite_editor/tests/test_snes_tiles_to_png.py:95:1: W293 blank line contains whitespace
sprite_editor/tests/test_snes_tiles_to_png.py:98:1: W293 blank line contains whitespace
sprite_editor/tests/test_snes_tiles_to_png.py:102:1: W293 blank line contains whitespace
sprite_editor/tests/test_snes_tiles_to_png.py:107:1: W293 blank line contains whitespace
sprite_editor/tests/test_snes_tiles_to_png.py:109:1: W293 blank line contains whitespace
sprite_editor/tests/test_snes_tiles_to_png.py:112:1: W293 blank line contains whitespace
sprite_editor/tests/test_snes_tiles_to_png.py:117:1: W293 blank line contains whitespace
sprite_editor/tests/test_snes_tiles_to_png.py:119:1: W293 blank line contains whitespace
sprite_editor/tests/test_snes_tiles_to_png.py:122:1: W293 blank line contains whitespace
sprite_editor/tests/test_snes_tiles_to_png.py:127:1: W293 blank line contains whitespace
sprite_editor/tests/test_snes_tiles_to_png.py:129:1: W293 blank line contains whitespace
sprite_editor/tests/test_snes_tiles_to_png.py:132:1: W293 blank line contains whitespace
sprite_editor/tests/test_snes_tiles_to_png.py:137:1: W293 blank line contains whitespace
sprite_editor/tests/test_snes_tiles_to_png.py:139:1: W293 blank line contains whitespace
sprite_editor/tests/test_snes_tiles_to_png.py:142:1: W293 blank line contains whitespace
sprite_editor/tests/test_snes_tiles_to_png.py:147:1: W293 blank line contains whitespace
sprite_editor/tests/test_snes_tiles_to_png.py:149:1: W293 blank line contains whitespace
sprite_editor/tests/test_snes_tiles_to_png.py:152:1: W293 blank line contains whitespace
sprite_editor/tests/test_snes_tiles_to_png.py:156:1: W293 blank line contains whitespace
sprite_editor/tests/test_snes_tiles_to_png.py:161:1: W293 blank line contains whitespace
sprite_editor/tests/test_snes_tiles_to_png.py:165:1: W293 blank line contains whitespace
sprite_editor/tests/test_snes_tiles_to_png.py:168:1: W293 blank line contains whitespace
sprite_editor/tests/test_snes_tiles_to_png.py:172:1: W293 blank line contains whitespace
sprite_editor/tests/test_snes_tiles_to_png.py:176:1: W293 blank line contains whitespace
sprite_editor/tests/test_snes_tiles_to_png.py:180:1: W293 blank line contains whitespace
sprite_editor/tests/test_snes_tiles_to_png.py:185:1: W293 blank line contains whitespace
sprite_editor/tests/test_snes_tiles_to_png.py:187:1: W293 blank line contains whitespace
sprite_editor/tests/test_snes_tiles_to_png.py:190:1: W293 blank line contains whitespace
sprite_editor/tests/test_snes_tiles_to_png.py:194:32: E226 missing whitespace around arithmetic operator
sprite_editor/tests/test_snes_tiles_to_png.py:194:46: E226 missing whitespace around arithmetic operator
sprite_editor/tests/test_snes_tiles_to_png.py:194:48: E226 missing whitespace around arithmetic operator
sprite_editor/tests/test_snes_tiles_to_png.py:194:62: E226 missing whitespace around arithmetic operator
sprite_editor/tests/test_snes_tiles_to_png.py:194:64: E226 missing whitespace around arithmetic operator
sprite_editor/tests/test_snes_tiles_to_png.py:196:1: W293 blank line contains whitespace
sprite_editor/tests/test_snes_tiles_to_png.py:199:32: E226 missing whitespace around arithmetic operator
sprite_editor/tests/test_snes_tiles_to_png.py:199:46: E226 missing whitespace around arithmetic operator
sprite_editor/tests/test_snes_tiles_to_png.py:199:48: E226 missing whitespace around arithmetic operator
sprite_editor/tests/test_snes_tiles_to_png.py:199:62: E226 missing whitespace around arithmetic operator
sprite_editor/tests/test_snes_tiles_to_png.py:199:64: E226 missing whitespace around arithmetic operator
sprite_editor/tests/test_snes_tiles_to_png.py:201:1: W293 blank line contains whitespace
sprite_editor/tests/test_snes_tiles_to_png.py:207:1: W293 blank line contains whitespace
sprite_editor/tests/test_snes_tiles_to_png.py:211:1: W293 blank line contains whitespace
sprite_editor/tests/test_snes_tiles_to_png.py:214:1: W293 blank line contains whitespace
sprite_editor/tests/test_snes_tiles_to_png.py:217:1: W293 blank line contains whitespace
sprite_editor/tests/test_snes_tiles_to_png.py:219:9: F841 local variable 'left_half' is assigned to but never used
sprite_editor/tests/test_snes_tiles_to_png.py:219:30: E226 missing whitespace around arithmetic operator
sprite_editor/tests/test_snes_tiles_to_png.py:220:9: F841 local variable 'right_half' is assigned to but never used
sprite_editor/tests/test_snes_tiles_to_png.py:220:30: E226 missing whitespace around arithmetic operator
sprite_editor/tests/test_snes_tiles_to_png.py:221:1: W293 blank line contains whitespace
sprite_editor/tests/test_snes_tiles_to_png.py:228:1: W293 blank line contains whitespace
sprite_editor/tests/test_snes_tiles_to_png.py:231:1: W293 blank line contains whitespace
sprite_editor/tests/test_snes_tiles_to_png.py:236:1: W293 blank line contains whitespace
sprite_editor/tests/test_snes_tiles_to_png.py:238:1: W293 blank line contains whitespace
sprite_editor/tests/test_snes_tiles_to_png.py:242:1: W293 blank line contains whitespace
sprite_editor/tests/test_snes_tiles_to_png.py:245:1: W293 blank line contains whitespace
sprite_editor/tests/test_snes_tiles_to_png.py:252:1: W293 blank line contains whitespace
sprite_editor/tests/test_snes_tiles_to_png.py:256:1: W293 blank line contains whitespace
sprite_editor/tests/test_snes_tiles_to_png.py:259:1: W293 blank line contains whitespace
sprite_editor/tests/test_snes_tiles_to_png.py:262:1: W293 blank line contains whitespace
sprite_editor/tests/test_snes_tiles_to_png.py:264:1: W293 blank line contains whitespace
sprite_editor/tests/test_snes_tiles_to_png.py:269:1: W293 blank line contains whitespace
sprite_editor/tests/test_snes_tiles_to_png.py:274:1: W293 blank line contains whitespace
sprite_editor/tests/test_snes_tiles_to_png.py:278:1: W293 blank line contains whitespace
sprite_editor/tests/test_snes_tiles_to_png.py:280:36: W291 trailing whitespace
sprite_editor/tests/test_snes_tiles_to_png.py:281:38: W291 trailing whitespace
sprite_editor/tests/test_snes_tiles_to_png.py:282:25: W291 trailing whitespace
sprite_editor/tests/test_snes_tiles_to_png.py:286:1: W293 blank line contains whitespace
sprite_editor/tests/test_snes_tiles_to_png.py:289:1: W293 blank line contains whitespace
sprite_editor/tests/test_snes_tiles_to_png.py:291:1: W293 blank line contains whitespace
sprite_editor/tests/test_snes_tiles_to_png.py:295:1: W293 blank line contains whitespace
sprite_editor/tests/test_snes_tiles_to_png.py:298:1: W293 blank line contains whitespace
sprite_editor/tests/test_snes_tiles_to_png.py:303:1: W293 blank line contains whitespace
sprite_editor/tests/test_snes_tiles_to_png.py:307:1: W293 blank line contains whitespace
sprite_editor/tests/test_snes_tiles_to_png.py:313:1: W293 blank line contains whitespace
sprite_editor/tests/test_snes_tiles_to_png.py:318:1: W293 blank line contains whitespace
sprite_editor/tests/test_snes_tiles_to_png.py:319:41: F841 local variable 'mock_print' is assigned to but never used
sprite_editor/tests/test_snes_tiles_to_png.py:322:1: W293 blank line contains whitespace
sprite_editor/tests/test_snes_tiles_to_png.py:324:1: W293 blank line contains whitespace
sprite_editor/tests/test_snes_tiles_to_png.py:328:1: W293 blank line contains whitespace
sprite_editor/tests/test_snes_tiles_to_png.py:330:36: W291 trailing whitespace
sprite_editor/tests/test_snes_tiles_to_png.py:331:37: W291 trailing whitespace
sprite_editor/tests/test_snes_tiles_to_png.py:335:1: W293 blank line contains whitespace
sprite_editor/tests/test_snes_tiles_to_png.py:338:1: W293 blank line contains whitespace
sprite_editor/tests/test_snes_tiles_to_png.py:342:1: W293 blank line contains whitespace
sprite_editor/tests/test_snes_tiles_to_png.py:344:36: W291 trailing whitespace
sprite_editor/tests/test_snes_tiles_to_png.py:345:39: W291 trailing whitespace
sprite_editor/tests/test_snes_tiles_to_png.py:346:25: W291 trailing whitespace
sprite_editor/tests/test_snes_tiles_to_png.py:350:1: W293 blank line contains whitespace
sprite_editor/tests/test_snes_tiles_to_png.py:353:1: W293 blank line contains whitespace
sprite_editor/tests/test_snes_tiles_to_png.py:357:1: W293 blank line contains whitespace
sprite_editor/tests/test_snes_tiles_to_png.py:359:36: W291 trailing whitespace
sprite_editor/tests/test_snes_tiles_to_png.py:360:39: W291 trailing whitespace
sprite_editor/tests/test_snes_tiles_to_png.py:361:25: W291 trailing whitespace
sprite_editor/tests/test_snes_tiles_to_png.py:365:1: W293 blank line contains whitespace
sprite_editor/tests/test_snes_tiles_to_png.py:369:1: W293 blank line contains whitespace
sprite_editor/tests/test_snes_tiles_to_png.py:373:1: W293 blank line contains whitespace
sprite_editor/tests/test_snes_tiles_to_png.py:375:36: W291 trailing whitespace
sprite_editor/tests/test_snes_tiles_to_png.py:376:39: W291 trailing whitespace
sprite_editor/tests/test_snes_tiles_to_png.py:377:25: W291 trailing whitespace
sprite_editor/tests/test_snes_tiles_to_png.py:381:1: W293 blank line contains whitespace
sprite_editor/tests/test_snes_tiles_to_png.py:384:1: W293 blank line contains whitespace
sprite_editor/tests/test_snes_tiles_to_png.py:386:1: W293 blank line contains whitespace
sprite_editor/tests/test_snes_tiles_to_png.py:389:1: W293 blank line contains whitespace
sprite_editor/tests/test_snes_tiles_to_png.py:393:1: W293 blank line contains whitespace
sprite_editor/tests/test_snes_tiles_to_png.py:395:36: W291 trailing whitespace
sprite_editor/tests/test_snes_tiles_to_png.py:396:38: W291 trailing whitespace
sprite_editor/tests/test_snes_tiles_to_png.py:397:25: W291 trailing whitespace
sprite_editor/tests/test_snes_tiles_to_png.py:401:1: W293 blank line contains whitespace
sprite_editor/tests/test_snes_tiles_to_png.py:404:1: W293 blank line contains whitespace
sprite_editor/tests/test_snes_tiles_to_png.py:406:1: W293 blank line contains whitespace
sprite_editor/tests/test_snes_tiles_to_png.py:411:1: W293 blank line contains whitespace
sprite_editor/tests/test_snes_tiles_to_png.py:419:1: W293 blank line contains whitespace
sprite_editor/tests/test_snes_tiles_to_png.py:425:1: W293 blank line contains whitespace
sprite_editor/tests/test_snes_tiles_to_png.py:428:1: W293 blank line contains whitespace
sprite_editor/tests/test_snes_tiles_to_png.py:432:1: W293 blank line contains whitespace
sprite_editor/tests/test_snes_tiles_to_png.py:434:1: W293 blank line contains whitespace
sprite_editor/tests/test_snes_tiles_to_png.py:439:1: W293 blank line contains whitespace
sprite_editor/tests/test_snes_tiles_to_png.py:443:1: W293 blank line contains whitespace
sprite_editor/tests/test_snes_tiles_to_png.py:447:1: W293 blank line contains whitespace
sprite_editor/tests/test_snes_tiles_to_png.py:452:1: W293 blank line contains whitespace
sprite_editor/tests/test_snes_tiles_to_png.py:456:1: W293 blank line contains whitespace
sprite_editor/tests/test_snes_tiles_to_png.py:460:1: W293 blank line contains whitespace
sprite_editor/tests/test_snes_tiles_to_png.py:463:1: W293 blank line contains whitespace
sprite_editor/tests/test_snes_tiles_to_png.py:468:1: W293 blank line contains whitespace
sprite_editor/tests/test_snes_tiles_to_png.py:476:1: W293 blank line contains whitespace
sprite_editor/tests/test_snes_tiles_to_png.py:480:1: W293 blank line contains whitespace
sprite_editor/tests/test_snes_tiles_to_png.py:485:1: W293 blank line contains whitespace
sprite_editor/tests/test_snes_tiles_to_png.py:494:1: W293 blank line contains whitespace
sprite_editor/tests/test_snes_tiles_to_png.py:497:1: W293 blank line contains whitespace
sprite_editor/tests/test_snes_tiles_to_png.py:501:1: W293 blank line contains whitespace
sprite_editor/tests/test_snes_tiles_to_png.py:504:1: W293 blank line contains whitespace
sprite_editor/tests/test_snes_tiles_to_png.py:508:1: W293 blank line contains whitespace
sprite_editor/tests/test_snes_tiles_to_png.py:511:1: W293 blank line contains whitespace
sprite_editor/tests/test_snes_tiles_to_png.py:516:1: W293 blank line contains whitespace
sprite_editor/tests/test_snes_tiles_to_png.py:520:1: W293 blank line contains whitespace
sprite_editor/tests/test_snes_tiles_to_png.py:525:1: W293 blank line contains whitespace
sprite_editor/tests/test_snes_tiles_to_png.py:533:1: W293 blank line contains whitespace
sprite_editor/tests/test_snes_tiles_to_png.py:535:1: W293 blank line contains whitespace
sprite_editor/tests/test_snes_tiles_to_png.py:536:58: B905 `zip()` without an explicit `strict=` parameter.
sprite_editor/tests/test_snes_tiles_to_png.py:536:98: B950 line too long (97 > 88 characters)
sprite_editor/tests/test_snes_tiles_to_png.py:539:1: W293 blank line contains whitespace
sprite_editor/tests/test_snes_tiles_to_png.py:541:1: W293 blank line contains whitespace
sprite_editor/tests/test_snes_tiles_to_png.py:544:1: W293 blank line contains whitespace
sprite_editor/tests/test_snes_tiles_to_png.py:546:1: W293 blank line contains whitespace
sprite_editor/tests/test_snes_tiles_to_png.py:549:47: W292 no newline at end of file
sprite_editor/tests/test_sprite_assembler.py:8:1: F401 'tempfile' imported but unused
sprite_editor/tests/test_sprite_assembler.py:10:1: F401 'unittest.mock.MagicMock' imported but unused
sprite_editor/tests/test_sprite_assembler.py:11:1: F401 'sys' imported but unused
sprite_editor/tests/test_sprite_assembler.py:14:1: F401 'numpy as np' imported but unused
sprite_editor/tests/test_sprite_assembler.py:28:1: W293 blank line contains whitespace
sprite_editor/tests/test_sprite_assembler.py:37:1: W293 blank line contains whitespace
sprite_editor/tests/test_sprite_assembler.py:41:1: W293 blank line contains whitespace
sprite_editor/tests/test_sprite_assembler.py:43:1: W293 blank line contains whitespace
sprite_editor/tests/test_sprite_assembler.py:48:9: B007 Loop control variable 'i' not used within the loop body. If this is intended, start the name with an underscore.
sprite_editor/tests/test_sprite_assembler.py:51:1: W293 blank line contains whitespace
sprite_editor/tests/test_sprite_assembler.py:53:1: W293 blank line contains whitespace
sprite_editor/tests/test_sprite_assembler.py:63:1: W293 blank line contains whitespace
sprite_editor/tests/test_sprite_assembler.py:74:1: W293 blank line contains whitespace
sprite_editor/tests/test_sprite_assembler.py:78:1: W293 blank line contains whitespace
sprite_editor/tests/test_sprite_assembler.py:82:1: W293 blank line contains whitespace
sprite_editor/tests/test_sprite_assembler.py:87:1: W293 blank line contains whitespace
sprite_editor/tests/test_sprite_assembler.py:91:1: W293 blank line contains whitespace
sprite_editor/tests/test_sprite_assembler.py:95:1: W293 blank line contains whitespace
sprite_editor/tests/test_sprite_assembler.py:100:1: W293 blank line contains whitespace
sprite_editor/tests/test_sprite_assembler.py:104:1: W293 blank line contains whitespace
sprite_editor/tests/test_sprite_assembler.py:106:1: W293 blank line contains whitespace
sprite_editor/tests/test_sprite_assembler.py:110:1: W293 blank line contains whitespace
sprite_editor/tests/test_sprite_assembler.py:115:1: W293 blank line contains whitespace
sprite_editor/tests/test_sprite_assembler.py:123:1: W293 blank line contains whitespace
sprite_editor/tests/test_sprite_assembler.py:125:1: W293 blank line contains whitespace
sprite_editor/tests/test_sprite_assembler.py:134:1: W293 blank line contains whitespace
sprite_editor/tests/test_sprite_assembler.py:138:1: W293 blank line contains whitespace
sprite_editor/tests/test_sprite_assembler.py:140:1: W293 blank line contains whitespace
sprite_editor/tests/test_sprite_assembler.py:143:1: W293 blank line contains whitespace
sprite_editor/tests/test_sprite_assembler.py:149:1: W293 blank line contains whitespace
sprite_editor/tests/test_sprite_assembler.py:153:1: W293 blank line contains whitespace
sprite_editor/tests/test_sprite_assembler.py:155:1: W293 blank line contains whitespace
sprite_editor/tests/test_sprite_assembler.py:158:1: W293 blank line contains whitespace
sprite_editor/tests/test_sprite_assembler.py:162:1: W293 blank line contains whitespace
sprite_editor/tests/test_sprite_assembler.py:164:1: W293 blank line contains whitespace
sprite_editor/tests/test_sprite_assembler.py:167:1: W293 blank line contains whitespace
sprite_editor/tests/test_sprite_assembler.py:171:1: W293 blank line contains whitespace
sprite_editor/tests/test_sprite_assembler.py:174:1: W293 blank line contains whitespace
sprite_editor/tests/test_sprite_assembler.py:177:1: W293 blank line contains whitespace
sprite_editor/tests/test_sprite_assembler.py:181:1: W293 blank line contains whitespace
sprite_editor/tests/test_sprite_assembler.py:183:1: W293 blank line contains whitespace
sprite_editor/tests/test_sprite_assembler.py:190:1: W293 blank line contains whitespace
sprite_editor/tests/test_sprite_assembler.py:194:1: W293 blank line contains whitespace
sprite_editor/tests/test_sprite_assembler.py:199:1: W293 blank line contains whitespace
sprite_editor/tests/test_sprite_assembler.py:201:1: W293 blank line contains whitespace
sprite_editor/tests/test_sprite_assembler.py:205:1: W293 blank line contains whitespace
sprite_editor/tests/test_sprite_assembler.py:210:1: W293 blank line contains whitespace
sprite_editor/tests/test_sprite_assembler.py:214:1: W293 blank line contains whitespace
sprite_editor/tests/test_sprite_assembler.py:220:1: W293 blank line contains whitespace
sprite_editor/tests/test_sprite_assembler.py:222:1: W293 blank line contains whitespace
sprite_editor/tests/test_sprite_assembler.py:227:1: W293 blank line contains whitespace
sprite_editor/tests/test_sprite_assembler.py:231:1: W293 blank line contains whitespace
sprite_editor/tests/test_sprite_assembler.py:233:1: W293 blank line contains whitespace
sprite_editor/tests/test_sprite_assembler.py:239:18: W291 trailing whitespace
sprite_editor/tests/test_sprite_assembler.py:242:1: W293 blank line contains whitespace
sprite_editor/tests/test_sprite_assembler.py:252:1: W293 blank line contains whitespace
sprite_editor/tests/test_sprite_assembler.py:255:1: W293 blank line contains whitespace
sprite_editor/tests/test_sprite_assembler.py:260:1: W293 blank line contains whitespace
sprite_editor/tests/test_sprite_assembler.py:263:1: W293 blank line contains whitespace
sprite_editor/tests/test_sprite_assembler.py:268:1: W293 blank line contains whitespace
sprite_editor/tests/test_sprite_assembler.py:272:1: W293 blank line contains whitespace
sprite_editor/tests/test_sprite_assembler.py:277:1: W293 blank line contains whitespace
sprite_editor/tests/test_sprite_assembler.py:285:1: W293 blank line contains whitespace
sprite_editor/tests/test_sprite_assembler.py:290:1: W293 blank line contains whitespace
sprite_editor/tests/test_sprite_assembler.py:293:1: W293 blank line contains whitespace
sprite_editor/tests/test_sprite_assembler.py:297:1: W293 blank line contains whitespace
sprite_editor/tests/test_sprite_assembler.py:300:1: W293 blank line contains whitespace
sprite_editor/tests/test_sprite_assembler.py:308:1: W293 blank line contains whitespace
sprite_editor/tests/test_sprite_assembler.py:311:1: W293 blank line contains whitespace
sprite_editor/tests/test_sprite_assembler.py:317:1: W293 blank line contains whitespace
sprite_editor/tests/test_sprite_assembler.py:325:1: W293 blank line contains whitespace
sprite_editor/tests/test_sprite_assembler.py:332:1: W293 blank line contains whitespace
sprite_editor/tests/test_sprite_assembler.py:334:1: W293 blank line contains whitespace
sprite_editor/tests/test_sprite_assembler.py:338:13: B007 Loop control variable 'i' not used within the loop body. If this is intended, start the name with an underscore.
sprite_editor/tests/test_sprite_assembler.py:342:1: W293 blank line contains whitespace
sprite_editor/tests/test_sprite_assembler.py:349:1: W293 blank line contains whitespace
sprite_editor/tests/test_sprite_assembler.py:352:1: W293 blank line contains whitespace
sprite_editor/tests/test_sprite_assembler.py:355:115: B950 line too long (114 > 88 characters)
sprite_editor/tests/test_sprite_assembler.py:362:1: W293 blank line contains whitespace
sprite_editor/tests/test_sprite_assembler.py:367:1: W293 blank line contains whitespace
sprite_editor/tests/test_sprite_assembler.py:373:1: W293 blank line contains whitespace
sprite_editor/tests/test_sprite_assembler.py:380:1: W293 blank line contains whitespace
sprite_editor/tests/test_sprite_assembler.py:383:1: W293 blank line contains whitespace
sprite_editor/tests/test_sprite_assembler.py:386:1: W293 blank line contains whitespace
sprite_editor/tests/test_sprite_assembler.py:388:51: B905 `zip()` without an explicit `strict=` parameter.
sprite_editor/tests/test_sprite_assembler.py:391:1: W293 blank line contains whitespace
sprite_editor/tests/test_sprite_assembler.py:395:1: W293 blank line contains whitespace
sprite_editor/tests/test_sprite_assembler.py:399:1: W293 blank line contains whitespace
sprite_editor/tests/test_sprite_assembler.py:404:1: W293 blank line contains whitespace
sprite_editor/tests/test_sprite_assembler.py:408:1: W293 blank line contains whitespace
sprite_editor/tests/test_sprite_assembler.py:412:1: W293 blank line contains whitespace
sprite_editor/tests/test_sprite_assembler.py:417:57: W292 no newline at end of file
sprite_editor/tests/test_sprite_disassembler.py:8:1: F401 'tempfile' imported but unused
sprite_editor/tests/test_sprite_disassembler.py:10:1: F401 'unittest.mock.MagicMock' imported but unused
sprite_editor/tests/test_sprite_disassembler.py:11:1: F401 'sys' imported but unused
sprite_editor/tests/test_sprite_disassembler.py:27:1: W293 blank line contains whitespace
sprite_editor/tests/test_sprite_disassembler.py:37:1: W293 blank line contains whitespace
sprite_editor/tests/test_sprite_disassembler.py:39:1: W293 blank line contains whitespace
sprite_editor/tests/test_sprite_disassembler.py:44:9: B007 Loop control variable 'i' not used within the loop body. If this is intended, start the name with an underscore.
sprite_editor/tests/test_sprite_disassembler.py:48:1: W293 blank line contains whitespace
sprite_editor/tests/test_sprite_disassembler.py:61:1: W293 blank line contains whitespace
sprite_editor/tests/test_sprite_disassembler.py:68:1: W293 blank line contains whitespace
sprite_editor/tests/test_sprite_disassembler.py:71:98: B950 line too long (97 > 88 characters)
sprite_editor/tests/test_sprite_disassembler.py:72:1: W293 blank line contains whitespace
sprite_editor/tests/test_sprite_disassembler.py:78:1: W293 blank line contains whitespace
sprite_editor/tests/test_sprite_disassembler.py:79:33: W291 trailing whitespace
sprite_editor/tests/test_sprite_disassembler.py:84:1: W293 blank line contains whitespace
sprite_editor/tests/test_sprite_disassembler.py:86:1: W293 blank line contains whitespace
sprite_editor/tests/test_sprite_disassembler.py:99:1: W293 blank line contains whitespace
sprite_editor/tests/test_sprite_disassembler.py:103:1: W293 blank line contains whitespace
sprite_editor/tests/test_sprite_disassembler.py:105:1: W293 blank line contains whitespace
sprite_editor/tests/test_sprite_disassembler.py:109:1: W293 blank line contains whitespace
sprite_editor/tests/test_sprite_disassembler.py:115:1: W293 blank line contains whitespace
sprite_editor/tests/test_sprite_disassembler.py:117:1: W293 blank line contains whitespace
sprite_editor/tests/test_sprite_disassembler.py:121:1: W293 blank line contains whitespace
sprite_editor/tests/test_sprite_disassembler.py:126:1: W293 blank line contains whitespace
sprite_editor/tests/test_sprite_disassembler.py:128:1: W293 blank line contains whitespace
sprite_editor/tests/test_sprite_disassembler.py:132:1: W293 blank line contains whitespace
sprite_editor/tests/test_sprite_disassembler.py:137:1: W293 blank line contains whitespace
sprite_editor/tests/test_sprite_disassembler.py:139:1: W293 blank line contains whitespace
sprite_editor/tests/test_sprite_disassembler.py:143:1: W293 blank line contains whitespace
sprite_editor/tests/test_sprite_disassembler.py:147:1: W293 blank line contains whitespace
sprite_editor/tests/test_sprite_disassembler.py:149:1: W293 blank line contains whitespace
sprite_editor/tests/test_sprite_disassembler.py:156:1: W293 blank line contains whitespace
sprite_editor/tests/test_sprite_disassembler.py:160:1: W293 blank line contains whitespace
sprite_editor/tests/test_sprite_disassembler.py:166:1: W293 blank line contains whitespace
sprite_editor/tests/test_sprite_disassembler.py:169:1: W293 blank line contains whitespace
sprite_editor/tests/test_sprite_disassembler.py:174:1: W293 blank line contains whitespace
sprite_editor/tests/test_sprite_disassembler.py:177:1: W293 blank line contains whitespace
sprite_editor/tests/test_sprite_disassembler.py:185:1: W293 blank line contains whitespace
sprite_editor/tests/test_sprite_disassembler.py:187:1: W293 blank line contains whitespace
sprite_editor/tests/test_sprite_disassembler.py:194:1: W293 blank line contains whitespace
sprite_editor/tests/test_sprite_disassembler.py:196:1: W293 blank line contains whitespace
sprite_editor/tests/test_sprite_disassembler.py:200:1: W293 blank line contains whitespace
sprite_editor/tests/test_sprite_disassembler.py:209:1: W293 blank line contains whitespace
sprite_editor/tests/test_sprite_disassembler.py:215:1: W293 blank line contains whitespace
sprite_editor/tests/test_sprite_disassembler.py:222:1: W293 blank line contains whitespace
sprite_editor/tests/test_sprite_disassembler.py:224:1: W293 blank line contains whitespace
sprite_editor/tests/test_sprite_disassembler.py:233:1: W293 blank line contains whitespace
sprite_editor/tests/test_sprite_disassembler.py:240:1: W293 blank line contains whitespace
sprite_editor/tests/test_sprite_disassembler.py:247:1: W293 blank line contains whitespace
sprite_editor/tests/test_sprite_disassembler.py:251:1: W293 blank line contains whitespace
sprite_editor/tests/test_sprite_disassembler.py:257:1: W293 blank line contains whitespace
sprite_editor/tests/test_sprite_disassembler.py:264:1: W293 blank line contains whitespace
sprite_editor/tests/test_sprite_disassembler.py:271:1: W293 blank line contains whitespace
sprite_editor/tests/test_sprite_disassembler.py:280:1: W293 blank line contains whitespace
sprite_editor/tests/test_sprite_disassembler.py:283:1: W293 blank line contains whitespace
sprite_editor/tests/test_sprite_disassembler.py:287:1: W293 blank line contains whitespace
sprite_editor/tests/test_sprite_disassembler.py:296:1: W293 blank line contains whitespace
sprite_editor/tests/test_sprite_disassembler.py:301:1: W293 blank line contains whitespace
sprite_editor/tests/test_sprite_disassembler.py:307:1: W293 blank line contains whitespace
sprite_editor/tests/test_sprite_disassembler.py:311:1: W293 blank line contains whitespace
sprite_editor/tests/test_sprite_disassembler.py:318:1: W293 blank line contains whitespace
sprite_editor/tests/test_sprite_disassembler.py:325:1: W293 blank line contains whitespace
sprite_editor/tests/test_sprite_disassembler.py:332:1: W293 blank line contains whitespace
sprite_editor/tests/test_sprite_disassembler.py:337:1: W293 blank line contains whitespace
sprite_editor/tests/test_sprite_disassembler.py:341:1: W293 blank line contains whitespace
sprite_editor/tests/test_sprite_disassembler.py:344:106: B950 line too long (105 > 88 characters)
sprite_editor/tests/test_sprite_disassembler.py:346:1: W293 blank line contains whitespace
sprite_editor/tests/test_sprite_disassembler.py:350:1: W293 blank line contains whitespace
sprite_editor/tests/test_sprite_disassembler.py:358:1: W293 blank line contains whitespace
sprite_editor/tests/test_sprite_disassembler.py:361:1: W293 blank line contains whitespace
sprite_editor/tests/test_sprite_disassembler.py:365:1: W293 blank line contains whitespace
sprite_editor/tests/test_sprite_disassembler.py:374:1: W293 blank line contains whitespace
sprite_editor/tests/test_sprite_disassembler.py:379:1: W293 blank line contains whitespace
sprite_editor/tests/test_sprite_disassembler.py:382:1: W293 blank line contains whitespace
sprite_editor/tests/test_sprite_disassembler.py:384:1: W293 blank line contains whitespace
sprite_editor/tests/test_sprite_disassembler.py:387:1: W293 blank line contains whitespace
sprite_editor/tests/test_sprite_disassembler.py:391:1: W293 blank line contains whitespace
sprite_editor/tests/test_sprite_disassembler.py:400:1: W293 blank line contains whitespace
sprite_editor/tests/test_sprite_disassembler.py:403:1: W293 blank line contains whitespace
sprite_editor/tests/test_sprite_disassembler.py:407:1: W293 blank line contains whitespace
sprite_editor/tests/test_sprite_disassembler.py:417:1: W293 blank line contains whitespace
sprite_editor/tests/test_sprite_disassembler.py:421:1: W293 blank line contains whitespace
sprite_editor/tests/test_sprite_disassembler.py:424:1: W293 blank line contains whitespace
sprite_editor/tests/test_sprite_disassembler.py:426:1: W293 blank line contains whitespace
sprite_editor/tests/test_sprite_disassembler.py:429:1: W293 blank line contains whitespace
sprite_editor/tests/test_sprite_disassembler.py:433:58: W291 trailing whitespace
sprite_editor/tests/test_sprite_disassembler.py:435:1: W293 blank line contains whitespace
sprite_editor/tests/test_sprite_disassembler.py:437:1: W293 blank line contains whitespace
sprite_editor/tests/test_sprite_disassembler.py:446:1: W293 blank line contains whitespace
sprite_editor/tests/test_sprite_disassembler.py:449:1: W293 blank line contains whitespace
sprite_editor/tests/test_sprite_disassembler.py:451:1: W293 blank line contains whitespace
sprite_editor/tests/test_sprite_disassembler.py:458:1: W293 blank line contains whitespace
sprite_editor/tests/test_sprite_disassembler.py:465:1: W293 blank line contains whitespace
sprite_editor/tests/test_sprite_disassembler.py:469:1: W293 blank line contains whitespace
sprite_editor/tests/test_sprite_disassembler.py:472:1: W293 blank line contains whitespace
sprite_editor/tests/test_sprite_disassembler.py:476:1: W293 blank line contains whitespace
sprite_editor/tests/test_sprite_disassembler.py:484:1: W293 blank line contains whitespace
sprite_editor/tests/test_sprite_disassembler.py:487:1: W293 blank line contains whitespace
sprite_editor/tests/test_sprite_disassembler.py:497:1: W293 blank line contains whitespace
sprite_editor/tests/test_sprite_disassembler.py:503:1: W293 blank line contains whitespace
sprite_editor/tests/test_sprite_disassembler.py:505:1: W293 blank line contains whitespace
sprite_editor/tests/test_sprite_disassembler.py:512:1: W293 blank line contains whitespace
sprite_editor/tests/test_sprite_disassembler.py:516:1: W293 blank line contains whitespace
sprite_editor/tests/test_sprite_disassembler.py:520:1: W293 blank line contains whitespace
sprite_editor/tests/test_sprite_disassembler.py:523:1: W293 blank line contains whitespace
sprite_editor/tests/test_sprite_disassembler.py:526:1: W293 blank line contains whitespace
sprite_editor/tests/test_sprite_disassembler.py:530:1: W293 blank line contains whitespace
sprite_editor/tests/test_sprite_disassembler.py:533:1: W293 blank line contains whitespace
sprite_editor/tests/test_sprite_disassembler.py:536:1: W293 blank line contains whitespace
sprite_editor/tests/test_sprite_disassembler.py:540:1: W293 blank line contains whitespace
sprite_editor/tests/test_sprite_disassembler.py:549:1: W293 blank line contains whitespace
sprite_editor/tests/test_sprite_disassembler.py:553:1: W293 blank line contains whitespace
sprite_editor/tests/test_sprite_disassembler.py:557:1: W293 blank line contains whitespace
sprite_editor/tests/test_sprite_disassembler.py:560:71: W292 no newline at end of file
sprite_editor/tests/test_sprite_editor_core.py:179:13: B007 Loop control variable 'i' not used within the loop body. If this is intended, start the name with an underscore.
sprite_editor/tests/test_sprite_extractor.py:8:1: F401 'tempfile' imported but unused
sprite_editor/tests/test_sprite_extractor.py:9:1: F401 'pathlib.Path' imported but unused
sprite_editor/tests/test_sprite_extractor.py:10:1: F401 'unittest.mock.MagicMock' imported but unused
sprite_editor/tests/test_sprite_extractor.py:10:1: F401 'unittest.mock.mock_open' imported but unused
sprite_editor/tests/test_sprite_extractor.py:11:1: F401 'argparse' imported but unused
sprite_editor/tests/test_sprite_extractor.py:27:1: W293 blank line contains whitespace
sprite_editor/tests/test_sprite_extractor.py:35:1: W293 blank line contains whitespace
sprite_editor/tests/test_sprite_extractor.py:42:1: W293 blank line contains whitespace
sprite_editor/tests/test_sprite_extractor.py:48:1: W293 blank line contains whitespace
sprite_editor/tests/test_sprite_extractor.py:52:1: W293 blank line contains whitespace
sprite_editor/tests/test_sprite_extractor.py:54:1: W293 blank line contains whitespace
sprite_editor/tests/test_sprite_extractor.py:58:1: W293 blank line contains whitespace
sprite_editor/tests/test_sprite_extractor.py:64:1: W293 blank line contains whitespace
sprite_editor/tests/test_sprite_extractor.py:68:1: W293 blank line contains whitespace
sprite_editor/tests/test_sprite_extractor.py:70:1: W293 blank line contains whitespace
sprite_editor/tests/test_sprite_extractor.py:81:1: W293 blank line contains whitespace
sprite_editor/tests/test_sprite_extractor.py:90:1: W293 blank line contains whitespace
sprite_editor/tests/test_sprite_extractor.py:94:1: W293 blank line contains whitespace
sprite_editor/tests/test_sprite_extractor.py:99:1: W293 blank line contains whitespace
sprite_editor/tests/test_sprite_extractor.py:108:1: W293 blank line contains whitespace
sprite_editor/tests/test_sprite_extractor.py:111:1: W293 blank line contains whitespace
sprite_editor/tests/test_sprite_extractor.py:115:1: W293 blank line contains whitespace
sprite_editor/tests/test_sprite_extractor.py:118:1: W293 blank line contains whitespace
sprite_editor/tests/test_sprite_extractor.py:127:1: W293 blank line contains whitespace
sprite_editor/tests/test_sprite_extractor.py:130:1: W293 blank line contains whitespace
sprite_editor/tests/test_sprite_extractor.py:140:1: W293 blank line contains whitespace
sprite_editor/tests/test_sprite_extractor.py:144:1: W293 blank line contains whitespace
sprite_editor/tests/test_sprite_extractor.py:154:1: W293 blank line contains whitespace
sprite_editor/tests/test_sprite_extractor.py:157:1: W293 blank line contains whitespace
sprite_editor/tests/test_sprite_extractor.py:167:1: W293 blank line contains whitespace
sprite_editor/tests/test_sprite_extractor.py:170:1: W293 blank line contains whitespace
sprite_editor/tests/test_sprite_extractor.py:182:1: W293 blank line contains whitespace
sprite_editor/tests/test_sprite_extractor.py:185:1: W293 blank line contains whitespace
sprite_editor/tests/test_sprite_extractor.py:194:1: W293 blank line contains whitespace
sprite_editor/tests/test_sprite_extractor.py:196:1: W293 blank line contains whitespace
sprite_editor/tests/test_sprite_extractor.py:200:1: W293 blank line contains whitespace
sprite_editor/tests/test_sprite_extractor.py:204:32: E226 missing whitespace around arithmetic operator
sprite_editor/tests/test_sprite_extractor.py:204:46: E226 missing whitespace around arithmetic operator
sprite_editor/tests/test_sprite_extractor.py:204:48: E226 missing whitespace around arithmetic operator
sprite_editor/tests/test_sprite_extractor.py:204:62: E226 missing whitespace around arithmetic operator
sprite_editor/tests/test_sprite_extractor.py:204:64: E226 missing whitespace around arithmetic operator
sprite_editor/tests/test_sprite_extractor.py:211:1: W293 blank line contains whitespace
sprite_editor/tests/test_sprite_extractor.py:215:1: W293 blank line contains whitespace
sprite_editor/tests/test_sprite_extractor.py:226:1: W293 blank line contains whitespace
sprite_editor/tests/test_sprite_extractor.py:228:1: W293 blank line contains whitespace
sprite_editor/tests/test_sprite_extractor.py:231:1: W293 blank line contains whitespace
sprite_editor/tests/test_sprite_extractor.py:236:1: W293 blank line contains whitespace
sprite_editor/tests/test_sprite_extractor.py:240:1: W293 blank line contains whitespace
sprite_editor/tests/test_sprite_extractor.py:247:1: W293 blank line contains whitespace
sprite_editor/tests/test_sprite_extractor.py:257:1: W293 blank line contains whitespace
sprite_editor/tests/test_sprite_extractor.py:262:1: W293 blank line contains whitespace
sprite_editor/tests/test_sprite_extractor.py:265:1: W293 blank line contains whitespace
sprite_editor/tests/test_sprite_extractor.py:268:1: W293 blank line contains whitespace
sprite_editor/tests/test_sprite_extractor.py:271:1: W293 blank line contains whitespace
sprite_editor/tests/test_sprite_extractor.py:279:1: W293 blank line contains whitespace
sprite_editor/tests/test_sprite_extractor.py:282:1: W293 blank line contains whitespace
sprite_editor/tests/test_sprite_extractor.py:287:1: W293 blank line contains whitespace
sprite_editor/tests/test_sprite_extractor.py:295:1: W293 blank line contains whitespace
sprite_editor/tests/test_sprite_extractor.py:299:1: W293 blank line contains whitespace
sprite_editor/tests/test_sprite_extractor.py:301:1: W293 blank line contains whitespace
sprite_editor/tests/test_sprite_extractor.py:305:1: W293 blank line contains whitespace
sprite_editor/tests/test_sprite_extractor.py:314:1: W293 blank line contains whitespace
sprite_editor/tests/test_sprite_extractor.py:317:1: W293 blank line contains whitespace
sprite_editor/tests/test_sprite_extractor.py:322:1: W293 blank line contains whitespace
sprite_editor/tests/test_sprite_extractor.py:328:1: W293 blank line contains whitespace
sprite_editor/tests/test_sprite_extractor.py:335:1: W293 blank line contains whitespace
sprite_editor/tests/test_sprite_extractor.py:338:1: W293 blank line contains whitespace
sprite_editor/tests/test_sprite_extractor.py:341:1: W293 blank line contains whitespace
sprite_editor/tests/test_sprite_extractor.py:343:1: W293 blank line contains whitespace
sprite_editor/tests/test_sprite_extractor.py:346:1: W293 blank line contains whitespace
sprite_editor/tests/test_sprite_extractor.py:351:1: W293 blank line contains whitespace
sprite_editor/tests/test_sprite_extractor.py:359:1: W293 blank line contains whitespace
sprite_editor/tests/test_sprite_extractor.py:370:1: W293 blank line contains whitespace
sprite_editor/tests/test_sprite_extractor.py:374:1: W293 blank line contains whitespace
sprite_editor/tests/test_sprite_extractor.py:379:1: W293 blank line contains whitespace
sprite_editor/tests/test_sprite_extractor.py:384:1: W293 blank line contains whitespace
sprite_editor/tests/test_sprite_extractor.py:394:1: W293 blank line contains whitespace
sprite_editor/tests/test_sprite_extractor.py:396:1: W293 blank line contains whitespace
sprite_editor/tests/test_sprite_extractor.py:403:1: W293 blank line contains whitespace
sprite_editor/tests/test_sprite_extractor.py:409:1: W293 blank line contains whitespace
sprite_editor/tests/test_sprite_extractor.py:410:47: W292 no newline at end of file
sprite_editor/tests/test_sprite_injector.py:8:1: F401 'tempfile' imported but unused
sprite_editor/tests/test_sprite_injector.py:9:1: F401 'pathlib.Path' imported but unused
sprite_editor/tests/test_sprite_injector.py:10:1: F401 'unittest.mock.MagicMock' imported but unused
sprite_editor/tests/test_sprite_injector.py:10:1: F401 'unittest.mock.mock_open' imported but unused
sprite_editor/tests/test_sprite_injector.py:11:1: F401 'argparse' imported but unused
sprite_editor/tests/test_sprite_injector.py:19:1: F401 'sprite_editor.tile_utils.encode_4bpp_tile' imported but unused
sprite_editor/tests/test_sprite_injector.py:28:1: W293 blank line contains whitespace
sprite_editor/tests/test_sprite_injector.py:35:1: W293 blank line contains whitespace
sprite_editor/tests/test_sprite_injector.py:40:9: B007 Loop control variable 'i' not used within the loop body. If this is intended, start the name with an underscore.
sprite_editor/tests/test_sprite_injector.py:43:1: W293 blank line contains whitespace
sprite_editor/tests/test_sprite_injector.py:45:1: W293 blank line contains whitespace
sprite_editor/tests/test_sprite_injector.py:52:20: E226 missing whitespace around arithmetic operator
sprite_editor/tests/test_sprite_injector.py:54:1: W293 blank line contains whitespace
sprite_editor/tests/test_sprite_injector.py:65:1: W293 blank line contains whitespace
sprite_editor/tests/test_sprite_injector.py:69:1: W293 blank line contains whitespace
sprite_editor/tests/test_sprite_injector.py:73:1: W293 blank line contains whitespace
sprite_editor/tests/test_sprite_injector.py:78:1: W293 blank line contains whitespace
sprite_editor/tests/test_sprite_injector.py:91:1: W293 blank line contains whitespace
sprite_editor/tests/test_sprite_injector.py:95:1: W293 blank line contains whitespace
sprite_editor/tests/test_sprite_injector.py:98:1: W293 blank line contains whitespace
sprite_editor/tests/test_sprite_injector.py:103:1: W293 blank line contains whitespace
sprite_editor/tests/test_sprite_injector.py:110:1: W293 blank line contains whitespace
sprite_editor/tests/test_sprite_injector.py:112:1: W293 blank line contains whitespace
sprite_editor/tests/test_sprite_injector.py:115:1: W293 blank line contains whitespace
sprite_editor/tests/test_sprite_injector.py:122:1: W293 blank line contains whitespace
sprite_editor/tests/test_sprite_injector.py:124:1: W293 blank line contains whitespace
sprite_editor/tests/test_sprite_injector.py:129:1: W293 blank line contains whitespace
sprite_editor/tests/test_sprite_injector.py:134:1: W293 blank line contains whitespace
sprite_editor/tests/test_sprite_injector.py:139:1: W293 blank line contains whitespace
sprite_editor/tests/test_sprite_injector.py:144:1: W293 blank line contains whitespace
sprite_editor/tests/test_sprite_injector.py:147:1: W293 blank line contains whitespace
sprite_editor/tests/test_sprite_injector.py:156:1: W293 blank line contains whitespace
sprite_editor/tests/test_sprite_injector.py:162:1: W293 blank line contains whitespace
sprite_editor/tests/test_sprite_injector.py:164:23: W291 trailing whitespace
sprite_editor/tests/test_sprite_injector.py:165:32: W291 trailing whitespace
sprite_editor/tests/test_sprite_injector.py:166:20: W291 trailing whitespace
sprite_editor/tests/test_sprite_injector.py:169:1: W293 blank line contains whitespace
sprite_editor/tests/test_sprite_injector.py:172:1: W293 blank line contains whitespace
sprite_editor/tests/test_sprite_injector.py:178:1: W293 blank line contains whitespace
sprite_editor/tests/test_sprite_injector.py:184:1: W293 blank line contains whitespace
sprite_editor/tests/test_sprite_injector.py:192:1: W293 blank line contains whitespace
sprite_editor/tests/test_sprite_injector.py:197:1: W293 blank line contains whitespace
sprite_editor/tests/test_sprite_injector.py:203:1: W293 blank line contains whitespace
sprite_editor/tests/test_sprite_injector.py:210:1: W293 blank line contains whitespace
sprite_editor/tests/test_sprite_injector.py:212:1: W293 blank line contains whitespace
sprite_editor/tests/test_sprite_injector.py:218:1: W293 blank line contains whitespace
sprite_editor/tests/test_sprite_injector.py:228:1: W293 blank line contains whitespace
sprite_editor/tests/test_sprite_injector.py:231:1: W293 blank line contains whitespace
sprite_editor/tests/test_sprite_injector.py:236:1: W293 blank line contains whitespace
sprite_editor/tests/test_sprite_injector.py:244:1: W293 blank line contains whitespace
sprite_editor/tests/test_sprite_injector.py:252:1: W293 blank line contains whitespace
sprite_editor/tests/test_sprite_injector.py:258:1: W293 blank line contains whitespace
sprite_editor/tests/test_sprite_injector.py:263:1: W293 blank line contains whitespace
sprite_editor/tests/test_sprite_injector.py:265:1: W293 blank line contains whitespace
sprite_editor/tests/test_sprite_injector.py:268:1: W293 blank line contains whitespace
sprite_editor/tests/test_sprite_injector.py:271:1: W293 blank line contains whitespace
sprite_editor/tests/test_sprite_injector.py:276:1: W293 blank line contains whitespace
sprite_editor/tests/test_sprite_injector.py:284:1: W293 blank line contains whitespace
sprite_editor/tests/test_sprite_injector.py:286:1: W293 blank line contains whitespace
sprite_editor/tests/test_sprite_injector.py:288:1: W293 blank line contains whitespace
sprite_editor/tests/test_sprite_injector.py:290:1: W293 blank line contains whitespace
sprite_editor/tests/test_sprite_injector.py:295:1: W293 blank line contains whitespace
sprite_editor/tests/test_sprite_injector.py:305:1: W293 blank line contains whitespace
sprite_editor/tests/test_sprite_injector.py:312:1: W293 blank line contains whitespace
sprite_editor/tests/test_sprite_injector.py:316:1: W293 blank line contains whitespace
sprite_editor/tests/test_sprite_injector.py:327:1: W293 blank line contains whitespace
sprite_editor/tests/test_sprite_injector.py:329:1: W293 blank line contains whitespace
sprite_editor/tests/test_sprite_injector.py:333:1: W293 blank line contains whitespace
sprite_editor/tests/test_sprite_injector.py:341:1: W293 blank line contains whitespace
sprite_editor/tests/test_sprite_injector.py:344:1: W293 blank line contains whitespace
sprite_editor/tests/test_sprite_injector.py:349:1: W293 blank line contains whitespace
sprite_editor/tests/test_sprite_injector.py:358:1: W293 blank line contains whitespace
sprite_editor/tests/test_sprite_injector.py:361:1: W293 blank line contains whitespace
sprite_editor/tests/test_sprite_injector.py:366:1: W293 blank line contains whitespace
sprite_editor/tests/test_sprite_injector.py:375:1: W293 blank line contains whitespace
sprite_editor/tests/test_sprite_injector.py:379:1: W293 blank line contains whitespace
sprite_editor/tests/test_sprite_injector.py:381:1: W293 blank line contains whitespace
sprite_editor/tests/test_sprite_injector.py:390:1: W293 blank line contains whitespace
sprite_editor/tests/test_sprite_injector.py:394:1: W293 blank line contains whitespace
sprite_editor/tests/test_sprite_injector.py:401:1: W293 blank line contains whitespace
sprite_editor/tests/test_sprite_injector.py:406:9: F841 local variable 'img' is assigned to but never used
sprite_editor/tests/test_sprite_injector.py:407:1: W293 blank line contains whitespace
sprite_editor/tests/test_sprite_injector.py:411:1: W293 blank line contains whitespace
sprite_editor/tests/test_sprite_injector.py:416:1: W293 blank line contains whitespace
sprite_editor/tests/test_sprite_injector.py:421:1: W293 blank line contains whitespace
sprite_editor/tests/test_sprite_injector.py:426:1: W293 blank line contains whitespace
sprite_editor/tests/test_sprite_injector.py:427:42: W292 no newline at end of file
sprite_editor/tests/test_sprite_workflow.py:8:1: F401 'sys' imported but unused
sprite_editor/tests/test_sprite_workflow.py:9:1: F401 'tempfile' imported but unused
sprite_editor/tests/test_sprite_workflow.py:11:1: F401 'unittest.mock.call' imported but unused
sprite_editor/tests/test_sprite_workflow.py:12:1: F401 'subprocess' imported but unused
sprite_editor/tests/test_sprite_workflow.py:17:64: W291 trailing whitespace
sprite_editor/tests/test_sprite_workflow.py:28:1: W293 blank line contains whitespace
sprite_editor/tests/test_sprite_workflow.py:32:1: W293 blank line contains whitespace
sprite_editor/tests/test_sprite_workflow.py:43:1: W293 blank line contains whitespace
sprite_editor/tests/test_sprite_workflow.py:50:1: W293 blank line contains whitespace
sprite_editor/tests/test_sprite_workflow.py:54:1: W293 blank line contains whitespace
sprite_editor/tests/test_sprite_workflow.py:57:30: W291 trailing whitespace
sprite_editor/tests/test_sprite_workflow.py:58:33: W291 trailing whitespace
sprite_editor/tests/test_sprite_workflow.py:63:1: W293 blank line contains whitespace
sprite_editor/tests/test_sprite_workflow.py:70:1: W293 blank line contains whitespace
sprite_editor/tests/test_sprite_workflow.py:74:1: W293 blank line contains whitespace
sprite_editor/tests/test_sprite_workflow.py:78:1: W293 blank line contains whitespace
sprite_editor/tests/test_sprite_workflow.py:85:1: W293 blank line contains whitespace
sprite_editor/tests/test_sprite_workflow.py:89:1: W293 blank line contains whitespace
sprite_editor/tests/test_sprite_workflow.py:93:1: W293 blank line contains whitespace
sprite_editor/tests/test_sprite_workflow.py:100:1: W293 blank line contains whitespace
sprite_editor/tests/test_sprite_workflow.py:104:1: W293 blank line contains whitespace
sprite_editor/tests/test_sprite_workflow.py:113:1: W293 blank line contains whitespace
sprite_editor/tests/test_sprite_workflow.py:118:1: W293 blank line contains whitespace
sprite_editor/tests/test_sprite_workflow.py:121:1: W293 blank line contains whitespace
sprite_editor/tests/test_sprite_workflow.py:124:1: W293 blank line contains whitespace
sprite_editor/tests/test_sprite_workflow.py:133:1: W293 blank line contains whitespace
sprite_editor/tests/test_sprite_workflow.py:139:1: W293 blank line contains whitespace
sprite_editor/tests/test_sprite_workflow.py:141:39: F811 redefinition of unused 'call' from line 11
sprite_editor/tests/test_sprite_workflow.py:142:53: F811 redefinition of unused 'call' from line 11
sprite_editor/tests/test_sprite_workflow.py:143:54: F811 redefinition of unused 'call' from line 11
sprite_editor/tests/test_sprite_workflow.py:144:46: F811 redefinition of unused 'call' from line 11
sprite_editor/tests/test_sprite_workflow.py:145:1: W293 blank line contains whitespace
sprite_editor/tests/test_sprite_workflow.py:150:1: W293 blank line contains whitespace
sprite_editor/tests/test_sprite_workflow.py:153:1: W293 blank line contains whitespace
sprite_editor/tests/test_sprite_workflow.py:156:1: W293 blank line contains whitespace
sprite_editor/tests/test_sprite_workflow.py:158:39: F811 redefinition of unused 'call' from line 11
sprite_editor/tests/test_sprite_workflow.py:159:35: F811 redefinition of unused 'call' from line 11
sprite_editor/tests/test_sprite_workflow.py:161:1: W293 blank line contains whitespace
sprite_editor/tests/test_sprite_workflow.py:166:1: W293 blank line contains whitespace
sprite_editor/tests/test_sprite_workflow.py:169:1: W293 blank line contains whitespace
sprite_editor/tests/test_sprite_workflow.py:171:1: W293 blank line contains whitespace
sprite_editor/tests/test_sprite_workflow.py:173:39: F811 redefinition of unused 'call' from line 11
sprite_editor/tests/test_sprite_workflow.py:174:54: F811 redefinition of unused 'call' from line 11
sprite_editor/tests/test_sprite_workflow.py:175:68: F811 redefinition of unused 'call' from line 11
sprite_editor/tests/test_sprite_workflow.py:176:1: W293 blank line contains whitespace
sprite_editor/tests/test_sprite_workflow.py:181:1: W293 blank line contains whitespace
sprite_editor/tests/test_sprite_workflow.py:184:1: W293 blank line contains whitespace
sprite_editor/tests/test_sprite_workflow.py:186:1: W293 blank line contains whitespace
sprite_editor/tests/test_sprite_workflow.py:188:39: F811 redefinition of unused 'call' from line 11
sprite_editor/tests/test_sprite_workflow.py:189:53: F811 redefinition of unused 'call' from line 11
sprite_editor/tests/test_sprite_workflow.py:190:42: F811 redefinition of unused 'call' from line 11
sprite_editor/tests/test_sprite_workflow.py:196:1: W293 blank line contains whitespace
sprite_editor/tests/test_sprite_workflow.py:201:1: W293 blank line contains whitespace
sprite_editor/tests/test_sprite_workflow.py:204:1: W293 blank line contains whitespace
sprite_editor/tests/test_sprite_workflow.py:206:1: W293 blank line contains whitespace
sprite_editor/tests/test_sprite_workflow.py:215:1: W293 blank line contains whitespace
sprite_editor/tests/test_sprite_workflow.py:219:1: W293 blank line contains whitespace
sprite_editor/tests/test_sprite_workflow.py:221:39: F811 redefinition of unused 'call' from line 11
sprite_editor/tests/test_sprite_workflow.py:222:59: F811 redefinition of unused 'call' from line 11
sprite_editor/tests/test_sprite_workflow.py:223:43: F811 redefinition of unused 'call' from line 11
sprite_editor/tests/test_sprite_workflow.py:224:1: W293 blank line contains whitespace
sprite_editor/tests/test_sprite_workflow.py:229:1: W293 blank line contains whitespace
sprite_editor/tests/test_sprite_workflow.py:232:1: W293 blank line contains whitespace
sprite_editor/tests/test_sprite_workflow.py:237:1: W293 blank line contains whitespace
sprite_editor/tests/test_sprite_workflow.py:240:1: W293 blank line contains whitespace
sprite_editor/tests/test_sprite_workflow.py:243:1: W293 blank line contains whitespace
sprite_editor/tests/test_sprite_workflow.py:245:39: F811 redefinition of unused 'call' from line 11
sprite_editor/tests/test_sprite_workflow.py:246:47: F811 redefinition of unused 'call' from line 11
sprite_editor/tests/test_sprite_workflow.py:247:1: W293 blank line contains whitespace
sprite_editor/tests/test_sprite_workflow.py:253:1: W293 blank line contains whitespace
sprite_editor/tests/test_sprite_workflow.py:256:1: W293 blank line contains whitespace
sprite_editor/tests/test_sprite_workflow.py:258:1: W293 blank line contains whitespace
sprite_editor/tests/test_sprite_workflow.py:262:1: W293 blank line contains whitespace
sprite_editor/tests/test_sprite_workflow.py:269:1: W293 blank line contains whitespace
sprite_editor/tests/test_sprite_workflow.py:274:1: W293 blank line contains whitespace
sprite_editor/tests/test_sprite_workflow.py:278:1: W293 blank line contains whitespace
sprite_editor/tests/test_sprite_workflow.py:283:1: W293 blank line contains whitespace
sprite_editor/tests/test_sprite_workflow.py:285:1: W293 blank line contains whitespace
sprite_editor/tests/test_sprite_workflow.py:290:1: W293 blank line contains whitespace
sprite_editor/tests/test_sprite_workflow.py:300:1: W293 blank line contains whitespace
sprite_editor/tests/test_sprite_workflow.py:305:1: W293 blank line contains whitespace
sprite_editor/tests/test_sprite_workflow.py:308:1: W293 blank line contains whitespace
sprite_editor/tests/test_sprite_workflow.py:323:1: W293 blank line contains whitespace
sprite_editor/tests/test_sprite_workflow.py:327:1: W293 blank line contains whitespace
sprite_editor/tests/test_sprite_workflow.py:330:1: W293 blank line contains whitespace
sprite_editor/tests/test_sprite_workflow.py:332:1: W293 blank line contains whitespace
sprite_editor/tests/test_sprite_workflow.py:336:1: W293 blank line contains whitespace
sprite_editor/tests/test_sprite_workflow.py:339:1: W293 blank line contains whitespace
sprite_editor/tests/test_sprite_workflow.py:341:1: W293 blank line contains whitespace
sprite_editor/tests/test_sprite_workflow.py:347:1: W293 blank line contains whitespace
sprite_editor/tests/test_sprite_workflow.py:350:1: W293 blank line contains whitespace
sprite_editor/tests/test_sprite_workflow.py:352:1: W293 blank line contains whitespace
sprite_editor/tests/test_sprite_workflow.py:356:1: W293 blank line contains whitespace
sprite_editor/tests/test_sprite_workflow.py:359:1: W293 blank line contains whitespace
sprite_editor/tests/test_sprite_workflow.py:362:1: W293 blank line contains whitespace
sprite_editor/tests/test_sprite_workflow.py:368:1: W293 blank line contains whitespace
sprite_editor/tests/test_sprite_workflow.py:371:1: W293 blank line contains whitespace
sprite_editor/tests/test_sprite_workflow.py:373:1: W293 blank line contains whitespace
sprite_editor/tests/test_sprite_workflow.py:377:1: W293 blank line contains whitespace
sprite_editor/tests/test_sprite_workflow.py:380:1: W293 blank line contains whitespace
sprite_editor/tests/test_sprite_workflow.py:382:1: W293 blank line contains whitespace
sprite_editor/tests/test_sprite_workflow.py:386:1: W293 blank line contains whitespace
sprite_editor/tests/test_sprite_workflow.py:389:1: W293 blank line contains whitespace
sprite_editor/tests/test_sprite_workflow.py:392:1: W293 blank line contains whitespace
sprite_editor/tests/test_sprite_workflow.py:394:1: W293 blank line contains whitespace
sprite_editor/tests/test_sprite_workflow.py:398:1: W293 blank line contains whitespace
sprite_editor/tests/test_sprite_workflow.py:402:1: W293 blank line contains whitespace
sprite_editor/tests/test_sprite_workflow.py:405:1: W293 blank line contains whitespace
sprite_editor/tests/test_sprite_workflow.py:409:1: W293 blank line contains whitespace
sprite_editor/tests/test_sprite_workflow.py:412:1: W293 blank line contains whitespace
sprite_editor/tests/test_sprite_workflow.py:419:1: W293 blank line contains whitespace
sprite_editor/tests/test_sprite_workflow.py:425:1: W293 blank line contains whitespace
sprite_editor/tests/test_sprite_workflow.py:427:1: W293 blank line contains whitespace
sprite_editor/tests/test_sprite_workflow.py:429:1: W293 blank line contains whitespace
sprite_editor/tests/test_sprite_workflow.py:433:1: W293 blank line contains whitespace
sprite_editor/tests/test_sprite_workflow.py:435:1: W293 blank line contains whitespace
sprite_editor/tests/test_sprite_workflow.py:437:1: W293 blank line contains whitespace
sprite_editor/tests/test_sprite_workflow.py:443:1: W293 blank line contains whitespace
sprite_editor/tests/test_sprite_workflow.py:447:1: W293 blank line contains whitespace
sprite_editor/tests/test_sprite_workflow.py:449:1: W293 blank line contains whitespace
sprite_editor/tests/test_sprite_workflow.py:454:1: W293 blank line contains whitespace
sprite_editor/tests/test_sprite_workflow.py:460:1: W293 blank line contains whitespace
sprite_editor/tests/test_sprite_workflow.py:463:1: W293 blank line contains whitespace
sprite_editor/tests/test_sprite_workflow.py:466:1: W293 blank line contains whitespace
sprite_editor/tests/test_sprite_workflow.py:470:1: W293 blank line contains whitespace
sprite_editor/tests/test_sprite_workflow.py:472:39: F811 redefinition of unused 'call' from line 11
sprite_editor/tests/test_sprite_workflow.py:473:44: F811 redefinition of unused 'call' from line 11
sprite_editor/tests/test_sprite_workflow.py:474:1: W293 blank line contains whitespace
sprite_editor/tests/test_sprite_workflow.py:484:1: W293 blank line contains whitespace
sprite_editor/tests/test_sprite_workflow.py:487:1: W293 blank line contains whitespace
sprite_editor/tests/test_sprite_workflow.py:490:1: W293 blank line contains whitespace
sprite_editor/tests/test_sprite_workflow.py:491:43: W292 no newline at end of file
sprite_editor/tests/test_tile_palette_edge_cases.py:13:1: F401 'sprite_editor.palette_utils.get_grayscale_palette' imported but unused
sprite_editor/tests/test_tile_palette_edge_cases.py:17:1: F401 'sprite_editor.constants.VRAM_SIZE_ABSOLUTE_MAX' imported but unused
sprite_editor/tests/test_tile_palette_edge_cases.py:31:1: W293 blank line contains whitespace
sprite_editor/tests/test_tile_palette_edge_cases.py:35:1: W293 blank line contains whitespace
sprite_editor/tests/test_tile_palette_edge_cases.py:44:1: W293 blank line contains whitespace
sprite_editor/tests/test_tile_palette_edge_cases.py:47:1: W293 blank line contains whitespace
sprite_editor/tests/test_tile_palette_edge_cases.py:59:1: W293 blank line contains whitespace
sprite_editor/tests/test_tile_palette_edge_cases.py:69:1: W293 blank line contains whitespace
sprite_editor/tests/test_tile_palette_edge_cases.py:73:1: W293 blank line contains whitespace
sprite_editor/tests/test_tile_palette_edge_cases.py:88:1: W293 blank line contains whitespace
sprite_editor/tests/test_tile_palette_edge_cases.py:100:1: W293 blank line contains whitespace
sprite_editor/tests/test_tile_palette_edge_cases.py:115:1: W293 blank line contains whitespace
sprite_editor/tests/test_tile_palette_edge_cases.py:136:1: W293 blank line contains whitespace
sprite_editor/tests/test_tile_palette_edge_cases.py:141:1: W293 blank line contains whitespace
sprite_editor/tests/test_tile_palette_edge_cases.py:152:39: E261 at least two spaces before inline comment
sprite_editor/tests/test_tile_palette_edge_cases.py:157:1: W293 blank line contains whitespace
sprite_editor/tests/test_tile_palette_edge_cases.py:174:1: W293 blank line contains whitespace
sprite_editor/tests/test_tile_palette_edge_cases.py:189:1: W293 blank line contains whitespace
sprite_editor/tests/test_tile_palette_edge_cases.py:193:1: W293 blank line contains whitespace
sprite_editor/tests/test_tile_palette_edge_cases.py:205:1: W293 blank line contains whitespace
sprite_editor/tests/test_tile_palette_edge_cases.py:208:1: W293 blank line contains whitespace
sprite_editor/tests/test_tile_palette_edge_cases.py:212:1: W293 blank line contains whitespace
sprite_editor/tests/test_tile_palette_edge_cases.py:214:13: B007 Loop control variable 'i' not used within the loop body. If this is intended, start the name with an underscore.
sprite_editor/tests/test_tile_palette_edge_cases.py:216:1: W293 blank line contains whitespace
sprite_editor/tests/test_tile_palette_edge_cases.py:228:1: W293 blank line contains whitespace
sprite_editor/tests/test_tile_palette_edge_cases.py:232:1: W293 blank line contains whitespace
sprite_editor/tests/test_tile_palette_edge_cases.py:244:1: W293 blank line contains whitespace
sprite_editor/tests/test_tile_palette_edge_cases.py:255:1: W293 blank line contains whitespace
sprite_editor/tests/test_tile_palette_edge_cases.py:259:1: W293 blank line contains whitespace
sprite_editor/tests/test_tile_palette_edge_cases.py:266:1: W293 blank line contains whitespace
sprite_editor/tests/test_tile_palette_edge_cases.py:269:1: W293 blank line contains whitespace
sprite_editor/tests/test_tile_palette_edge_cases.py:272:1: W293 blank line contains whitespace
sprite_editor/tests/test_tile_palette_edge_cases.py:277:1: W293 blank line contains whitespace
sprite_editor/tests/test_tile_palette_edge_cases.py:294:1: W293 blank line contains whitespace
sprite_editor/tests/test_tile_palette_edge_cases.py:301:1: W293 blank line contains whitespace
sprite_editor/tests/test_tile_palette_edge_cases.py:306:13: B007 Loop control variable 'i' not used within the loop body. If this is intended, start the name with an underscore.
sprite_editor/tests/test_tile_palette_edge_cases.py:309:1: W293 blank line contains whitespace
sprite_editor/tests/test_tile_palette_edge_cases.py:312:1: W293 blank line contains whitespace
sprite_editor/tests/test_tile_palette_edge_cases.py:322:1: W293 blank line contains whitespace
sprite_editor/tests/test_tile_palette_edge_cases.py:327:1: W293 blank line contains whitespace
sprite_editor/tests/test_tile_palette_edge_cases.py:330:1: W293 blank line contains whitespace
sprite_editor/tests/test_tile_palette_edge_cases.py:339:1: W293 blank line contains whitespace
sprite_editor/tests/test_tile_palette_edge_cases.py:344:1: W293 blank line contains whitespace
sprite_editor/tests/test_tile_palette_edge_cases.py:347:1: W293 blank line contains whitespace
sprite_editor/tests/test_tile_palette_edge_cases.py:355:1: W293 blank line contains whitespace
sprite_editor/tests/test_tile_palette_edge_cases.py:360:1: W293 blank line contains whitespace
sprite_editor/tests/test_tile_palette_edge_cases.py:374:1: W293 blank line contains whitespace
sprite_editor/tests/test_tile_palette_edge_cases.py:386:1: W293 blank line contains whitespace
sprite_editor/tests/test_tile_palette_edge_cases.py:390:1: W293 blank line contains whitespace
sprite_editor/tests/test_tile_palette_edge_cases.py:400:1: W293 blank line contains whitespace
sprite_editor/tests/test_tile_palette_edge_cases.py:405:1: W293 blank line contains whitespace
sprite_editor/tests/test_tile_palette_edge_cases.py:408:44: W292 no newline at end of file
sprite_editor/tests/test_unified_sprite_editor.py:6:1: F401 'json' imported but unused
sprite_editor/tests/test_unified_sprite_editor.py:12:1: E402 module level import not at top of file
sprite_editor/tests/test_unified_sprite_editor.py:13:1: F401 'unittest.mock.mock_open' imported but unused
sprite_editor/tests/test_unified_sprite_editor.py:13:1: E402 module level import not at top of file
sprite_editor/tests/test_unified_sprite_editor.py:14:1: E402 module level import not at top of file
sprite_editor/tests/test_unified_sprite_editor.py:15:1: F401 'PyQt6.QtCore.Qt' imported but unused
sprite_editor/tests/test_unified_sprite_editor.py:15:1: E402 module level import not at top of file
sprite_editor/tests/test_unified_sprite_editor.py:18:1: E302 expected 2 blank lines, found 1
sprite_editor/tests/test_unified_sprite_editor.py:31:1: W293 blank line contains whitespace
sprite_editor/tests/test_unified_sprite_editor.py:43:1: W293 blank line contains whitespace
sprite_editor/tests/test_unified_sprite_editor.py:47:1: W293 blank line contains whitespace
sprite_editor/tests/test_unified_sprite_editor.py:51:1: W293 blank line contains whitespace
sprite_editor/tests/test_unified_sprite_editor.py:54:1: W293 blank line contains whitespace
sprite_editor/tests/test_unified_sprite_editor.py:58:9: F401 'PyQt6.QtGui.QAction' imported but unused
sprite_editor/tests/test_unified_sprite_editor.py:59:1: W293 blank line contains whitespace
sprite_editor/tests/test_unified_sprite_editor.py:66:1: W293 blank line contains whitespace
sprite_editor/tests/test_unified_sprite_editor.py:71:1: W293 blank line contains whitespace
sprite_editor/tests/test_unified_sprite_editor.py:73:99: B950 line too long (98 > 88 characters)
sprite_editor/tests/test_unified_sprite_editor.py:74:1: W293 blank line contains whitespace
sprite_editor/tests/test_unified_sprite_editor.py:77:1: W293 blank line contains whitespace
sprite_editor/tests/test_unified_sprite_editor.py:81:1: W293 blank line contains whitespace
sprite_editor/tests/test_unified_sprite_editor.py:84:1: W293 blank line contains whitespace
sprite_editor/tests/test_unified_sprite_editor.py:88:1: W293 blank line contains whitespace
sprite_editor/tests/test_unified_sprite_editor.py:91:1: W293 blank line contains whitespace
sprite_editor/tests/test_unified_sprite_editor.py:96:1: W293 blank line contains whitespace
sprite_editor/tests/test_unified_sprite_editor.py:100:1: W293 blank line contains whitespace
sprite_editor/tests/test_unified_sprite_editor.py:105:1: W293 blank line contains whitespace
sprite_editor/tests/test_unified_sprite_editor.py:112:1: W293 blank line contains whitespace
sprite_editor/tests/test_unified_sprite_editor.py:117:1: W293 blank line contains whitespace
sprite_editor/tests/test_unified_sprite_editor.py:120:102: B950 line too long (101 > 88 characters)
sprite_editor/tests/test_unified_sprite_editor.py:121:108: B950 line too long (107 > 88 characters)
sprite_editor/tests/test_unified_sprite_editor.py:125:1: W293 blank line contains whitespace
sprite_editor/tests/test_unified_sprite_editor.py:131:1: W293 blank line contains whitespace
sprite_editor/tests/test_unified_sprite_editor.py:136:1: W293 blank line contains whitespace
sprite_editor/tests/test_unified_sprite_editor.py:141:1: W293 blank line contains whitespace
sprite_editor/tests/test_unified_sprite_editor.py:150:1: W293 blank line contains whitespace
sprite_editor/tests/test_unified_sprite_editor.py:154:1: W293 blank line contains whitespace
sprite_editor/tests/test_unified_sprite_editor.py:157:1: W293 blank line contains whitespace
sprite_editor/tests/test_unified_sprite_editor.py:159:53: F811 redefinition of unused 'mock_open' from line 13
sprite_editor/tests/test_unified_sprite_editor.py:160:105: B950 line too long (104 > 88 characters)
sprite_editor/tests/test_unified_sprite_editor.py:163:1: W293 blank line contains whitespace
sprite_editor/tests/test_unified_sprite_editor.py:167:1: W293 blank line contains whitespace
sprite_editor/tests/test_unified_sprite_editor.py:170:1: W293 blank line contains whitespace
sprite_editor/tests/test_unified_sprite_editor.py:172:53: F811 redefinition of unused 'mock_open' from line 13
sprite_editor/tests/test_unified_sprite_editor.py:173:105: B950 line too long (104 > 88 characters)
sprite_editor/tests/test_unified_sprite_editor.py:176:1: W293 blank line contains whitespace
sprite_editor/tests/test_unified_sprite_editor.py:179:1: W293 blank line contains whitespace
sprite_editor/tests/test_unified_sprite_editor.py:183:1: W293 blank line contains whitespace
sprite_editor/tests/test_unified_sprite_editor.py:186:1: W293 blank line contains whitespace
sprite_editor/tests/test_unified_sprite_editor.py:188:53: F811 redefinition of unused 'mock_open' from line 13
sprite_editor/tests/test_unified_sprite_editor.py:189:105: B950 line too long (104 > 88 characters)
sprite_editor/tests/test_unified_sprite_editor.py:193:1: W293 blank line contains whitespace
sprite_editor/tests/test_unified_sprite_editor.py:196:1: W293 blank line contains whitespace
sprite_editor/tests/test_unified_sprite_editor.py:203:1: W293 blank line contains whitespace
sprite_editor/tests/test_unified_sprite_editor.py:207:1: W293 blank line contains whitespace
sprite_editor/tests/test_unified_sprite_editor.py:210:1: W293 blank line contains whitespace
sprite_editor/tests/test_unified_sprite_editor.py:214:1: W293 blank line contains whitespace
sprite_editor/tests/test_unified_sprite_editor.py:218:1: W293 blank line contains whitespace
sprite_editor/tests/test_unified_sprite_editor.py:221:1: W293 blank line contains whitespace
sprite_editor/tests/test_unified_sprite_editor.py:226:1: W293 blank line contains whitespace
sprite_editor/tests/test_unified_sprite_editor.py:230:1: W293 blank line contains whitespace
sprite_editor/tests/test_unified_sprite_editor.py:233:1: W293 blank line contains whitespace
sprite_editor/tests/test_unified_sprite_editor.py:237:1: W293 blank line contains whitespace
sprite_editor/tests/test_unified_sprite_editor.py:240:1: W293 blank line contains whitespace
sprite_editor/tests/test_unified_sprite_editor.py:250:1: W293 blank line contains whitespace
sprite_editor/tests/test_unified_sprite_editor.py:252:1: W293 blank line contains whitespace
sprite_editor/tests/test_unified_sprite_editor.py:255:1: W293 blank line contains whitespace
sprite_editor/tests/test_unified_sprite_editor.py:262:1: W293 blank line contains whitespace
sprite_editor/tests/test_unified_sprite_editor.py:265:13: F841 local variable 'editor' is assigned to but never used
sprite_editor/tests/test_unified_sprite_editor.py:266:1: W293 blank line contains whitespace
sprite_editor/tests/test_unified_sprite_editor.py:270:92: W292 no newline at end of file
sprite_editor/tests/test_validation.py:17:1: W293 blank line contains whitespace
sprite_editor/tests/test_validation.py:25:1: W293 blank line contains whitespace
sprite_editor/tests/test_validation.py:31:1: W293 blank line contains whitespace
sprite_editor/tests/test_validation.py:37:1: W293 blank line contains whitespace
sprite_editor/tests/test_validation.py:44:1: W293 blank line contains whitespace
sprite_editor/tests/test_validation.py:51:1: W293 blank line contains whitespace
sprite_editor/tests/test_validation.py:56:1: W293 blank line contains whitespace
sprite_editor/tests/test_validation.py:62:1: W293 blank line contains whitespace
sprite_editor/tests/test_validation.py:69:1: W293 blank line contains whitespace
sprite_editor/tests/test_validation.py:74:1: W293 blank line contains whitespace
sprite_editor/tests/test_validation.py:79:1: W293 blank line contains whitespace
sprite_editor/tests/test_validation.py:86:1: W293 blank line contains whitespace
sprite_editor/tests/test_validation.py:91:1: W293 blank line contains whitespace
sprite_editor/tests/test_validation.py:96:1: W293 blank line contains whitespace
sprite_editor/tests/test_validation.py:101:1: W293 blank line contains whitespace
sprite_editor/tests/test_validation.py:108:1: W293 blank line contains whitespace
sprite_editor/tests/test_validation.py:113:1: W293 blank line contains whitespace
sprite_editor/tests/test_validation.py:118:1: W293 blank line contains whitespace
sprite_editor/tests/test_validation.py:123:1: W293 blank line contains whitespace
sprite_editor/tests/test_validation.py:130:1: W293 blank line contains whitespace
sprite_editor/tests/test_validation.py:135:1: W293 blank line contains whitespace
sprite_editor/tests/test_validation.py:140:1: W293 blank line contains whitespace
sprite_editor/tests/test_validation.py:145:1: W293 blank line contains whitespace
sprite_editor/tests/test_validation.py:149:1: W293 blank line contains whitespace
sprite_editor/tests/test_validation.py:155:1: W293 blank line contains whitespace
sprite_editor/tests/test_validation.py:160:1: W293 blank line contains whitespace
sprite_editor/tests/test_validation.py:165:1: W293 blank line contains whitespace
sprite_editor/tests/test_validation.py:170:1: W293 blank line contains whitespace
sprite_editor/tests/test_validation.py:174:1: W293 blank line contains whitespace
sprite_editor/tests/test_validation.py:180:1: W293 blank line contains whitespace
sprite_editor/tests/test_validation.py:185:1: W293 blank line contains whitespace
sprite_editor/tests/test_validation.py:190:1: W293 blank line contains whitespace
sprite_editor/tests/test_validation.py:195:1: W293 blank line contains whitespace
sprite_editor/tests/test_validation.py:199:1: W293 blank line contains whitespace
sprite_editor/tests/test_validation.py:204:1: W293 blank line contains whitespace
sprite_editor/tests/test_validation.py:212:1: W293 blank line contains whitespace
sprite_editor/tests/test_validation.py:217:1: W293 blank line contains whitespace
sprite_editor/tests/test_validation.py:227:1: W293 blank line contains whitespace
sprite_editor/tests/test_validation.py:233:1: W293 blank line contains whitespace
sprite_editor/tests/test_validation.py:237:1: W293 blank line contains whitespace
sprite_editor/tests/test_validation.py:243:1: W293 blank line contains whitespace
sprite_editor/tests/test_validation.py:246:1: W293 blank line contains whitespace
sprite_editor/tests/test_validation.py:250:1: W293 blank line contains whitespace
sprite_editor/tests/test_validation.py:255:1: W293 blank line contains whitespace
sprite_editor/tests/test_validation.py:258:1: W293 blank line contains whitespace
sprite_editor/tests/test_validation.py:263:1: W293 blank line contains whitespace
sprite_editor/tests/test_validation.py:266:1: W293 blank line contains whitespace
sprite_editor/tests/test_validation.py:272:1: W293 blank line contains whitespace
sprite_editor/tests/test_validation.py:276:1: W293 blank line contains whitespace
sprite_editor/tests/test_validation.py:280:1: W293 blank line contains whitespace
sprite_editor/tests/test_validation.py:283:1: W293 blank line contains whitespace
sprite_editor/tests/test_validation.py:286:1: W293 blank line contains whitespace
sprite_editor/tests/test_validation.py:292:1: W293 blank line contains whitespace
sprite_editor/tests/test_validation.py:295:1: W293 blank line contains whitespace
sprite_editor/tests/test_validation.py:299:1: W293 blank line contains whitespace
sprite_editor/tests/test_validation.py:303:1: W293 blank line contains whitespace
sprite_editor/tests/test_validation.py:308:1: W293 blank line contains whitespace
sprite_editor/tests/test_validation.py:316:1: W293 blank line contains whitespace
sprite_editor/tests/test_validation.py:321:44: W292 no newline at end of file
sprite_editor/tests/test_viewer_controller.py:8:1: F401 'sys' imported but unused
sprite_editor/tests/test_viewer_controller.py:9:1: F401 'tempfile' imported but unused
sprite_editor/tests/test_viewer_controller.py:10:1: F401 'pathlib.Path' imported but unused
sprite_editor/tests/test_viewer_controller.py:11:1: F401 'unittest.mock.PropertyMock' imported but unused
sprite_editor/tests/test_viewer_controller.py:11:1: F401 'unittest.mock.call' imported but unused
sprite_editor/tests/test_viewer_controller.py:34:1: W293 blank line contains whitespace
sprite_editor/tests/test_viewer_controller.py:42:1: W293 blank line contains whitespace
sprite_editor/tests/test_viewer_controller.py:48:1: W293 blank line contains whitespace
sprite_editor/tests/test_viewer_controller.py:57:37: W291 trailing whitespace
sprite_editor/tests/test_viewer_controller.py:59:29: W291 trailing whitespace
sprite_editor/tests/test_viewer_controller.py:62:1: W293 blank line contains whitespace
sprite_editor/tests/test_viewer_controller.py:64:1: W293 blank line contains whitespace
sprite_editor/tests/test_viewer_controller.py:94:1: W293 blank line contains whitespace
sprite_editor/tests/test_viewer_controller.py:99:1: W293 blank line contains whitespace
sprite_editor/tests/test_viewer_controller.py:103:1: W293 blank line contains whitespace
sprite_editor/tests/test_viewer_controller.py:118:1: W293 blank line contains whitespace
sprite_editor/tests/test_viewer_controller.py:122:1: W293 blank line contains whitespace
sprite_editor/tests/test_viewer_controller.py:125:1: W293 blank line contains whitespace
sprite_editor/tests/test_viewer_controller.py:128:1: W293 blank line contains whitespace
sprite_editor/tests/test_viewer_controller.py:132:1: W293 blank line contains whitespace
sprite_editor/tests/test_viewer_controller.py:136:1: W293 blank line contains whitespace
sprite_editor/tests/test_viewer_controller.py:140:1: W293 blank line contains whitespace
sprite_editor/tests/test_viewer_controller.py:145:1: W293 blank line contains whitespace
sprite_editor/tests/test_viewer_controller.py:147:1: W293 blank line contains whitespace
sprite_editor/tests/test_viewer_controller.py:150:1: W293 blank line contains whitespace
sprite_editor/tests/test_viewer_controller.py:153:1: W293 blank line contains whitespace
sprite_editor/tests/test_viewer_controller.py:157:1: W293 blank line contains whitespace
sprite_editor/tests/test_viewer_controller.py:161:1: W293 blank line contains whitespace
sprite_editor/tests/test_viewer_controller.py:164:41: W291 trailing whitespace
sprite_editor/tests/test_viewer_controller.py:166:33: W291 trailing whitespace
sprite_editor/tests/test_viewer_controller.py:175:1: W293 blank line contains whitespace
sprite_editor/tests/test_viewer_controller.py:179:1: W293 blank line contains whitespace
sprite_editor/tests/test_viewer_controller.py:182:1: W293 blank line contains whitespace
sprite_editor/tests/test_viewer_controller.py:185:1: W293 blank line contains whitespace
sprite_editor/tests/test_viewer_controller.py:188:1: W293 blank line contains whitespace
sprite_editor/tests/test_viewer_controller.py:192:1: W293 blank line contains whitespace
sprite_editor/tests/test_viewer_controller.py:195:1: W293 blank line contains whitespace
sprite_editor/tests/test_viewer_controller.py:198:1: W293 blank line contains whitespace
sprite_editor/tests/test_viewer_controller.py:201:1: W293 blank line contains whitespace
sprite_editor/tests/test_viewer_controller.py:205:1: W293 blank line contains whitespace
sprite_editor/tests/test_viewer_controller.py:208:1: W293 blank line contains whitespace
sprite_editor/tests/test_viewer_controller.py:211:1: W293 blank line contains whitespace
sprite_editor/tests/test_viewer_controller.py:214:1: W293 blank line contains whitespace
sprite_editor/tests/test_viewer_controller.py:218:1: W293 blank line contains whitespace
sprite_editor/tests/test_viewer_controller.py:221:1: W293 blank line contains whitespace
sprite_editor/tests/test_viewer_controller.py:225:1: W293 blank line contains whitespace
sprite_editor/tests/test_viewer_controller.py:233:1: W293 blank line contains whitespace
sprite_editor/tests/test_viewer_controller.py:237:1: W293 blank line contains whitespace
sprite_editor/tests/test_viewer_controller.py:240:1: W293 blank line contains whitespace
sprite_editor/tests/test_viewer_controller.py:246:1: W293 blank line contains whitespace
sprite_editor/tests/test_viewer_controller.py:250:1: W293 blank line contains whitespace
sprite_editor/tests/test_viewer_controller.py:253:1: W293 blank line contains whitespace
sprite_editor/tests/test_viewer_controller.py:255:1: W293 blank line contains whitespace
sprite_editor/tests/test_viewer_controller.py:261:1: W293 blank line contains whitespace
sprite_editor/tests/test_viewer_controller.py:266:1: W293 blank line contains whitespace
sprite_editor/tests/test_viewer_controller.py:269:1: W293 blank line contains whitespace
sprite_editor/tests/test_viewer_controller.py:272:1: W293 blank line contains whitespace
sprite_editor/tests/test_viewer_controller.py:275:1: W293 blank line contains whitespace
sprite_editor/tests/test_viewer_controller.py:286:1: W293 blank line contains whitespace
sprite_editor/tests/test_viewer_controller.py:290:1: W293 blank line contains whitespace
sprite_editor/tests/test_viewer_controller.py:293:1: W293 blank line contains whitespace
sprite_editor/tests/test_viewer_controller.py:299:1: W293 blank line contains whitespace
sprite_editor/tests/test_viewer_controller.py:303:1: W293 blank line contains whitespace
sprite_editor/tests/test_viewer_controller.py:308:1: W293 blank line contains whitespace
sprite_editor/tests/test_viewer_controller.py:315:1: W293 blank line contains whitespace
sprite_editor/tests/test_viewer_controller.py:317:1: W293 blank line contains whitespace
sprite_editor/tests/test_viewer_controller.py:320:1: W293 blank line contains whitespace
sprite_editor/tests/test_viewer_controller.py:324:1: W293 blank line contains whitespace
sprite_editor/tests/test_viewer_controller.py:332:1: W293 blank line contains whitespace
sprite_editor/tests/test_viewer_controller.py:334:1: W293 blank line contains whitespace
sprite_editor/tests/test_viewer_controller.py:337:1: W293 blank line contains whitespace
sprite_editor/tests/test_viewer_controller.py:341:1: W293 blank line contains whitespace
sprite_editor/tests/test_viewer_controller.py:349:1: W293 blank line contains whitespace
sprite_editor/tests/test_viewer_controller.py:351:1: W293 blank line contains whitespace
sprite_editor/tests/test_viewer_controller.py:359:1: W293 blank line contains whitespace
sprite_editor/tests/test_viewer_controller.py:363:1: W293 blank line contains whitespace
sprite_editor/tests/test_viewer_controller.py:366:1: W293 blank line contains whitespace
sprite_editor/tests/test_viewer_controller.py:368:1: W293 blank line contains whitespace
sprite_editor/tests/test_viewer_controller.py:371:1: W293 blank line contains whitespace
sprite_editor/tests/test_viewer_controller.py:375:1: W293 blank line contains whitespace
sprite_editor/tests/test_viewer_controller.py:377:1: W293 blank line contains whitespace
sprite_editor/tests/test_viewer_controller.py:385:1: W293 blank line contains whitespace
sprite_editor/tests/test_viewer_controller.py:398:1: W293 blank line contains whitespace
sprite_editor/tests/test_viewer_controller.py:400:9: F841 local variable 'controller' is assigned to but never used
sprite_editor/tests/test_viewer_controller.py:402:1: W293 blank line contains whitespace
sprite_editor/tests/test_viewer_controller.py:405:1: W293 blank line contains whitespace
sprite_editor/tests/test_viewer_controller.py:408:1: W293 blank line contains whitespace
sprite_editor/tests/test_viewer_controller.py:412:1: W293 blank line contains whitespace
sprite_editor/tests/test_viewer_controller.py:425:1: W293 blank line contains whitespace
sprite_editor/tests/test_viewer_controller.py:427:9: F841 local variable 'controller' is assigned to but never used
sprite_editor/tests/test_viewer_controller.py:429:1: W293 blank line contains whitespace
sprite_editor/tests/test_viewer_controller.py:432:1: W293 blank line contains whitespace
sprite_editor/tests/test_viewer_controller.py:435:1: W293 blank line contains whitespace
sprite_editor/tests/test_viewer_controller.py:438:1: W293 blank line contains whitespace
sprite_editor/tests/test_viewer_controller.py:447:1: W293 blank line contains whitespace
sprite_editor/tests/test_viewer_controller.py:451:1: W293 blank line contains whitespace
sprite_editor/tests/test_viewer_controller.py:455:1: W293 blank line contains whitespace
sprite_editor/tests/test_viewer_controller.py:459:1: W293 blank line contains whitespace
sprite_editor/tests/test_viewer_controller.py:463:1: W293 blank line contains whitespace
sprite_editor/tests/test_viewer_controller.py:467:1: W293 blank line contains whitespace
sprite_editor/tests/test_viewer_controller.py:473:1: W293 blank line contains whitespace
sprite_editor/tests/test_viewer_controller.py:479:1: W293 blank line contains whitespace
sprite_editor/tests/test_viewer_controller.py:482:1: W293 blank line contains whitespace
sprite_editor/tests/test_viewer_controller.py:485:1: W293 blank line contains whitespace
sprite_editor/tests/test_viewer_controller.py:488:1: W293 blank line contains whitespace
sprite_editor/tests/test_viewer_controller.py:493:37: W292 no newline at end of file
sprite_editor/tests/test_worker_advanced.py:8:1: F401 'unittest.mock.patch' imported but unused
sprite_editor/tests/test_worker_advanced.py:10:1: F401 'PyQt6.QtCore.QObject' imported but unused
sprite_editor/tests/test_worker_advanced.py:25:1: W293 blank line contains whitespace
sprite_editor/tests/test_worker_advanced.py:28:1: W293 blank line contains whitespace
sprite_editor/tests/test_worker_advanced.py:32:1: W293 blank line contains whitespace
sprite_editor/tests/test_worker_advanced.py:40:105: B950 line too long (104 > 88 characters)
sprite_editor/tests/test_worker_advanced.py:41:1: W293 blank line contains whitespace
sprite_editor/tests/test_worker_advanced.py:44:17: B007 Loop control variable 'i' not used within the loop body. If this is intended, start the name with an underscore.
sprite_editor/tests/test_worker_advanced.py:50:1: W293 blank line contains whitespace
sprite_editor/tests/test_worker_advanced.py:52:1: W293 blank line contains whitespace
sprite_editor/tests/test_worker_advanced.py:59:1: W293 blank line contains whitespace
sprite_editor/tests/test_worker_advanced.py:63:1: W293 blank line contains whitespace
sprite_editor/tests/test_worker_advanced.py:66:1: W293 blank line contains whitespace
sprite_editor/tests/test_worker_advanced.py:70:1: W293 blank line contains whitespace
sprite_editor/tests/test_worker_advanced.py:73:1: W293 blank line contains whitespace
sprite_editor/tests/test_worker_advanced.py:86:1: W293 blank line contains whitespace
sprite_editor/tests/test_worker_advanced.py:88:1: W293 blank line contains whitespace
sprite_editor/tests/test_worker_advanced.py:95:1: W293 blank line contains whitespace
sprite_editor/tests/test_worker_advanced.py:99:1: W293 blank line contains whitespace
sprite_editor/tests/test_worker_advanced.py:113:1: W293 blank line contains whitespace
sprite_editor/tests/test_worker_advanced.py:122:1: W293 blank line contains whitespace
sprite_editor/tests/test_worker_advanced.py:126:1: W293 blank line contains whitespace
sprite_editor/tests/test_worker_advanced.py:128:1: W293 blank line contains whitespace
sprite_editor/tests/test_worker_advanced.py:132:1: W293 blank line contains whitespace
sprite_editor/tests/test_worker_advanced.py:136:1: W293 blank line contains whitespace
sprite_editor/tests/test_worker_advanced.py:139:1: W293 blank line contains whitespace
sprite_editor/tests/test_worker_advanced.py:149:1: W293 blank line contains whitespace
sprite_editor/tests/test_worker_advanced.py:153:1: W293 blank line contains whitespace
sprite_editor/tests/test_worker_advanced.py:156:1: W293 blank line contains whitespace
sprite_editor/tests/test_worker_advanced.py:161:1: W293 blank line contains whitespace
sprite_editor/tests/test_worker_advanced.py:165:1: W293 blank line contains whitespace
sprite_editor/tests/test_worker_advanced.py:173:1: W293 blank line contains whitespace
sprite_editor/tests/test_worker_advanced.py:176:1: W293 blank line contains whitespace
sprite_editor/tests/test_worker_advanced.py:182:1: W293 blank line contains whitespace
sprite_editor/tests/test_worker_advanced.py:185:1: W293 blank line contains whitespace
sprite_editor/tests/test_worker_advanced.py:188:1: W293 blank line contains whitespace
sprite_editor/tests/test_worker_advanced.py:207:1: W293 blank line contains whitespace
sprite_editor/tests/test_worker_advanced.py:212:1: W293 blank line contains whitespace
sprite_editor/tests/test_worker_advanced.py:214:1: W293 blank line contains whitespace
sprite_editor/tests/test_worker_advanced.py:217:1: W293 blank line contains whitespace
sprite_editor/tests/test_worker_advanced.py:220:1: W293 blank line contains whitespace
sprite_editor/tests/test_worker_advanced.py:224:1: W293 blank line contains whitespace
sprite_editor/tests/test_worker_advanced.py:228:21: W291 trailing whitespace
sprite_editor/tests/test_worker_advanced.py:238:1: W293 blank line contains whitespace
sprite_editor/tests/test_worker_advanced.py:241:9: E306 expected 1 blank line before a nested definition, found 0
sprite_editor/tests/test_worker_advanced.py:245:1: W293 blank line contains whitespace
sprite_editor/tests/test_worker_advanced.py:247:1: W293 blank line contains whitespace
sprite_editor/tests/test_worker_advanced.py:253:1: W293 blank line contains whitespace
sprite_editor/tests/test_worker_advanced.py:259:1: W293 blank line contains whitespace
sprite_editor/tests/test_worker_advanced.py:267:1: W293 blank line contains whitespace
sprite_editor/tests/test_worker_advanced.py:271:1: W293 blank line contains whitespace
sprite_editor/tests/test_worker_advanced.py:278:1: W293 blank line contains whitespace
sprite_editor/tests/test_worker_advanced.py:281:1: W293 blank line contains whitespace
sprite_editor/tests/test_worker_advanced.py:284:1: W293 blank line contains whitespace
sprite_editor/tests/test_worker_advanced.py:298:1: W293 blank line contains whitespace
sprite_editor/tests/test_worker_advanced.py:302:1: W293 blank line contains whitespace
sprite_editor/tests/test_worker_advanced.py:304:1: W293 blank line contains whitespace
sprite_editor/tests/test_worker_advanced.py:307:1: W293 blank line contains whitespace
sprite_editor/tests/test_worker_advanced.py:309:1: W293 blank line contains whitespace
sprite_editor/tests/test_worker_advanced.py:312:1: W293 blank line contains whitespace
sprite_editor/tests/test_worker_advanced.py:321:1: W293 blank line contains whitespace
sprite_editor/tests/test_worker_advanced.py:327:1: W293 blank line contains whitespace
sprite_editor/tests/test_worker_advanced.py:330:1: W293 blank line contains whitespace
sprite_editor/tests/test_worker_advanced.py:333:1: W293 blank line contains whitespace
sprite_editor/tests/test_worker_advanced.py:346:1: W293 blank line contains whitespace
sprite_editor/tests/test_worker_advanced.py:353:1: W293 blank line contains whitespace
sprite_editor/tests/test_worker_advanced.py:356:1: W293 blank line contains whitespace
sprite_editor/tests/test_worker_advanced.py:358:1: W293 blank line contains whitespace
sprite_editor/tests/test_worker_advanced.py:366:1: W293 blank line contains whitespace
sprite_editor/tests/test_worker_advanced.py:372:1: W293 blank line contains whitespace
sprite_editor/tests/test_worker_advanced.py:377:1: W293 blank line contains whitespace
sprite_editor/tests/test_worker_advanced.py:382:1: W293 blank line contains whitespace
sprite_editor/tests/test_worker_advanced.py:389:1: W293 blank line contains whitespace
sprite_editor/tests/test_worker_advanced.py:391:1: W293 blank line contains whitespace
sprite_editor/tests/test_worker_advanced.py:393:1: W293 blank line contains whitespace
sprite_editor/tests/test_worker_advanced.py:397:1: W293 blank line contains whitespace
sprite_editor/tests/test_worker_advanced.py:407:1: W293 blank line contains whitespace
sprite_editor/tests/test_worker_advanced.py:414:1: W293 blank line contains whitespace
sprite_editor/tests/test_worker_advanced.py:416:1: W293 blank line contains whitespace
sprite_editor/tests/test_worker_advanced.py:419:1: W293 blank line contains whitespace
sprite_editor/tests/test_worker_advanced.py:422:1: W293 blank line contains whitespace
sprite_editor/tests/test_worker_advanced.py:425:1: W293 blank line contains whitespace
sprite_editor/tests/test_worker_advanced.py:442:1: W293 blank line contains whitespace
sprite_editor/tests/test_worker_advanced.py:445:1: W293 blank line contains whitespace
sprite_editor/tests/test_worker_advanced.py:457:1: W293 blank line contains whitespace
sprite_editor/tests/test_worker_advanced.py:459:1: W293 blank line contains whitespace
sprite_editor/tests/test_worker_advanced.py:462:1: W293 blank line contains whitespace
sprite_editor/tests/test_worker_advanced.py:465:9: E306 expected 1 blank line before a nested definition, found 0
sprite_editor/tests/test_worker_advanced.py:470:24: F821 undefined name 'controller'
sprite_editor/tests/test_worker_advanced.py:471:30: F821 undefined name 'controller'
sprite_editor/tests/test_worker_advanced.py:472:1: W293 blank line contains whitespace
sprite_editor/tests/test_worker_advanced.py:474:1: W293 blank line contains whitespace
sprite_editor/tests/test_worker_advanced.py:478:9: B001 Do not use bare `except:`, it also catches unexpected events like memory errors, interrupts, system exit, and so on.  Prefer excepting specific exceptions  If you're sure what you're doing, be explicit and write `except BaseException:`.
sprite_editor/tests/test_worker_advanced.py:478:9: E722 do not use bare 'except'
sprite_editor/tests/test_worker_advanced.py:480:1: W293 blank line contains whitespace
sprite_editor/tests/test_worker_advanced.py:483:1: W293 blank line contains whitespace
sprite_editor/tests/test_worker_advanced.py:492:1: W293 blank line contains whitespace
sprite_editor/tests/test_worker_advanced.py:494:105: B950 line too long (104 > 88 characters)
sprite_editor/tests/test_worker_advanced.py:495:1: W293 blank line contains whitespace
sprite_editor/tests/test_worker_advanced.py:502:1: W293 blank line contains whitespace
sprite_editor/tests/test_worker_advanced.py:509:1: W293 blank line contains whitespace
sprite_editor/tests/test_worker_advanced.py:511:1: W293 blank line contains whitespace
sprite_editor/tests/test_worker_advanced.py:513:1: W293 blank line contains whitespace
sprite_editor/tests/test_worker_advanced.py:515:1: W293 blank line contains whitespace
sprite_editor/tests/test_worker_advanced.py:519:61: W292 no newline at end of file
sprite_editor/tests/test_workers.py:8:1: F401 'tempfile' imported but unused
sprite_editor/tests/test_workers.py:9:1: F401 'pathlib.Path' imported but unused
sprite_editor/tests/test_workers.py:10:1: F401 'unittest.mock.PropertyMock' imported but unused
sprite_editor/tests/test_workers.py:13:1: F401 'PyQt6.QtCore.QThread' imported but unused
sprite_editor/tests/test_workers.py:13:1: F401 'PyQt6.QtCore.pyqtSignal' imported but unused
sprite_editor/tests/test_workers.py:29:22: E226 missing whitespace around arithmetic operator
sprite_editor/tests/test_workers.py:31:1: W293 blank line contains whitespace
sprite_editor/tests/test_workers.py:42:21: E226 missing whitespace around arithmetic operator
sprite_editor/tests/test_workers.py:43:21: E226 missing whitespace around arithmetic operator
sprite_editor/tests/test_workers.py:45:1: W293 blank line contains whitespace
sprite_editor/tests/test_workers.py:56:1: W293 blank line contains whitespace
sprite_editor/tests/test_workers.py:68:1: W293 blank line contains whitespace
sprite_editor/tests/test_workers.py:79:1: W293 blank line contains whitespace
sprite_editor/tests/test_workers.py:87:1: W293 blank line contains whitespace
sprite_editor/tests/test_workers.py:96:1: W293 blank line contains whitespace
sprite_editor/tests/test_workers.py:99:1: W293 blank line contains whitespace
sprite_editor/tests/test_workers.py:102:1: W293 blank line contains whitespace
sprite_editor/tests/test_workers.py:109:1: W293 blank line contains whitespace
sprite_editor/tests/test_workers.py:120:1: W293 blank line contains whitespace
sprite_editor/tests/test_workers.py:125:1: W293 blank line contains whitespace
sprite_editor/tests/test_workers.py:128:1: W293 blank line contains whitespace
sprite_editor/tests/test_workers.py:134:1: W293 blank line contains whitespace
sprite_editor/tests/test_workers.py:140:1: W293 blank line contains whitespace
sprite_editor/tests/test_workers.py:151:1: W293 blank line contains whitespace
sprite_editor/tests/test_workers.py:154:1: W293 blank line contains whitespace
sprite_editor/tests/test_workers.py:156:1: W293 blank line contains whitespace
sprite_editor/tests/test_workers.py:160:1: W293 blank line contains whitespace
sprite_editor/tests/test_workers.py:169:1: W293 blank line contains whitespace
sprite_editor/tests/test_workers.py:172:1: W293 blank line contains whitespace
sprite_editor/tests/test_workers.py:175:1: W293 blank line contains whitespace
sprite_editor/tests/test_workers.py:180:1: W293 blank line contains whitespace
sprite_editor/tests/test_workers.py:189:1: W293 blank line contains whitespace
sprite_editor/tests/test_workers.py:193:1: W293 blank line contains whitespace
sprite_editor/tests/test_workers.py:195:1: W293 blank line contains whitespace
sprite_editor/tests/test_workers.py:197:1: W293 blank line contains whitespace
sprite_editor/tests/test_workers.py:205:1: W293 blank line contains whitespace
sprite_editor/tests/test_workers.py:215:1: W293 blank line contains whitespace
sprite_editor/tests/test_workers.py:221:1: W293 blank line contains whitespace
sprite_editor/tests/test_workers.py:231:1: W293 blank line contains whitespace
sprite_editor/tests/test_workers.py:236:1: W293 blank line contains whitespace
sprite_editor/tests/test_workers.py:241:1: W293 blank line contains whitespace
sprite_editor/tests/test_workers.py:244:1: W293 blank line contains whitespace
sprite_editor/tests/test_workers.py:248:1: W293 blank line contains whitespace
sprite_editor/tests/test_workers.py:253:1: W293 blank line contains whitespace
sprite_editor/tests/test_workers.py:260:1: W293 blank line contains whitespace
sprite_editor/tests/test_workers.py:270:1: W293 blank line contains whitespace
sprite_editor/tests/test_workers.py:276:1: W293 blank line contains whitespace
sprite_editor/tests/test_workers.py:281:1: W293 blank line contains whitespace
sprite_editor/tests/test_workers.py:284:1: W293 blank line contains whitespace
sprite_editor/tests/test_workers.py:291:1: W293 blank line contains whitespace
sprite_editor/tests/test_workers.py:294:1: W293 blank line contains whitespace
sprite_editor/tests/test_workers.py:304:1: W293 blank line contains whitespace
sprite_editor/tests/test_workers.py:310:1: W293 blank line contains whitespace
sprite_editor/tests/test_workers.py:313:1: W293 blank line contains whitespace
sprite_editor/tests/test_workers.py:316:1: W293 blank line contains whitespace
sprite_editor/tests/test_workers.py:320:1: W293 blank line contains whitespace
sprite_editor/tests/test_workers.py:330:1: W293 blank line contains whitespace
sprite_editor/tests/test_workers.py:337:1: W293 blank line contains whitespace
sprite_editor/tests/test_workers.py:340:1: W293 blank line contains whitespace
sprite_editor/tests/test_workers.py:343:1: W293 blank line contains whitespace
sprite_editor/tests/test_workers.py:346:56: W292 no newline at end of file
sprite_editor/views/main_window.py:189:5: C901 'MainWindow.update_recent_files_menu' is too complex (11)
1     B001 Do not use bare `except:`, it also catches unexpected events like memory errors, interrupts, system exit, and so on.  Prefer excepting specific exceptions  If you're sure what you're doing, be explicit and write `except BaseException:`.
23    B007 Loop control variable 'i' not used within the loop body. If this is intended, start the name with an underscore.
1     B011 Do not call assert False since python -O removes these calls. Instead callers should raise AssertionError().
12    B014 Redundant exception types in `except (FileNotFoundError, IOError, OSError):`.  Write `except OSError:`, which catches exactly the same exceptions.
6     B017 `assertRaises(Exception)` and `pytest.raises(Exception)` should be considered evil. They can lead to your test passing even if the code being tested is never executed due to a typo. Assert for a more specific exception (builtin or custom), or use `assertRaisesRegex` (if using `assertRaises`), or add the `match` keyword argument (if using `pytest.raises`), or use the context manager form with a target.
1     B028 No explicit stacklevel argument found. The warn method from the warnings module uses a stacklevel of 1 by default. This will only show a stack trace for the line on which the warn method is called. It is therefore recommended to use a stacklevel of 2 or greater to provide more information to the user.
4     B904 Within an `except` clause, raise exceptions with `raise ... from err` or `raise ... from None` to distinguish them from errors in exception handling.  See https://docs.python.org/3/tutorial/errors.html#exception-chaining for details.
4     B905 `zip()` without an explicit `strict=` parameter.
10    B907 'tmp.name' is manually surrounded by quotes, consider using the `!r` conversion flag.
44    B950 line too long (106 > 88 characters)
5     C901 'ProjectModel.add_recent_file' is too complex (12)
25    E226 missing whitespace around arithmetic operator
1     E261 at least two spaces before inline comment
4     E302 expected 2 blank lines, found 1
3     E303 too many blank lines (2)
3     E305 expected 2 blank lines after class or function definition, found 1
2     E306 expected 1 blank line before a nested definition, found 0
4     E402 module level import not at top of file
3     E712 comparison to True should be 'if cond is True:' or 'if cond:'
1     E722 do not use bare 'except'
120   F401 '..palette_utils.apply_palette_with_transparency' imported but unused
22    F811 redefinition of unused 'call' from line 11
2     F821 undefined name 'controller'
34    F841 local variable 'mock_print' is assigned to but never used
47    W291 trailing whitespace
27    W292 no newline at end of file
1968  W293 blank line contains whitespace
1     W391 blank line at end of file
