sprite_editor/sprite_workflow.py:20: error: Function is missing a type annotation  [no-untyped-def]
sprite_editor/sprite_workflow.py:31: error: Function is missing a return type annotation  [no-untyped-def]
sprite_editor/sprite_workflow.py:31: note: Use "-> None" if function does not return a value
sprite_editor/sprite_workflow.py:62: error: Function is missing a type annotation  [no-untyped-def]
sprite_editor/sprite_workflow.py:87: error: Function is missing a type annotation  [no-untyped-def]
sprite_editor/sprite_workflow.py:97: error: Function is missing a return type annotation  [no-untyped-def]
sprite_editor/sprite_workflow.py:97: note: Use "-> None" if function does not return a value
sprite_editor/sprite_workflow.py:136: error: Function is missing a return type annotation  [no-untyped-def]
sprite_editor/sprite_workflow.py:136: note: Use "-> None" if function does not return a value
sprite_editor/security_utils.py:14: error: Function is missing a type annotation  [no-untyped-def]
sprite_editor/security_utils.py:63: error: Function is missing a type annotation  [no-untyped-def]
sprite_editor/multi_palette_demo.py:10: error: Function is missing a return type annotation  [no-untyped-def]
sprite_editor/multi_palette_demo.py:10: note: Use "-> None" if function does not return a value
sprite_editor/tile_utils.py:13: error: Name "BYTES_PER_TILE_4BPP" already defined (possibly by an import)  [no-redef]
sprite_editor/tile_utils.py:13: error: Name "PIXELS_PER_TILE" already defined (possibly by an import)  [no-redef]
sprite_editor/tile_utils.py:13: error: Name "TILE_BITPLANE_OFFSET" already defined (possibly by an import)  [no-redef]
sprite_editor/tile_utils.py:13: error: Name "TILE_HEIGHT" already defined (possibly by an import)  [no-redef]
sprite_editor/tile_utils.py:13: error: Name "TILE_WIDTH" already defined (possibly by an import)  [no-redef]
sprite_editor/tests/run_tests_no_timeout.py:65: error: Function is missing a type annotation  [no-untyped-def]
sprite_editor/tests/run_tests_no_timeout.py:108: error: Function is missing a return type annotation  [no-untyped-def]
sprite_editor/settings_manager.py:15: error: Function is missing a type annotation  [no-untyped-def]
sprite_editor/settings_manager.py:31: error: Returning Any from function declared to return "Path"  [no-any-return]
sprite_editor/settings_manager.py:38: error: Returning Any from function declared to return "dict[str, Any]"  [no-any-return]
sprite_editor/settings_manager.py:68: error: Function is missing a return type annotation  [no-untyped-def]
sprite_editor/settings_manager.py:68: note: Use "-> None" if function does not return a value
sprite_editor/settings_manager.py:88: error: Function is missing a return type annotation  [no-untyped-def]
sprite_editor/settings_manager.py:99: error: Function is missing a return type annotation  [no-untyped-def]
sprite_editor/settings_manager.py:121: error: Returning Any from function declared to return "list[Any]"  [no-any-return]
sprite_editor/settings_manager.py:123: error: Function is missing a return type annotation  [no-untyped-def]
sprite_editor/settings_manager.py:145: error: Function is missing a return type annotation  [no-untyped-def]
sprite_editor/settings_manager.py:160: error: Function is missing a return type annotation  [no-untyped-def]
sprite_editor/settings_manager.py:160: note: Use "-> None" if function does not return a value
sprite_editor/palette_utils.py:20: error: Name "BGR555_BLUE_MASK" already defined (possibly by an import)  [no-redef]
sprite_editor/palette_utils.py:20: error: Name "BGR555_BLUE_SHIFT" already defined (possibly by an import)  [no-redef]
sprite_editor/palette_utils.py:20: error: Name "BGR555_GREEN_MASK" already defined (possibly by an import)  [no-redef]
sprite_editor/palette_utils.py:20: error: Name "BGR555_GREEN_SHIFT" already defined (possibly by an import)  [no-redef]
sprite_editor/palette_utils.py:20: error: Name "BGR555_MAX_VALUE" already defined (possibly by an import)  [no-redef]
sprite_editor/palette_utils.py:20: error: Name "BGR555_RED_MASK" already defined (possibly by an import)  [no-redef]
sprite_editor/palette_utils.py:20: error: Name "BGR555_RED_SHIFT" already defined (possibly by an import)  [no-redef]
sprite_editor/palette_utils.py:20: error: Name "BYTES_PER_COLOR" already defined (possibly by an import)  [no-redef]
sprite_editor/palette_utils.py:20: error: Name "BYTES_PER_PALETTE" already defined (possibly by an import)  [no-redef]
sprite_editor/palette_utils.py:20: error: Name "COLORS_PER_PALETTE" already defined (possibly by an import)  [no-redef]
sprite_editor/palette_utils.py:20: error: Name "MAX_CGRAM_FILE_SIZE" already defined (possibly by an import)  [no-redef]
sprite_editor/palette_utils.py:20: error: Name "MAX_PALETTES" already defined (possibly by an import)  [no-redef]
sprite_editor/palette_utils.py:20: error: Name "PALETTE_ENTRIES" already defined (possibly by an import)  [no-redef]
sprite_editor/palette_utils.py:20: error: Name "PALETTE_SIZE_BYTES" already defined (possibly by an import)  [no-redef]
sprite_editor/palette_utils.py:20: error: Name "RGB888_MAX_VALUE" already defined (possibly by an import)  [no-redef]
sprite_editor/palette_utils.py:27: error: Name "SecurityError" already defined (possibly by an import)  [no-redef]
sprite_editor/palette_utils.py:27: error: Name "validate_file_path" already defined (possibly by an import)  [no-redef]
sprite_editor/logging_config.py:89: error: Function is missing a return type annotation  [no-untyped-def]
sprite_editor/logging_config.py:89: error: Function is missing a type annotation for one or more arguments  [no-untyped-def]
sprite_editor/logging_config.py:94: error: Function is missing a return type annotation  [no-untyped-def]
sprite_editor/logging_config.py:94: error: Function is missing a type annotation for one or more arguments  [no-untyped-def]
sprite_editor/logging_config.py:99: error: Function is missing a return type annotation  [no-untyped-def]
sprite_editor/logging_config.py:99: error: Function is missing a type annotation for one or more arguments  [no-untyped-def]
sprite_editor/logging_config.py:104: error: Function is missing a return type annotation  [no-untyped-def]
sprite_editor/logging_config.py:104: error: Function is missing a type annotation for one or more arguments  [no-untyped-def]
sprite_editor/logging_config.py:109: error: Function is missing a return type annotation  [no-untyped-def]
sprite_editor/logging_config.py:109: error: Function is missing a type annotation for one or more arguments  [no-untyped-def]
sprite_editor/workers/base_worker.py:17: error: Function is missing a type annotation  [no-untyped-def]
sprite_editor/workers/base_worker.py:21: error: Function is missing a return type annotation  [no-untyped-def]
sprite_editor/workers/base_worker.py:21: note: Use "-> None" if function does not return a value
sprite_editor/workers/base_worker.py:25: error: Function is missing a return type annotation  [no-untyped-def]
sprite_editor/workers/base_worker.py:29: error: Function is missing a type annotation  [no-untyped-def]
sprite_editor/workers/base_worker.py:34: error: Function is missing a type annotation  [no-untyped-def]
sprite_editor/workers/base_worker.py:38: error: Function is missing a type annotation  [no-untyped-def]
sprite_editor/models/base_model.py:13: error: Function is missing a type annotation  [no-untyped-def]
sprite_editor/models/base_model.py:17: error: Function is missing a type annotation  [no-untyped-def]
sprite_editor/models/base_model.py:21: error: Function is missing a type annotation  [no-untyped-def]
sprite_editor/models/base_model.py:26: error: Function is missing a type annotation  [no-untyped-def]
sprite_editor/models/base_model.py:46: error: Function is missing a type annotation  [no-untyped-def]
sprite_editor/models/base_model.py:49: error: Function is missing a type annotation  [no-untyped-def]
sprite_editor/models/base_model.py:53: error: Function is missing a type annotation  [no-untyped-def]
sprite_editor/models/base_model.py:58: error: Function is missing a return type annotation  [no-untyped-def]
sprite_editor/models/base_model.py:67: error: Function is missing a type annotation  [no-untyped-def]
sprite_editor/controllers/base_controller.py:13: error: Function is missing a type annotation  [no-untyped-def]
sprite_editor/controllers/base_controller.py:21: error: Function is missing a type annotation  [no-untyped-def]
sprite_editor/controllers/base_controller.py:27: error: Function is missing a type annotation  [no-untyped-def]
sprite_editor/controllers/base_controller.py:33: error: Function is missing a return type annotation  [no-untyped-def]
sprite_editor/controllers/base_controller.py:33: note: Use "-> None" if function does not return a value
sprite_editor/controllers/base_controller.py:38: error: Function is missing a return type annotation  [no-untyped-def]
sprite_editor/controllers/base_controller.py:43: error: Function is missing a return type annotation  [no-untyped-def]
sprite_editor/oam_palette_mapper.py:17: error: Name "BYTES_PER_OAM_ENTRY" already defined (possibly by an import)  [no-redef]
sprite_editor/oam_palette_mapper.py:17: error: Name "KIRBY_TILE_END" already defined (possibly by an import)  [no-redef]
sprite_editor/oam_palette_mapper.py:17: error: Name "KIRBY_TILE_START" already defined (possibly by an import)  [no-redef]
sprite_editor/oam_palette_mapper.py:17: error: Name "KIRBY_VRAM_BASE" already defined (possibly by an import)  [no-redef]
sprite_editor/oam_palette_mapper.py:17: error: Name "MAX_OAM_FILE_SIZE" already defined (possibly by an import)  [no-redef]
sprite_editor/oam_palette_mapper.py:17: error: Name "OAM_ENTRIES" already defined (possibly by an import)  [no-redef]
sprite_editor/oam_palette_mapper.py:17: error: Name "OAM_HIGH_TABLE_OFFSET" already defined (possibly by an import)  [no-redef]
sprite_editor/oam_palette_mapper.py:17: error: Name "OAM_SIZE" already defined (possibly by an import)  [no-redef]
sprite_editor/oam_palette_mapper.py:21: error: Name "get_logger" already defined (possibly by an import)  [no-redef]
sprite_editor/oam_palette_mapper.py:22: error: Name "SecurityError" already defined (possibly by an import)  [no-redef]
sprite_editor/oam_palette_mapper.py:22: error: Name "validate_file_path" already defined (possibly by an import)  [no-redef]
sprite_editor/oam_palette_mapper.py:28: error: Function is missing a return type annotation  [no-untyped-def]
sprite_editor/oam_palette_mapper.py:28: note: Use "-> None" if function does not return a value
sprite_editor/oam_palette_mapper.py:37: error: Function is missing a type annotation  [no-untyped-def]
sprite_editor/oam_palette_mapper.py:132: error: Function is missing a type annotation  [no-untyped-def]
sprite_editor/oam_palette_mapper.py:174: error: Function is missing a type annotation  [no-untyped-def]
sprite_editor/oam_palette_mapper.py:178: error: Function is missing a type annotation  [no-untyped-def]
sprite_editor/oam_palette_mapper.py:205: error: Function is missing a return type annotation  [no-untyped-def]
sprite_editor/oam_palette_mapper.py:209: error: Function is missing a return type annotation  [no-untyped-def]
sprite_editor/oam_palette_mapper.py:211: error: Need type annotation for "palette_counts" (hint: "palette_counts: dict[<type>, <type>] = ...")  [var-annotated]
sprite_editor/oam_palette_mapper.py:222: error: Function is missing a type annotation  [no-untyped-def]
sprite_editor/oam_palette_mapper.py:226: error: Function is missing a type annotation  [no-untyped-def]
sprite_editor/oam_palette_mapper.py:235: error: Function is missing a return type annotation  [no-untyped-def]
sprite_editor/oam_palette_mapper.py:235: note: Use "-> None" if function does not return a value
sprite_editor/oam_palette_mapper.py:259: error: Function is missing a type annotation  [no-untyped-def]
sprite_editor/oam_palette_mapper.py:274: error: Name "setup_logging" already defined (possibly by an import)  [no-redef]
sprite_editor/models/project_model.py:40: error: Function is missing a type annotation  [no-untyped-def]
sprite_editor/models/project_model.py:45: error: Function is missing a return type annotation  [no-untyped-def]
sprite_editor/models/project_model.py:45: note: Use "-> None" if function does not return a value
sprite_editor/models/project_model.py:60: error: Function is missing a return type annotation  [no-untyped-def]
sprite_editor/models/project_model.py:60: note: Use "-> None" if function does not return a value
sprite_editor/models/project_model.py:78: error: Function is missing a type annotation  [no-untyped-def]
sprite_editor/models/project_model.py:119: error: Function is missing a type annotation  [no-untyped-def]
sprite_editor/models/project_model.py:140: error: Function is missing a return type annotation  [no-untyped-def]
sprite_editor/models/project_model.py:149: error: Function is missing a return type annotation  [no-untyped-def]
sprite_editor/models/project_model.py:149: note: Use "-> None" if function does not return a value
sprite_editor/models/project_model.py:153: error: Function is missing a return type annotation  [no-untyped-def]
sprite_editor/models/project_model.py:153: note: Use "-> None" if function does not return a value
sprite_editor/models/project_model.py:157: error: Function is missing a return type annotation  [no-untyped-def]
sprite_editor/models/project_model.py:157: note: Use "-> None" if function does not return a value
sprite_editor/views/widgets/hex_line_edit.py:13: error: Function is missing a type annotation  [no-untyped-def]
sprite_editor/views/widgets/hex_line_edit.py:24: error: Function is missing a return type annotation  [no-untyped-def]
sprite_editor/views/widgets/hex_line_edit.py:24: note: Use "-> None" if function does not return a value
sprite_editor/views/widgets/hex_line_edit.py:29: error: Function is missing a return type annotation  [no-untyped-def]
sprite_editor/views/widgets/hex_line_edit.py:46: error: Function is missing a type annotation  [no-untyped-def]
sprite_editor/views/widgets/hex_line_edit.py:55: error: Function is missing a return type annotation  [no-untyped-def]
sprite_editor/utils/file_operations.py:17: error: Function is missing a type annotation for one or more arguments  [no-untyped-def]
sprite_editor/utils/file_operations.py:37: error: Function is missing a type annotation for one or more arguments  [no-untyped-def]
sprite_editor/utils/file_operations.py:73: error: Incompatible default for argument "base_dir" (default has type "None", argument has type "str")  [assignment]
sprite_editor/utils/file_operations.py:73: note: PEP 484 prohibits implicit Optional. Accordingly, mypy has changed its default to no_implicit_optional=True
sprite_editor/utils/file_operations.py:73: note: Use https://github.com/hauntsaninja/no_implicit_optional to automatically upgrade your codebase
sprite_editor/utils/file_operations.py:133: error: Incompatible types in assignment (expression has type "float", variable has type "int")  [assignment]
sprite_editor/controllers/viewer_controller.py:19: error: Function is missing a type annotation  [no-untyped-def]
sprite_editor/controllers/viewer_controller.py:23: error: Function is missing a return type annotation  [no-untyped-def]
sprite_editor/controllers/viewer_controller.py:23: note: Use "-> None" if function does not return a value
sprite_editor/controllers/viewer_controller.py:37: error: Function is missing a type annotation  [no-untyped-def]
sprite_editor/controllers/viewer_controller.py:47: error: Function is missing a return type annotation  [no-untyped-def]
sprite_editor/controllers/viewer_controller.py:47: note: Use "-> None" if function does not return a value
sprite_editor/controllers/viewer_controller.py:53: error: Function is missing a return type annotation  [no-untyped-def]
sprite_editor/controllers/viewer_controller.py:53: note: Use "-> None" if function does not return a value
sprite_editor/controllers/viewer_controller.py:59: error: Function is missing a return type annotation  [no-untyped-def]
sprite_editor/controllers/viewer_controller.py:59: note: Use "-> None" if function does not return a value
sprite_editor/controllers/viewer_controller.py:65: error: Function is missing a type annotation  [no-untyped-def]
sprite_editor/controllers/viewer_controller.py:70: error: Function is missing a return type annotation  [no-untyped-def]
sprite_editor/controllers/viewer_controller.py:70: note: Use "-> None" if function does not return a value
sprite_editor/controllers/viewer_controller.py:76: error: Function is missing a return type annotation  [no-untyped-def]
sprite_editor/controllers/viewer_controller.py:76: note: Use "-> None" if function does not return a value
sprite_editor/controllers/viewer_controller.py:93: error: Function is missing a return type annotation  [no-untyped-def]
sprite_editor/controllers/viewer_controller.py:93: note: Use "-> None" if function does not return a value
sprite_editor/controllers/viewer_controller.py:111: error: Function is missing a type annotation  [no-untyped-def]
sprite_editor/controllers/palette_controller.py:18: error: Function is missing a type annotation  [no-untyped-def]
sprite_editor/controllers/palette_controller.py:24: error: Function is missing a return type annotation  [no-untyped-def]
sprite_editor/controllers/palette_controller.py:24: note: Use "-> None" if function does not return a value
sprite_editor/controllers/palette_controller.py:35: error: Function is missing a return type annotation  [no-untyped-def]
sprite_editor/controllers/palette_controller.py:35: note: Use "-> None" if function does not return a value
sprite_editor/controllers/palette_controller.py:61: error: Function is missing a return type annotation  [no-untyped-def]
sprite_editor/controllers/palette_controller.py:69: error: Function is missing a return type annotation  [no-untyped-def]
sprite_editor/controllers/palette_controller.py:69: note: Use "-> None" if function does not return a value
sprite_editor/controllers/palette_controller.py:126: error: Function is missing a type annotation  [no-untyped-def]
sprite_editor/controllers/palette_controller.py:136: error: Function is missing a type annotation  [no-untyped-def]
sprite_editor/views/tabs/inject_tab.py:23: error: Function is missing a type annotation  [no-untyped-def]
sprite_editor/views/tabs/inject_tab.py:27: error: Function is missing a return type annotation  [no-untyped-def]
sprite_editor/views/tabs/inject_tab.py:27: note: Use "-> None" if function does not return a value
sprite_editor/views/tabs/inject_tab.py:105: error: Function is missing a return type annotation  [no-untyped-def]
sprite_editor/views/tabs/inject_tab.py:114: error: Function is missing a type annotation  [no-untyped-def]
sprite_editor/views/tabs/inject_tab.py:118: error: Function is missing a type annotation  [no-untyped-def]
sprite_editor/views/tabs/inject_tab.py:122: error: Function is missing a type annotation  [no-untyped-def]
sprite_editor/views/tabs/inject_tab.py:130: error: Function is missing a type annotation  [no-untyped-def]
sprite_editor/views/tabs/inject_tab.py:134: error: Function is missing a return type annotation  [no-untyped-def]
sprite_editor/views/tabs/inject_tab.py:134: note: Use "-> None" if function does not return a value
sprite_editor/views/tabs/inject_tab.py:138: error: Function is missing a type annotation  [no-untyped-def]
sprite_editor/views/tabs/extract_tab.py:23: error: Function is missing a type annotation  [no-untyped-def]
sprite_editor/views/tabs/extract_tab.py:27: error: Function is missing a return type annotation  [no-untyped-def]
sprite_editor/views/tabs/extract_tab.py:27: note: Use "-> None" if function does not return a value
sprite_editor/views/tabs/extract_tab.py:117: error: Function is missing a return type annotation  [no-untyped-def]
sprite_editor/views/tabs/extract_tab.py:129: error: Function is missing a type annotation  [no-untyped-def]
sprite_editor/views/tabs/extract_tab.py:133: error: Function is missing a type annotation  [no-untyped-def]
sprite_editor/views/tabs/extract_tab.py:137: error: Function is missing a type annotation  [no-untyped-def]
sprite_editor/views/tabs/extract_tab.py:141: error: Function is missing a return type annotation  [no-untyped-def]
sprite_editor/views/tabs/extract_tab.py:141: note: Use "-> None" if function does not return a value
sprite_editor/views/tabs/extract_tab.py:145: error: Function is missing a type annotation  [no-untyped-def]
sprite_editor/tests/test_validation.py:18: error: Function is missing a return type annotation  [no-untyped-def]
sprite_editor/tests/test_validation.py:18: note: Use "-> None" if function does not return a value
sprite_editor/tests/test_validation.py:38: error: Function is missing a return type annotation  [no-untyped-def]
sprite_editor/tests/test_validation.py:38: note: Use "-> None" if function does not return a value
sprite_editor/tests/test_validation.py:45: error: Function is missing a return type annotation  [no-untyped-def]
sprite_editor/tests/test_validation.py:45: note: Use "-> None" if function does not return a value
sprite_editor/tests/test_validation.py:63: error: Function is missing a return type annotation  [no-untyped-def]
sprite_editor/tests/test_validation.py:63: note: Use "-> None" if function does not return a value
sprite_editor/tests/test_validation.py:80: error: Function is missing a return type annotation  [no-untyped-def]
sprite_editor/tests/test_validation.py:80: note: Use "-> None" if function does not return a value
sprite_editor/tests/test_validation.py:102: error: Function is missing a return type annotation  [no-untyped-def]
sprite_editor/tests/test_validation.py:102: note: Use "-> None" if function does not return a value
sprite_editor/tests/test_validation.py:124: error: Function is missing a return type annotation  [no-untyped-def]
sprite_editor/tests/test_validation.py:124: note: Use "-> None" if function does not return a value
sprite_editor/tests/test_validation.py:150: error: Function is missing a return type annotation  [no-untyped-def]
sprite_editor/tests/test_validation.py:150: note: Use "-> None" if function does not return a value
sprite_editor/tests/test_validation.py:175: error: Function is missing a return type annotation  [no-untyped-def]
sprite_editor/tests/test_validation.py:175: note: Use "-> None" if function does not return a value
sprite_editor/tests/test_validation.py:205: error: Function is missing a return type annotation  [no-untyped-def]
sprite_editor/tests/test_validation.py:205: note: Use "-> None" if function does not return a value
sprite_editor/tests/test_validation.py:228: error: Function is missing a return type annotation  [no-untyped-def]
sprite_editor/tests/test_validation.py:228: note: Use "-> None" if function does not return a value
sprite_editor/tests/test_validation.py:238: error: Function is missing a return type annotation  [no-untyped-def]
sprite_editor/tests/test_validation.py:238: note: Use "-> None" if function does not return a value
sprite_editor/tests/test_validation.py:251: error: Function is missing a return type annotation  [no-untyped-def]
sprite_editor/tests/test_validation.py:251: note: Use "-> None" if function does not return a value
sprite_editor/tests/test_validation.py:259: error: Function is missing a return type annotation  [no-untyped-def]
sprite_editor/tests/test_validation.py:259: note: Use "-> None" if function does not return a value
sprite_editor/tests/test_validation.py:267: error: Function is missing a return type annotation  [no-untyped-def]
sprite_editor/tests/test_validation.py:267: note: Use "-> None" if function does not return a value
sprite_editor/tests/test_validation.py:287: error: Function is missing a return type annotation  [no-untyped-def]
sprite_editor/tests/test_validation.py:287: note: Use "-> None" if function does not return a value
sprite_editor/tests/test_validation.py:304: error: Function is missing a return type annotation  [no-untyped-def]
sprite_editor/tests/test_validation.py:304: note: Use "-> None" if function does not return a value
sprite_editor/tests/test_validation.py:317: error: Function is missing a return type annotation  [no-untyped-def]
sprite_editor/tests/test_validation.py:317: note: Use "-> None" if function does not return a value
sprite_editor/tests/test_tile_utils.py:21: error: Function is missing a type annotation  [no-untyped-def]
sprite_editor/tests/test_tile_utils.py:38: error: Function is missing a return type annotation  [no-untyped-def]
sprite_editor/tests/test_tile_utils.py:38: note: Use "-> None" if function does not return a value
sprite_editor/tests/test_tile_utils.py:51: error: Function is missing a return type annotation  [no-untyped-def]
sprite_editor/tests/test_tile_utils.py:51: note: Use "-> None" if function does not return a value
sprite_editor/tests/test_tile_utils.py:63: error: Function is missing a return type annotation  [no-untyped-def]
sprite_editor/tests/test_tile_utils.py:63: note: Use "-> None" if function does not return a value
sprite_editor/tests/test_tile_utils.py:90: error: Function is missing a return type annotation  [no-untyped-def]
sprite_editor/tests/test_tile_utils.py:90: note: Use "-> None" if function does not return a value
sprite_editor/tests/test_tile_utils.py:102: error: Function is missing a return type annotation  [no-untyped-def]
sprite_editor/tests/test_tile_utils.py:102: note: Use "-> None" if function does not return a value
sprite_editor/tests/test_tile_utils.py:116: error: Function is missing a return type annotation  [no-untyped-def]
sprite_editor/tests/test_tile_utils.py:116: note: Use "-> None" if function does not return a value
sprite_editor/tests/test_tile_utils.py:131: error: Function is missing a return type annotation  [no-untyped-def]
sprite_editor/tests/test_tile_utils.py:131: note: Use "-> None" if function does not return a value
sprite_editor/tests/test_tile_utils.py:149: error: Function is missing a return type annotation  [no-untyped-def]
sprite_editor/tests/test_tile_utils.py:149: note: Use "-> None" if function does not return a value
sprite_editor/tests/test_tile_utils.py:174: error: Function is missing a return type annotation  [no-untyped-def]
sprite_editor/tests/test_tile_utils.py:174: note: Use "-> None" if function does not return a value
sprite_editor/tests/test_tile_utils.py:196: error: Function is missing a return type annotation  [no-untyped-def]
sprite_editor/tests/test_tile_utils.py:196: note: Use "-> None" if function does not return a value
sprite_editor/tests/test_tile_utils.py:207: error: Function is missing a return type annotation  [no-untyped-def]
sprite_editor/tests/test_tile_utils.py:207: note: Use "-> None" if function does not return a value
sprite_editor/tests/test_tile_utils.py:219: error: Function is missing a return type annotation  [no-untyped-def]
sprite_editor/tests/test_tile_utils.py:219: note: Use "-> None" if function does not return a value
sprite_editor/tests/test_tile_utils.py:232: error: Function is missing a return type annotation  [no-untyped-def]
sprite_editor/tests/test_tile_utils.py:232: note: Use "-> None" if function does not return a value
sprite_editor/tests/test_tile_utils.py:239: error: Function is missing a return type annotation  [no-untyped-def]
sprite_editor/tests/test_tile_utils.py:239: note: Use "-> None" if function does not return a value
sprite_editor/tests/test_tile_utils.py:259: error: Function is missing a return type annotation  [no-untyped-def]
sprite_editor/tests/test_tile_utils.py:259: note: Use "-> None" if function does not return a value
sprite_editor/tests/test_tile_utils.py:267: error: Function is missing a return type annotation  [no-untyped-def]
sprite_editor/tests/test_tile_utils.py:267: note: Use "-> None" if function does not return a value
sprite_editor/tests/test_tile_utils.py:274: error: Function is missing a return type annotation  [no-untyped-def]
sprite_editor/tests/test_tile_utils.py:274: note: Use "-> None" if function does not return a value
sprite_editor/tests/test_tile_utils.py:286: error: Function is missing a return type annotation  [no-untyped-def]
sprite_editor/tests/test_tile_utils.py:286: note: Use "-> None" if function does not return a value
sprite_editor/tests/test_tile_utils.py:297: error: Function is missing a return type annotation  [no-untyped-def]
sprite_editor/tests/test_tile_utils.py:297: note: Use "-> None" if function does not return a value
sprite_editor/tests/test_tile_utils.py:309: error: Function is missing a return type annotation  [no-untyped-def]
sprite_editor/tests/test_tile_utils.py:309: note: Use "-> None" if function does not return a value
sprite_editor/tests/test_tile_utils.py:319: error: Function is missing a return type annotation  [no-untyped-def]
sprite_editor/tests/test_tile_utils.py:319: note: Use "-> None" if function does not return a value
sprite_editor/tests/test_tile_utils.py:332: error: Function is missing a return type annotation  [no-untyped-def]
sprite_editor/tests/test_tile_utils.py:332: note: Use "-> None" if function does not return a value
sprite_editor/tests/test_tile_utils.py:340: error: Function is missing a return type annotation  [no-untyped-def]
sprite_editor/tests/test_tile_utils.py:340: note: Use "-> None" if function does not return a value
sprite_editor/tests/test_sprite_workflow.py:23: error: Function is missing a type annotation  [no-untyped-def]
sprite_editor/tests/test_sprite_workflow.py:44: error: Function is missing a return type annotation  [no-untyped-def]
sprite_editor/tests/test_sprite_workflow.py:44: note: Use "-> None" if function does not return a value
sprite_editor/tests/test_sprite_workflow.py:64: error: Function is missing a return type annotation  [no-untyped-def]
sprite_editor/tests/test_sprite_workflow.py:64: note: Use "-> None" if function does not return a value
sprite_editor/tests/test_sprite_workflow.py:79: error: Function is missing a return type annotation  [no-untyped-def]
sprite_editor/tests/test_sprite_workflow.py:79: note: Use "-> None" if function does not return a value
sprite_editor/tests/test_sprite_workflow.py:94: error: Function is missing a return type annotation  [no-untyped-def]
sprite_editor/tests/test_sprite_workflow.py:94: note: Use "-> None" if function does not return a value
sprite_editor/tests/test_sprite_workflow.py:114: error: Function is missing a return type annotation  [no-untyped-def]
sprite_editor/tests/test_sprite_workflow.py:114: note: Use "-> None" if function does not return a value
sprite_editor/tests/test_sprite_workflow.py:146: error: Function is missing a return type annotation  [no-untyped-def]
sprite_editor/tests/test_sprite_workflow.py:146: note: Use "-> None" if function does not return a value
sprite_editor/tests/test_sprite_workflow.py:162: error: Function is missing a return type annotation  [no-untyped-def]
sprite_editor/tests/test_sprite_workflow.py:162: note: Use "-> None" if function does not return a value
sprite_editor/tests/test_sprite_workflow.py:177: error: Function is missing a return type annotation  [no-untyped-def]
sprite_editor/tests/test_sprite_workflow.py:177: note: Use "-> None" if function does not return a value
sprite_editor/tests/test_sprite_workflow.py:197: error: Function is missing a type annotation  [no-untyped-def]
sprite_editor/tests/test_sprite_workflow.py:225: error: Function is missing a return type annotation  [no-untyped-def]
sprite_editor/tests/test_sprite_workflow.py:225: note: Use "-> None" if function does not return a value
sprite_editor/tests/test_sprite_workflow.py:233: error: Function is missing a type annotation  [no-untyped-def]
sprite_editor/tests/test_sprite_workflow.py:248: error: Function is missing a type annotation  [no-untyped-def]
sprite_editor/tests/test_sprite_workflow.py:270: error: Function is missing a type annotation  [no-untyped-def]
sprite_editor/tests/test_sprite_workflow.py:279: error: Function is missing a return type annotation  [no-untyped-def]
sprite_editor/tests/test_sprite_workflow.py:279: note: Use "-> None" if function does not return a value
sprite_editor/tests/test_sprite_workflow.py:286: error: Function is missing a type annotation  [no-untyped-def]
sprite_editor/tests/test_sprite_workflow.py:301: error: Function is missing a return type annotation  [no-untyped-def]
sprite_editor/tests/test_sprite_workflow.py:301: note: Use "-> None" if function does not return a value
sprite_editor/tests/test_sprite_workflow.py:324: error: Function is missing a type annotation  [no-untyped-def]
sprite_editor/tests/test_sprite_workflow.py:333: error: Function is missing a type annotation  [no-untyped-def]
sprite_editor/tests/test_sprite_workflow.py:342: error: Function is missing a type annotation  [no-untyped-def]
sprite_editor/tests/test_sprite_workflow.py:353: error: Function is missing a type annotation  [no-untyped-def]
sprite_editor/tests/test_sprite_workflow.py:363: error: Function is missing a type annotation  [no-untyped-def]
sprite_editor/tests/test_sprite_workflow.py:374: error: Function is missing a type annotation  [no-untyped-def]
sprite_editor/tests/test_sprite_workflow.py:383: error: Function is missing a type annotation  [no-untyped-def]
sprite_editor/tests/test_sprite_workflow.py:395: error: Function is missing a type annotation  [no-untyped-def]
sprite_editor/tests/test_sprite_workflow.py:406: error: Function is missing a type annotation  [no-untyped-def]
sprite_editor/tests/test_sprite_workflow.py:420: error: Function is missing a type annotation  [no-untyped-def]
sprite_editor/tests/test_sprite_workflow.py:438: error: Function is missing a type annotation  [no-untyped-def]
sprite_editor/tests/test_sprite_workflow.py:455: error: Function is missing a type annotation  [no-untyped-def]
sprite_editor/tests/test_sprite_workflow.py:475: error: Function is missing a type annotation  [no-untyped-def]
sprite_editor/tests/test_palette_utils.py:26: error: Function is missing a return type annotation  [no-untyped-def]
sprite_editor/tests/test_palette_utils.py:26: note: Use "-> None" if function does not return a value
sprite_editor/tests/test_palette_utils.py:33: error: Function is missing a return type annotation  [no-untyped-def]
sprite_editor/tests/test_palette_utils.py:33: note: Use "-> None" if function does not return a value
sprite_editor/tests/test_palette_utils.py:44: error: Function is missing a return type annotation  [no-untyped-def]
sprite_editor/tests/test_palette_utils.py:44: note: Use "-> None" if function does not return a value
sprite_editor/tests/test_palette_utils.py:67: error: Function is missing a return type annotation  [no-untyped-def]
sprite_editor/tests/test_palette_utils.py:67: note: Use "-> None" if function does not return a value
sprite_editor/tests/test_palette_utils.py:79: error: Function is missing a return type annotation  [no-untyped-def]
sprite_editor/tests/test_palette_utils.py:79: note: Use "-> None" if function does not return a value
sprite_editor/tests/test_palette_utils.py:84: error: Function is missing a return type annotation  [no-untyped-def]
sprite_editor/tests/test_palette_utils.py:84: note: Use "-> None" if function does not return a value
sprite_editor/tests/test_palette_utils.py:89: error: Function is missing a return type annotation  [no-untyped-def]
sprite_editor/tests/test_palette_utils.py:89: note: Use "-> None" if function does not return a value
sprite_editor/tests/test_palette_utils.py:103: error: Function is missing a return type annotation  [no-untyped-def]
sprite_editor/tests/test_palette_utils.py:103: note: Use "-> None" if function does not return a value
sprite_editor/tests/test_palette_utils.py:122: error: Function is missing a return type annotation  [no-untyped-def]
sprite_editor/tests/test_palette_utils.py:122: note: Use "-> None" if function does not return a value
sprite_editor/tests/test_palette_utils.py:137: error: Function is missing a return type annotation  [no-untyped-def]
sprite_editor/tests/test_palette_utils.py:137: note: Use "-> None" if function does not return a value
sprite_editor/tests/test_palette_utils.py:143: error: Function is missing a return type annotation  [no-untyped-def]
sprite_editor/tests/test_palette_utils.py:143: note: Use "-> None" if function does not return a value
sprite_editor/tests/test_palette_utils.py:160: error: Function is missing a return type annotation  [no-untyped-def]
sprite_editor/tests/test_palette_utils.py:160: note: Use "-> None" if function does not return a value
sprite_editor/tests/test_palette_utils.py:174: error: Function is missing a return type annotation  [no-untyped-def]
sprite_editor/tests/test_palette_utils.py:174: note: Use "-> None" if function does not return a value
sprite_editor/tests/test_palette_utils.py:185: error: Function is missing a type annotation  [no-untyped-def]
sprite_editor/tests/test_palette_utils.py:193: error: Function is missing a type annotation  [no-untyped-def]
sprite_editor/tests/test_palette_utils.py:209: error: Function is missing a type annotation  [no-untyped-def]
sprite_editor/tests/test_palette_utils.py:222: error: Function is missing a type annotation  [no-untyped-def]
sprite_editor/tests/test_palette_utils.py:237: error: Function is missing a type annotation  [no-untyped-def]
sprite_editor/tests/test_palette_utils.py:249: error: Function is missing a type annotation  [no-untyped-def]
sprite_editor/tests/test_palette_utils.py:255: error: Function is missing a type annotation  [no-untyped-def]
sprite_editor/tests/test_palette_utils.py:264: error: Function is missing a type annotation  [no-untyped-def]
sprite_editor/tests/test_palette_utils.py:270: error: Function is missing a type annotation  [no-untyped-def]
sprite_editor/tests/test_palette_utils.py:279: error: Function is missing a type annotation  [no-untyped-def]
sprite_editor/tests/test_palette_utils.py:310: error: Function is missing a type annotation  [no-untyped-def]
sprite_editor/tests/test_palette_utils.py:316: error: Argument 1 to "len" has incompatible type "Optional[list[int]]"; expected "Sized"  [arg-type]
sprite_editor/tests/test_palette_utils.py:318: error: Function is missing a type annotation  [no-untyped-def]
sprite_editor/tests/test_palette_utils.py:331: error: Function is missing a type annotation  [no-untyped-def]
sprite_editor/tests/test_palette_utils.py:343: error: Function is missing a return type annotation  [no-untyped-def]
sprite_editor/tests/test_palette_utils.py:343: note: Use "-> None" if function does not return a value
sprite_editor/tests/test_palette_utils.py:355: error: Function is missing a return type annotation  [no-untyped-def]
sprite_editor/tests/test_palette_utils.py:355: note: Use "-> None" if function does not return a value
sprite_editor/tests/test_palette_utils.py:383: error: Function is missing a return type annotation  [no-untyped-def]
sprite_editor/tests/test_palette_utils.py:383: note: Use "-> None" if function does not return a value
sprite_editor/tests/test_palette_utils.py:390: error: Function is missing a return type annotation  [no-untyped-def]
sprite_editor/tests/test_palette_utils.py:390: note: Use "-> None" if function does not return a value
sprite_editor/tests/test_palette_utils.py:395: error: Function is missing a type annotation  [no-untyped-def]
sprite_editor/tests/test_palette_utils.py:424: error: Function is missing a return type annotation  [no-untyped-def]
sprite_editor/tests/test_palette_utils.py:424: note: Use "-> None" if function does not return a value
sprite_editor/tests/test_palette_utils.py:440: error: Function is missing a type annotation  [no-untyped-def]
sprite_editor/tests/test_palette_utils.py:448: error: Function is missing a type annotation  [no-untyped-def]
sprite_editor/tests/test_palette_utils.py:459: error: Function is missing a return type annotation  [no-untyped-def]
sprite_editor/tests/test_palette_utils.py:459: note: Use "-> None" if function does not return a value
sprite_editor/tests/test_palette_utils.py:463: error: Argument 1 to "read_cgram_palette" has incompatible type "None"; expected "str"  [arg-type]
sprite_editor/tests/test_palette_utils.py:465: error: Function is missing a return type annotation  [no-untyped-def]
sprite_editor/tests/test_palette_utils.py:465: note: Use "-> None" if function does not return a value
sprite_editor/tests/test_palette_utils.py:479: error: Function is missing a type annotation  [no-untyped-def]
sprite_editor/tests/test_palette_utils.py:499: error: Function is missing a return type annotation  [no-untyped-def]
sprite_editor/tests/test_palette_utils.py:499: note: Use "-> None" if function does not return a value
sprite_editor/tests/test_palette_utils.py:509: error: Function is missing a return type annotation  [no-untyped-def]
sprite_editor/tests/test_palette_utils.py:509: note: Use "-> None" if function does not return a value
sprite_editor/tests/test_oam_palette_mapper_coverage.py:18: error: Function is missing a return type annotation  [no-untyped-def]
sprite_editor/tests/test_oam_palette_mapper_coverage.py:18: note: Use "-> None" if function does not return a value
sprite_editor/tests/test_oam_palette_mapper_coverage.py:48: error: Function is missing a return type annotation  [no-untyped-def]
sprite_editor/tests/test_oam_palette_mapper_coverage.py:48: note: Use "-> None" if function does not return a value
sprite_editor/tests/test_oam_palette_mapper_coverage.py:84: error: Function is missing a return type annotation  [no-untyped-def]
sprite_editor/tests/test_oam_palette_mapper_coverage.py:84: note: Use "-> None" if function does not return a value
sprite_editor/tests/test_oam_palette_mapper_coverage.py:116: error: Function is missing a return type annotation  [no-untyped-def]
sprite_editor/tests/test_oam_palette_mapper_coverage.py:116: note: Use "-> None" if function does not return a value
sprite_editor/tests/test_oam_palette_mapper_coverage.py:132: error: Function is missing a return type annotation  [no-untyped-def]
sprite_editor/tests/test_oam_palette_mapper_coverage.py:132: note: Use "-> None" if function does not return a value
sprite_editor/tests/test_oam_palette_mapper_coverage.py:157: error: Function is missing a return type annotation  [no-untyped-def]
sprite_editor/tests/test_oam_palette_mapper_coverage.py:157: note: Use "-> None" if function does not return a value
sprite_editor/tests/test_oam_palette_mapper_coverage.py:170: error: Function is missing a return type annotation  [no-untyped-def]
sprite_editor/tests/test_oam_palette_mapper_coverage.py:170: note: Use "-> None" if function does not return a value
sprite_editor/tests/test_oam_palette_mapper_coverage.py:228: error: Function is missing a return type annotation  [no-untyped-def]
sprite_editor/tests/test_oam_palette_mapper_coverage.py:228: note: Use "-> None" if function does not return a value
sprite_editor/tests/test_oam_palette_mapper_coverage.py:262: error: Function is missing a return type annotation  [no-untyped-def]
sprite_editor/tests/test_oam_palette_mapper_coverage.py:262: note: Use "-> None" if function does not return a value
sprite_editor/tests/test_oam_palette_mapper_coverage.py:286: error: Function is missing a return type annotation  [no-untyped-def]
sprite_editor/tests/test_oam_palette_mapper_coverage.py:286: note: Use "-> None" if function does not return a value
sprite_editor/tests/test_oam_palette_mapper.py:16: error: Function is missing a type annotation  [no-untyped-def]
sprite_editor/tests/test_oam_palette_mapper.py:32: error: Function is missing a type annotation  [no-untyped-def]
sprite_editor/tests/test_oam_palette_mapper.py:43: error: Function is missing a type annotation  [no-untyped-def]
sprite_editor/tests/test_oam_palette_mapper.py:65: error: Function is missing a type annotation  [no-untyped-def]
sprite_editor/tests/test_oam_palette_mapper.py:87: error: Function is missing a type annotation  [no-untyped-def]
sprite_editor/tests/test_oam_palette_mapper.py:118: error: Function is missing a type annotation  [no-untyped-def]
sprite_editor/tests/test_oam_palette_mapper.py:129: error: Function is missing a type annotation  [no-untyped-def]
sprite_editor/tests/test_oam_palette_mapper.py:139: error: Function is missing a return type annotation  [no-untyped-def]
sprite_editor/tests/test_oam_palette_mapper.py:139: note: Use "-> None" if function does not return a value
sprite_editor/tests/test_oam_palette_mapper.py:151: error: Function is missing a type annotation  [no-untyped-def]
sprite_editor/tests/test_oam_palette_mapper.py:179: error: Function is missing a return type annotation  [no-untyped-def]
sprite_editor/tests/test_oam_palette_mapper.py:179: note: Use "-> None" if function does not return a value
sprite_editor/tests/test_oam_palette_mapper.py:185: error: Function is missing a return type annotation  [no-untyped-def]
sprite_editor/tests/test_oam_palette_mapper.py:185: note: Use "-> None" if function does not return a value
sprite_editor/tests/test_oam_palette_mapper.py:197: error: Function is missing a return type annotation  [no-untyped-def]
sprite_editor/tests/test_oam_palette_mapper.py:197: note: Use "-> None" if function does not return a value
sprite_editor/tests/test_oam_palette_mapper.py:214: error: Function is missing a return type annotation  [no-untyped-def]
sprite_editor/tests/test_oam_palette_mapper.py:214: note: Use "-> None" if function does not return a value
sprite_editor/tests/test_oam_palette_mapper.py:232: error: Function is missing a type annotation  [no-untyped-def]
sprite_editor/tests/test_oam_palette_mapper.py:249: error: Function is missing a type annotation  [no-untyped-def]
sprite_editor/tests/test_oam_palette_mapper.py:260: error: Function is missing a type annotation  [no-untyped-def]
sprite_editor/tests/test_oam_palette_mapper.py:278: error: Function is missing a type annotation  [no-untyped-def]
sprite_editor/tests/test_initialization_bug.py:17: error: Function is missing a return type annotation  [no-untyped-def]
sprite_editor/tests/test_initialization_bug.py:17: note: Use "-> None" if function does not return a value
sprite_editor/tests/test_initialization_bug.py:54: error: Function is missing a return type annotation  [no-untyped-def]
sprite_editor/tests/test_initialization_bug.py:54: note: Use "-> None" if function does not return a value
sprite_editor/tests/test_initialization_bug.py:61: error: Function is missing a return type annotation  [no-untyped-def]
sprite_editor/tests/test_initialization_bug.py:61: note: Use "-> None" if function does not return a value
sprite_editor/tests/test_initialization_bug.py:97: error: Function is missing a return type annotation  [no-untyped-def]
sprite_editor/tests/test_initialization_bug.py:97: note: Use "-> None" if function does not return a value
sprite_editor/tests/test_initialization_bug.py:105: error: Accessing "__init__" on an instance is unsound, since instance.__init__ could be from an incompatible subclass  [misc]
sprite_editor/tests/test_initialization_bug.py:109: error: Function is missing a type annotation  [no-untyped-def]
sprite_editor/tests/test_initialization_bug.py:114: error: Function is missing a type annotation  [no-untyped-def]
sprite_editor/tests/test_initialization_bug.py:127: error: Function is missing a return type annotation  [no-untyped-def]
sprite_editor/tests/test_initialization_bug.py:127: note: Use "-> None" if function does not return a value
sprite_editor/tests/test_initialization_bug.py:137: error: Accessing "__init__" on an instance is unsound, since instance.__init__ could be from an incompatible subclass  [misc]
sprite_editor/tests/test_initialization_bug.py:138: error: Cannot assign to a method  [method-assign]
sprite_editor/tests/test_initialization_bug.py:139: error: Cannot assign to a method  [method-assign]
sprite_editor/tests/test_initialization_bug.py:178: error: Accessing "__init__" on an instance is unsound, since instance.__init__ could be from an incompatible subclass  [misc]
sprite_editor/tests/test_initialization_bug.py:179: error: Cannot assign to a method  [method-assign]
sprite_editor/tests/test_initialization_bug.py:180: error: Cannot assign to a method  [method-assign]
sprite_editor/tests/test_file_operations.py:20: error: Function is missing a return type annotation  [no-untyped-def]
sprite_editor/tests/test_file_operations.py:40: error: Function is missing a type annotation  [no-untyped-def]
sprite_editor/tests/test_file_operations.py:46: error: Function is missing a return type annotation  [no-untyped-def]
sprite_editor/tests/test_file_operations.py:46: note: Use "-> None" if function does not return a value
sprite_editor/tests/test_file_operations.py:51: error: Function is missing a return type annotation  [no-untyped-def]
sprite_editor/tests/test_file_operations.py:51: note: Use "-> None" if function does not return a value
sprite_editor/tests/test_file_operations.py:56: error: Function is missing a return type annotation  [no-untyped-def]
sprite_editor/tests/test_file_operations.py:56: note: Use "-> None" if function does not return a value
sprite_editor/tests/test_file_operations.py:62: error: Function is missing a return type annotation  [no-untyped-def]
sprite_editor/tests/test_file_operations.py:62: note: Use "-> None" if function does not return a value
sprite_editor/tests/test_file_operations.py:69: error: Function is missing a return type annotation  [no-untyped-def]
sprite_editor/tests/test_file_operations.py:69: note: Use "-> None" if function does not return a value
sprite_editor/tests/test_file_operations.py:76: error: Function is missing a type annotation  [no-untyped-def]
sprite_editor/tests/test_file_operations.py:83: error: Function is missing a return type annotation  [no-untyped-def]
sprite_editor/tests/test_file_operations.py:83: note: Use "-> None" if function does not return a value
sprite_editor/tests/test_file_operations.py:89: error: Function is missing a return type annotation  [no-untyped-def]
sprite_editor/tests/test_file_operations.py:89: note: Use "-> None" if function does not return a value
sprite_editor/tests/test_file_operations.py:95: error: Function is missing a type annotation  [no-untyped-def]
sprite_editor/tests/test_file_operations.py:101: error: Function is missing a type annotation  [no-untyped-def]
sprite_editor/tests/test_file_operations.py:108: error: Function is missing a type annotation  [no-untyped-def]
sprite_editor/tests/test_file_operations.py:114: error: Function is missing a return type annotation  [no-untyped-def]
sprite_editor/tests/test_file_operations.py:114: note: Use "-> None" if function does not return a value
sprite_editor/tests/test_file_operations.py:119: error: Function is missing a type annotation  [no-untyped-def]
sprite_editor/tests/test_file_operations.py:135: error: Function is missing a type annotation  [no-untyped-def]
sprite_editor/tests/test_file_operations.py:154: error: Function is missing a type annotation  [no-untyped-def]
sprite_editor/tests/test_file_operations.py:162: error: Function is missing a return type annotation  [no-untyped-def]
sprite_editor/tests/test_file_operations.py:162: note: Use "-> None" if function does not return a value
sprite_editor/tests/test_file_operations.py:167: error: Function is missing a return type annotation  [no-untyped-def]
sprite_editor/tests/test_file_operations.py:167: note: Use "-> None" if function does not return a value
sprite_editor/tests/test_file_operations.py:174: error: Function is missing a return type annotation  [no-untyped-def]
sprite_editor/tests/test_file_operations.py:174: note: Use "-> None" if function does not return a value
sprite_editor/tests/test_file_operations.py:181: error: Function is missing a return type annotation  [no-untyped-def]
sprite_editor/tests/test_file_operations.py:181: note: Use "-> None" if function does not return a value
sprite_editor/tests/test_file_operations.py:188: error: Function is missing a return type annotation  [no-untyped-def]
sprite_editor/tests/test_file_operations.py:188: note: Use "-> None" if function does not return a value
sprite_editor/tests/test_file_operations.py:200: error: Function is missing a return type annotation  [no-untyped-def]
sprite_editor/tests/test_file_operations.py:200: note: Use "-> None" if function does not return a value
sprite_editor/tests/test_file_operations.py:209: error: Function is missing a return type annotation  [no-untyped-def]
sprite_editor/tests/test_file_operations.py:209: note: Use "-> None" if function does not return a value
sprite_editor/tests/test_file_operations.py:216: error: Function is missing a return type annotation  [no-untyped-def]
sprite_editor/tests/test_file_operations.py:216: note: Use "-> None" if function does not return a value
sprite_editor/tests/test_file_operations.py:222: error: Function is missing a return type annotation  [no-untyped-def]
sprite_editor/tests/test_file_operations.py:222: note: Use "-> None" if function does not return a value
sprite_editor/tests/test_file_operations.py:228: error: Function is missing a return type annotation  [no-untyped-def]
sprite_editor/tests/test_file_operations.py:228: note: Use "-> None" if function does not return a value
sprite_editor/tests/test_base_controller.py:17: error: Function is missing a type annotation  [no-untyped-def]
sprite_editor/tests/test_base_controller.py:21: error: Function is missing a return type annotation  [no-untyped-def]
sprite_editor/tests/test_base_controller.py:21: note: Use "-> None" if function does not return a value
sprite_editor/tests/test_base_controller.py:29: error: Function is missing a return type annotation  [no-untyped-def]
sprite_editor/tests/test_base_controller.py:29: note: Use "-> None" if function does not return a value
sprite_editor/tests/test_base_controller.py:40: error: Function is missing a return type annotation  [no-untyped-def]
sprite_editor/tests/test_base_controller.py:40: note: Use "-> None" if function does not return a value
sprite_editor/tests/test_base_controller.py:50: error: Function is missing a return type annotation  [no-untyped-def]
sprite_editor/tests/test_base_controller.py:50: note: Use "-> None" if function does not return a value
sprite_editor/tests/test_base_controller.py:60: error: Function is missing a return type annotation  [no-untyped-def]
sprite_editor/tests/test_base_controller.py:60: note: Use "-> None" if function does not return a value
sprite_editor/tests/test_base_controller.py:68: error: Function is missing a return type annotation  [no-untyped-def]
sprite_editor/tests/test_base_controller.py:68: note: Use "-> None" if function does not return a value
sprite_editor/tests/test_base_controller.py:80: error: Function is missing a return type annotation  [no-untyped-def]
sprite_editor/tests/test_base_controller.py:80: note: Use "-> None" if function does not return a value
sprite_editor/tests/test_base_controller.py:91: error: Function is missing a return type annotation  [no-untyped-def]
sprite_editor/tests/test_base_controller.py:91: note: Use "-> None" if function does not return a value
sprite_editor/tests/test_base_controller.py:103: error: Function is missing a return type annotation  [no-untyped-def]
sprite_editor/tests/test_base_controller.py:103: note: Use "-> None" if function does not return a value
sprite_editor/tests/test_base_controller.py:114: error: Function is missing a return type annotation  [no-untyped-def]
sprite_editor/tests/test_base_controller.py:114: note: Use "-> None" if function does not return a value
sprite_editor/tests/test_base_controller.py:120: error: Function is missing a return type annotation  [no-untyped-def]
sprite_editor/tests/test_base_controller.py:120: note: Use "-> None" if function does not return a value
sprite_editor/tests/test_base_controller.py:125: error: Function is missing a return type annotation  [no-untyped-def]
sprite_editor/tests/test_base_controller.py:125: note: Use "-> None" if function does not return a value
sprite_editor/tests/test_base_controller.py:136: error: Property "model" defined in "BaseController" is read-only  [misc]
sprite_editor/tests/test_base_controller.py:139: error: Property "view" defined in "BaseController" is read-only  [misc]
sprite_editor/tests/test_base_controller.py:141: error: Function is missing a return type annotation  [no-untyped-def]
sprite_editor/tests/test_base_controller.py:141: note: Use "-> None" if function does not return a value
sprite_editor/tests/conftest.py:21: error: Function is missing a return type annotation  [no-untyped-def]
sprite_editor/tests/conftest.py:28: error: Function is missing a return type annotation  [no-untyped-def]
sprite_editor/tests/conftest.py:40: error: Function is missing a return type annotation  [no-untyped-def]
sprite_editor/tests/conftest.py:59: error: Function is missing a return type annotation  [no-untyped-def]
sprite_editor/tests/conftest.py:79: error: Function is missing a return type annotation  [no-untyped-def]
sprite_editor/tests/conftest.py:94: error: Function is missing a type annotation  [no-untyped-def]
sprite_editor/tests/conftest.py:102: error: Function is missing a type annotation  [no-untyped-def]
sprite_editor/tests/conftest.py:110: error: Function is missing a type annotation  [no-untyped-def]
sprite_editor/tests/conftest.py:121: error: Function is missing a return type annotation  [no-untyped-def]
sprite_editor/tests/conftest.py:134: error: Function is missing a return type annotation  [no-untyped-def]
sprite_editor/tests/conftest.py:134: note: Use "-> None" if function does not return a value
sprite_editor/tests/conftest.py:145: error: Function is missing a return type annotation  [no-untyped-def]
sprite_editor/tests/conftest.py:155: error: Function is missing a type annotation  [no-untyped-def]
sprite_editor/test_sprite_workflow.py:28: error: Function is missing a return type annotation  [no-untyped-def]
sprite_editor/test_sprite_workflow.py:28: note: Use "-> None" if function does not return a value
sprite_editor/test_sprite_workflow.py:35: error: Function is missing a return type annotation  [no-untyped-def]
sprite_editor/test_sprite_workflow.py:35: note: Use "-> None" if function does not return a value
sprite_editor/test_sprite_workflow.py:42: error: Function is missing a return type annotation  [no-untyped-def]
sprite_editor/test_sprite_workflow.py:42: note: Use "-> None" if function does not return a value
sprite_editor/test_sprite_workflow.py:50: error: Function is missing a return type annotation  [no-untyped-def]
sprite_editor/test_sprite_workflow.py:50: note: Use "-> None" if function does not return a value
sprite_editor/test_sprite_workflow.py:57: error: Function is missing a return type annotation  [no-untyped-def]
sprite_editor/test_sprite_workflow.py:57: note: Use "-> None" if function does not return a value
sprite_editor/test_sprite_workflow.py:64: error: Function is missing a return type annotation  [no-untyped-def]
sprite_editor/test_sprite_workflow.py:64: note: Use "-> None" if function does not return a value
sprite_editor/test_sprite_workflow.py:73: error: Function is missing a return type annotation  [no-untyped-def]
sprite_editor/test_sprite_workflow.py:73: note: Use "-> None" if function does not return a value
sprite_editor/test_sprite_workflow.py:82: error: Function is missing a return type annotation  [no-untyped-def]
sprite_editor/test_sprite_workflow.py:82: note: Use "-> None" if function does not return a value
sprite_editor/test_sprite_workflow.py:94: error: Function is missing a type annotation  [no-untyped-def]
sprite_editor/test_sprite_workflow.py:115: error: Function is missing a type annotation  [no-untyped-def]
sprite_editor/test_sprite_workflow.py:134: error: Function is missing a type annotation  [no-untyped-def]
sprite_editor/test_sprite_workflow.py:158: error: Function is missing a type annotation  [no-untyped-def]
sprite_editor/test_sprite_workflow.py:178: error: Function is missing a type annotation  [no-untyped-def]
sprite_editor/test_sprite_workflow.py:193: error: Function is missing a return type annotation  [no-untyped-def]
sprite_editor/test_sprite_workflow.py:193: note: Use "-> None" if function does not return a value
sprite_editor/test_sprite_workflow.py:197: error: Function is missing a return type annotation  [no-untyped-def]
sprite_editor/test_sprite_workflow.py:197: note: Use "-> None" if function does not return a value
sprite_editor/test_sprite_workflow.py:203: error: Function is missing a return type annotation  [no-untyped-def]
sprite_editor/test_sprite_workflow.py:203: note: Use "-> None" if function does not return a value
sprite_editor/test_sprite_workflow.py:215: error: Function is missing a type annotation  [no-untyped-def]
sprite_editor/test_sprite_workflow.py:240: error: Function is missing a type annotation  [no-untyped-def]
sprite_editor/test_sprite_workflow.py:256: error: Function is missing a return type annotation  [no-untyped-def]
sprite_editor/test_sprite_workflow.py:256: note: Use "-> None" if function does not return a value
sprite_editor/test_sprite_workflow.py:278: error: Function is missing a return type annotation  [no-untyped-def]
sprite_editor/test_sprite_workflow.py:278: note: Use "-> None" if function does not return a value
sprite_editor/test_sprite_workflow.py:282: error: Function is missing a return type annotation  [no-untyped-def]
sprite_editor/test_sprite_workflow.py:282: note: Use "-> None" if function does not return a value
sprite_editor/test_sprite_workflow.py:288: error: Function is missing a return type annotation  [no-untyped-def]
sprite_editor/test_sprite_workflow.py:288: note: Use "-> None" if function does not return a value
sprite_editor/test_sprite_workflow.py:298: error: Function is missing a type annotation  [no-untyped-def]
sprite_editor/test_sprite_workflow.py:316: error: Function is missing a return type annotation  [no-untyped-def]
sprite_editor/test_sprite_workflow.py:316: note: Use "-> None" if function does not return a value
sprite_editor/test_sprite_workflow.py:336: error: Function is missing a return type annotation  [no-untyped-def]
sprite_editor/test_sprite_workflow.py:336: note: Use "-> None" if function does not return a value
sprite_editor/test_sprite_workflow.py:340: error: Function is missing a return type annotation  [no-untyped-def]
sprite_editor/test_sprite_workflow.py:340: note: Use "-> None" if function does not return a value
sprite_editor/test_sprite_workflow.py:347: error: Function is missing a type annotation  [no-untyped-def]
sprite_editor/test_sprite_workflow.py:364: error: Function is missing a type annotation  [no-untyped-def]
sprite_editor/test_sprite_workflow.py:383: error: Function is missing a return type annotation  [no-untyped-def]
sprite_editor/test_sprite_workflow.py:383: note: Use "-> None" if function does not return a value
sprite_editor/test_sprite_workflow.py:396: error: Function is missing a type annotation  [no-untyped-def]
sprite_editor/test_sprite_workflow.py:420: error: Function is missing a return type annotation  [no-untyped-def]
sprite_editor/test_sprite_workflow.py:420: note: Use "-> None" if function does not return a value
sprite_editor/test_sprite_injector.py:27: error: Function is missing a return type annotation  [no-untyped-def]
sprite_editor/test_sprite_injector.py:27: note: Use "-> None" if function does not return a value
sprite_editor/test_sprite_injector.py:31: error: Function is missing a return type annotation  [no-untyped-def]
sprite_editor/test_sprite_injector.py:31: note: Use "-> None" if function does not return a value
sprite_editor/test_sprite_injector.py:37: error: Function is missing a type annotation  [no-untyped-def]
sprite_editor/test_sprite_injector.py:66: error: Function is missing a return type annotation  [no-untyped-def]
sprite_editor/test_sprite_injector.py:66: note: Use "-> None" if function does not return a value
sprite_editor/test_sprite_injector.py:81: error: Function is missing a return type annotation  [no-untyped-def]
sprite_editor/test_sprite_injector.py:81: note: Use "-> None" if function does not return a value
sprite_editor/test_sprite_injector.py:97: error: Function is missing a return type annotation  [no-untyped-def]
sprite_editor/test_sprite_injector.py:97: note: Use "-> None" if function does not return a value
sprite_editor/test_sprite_injector.py:111: error: Function is missing a return type annotation  [no-untyped-def]
sprite_editor/test_sprite_injector.py:111: note: Use "-> None" if function does not return a value
sprite_editor/test_sprite_injector.py:119: error: Function is missing a return type annotation  [no-untyped-def]
sprite_editor/test_sprite_injector.py:119: note: Use "-> None" if function does not return a value
sprite_editor/test_sprite_injector.py:132: error: Function is missing a type annotation  [no-untyped-def]
sprite_editor/test_sprite_injector.py:151: error: Function is missing a return type annotation  [no-untyped-def]
sprite_editor/test_sprite_injector.py:151: note: Use "-> None" if function does not return a value
sprite_editor/test_sprite_injector.py:155: error: Function is missing a return type annotation  [no-untyped-def]
sprite_editor/test_sprite_injector.py:155: note: Use "-> None" if function does not return a value
sprite_editor/test_sprite_injector.py:161: error: Function is missing a return type annotation  [no-untyped-def]
sprite_editor/test_sprite_injector.py:161: note: Use "-> None" if function does not return a value
sprite_editor/test_sprite_injector.py:192: error: Function is missing a return type annotation  [no-untyped-def]
sprite_editor/test_sprite_injector.py:192: note: Use "-> None" if function does not return a value
sprite_editor/test_sprite_injector.py:213: error: Function is missing a return type annotation  [no-untyped-def]
sprite_editor/test_sprite_injector.py:213: note: Use "-> None" if function does not return a value
sprite_editor/test_sprite_injector.py:225: error: Function is missing a return type annotation  [no-untyped-def]
sprite_editor/test_sprite_injector.py:225: note: Use "-> None" if function does not return a value
sprite_editor/test_sprite_injector.py:245: error: Function is missing a return type annotation  [no-untyped-def]
sprite_editor/test_sprite_injector.py:245: note: Use "-> None" if function does not return a value
sprite_editor/test_sprite_injector.py:249: error: Function is missing a return type annotation  [no-untyped-def]
sprite_editor/test_sprite_injector.py:249: note: Use "-> None" if function does not return a value
sprite_editor/test_sprite_injector.py:255: error: Function is missing a return type annotation  [no-untyped-def]
sprite_editor/test_sprite_injector.py:255: note: Use "-> None" if function does not return a value
sprite_editor/test_sprite_injector.py:286: error: Function is missing a return type annotation  [no-untyped-def]
sprite_editor/test_sprite_injector.py:286: note: Use "-> None" if function does not return a value
sprite_editor/test_sprite_injector.py:302: error: Function is missing a return type annotation  [no-untyped-def]
sprite_editor/test_sprite_injector.py:302: note: Use "-> None" if function does not return a value
sprite_editor/test_sprite_injector.py:313: error: Function is missing a return type annotation  [no-untyped-def]
sprite_editor/test_sprite_injector.py:313: note: Use "-> None" if function does not return a value
sprite_editor/test_sprite_injector.py:341: error: Function is missing a return type annotation  [no-untyped-def]
sprite_editor/test_sprite_injector.py:341: note: Use "-> None" if function does not return a value
sprite_editor/test_sprite_injector.py:345: error: Function is missing a return type annotation  [no-untyped-def]
sprite_editor/test_sprite_injector.py:345: note: Use "-> None" if function does not return a value
sprite_editor/test_sprite_injector.py:351: error: Function is missing a return type annotation  [no-untyped-def]
sprite_editor/test_sprite_injector.py:366: error: Function is missing a return type annotation  [no-untyped-def]
sprite_editor/test_sprite_injector.py:366: note: Use "-> None" if function does not return a value
sprite_editor/test_sprite_injector.py:386: error: Function is missing a return type annotation  [no-untyped-def]
sprite_editor/test_sprite_injector.py:386: note: Use "-> None" if function does not return a value
sprite_editor/test_sprite_injector.py:411: error: Function is missing a return type annotation  [no-untyped-def]
sprite_editor/test_sprite_injector.py:411: note: Use "-> None" if function does not return a value
sprite_editor/test_sprite_injector.py:423: error: Function is missing a return type annotation  [no-untyped-def]
sprite_editor/test_sprite_injector.py:423: note: Use "-> None" if function does not return a value
sprite_editor/test_sprite_injector.py:435: error: Function is missing a return type annotation  [no-untyped-def]
sprite_editor/test_sprite_injector.py:435: note: Use "-> None" if function does not return a value
sprite_editor/test_sprite_injector.py:451: error: Function is missing a return type annotation  [no-untyped-def]
sprite_editor/test_sprite_injector.py:451: note: Use "-> None" if function does not return a value
sprite_editor/test_sprite_injector.py:464: error: Function is missing a return type annotation  [no-untyped-def]
sprite_editor/test_sprite_injector.py:464: note: Use "-> None" if function does not return a value
sprite_editor/test_sprite_injector.py:485: error: Function is missing a return type annotation  [no-untyped-def]
sprite_editor/test_sprite_injector.py:485: note: Use "-> None" if function does not return a value
sprite_editor/test_sprite_injector.py:489: error: Function is missing a return type annotation  [no-untyped-def]
sprite_editor/test_sprite_injector.py:489: note: Use "-> None" if function does not return a value
sprite_editor/test_sprite_injector.py:495: error: Function is missing a return type annotation  [no-untyped-def]
sprite_editor/test_sprite_injector.py:495: note: Use "-> None" if function does not return a value
sprite_editor/test_sprite_injector.py:541: error: Function is missing a return type annotation  [no-untyped-def]
sprite_editor/test_sprite_injector.py:541: note: Use "-> None" if function does not return a value
sprite_editor/test_png_to_snes.py:26: error: Function is missing a return type annotation  [no-untyped-def]
sprite_editor/test_png_to_snes.py:26: note: Use "-> None" if function does not return a value
sprite_editor/test_png_to_snes.py:30: error: Function is missing a return type annotation  [no-untyped-def]
sprite_editor/test_png_to_snes.py:30: note: Use "-> None" if function does not return a value
sprite_editor/test_png_to_snes.py:37: error: Function is missing a type annotation  [no-untyped-def]
sprite_editor/test_png_to_snes.py:68: error: Function is missing a return type annotation  [no-untyped-def]
sprite_editor/test_png_to_snes.py:68: note: Use "-> None" if function does not return a value
sprite_editor/test_png_to_snes.py:90: error: Function is missing a return type annotation  [no-untyped-def]
sprite_editor/test_png_to_snes.py:90: note: Use "-> None" if function does not return a value
sprite_editor/test_png_to_snes.py:110: error: Function is missing a return type annotation  [no-untyped-def]
sprite_editor/test_png_to_snes.py:110: note: Use "-> None" if function does not return a value
sprite_editor/test_png_to_snes.py:127: error: Function is missing a return type annotation  [no-untyped-def]
sprite_editor/test_png_to_snes.py:127: note: Use "-> None" if function does not return a value
sprite_editor/test_png_to_snes.py:143: error: Function is missing a return type annotation  [no-untyped-def]
sprite_editor/test_png_to_snes.py:143: note: Use "-> None" if function does not return a value
sprite_editor/test_png_to_snes.py:164: error: Function is missing a return type annotation  [no-untyped-def]
sprite_editor/test_png_to_snes.py:164: note: Use "-> None" if function does not return a value
sprite_editor/test_png_to_snes.py:168: error: Function is missing a return type annotation  [no-untyped-def]
sprite_editor/test_png_to_snes.py:168: note: Use "-> None" if function does not return a value
sprite_editor/test_png_to_snes.py:174: error: Function is missing a return type annotation  [no-untyped-def]
sprite_editor/test_png_to_snes.py:174: note: Use "-> None" if function does not return a value
sprite_editor/test_png_to_snes.py:183: error: Function is missing a return type annotation  [no-untyped-def]
sprite_editor/test_png_to_snes.py:183: note: Use "-> None" if function does not return a value
sprite_editor/test_png_to_snes.py:196: error: Function is missing a return type annotation  [no-untyped-def]
sprite_editor/test_png_to_snes.py:196: note: Use "-> None" if function does not return a value
sprite_editor/test_png_to_snes.py:210: error: Function is missing a type annotation  [no-untyped-def]
sprite_editor/test_png_to_snes.py:230: error: Function is missing a return type annotation  [no-untyped-def]
sprite_editor/test_png_to_snes.py:230: note: Use "-> None" if function does not return a value
sprite_editor/test_png_to_snes.py:234: error: Function is missing a return type annotation  [no-untyped-def]
sprite_editor/test_png_to_snes.py:234: note: Use "-> None" if function does not return a value
sprite_editor/test_png_to_snes.py:240: error: Function is missing a return type annotation  [no-untyped-def]
sprite_editor/test_png_to_snes.py:240: note: Use "-> None" if function does not return a value
sprite_editor/test_png_to_snes.py:257: error: Function is missing a return type annotation  [no-untyped-def]
sprite_editor/test_png_to_snes.py:257: note: Use "-> None" if function does not return a value
sprite_editor/test_png_to_snes.py:273: error: Function is missing a return type annotation  [no-untyped-def]
sprite_editor/test_png_to_snes.py:273: note: Use "-> None" if function does not return a value
sprite_editor/test_png_to_snes.py:287: error: Function is missing a return type annotation  [no-untyped-def]
sprite_editor/test_png_to_snes.py:287: note: Use "-> None" if function does not return a value
sprite_editor/test_png_to_snes.py:291: error: Function is missing a return type annotation  [no-untyped-def]
sprite_editor/test_png_to_snes.py:291: note: Use "-> None" if function does not return a value
sprite_editor/test_png_to_snes.py:297: error: Function is missing a return type annotation  [no-untyped-def]
sprite_editor/test_png_to_snes.py:297: note: Use "-> None" if function does not return a value
sprite_editor/test_png_to_snes.py:354: error: Function is missing a return type annotation  [no-untyped-def]
sprite_editor/test_png_to_snes.py:354: note: Use "-> None" if function does not return a value
sprite_editor/sprite_viewer_widget.py:19: error: Function is missing a type annotation  [no-untyped-def]
sprite_editor/sprite_viewer_widget.py:40: error: Function is missing a return type annotation  [no-untyped-def]
sprite_editor/sprite_viewer_widget.py:40: note: Use "-> None" if function does not return a value
sprite_editor/sprite_viewer_widget.py:50: error: Cannot assign to a method  [method-assign]
sprite_editor/sprite_viewer_widget.py:50: error: Incompatible types in assignment (expression has type "Callable[[QMouseEvent], Any]", variable has type "Callable[[Optional[QMouseEvent]], None]")  [assignment]
sprite_editor/sprite_viewer_widget.py:63: error: Function is missing a type annotation  [no-untyped-def]
sprite_editor/sprite_viewer_widget.py:94: error: Function is missing a type annotation  [no-untyped-def]
sprite_editor/sprite_viewer_widget.py:99: error: Function is missing a return type annotation  [no-untyped-def]
sprite_editor/sprite_viewer_widget.py:99: note: Use "-> None" if function does not return a value
sprite_editor/sprite_viewer_widget.py:103: error: Function is missing a return type annotation  [no-untyped-def]
sprite_editor/sprite_viewer_widget.py:103: note: Use "-> None" if function does not return a value
sprite_editor/sprite_viewer_widget.py:107: error: Function is missing a return type annotation  [no-untyped-def]
sprite_editor/sprite_viewer_widget.py:107: note: Use "-> None" if function does not return a value
sprite_editor/sprite_viewer_widget.py:113: error: Item "None" of "Optional[QWidget]" has no attribute "size"  [union-attr]
sprite_editor/sprite_viewer_widget.py:121: error: Function is missing a type annotation  [no-untyped-def]
sprite_editor/sprite_viewer_widget.py:126: error: Function is missing a return type annotation  [no-untyped-def]
sprite_editor/sprite_viewer_widget.py:126: note: Use "-> None" if function does not return a value
sprite_editor/sprite_viewer_widget.py:161: error: Function is missing a type annotation  [no-untyped-def]
sprite_editor/sprite_viewer_widget.py:192: error: Function is missing a return type annotation  [no-untyped-def]
sprite_editor/sprite_viewer_widget.py:224: error: Function is missing a return type annotation  [no-untyped-def]
sprite_editor/sprite_viewer_widget.py:228: error: Function is missing a return type annotation  [no-untyped-def]
sprite_editor/sprite_viewer_widget.py:248: error: Function is missing a type annotation  [no-untyped-def]
sprite_editor/sprite_viewer_widget.py:258: error: Function is missing a type annotation  [no-untyped-def]
sprite_editor/sprite_viewer_widget.py:268: error: Function is missing a type annotation  [no-untyped-def]
sprite_editor/sprite_viewer_widget.py:277: error: Function is missing a type annotation  [no-untyped-def]
sprite_editor/sprite_viewer_widget.py:282: error: Function is missing a return type annotation  [no-untyped-def]
sprite_editor/sprite_viewer_widget.py:286: error: Function is missing a type annotation  [no-untyped-def]
sprite_editor/sprite_viewer_widget.py:290: error: Function is missing a type annotation  [no-untyped-def]
sprite_editor/sprite_viewer_widget.py:332: error: Function is missing a type annotation  [no-untyped-def]
sprite_editor/sprite_viewer_widget.py:340: error: Function is missing a type annotation  [no-untyped-def]
sprite_editor/sprite_viewer_widget.py:345: error: Function is missing a type annotation  [no-untyped-def]
sprite_editor/sprite_viewer_widget.py:377: error: Function is missing a type annotation  [no-untyped-def]
sprite_editor/sprite_injector.py:30: error: Function is missing a type annotation  [no-untyped-def]
sprite_editor/sprite_injector.py:40: error: Incompatible types in assignment (expression has type "Image", variable has type "ImageFile")  [assignment]
sprite_editor/sprite_injector.py:40: error: Module has no attribute "ADAPTIVE"  [attr-defined]
sprite_editor/sprite_injector.py:81: error: Function is missing a type annotation  [no-untyped-def]
sprite_editor/sprite_injector.py:114: error: Function is missing a type annotation  [no-untyped-def]
sprite_editor/sprite_injector.py:170: error: Function is missing a return type annotation  [no-untyped-def]
sprite_editor/sprite_extractor.py:34: error: Function is missing a type annotation  [no-untyped-def]
sprite_editor/sprite_extractor.py:94: error: Function is missing a return type annotation  [no-untyped-def]
sprite_editor/sprite_disassembler.py:12: error: Function is missing a type annotation  [no-untyped-def]
sprite_editor/sprite_disassembler.py:27: error: Function is missing a type annotation  [no-untyped-def]
sprite_editor/sprite_disassembler.py:81: error: Function is missing a type annotation  [no-untyped-def]
sprite_editor/sprite_disassembler.py:136: error: Function is missing a return type annotation  [no-untyped-def]
sprite_editor/sprite_disassembler.py:136: note: Use "-> None" if function does not return a value
sprite_editor/sprite_assembler.py:12: error: Function is missing a type annotation  [no-untyped-def]
sprite_editor/sprite_assembler.py:30: error: Function is missing a type annotation  [no-untyped-def]
sprite_editor/sprite_assembler.py:59: error: Function is missing a type annotation  [no-untyped-def]
sprite_editor/sprite_assembler.py:91: error: Function is missing a return type annotation  [no-untyped-def]
sprite_editor/sprite_assembler.py:91: note: Use "-> None" if function does not return a value
sprite_editor/snes_tiles_to_png.py:19: error: Function is missing a type annotation  [no-untyped-def]
sprite_editor/snes_tiles_to_png.py:63: error: Function is missing a return type annotation  [no-untyped-def]
sprite_editor/snes_tiles_to_png.py:63: note: Use "-> None" if function does not return a value
sprite_editor/png_to_snes.py:16: error: Function is missing a type annotation  [no-untyped-def]
sprite_editor/png_to_snes.py:23: error: Incompatible types in assignment (expression has type "Image", variable has type "ImageFile")  [assignment]
sprite_editor/png_to_snes.py:23: error: Module has no attribute "ADAPTIVE"  [attr-defined]
sprite_editor/png_to_snes.py:41: error: Unsupported operand types for & ("float" and "int")  [operator]
sprite_editor/png_to_snes.py:41: error: Unsupported operand types for & ("tuple[int, ...]" and "int")  [operator]
sprite_editor/png_to_snes.py:41: error: Unsupported operand types for & ("None" and "int")  [operator]
sprite_editor/png_to_snes.py:41: note: Left operand is of type "Union[float, tuple[int, ...], None]"
sprite_editor/png_to_snes.py:55: error: Function is missing a return type annotation  [no-untyped-def]
sprite_editor/png_to_snes.py:55: note: Use "-> None" if function does not return a value
sprite_editor/multi_palette_viewer.py:19: error: Function is missing a type annotation  [no-untyped-def]
sprite_editor/multi_palette_viewer.py:33: error: Function is missing a type annotation  [no-untyped-def]
sprite_editor/multi_palette_viewer.py:38: error: Function is missing a type annotation  [no-untyped-def]
sprite_editor/multi_palette_viewer.py:43: error: Function is missing a return type annotation  [no-untyped-def]
sprite_editor/multi_palette_viewer.py:43: note: Use "-> None" if function does not return a value
sprite_editor/multi_palette_viewer.py:67: error: Function is missing a type annotation  [no-untyped-def]
sprite_editor/multi_palette_viewer.py:72: error: Function is missing a type annotation  [no-untyped-def]
sprite_editor/multi_palette_viewer.py:130: error: Function is missing a type annotation  [no-untyped-def]
sprite_editor/multi_palette_viewer.py:139: error: Function is missing a return type annotation  [no-untyped-def]
sprite_editor/multi_palette_viewer.py:139: note: Use "-> None" if function does not return a value
sprite_editor/multi_palette_viewer.py:216: error: Function is missing a type annotation  [no-untyped-def]
sprite_editor/multi_palette_viewer.py:255: error: Function is missing a type annotation  [no-untyped-def]
sprite_editor/multi_palette_viewer.py:272: error: Function is missing a type annotation  [no-untyped-def]
sprite_editor/multi_palette_viewer.py:287: error: Function is missing a return type annotation  [no-untyped-def]
sprite_editor/multi_palette_viewer.py:287: note: Use "-> None" if function does not return a value
sprite_editor/multi_palette_viewer.py:297: error: Function is missing a return type annotation  [no-untyped-def]
sprite_editor/multi_palette_viewer.py:297: note: Use "-> None" if function does not return a value
sprite_editor/multi_palette_viewer.py:307: error: Function is missing a return type annotation  [no-untyped-def]
sprite_editor/multi_palette_viewer.py:311: error: Function is missing a type annotation  [no-untyped-def]
sprite_editor/extract_all_palettes.py:12: error: Function is missing a type annotation  [no-untyped-def]
sprite_editor/extract_all_palettes.py:38: error: Function is missing a type annotation  [no-untyped-def]
sprite_editor/extract_all_palettes.py:54: error: Function is missing a return type annotation  [no-untyped-def]
sprite_editor/extract_all_palettes.py:54: note: Use "-> None" if function does not return a value
sprite_editor/views/tabs/viewer_tab.py:28: error: Function is missing a type annotation  [no-untyped-def]
sprite_editor/views/tabs/viewer_tab.py:32: error: Function is missing a return type annotation  [no-untyped-def]
sprite_editor/views/tabs/viewer_tab.py:32: note: Use "-> None" if function does not return a value
sprite_editor/views/tabs/viewer_tab.py:145: error: Function is missing a type annotation  [no-untyped-def]
sprite_editor/views/tabs/viewer_tab.py:150: error: Function is missing a type annotation  [no-untyped-def]
sprite_editor/views/tabs/viewer_tab.py:156: error: Function is missing a type annotation  [no-untyped-def]
sprite_editor/views/tabs/viewer_tab.py:160: error: Function is missing a type annotation  [no-untyped-def]
sprite_editor/views/tabs/viewer_tab.py:164: error: Function is missing a type annotation  [no-untyped-def]
sprite_editor/views/tabs/viewer_tab.py:168: error: Function is missing a type annotation  [no-untyped-def]
sprite_editor/views/tabs/viewer_tab.py:178: error: Function is missing a return type annotation  [no-untyped-def]
sprite_editor/views/tabs/viewer_tab.py:182: error: Function is missing a return type annotation  [no-untyped-def]
sprite_editor/views/tabs/multi_palette_tab.py:22: error: Function is missing a type annotation  [no-untyped-def]
sprite_editor/views/tabs/multi_palette_tab.py:26: error: Function is missing a return type annotation  [no-untyped-def]
sprite_editor/views/tabs/multi_palette_tab.py:26: note: Use "-> None" if function does not return a value
sprite_editor/views/tabs/multi_palette_tab.py:68: error: Function is missing a type annotation  [no-untyped-def]
sprite_editor/views/tabs/multi_palette_tab.py:72: error: Function is missing a type annotation  [no-untyped-def]
sprite_editor/views/tabs/multi_palette_tab.py:76: error: Function is missing a return type annotation  [no-untyped-def]
sprite_editor/views/tabs/multi_palette_tab.py:80: error: Function is missing a type annotation  [no-untyped-def]
sprite_editor/views/tabs/multi_palette_tab.py:85: error: Function is missing a type annotation  [no-untyped-def]
sprite_editor/views/tabs/multi_palette_tab.py:89: error: Function is missing a return type annotation  [no-untyped-def]
sprite_editor/tests/test_sprite_injector.py:23: error: Function is missing a type annotation  [no-untyped-def]
sprite_editor/tests/test_sprite_injector.py:66: error: Function is missing a type annotation  [no-untyped-def]
sprite_editor/tests/test_sprite_injector.py:79: error: Function is missing a type annotation  [no-untyped-def]
sprite_editor/tests/test_sprite_injector.py:104: error: Function is missing a type annotation  [no-untyped-def]
sprite_editor/tests/test_sprite_injector.py:116: error: Function is missing a type annotation  [no-untyped-def]
sprite_editor/tests/test_sprite_injector.py:130: error: Function is missing a return type annotation  [no-untyped-def]
sprite_editor/tests/test_sprite_injector.py:130: note: Use "-> None" if function does not return a value
sprite_editor/tests/test_sprite_injector.py:140: error: Function is missing a type annotation  [no-untyped-def]
sprite_editor/tests/test_sprite_injector.py:157: error: Function is missing a type annotation  [no-untyped-def]
sprite_editor/tests/test_sprite_injector.py:179: error: Function is missing a type annotation  [no-untyped-def]
sprite_editor/tests/test_sprite_injector.py:198: error: Function is missing a type annotation  [no-untyped-def]
sprite_editor/tests/test_sprite_injector.py:219: error: Function is missing a return type annotation  [no-untyped-def]
sprite_editor/tests/test_sprite_injector.py:219: note: Use "-> None" if function does not return a value
sprite_editor/tests/test_sprite_injector.py:232: error: Function is missing a type annotation  [no-untyped-def]
sprite_editor/tests/test_sprite_injector.py:253: error: Function is missing a type annotation  [no-untyped-def]
sprite_editor/tests/test_sprite_injector.py:277: error: Function is missing a type annotation  [no-untyped-def]
sprite_editor/tests/test_sprite_injector.py:296: error: Function is missing a return type annotation  [no-untyped-def]
sprite_editor/tests/test_sprite_injector.py:296: note: Use "-> None" if function does not return a value
sprite_editor/tests/test_sprite_injector.py:313: error: Function is missing a type annotation  [no-untyped-def]
sprite_editor/tests/test_sprite_injector.py:334: error: Function is missing a type annotation  [no-untyped-def]
sprite_editor/tests/test_sprite_injector.py:350: error: Function is missing a type annotation  [no-untyped-def]
sprite_editor/tests/test_sprite_injector.py:367: error: Function is missing a type annotation  [no-untyped-def]
sprite_editor/tests/test_sprite_injector.py:382: error: Function is missing a type annotation  [no-untyped-def]
sprite_editor/tests/test_sprite_injector.py:402: error: Function is missing a type annotation  [no-untyped-def]
sprite_editor/tests/test_sprite_extractor.py:22: error: Function is missing a type annotation  [no-untyped-def]
sprite_editor/tests/test_sprite_extractor.py:82: error: Function is missing a type annotation  [no-untyped-def]
sprite_editor/tests/test_sprite_extractor.py:100: error: Function is missing a type annotation  [no-untyped-def]
sprite_editor/tests/test_sprite_extractor.py:119: error: Function is missing a type annotation  [no-untyped-def]
sprite_editor/tests/test_sprite_extractor.py:131: error: Function is missing a type annotation  [no-untyped-def]
sprite_editor/tests/test_sprite_extractor.py:145: error: Function is missing a type annotation  [no-untyped-def]
sprite_editor/tests/test_sprite_extractor.py:158: error: Function is missing a return type annotation  [no-untyped-def]
sprite_editor/tests/test_sprite_extractor.py:158: note: Use "-> None" if function does not return a value
sprite_editor/tests/test_sprite_extractor.py:171: error: Function is missing a type annotation  [no-untyped-def]
sprite_editor/tests/test_sprite_extractor.py:186: error: Function is missing a type annotation  [no-untyped-def]
sprite_editor/tests/test_sprite_extractor.py:212: error: Function is missing a type annotation  [no-untyped-def]
sprite_editor/tests/test_sprite_extractor.py:237: error: Function is missing a type annotation  [no-untyped-def]
sprite_editor/tests/test_sprite_extractor.py:272: error: Function is missing a type annotation  [no-untyped-def]
sprite_editor/tests/test_sprite_extractor.py:288: error: Function is missing a type annotation  [no-untyped-def]
sprite_editor/tests/test_sprite_extractor.py:302: error: Function is missing a type annotation  [no-untyped-def]
sprite_editor/tests/test_sprite_extractor.py:323: error: Function is missing a type annotation  [no-untyped-def]
sprite_editor/tests/test_sprite_extractor.py:360: error: Function is missing a type annotation  [no-untyped-def]
sprite_editor/tests/test_sprite_extractor.py:385: error: Function is missing a type annotation  [no-untyped-def]
sprite_editor/tests/test_sprite_disassembler.py:22: error: Function is missing a type annotation  [no-untyped-def]
sprite_editor/tests/test_sprite_disassembler.py:100: error: Function is missing a type annotation  [no-untyped-def]
sprite_editor/tests/test_sprite_disassembler.py:110: error: Function is missing a return type annotation  [no-untyped-def]
sprite_editor/tests/test_sprite_disassembler.py:110: note: Use "-> None" if function does not return a value
sprite_editor/tests/test_sprite_disassembler.py:122: error: Function is missing a return type annotation  [no-untyped-def]
sprite_editor/tests/test_sprite_disassembler.py:122: note: Use "-> None" if function does not return a value
sprite_editor/tests/test_sprite_disassembler.py:133: error: Function is missing a return type annotation  [no-untyped-def]
sprite_editor/tests/test_sprite_disassembler.py:133: note: Use "-> None" if function does not return a value
sprite_editor/tests/test_sprite_disassembler.py:144: error: Function is missing a return type annotation  [no-untyped-def]
sprite_editor/tests/test_sprite_disassembler.py:144: note: Use "-> None" if function does not return a value
sprite_editor/tests/test_sprite_disassembler.py:157: error: Function is missing a type annotation  [no-untyped-def]
sprite_editor/tests/test_sprite_disassembler.py:178: error: Function is missing a type annotation  [no-untyped-def]
sprite_editor/tests/test_sprite_disassembler.py:201: error: Function is missing a type annotation  [no-untyped-def]
sprite_editor/tests/test_sprite_disassembler.py:210: error: Function is missing a type annotation  [no-untyped-def]
sprite_editor/tests/test_sprite_disassembler.py:225: error: Function is missing a type annotation  [no-untyped-def]
sprite_editor/tests/test_sprite_disassembler.py:234: error: Function is missing a type annotation  [no-untyped-def]
sprite_editor/tests/test_sprite_disassembler.py:252: error: Function is missing a type annotation  [no-untyped-def]
sprite_editor/tests/test_sprite_disassembler.py:272: error: Function is missing a type annotation  [no-untyped-def]
sprite_editor/tests/test_sprite_disassembler.py:288: error: Function is missing a type annotation  [no-untyped-def]
sprite_editor/tests/test_sprite_disassembler.py:297: error: Function is missing a type annotation  [no-untyped-def]
sprite_editor/tests/test_sprite_disassembler.py:312: error: Function is missing a type annotation  [no-untyped-def]
sprite_editor/tests/test_sprite_disassembler.py:333: error: Function is missing a type annotation  [no-untyped-def]
sprite_editor/tests/test_sprite_disassembler.py:347: error: Function is missing a type annotation  [no-untyped-def]
sprite_editor/tests/test_sprite_disassembler.py:366: error: Function is missing a type annotation  [no-untyped-def]
sprite_editor/tests/test_sprite_disassembler.py:388: error: Function is missing a type annotation  [no-untyped-def]
sprite_editor/tests/test_sprite_disassembler.py:408: error: Function is missing a type annotation  [no-untyped-def]
sprite_editor/tests/test_sprite_disassembler.py:430: error: Function is missing a type annotation  [no-untyped-def]
sprite_editor/tests/test_sprite_disassembler.py:452: error: Function is missing a type annotation  [no-untyped-def]
sprite_editor/tests/test_sprite_disassembler.py:473: error: Function is missing a type annotation  [no-untyped-def]
sprite_editor/tests/test_sprite_disassembler.py:498: error: Function is missing a type annotation  [no-untyped-def]
sprite_editor/tests/test_sprite_disassembler.py:517: error: Function is missing a type annotation  [no-untyped-def]
sprite_editor/tests/test_sprite_disassembler.py:541: error: Function is missing a type annotation  [no-untyped-def]
sprite_editor/tests/test_sprite_assembler.py:23: error: Function is missing a type annotation  [no-untyped-def]
sprite_editor/tests/test_sprite_assembler.py:75: error: Function is missing a type annotation  [no-untyped-def]
sprite_editor/tests/test_sprite_assembler.py:88: error: Function is missing a type annotation  [no-untyped-def]
sprite_editor/tests/test_sprite_assembler.py:101: error: Function is missing a type annotation  [no-untyped-def]
sprite_editor/tests/test_sprite_assembler.py:111: error: Function is missing a return type annotation  [no-untyped-def]
sprite_editor/tests/test_sprite_assembler.py:111: note: Use "-> None" if function does not return a value
sprite_editor/tests/test_sprite_assembler.py:116: error: Function is missing a type annotation  [no-untyped-def]
sprite_editor/tests/test_sprite_assembler.py:135: error: Function is missing a type annotation  [no-untyped-def]
sprite_editor/tests/test_sprite_assembler.py:150: error: Function is missing a type annotation  [no-untyped-def]
sprite_editor/tests/test_sprite_assembler.py:159: error: Function is missing a type annotation  [no-untyped-def]
sprite_editor/tests/test_sprite_assembler.py:168: error: Function is missing a type annotation  [no-untyped-def]
sprite_editor/tests/test_sprite_assembler.py:178: error: Function is missing a type annotation  [no-untyped-def]
sprite_editor/tests/test_sprite_assembler.py:191: error: Function is missing a type annotation  [no-untyped-def]
sprite_editor/tests/test_sprite_assembler.py:211: error: Function is missing a type annotation  [no-untyped-def]
sprite_editor/tests/test_sprite_assembler.py:228: error: Function is missing a type annotation  [no-untyped-def]
sprite_editor/tests/test_sprite_assembler.py:243: error: Function is missing a type annotation  [no-untyped-def]
sprite_editor/tests/test_sprite_assembler.py:264: error: Function is missing a type annotation  [no-untyped-def]
sprite_editor/tests/test_sprite_assembler.py:278: error: Function is missing a type annotation  [no-untyped-def]
sprite_editor/tests/test_sprite_assembler.py:301: error: Function is missing a type annotation  [no-untyped-def]
sprite_editor/tests/test_sprite_assembler.py:312: error: Function is missing a type annotation  [no-untyped-def]
sprite_editor/tests/test_sprite_assembler.py:363: error: Function is missing a type annotation  [no-untyped-def]
sprite_editor/tests/test_sprite_assembler.py:392: error: Function is missing a type annotation  [no-untyped-def]
sprite_editor/tests/test_snes_tiles_to_png.py:21: error: Function is missing a type annotation  [no-untyped-def]
sprite_editor/tests/test_snes_tiles_to_png.py:74: error: Function is missing a type annotation  [no-untyped-def]
sprite_editor/tests/test_snes_tiles_to_png.py:89: error: Function is missing a type annotation  [no-untyped-def]
sprite_editor/tests/test_snes_tiles_to_png.py:103: error: Function is missing a type annotation  [no-untyped-def]
sprite_editor/tests/test_snes_tiles_to_png.py:113: error: Function is missing a type annotation  [no-untyped-def]
sprite_editor/tests/test_snes_tiles_to_png.py:123: error: Function is missing a type annotation  [no-untyped-def]
sprite_editor/tests/test_snes_tiles_to_png.py:133: error: Function is missing a type annotation  [no-untyped-def]
sprite_editor/tests/test_snes_tiles_to_png.py:143: error: Function is missing a type annotation  [no-untyped-def]
sprite_editor/tests/test_snes_tiles_to_png.py:157: error: Function is missing a type annotation  [no-untyped-def]
sprite_editor/tests/test_snes_tiles_to_png.py:169: error: Function is missing a return type annotation  [no-untyped-def]
sprite_editor/tests/test_snes_tiles_to_png.py:169: note: Use "-> None" if function does not return a value
sprite_editor/tests/test_snes_tiles_to_png.py:181: error: Function is missing a type annotation  [no-untyped-def]
sprite_editor/tests/test_snes_tiles_to_png.py:202: error: Function is missing a return type annotation  [no-untyped-def]
sprite_editor/tests/test_snes_tiles_to_png.py:202: note: Use "-> None" if function does not return a value
sprite_editor/tests/test_snes_tiles_to_png.py:232: error: Function is missing a return type annotation  [no-untyped-def]
sprite_editor/tests/test_snes_tiles_to_png.py:232: note: Use "-> None" if function does not return a value
sprite_editor/tests/test_snes_tiles_to_png.py:253: error: Function is missing a type annotation  [no-untyped-def]
sprite_editor/tests/test_snes_tiles_to_png.py:275: error: Function is missing a type annotation  [no-untyped-def]
sprite_editor/tests/test_snes_tiles_to_png.py:299: error: Function is missing a type annotation  [no-untyped-def]
sprite_editor/tests/test_snes_tiles_to_png.py:314: error: Function is missing a type annotation  [no-untyped-def]
sprite_editor/tests/test_snes_tiles_to_png.py:325: error: Function is missing a type annotation  [no-untyped-def]
sprite_editor/tests/test_snes_tiles_to_png.py:339: error: Function is missing a type annotation  [no-untyped-def]
sprite_editor/tests/test_snes_tiles_to_png.py:354: error: Function is missing a type annotation  [no-untyped-def]
sprite_editor/tests/test_snes_tiles_to_png.py:370: error: Function is missing a type annotation  [no-untyped-def]
sprite_editor/tests/test_snes_tiles_to_png.py:390: error: Function is missing a type annotation  [no-untyped-def]
sprite_editor/tests/test_snes_tiles_to_png.py:420: error: Function is missing a type annotation  [no-untyped-def]
sprite_editor/tests/test_snes_tiles_to_png.py:440: error: Function is missing a type annotation  [no-untyped-def]
sprite_editor/tests/test_snes_tiles_to_png.py:464: error: Function is missing a type annotation  [no-untyped-def]
sprite_editor/tests/test_snes_tiles_to_png.py:486: error: Function is missing a type annotation  [no-untyped-def]
sprite_editor/tests/test_snes_tiles_to_png.py:512: error: Function is missing a type annotation  [no-untyped-def]
sprite_editor/tests/test_snes_tiles_to_png.py:526: error: Function is missing a type annotation  [no-untyped-def]
sprite_editor/tests/test_png_to_snes.py:20: error: Function is missing a type annotation  [no-untyped-def]
sprite_editor/tests/test_png_to_snes.py:87: error: Function is missing a type annotation  [no-untyped-def]
sprite_editor/tests/test_png_to_snes.py:108: error: Function is missing a type annotation  [no-untyped-def]
sprite_editor/tests/test_png_to_snes.py:123: error: Function is missing a type annotation  [no-untyped-def]
sprite_editor/tests/test_png_to_snes.py:137: error: Function is missing a type annotation  [no-untyped-def]
sprite_editor/tests/test_png_to_snes.py:150: error: Function is missing a type annotation  [no-untyped-def]
sprite_editor/tests/test_png_to_snes.py:163: error: Function is missing a return type annotation  [no-untyped-def]
sprite_editor/tests/test_png_to_snes.py:163: note: Use "-> None" if function does not return a value
sprite_editor/tests/test_png_to_snes.py:168: error: Function is missing a type annotation  [no-untyped-def]
sprite_editor/tests/test_png_to_snes.py:178: error: Function is missing a type annotation  [no-untyped-def]
sprite_editor/tests/test_png_to_snes.py:186: error: Function is missing a type annotation  [no-untyped-def]
sprite_editor/tests/test_png_to_snes.py:215: error: Function is missing a type annotation  [no-untyped-def]
sprite_editor/tests/test_png_to_snes.py:233: error: Function is missing a type annotation  [no-untyped-def]
sprite_editor/tests/test_png_to_snes.py:256: error: Function is missing a type annotation  [no-untyped-def]
sprite_editor/tests/test_png_to_snes.py:268: error: Function is missing a type annotation  [no-untyped-def]
sprite_editor/tests/test_png_to_snes.py:280: error: Function is missing a type annotation  [no-untyped-def]
sprite_editor/tests/test_png_to_snes.py:292: error: Function is missing a type annotation  [no-untyped-def]
sprite_editor/tests/test_png_to_snes.py:302: error: Function is missing a type annotation  [no-untyped-def]
sprite_editor/tests/test_png_to_snes.py:319: error: Function is missing a type annotation  [no-untyped-def]
sprite_editor/tests/test_png_to_snes.py:337: error: Function is missing a type annotation  [no-untyped-def]
sprite_editor/tests/test_png_to_snes.py:355: error: Function is missing a type annotation  [no-untyped-def]
sprite_editor/tests/test_png_to_snes.py:368: error: Function is missing a type annotation  [no-untyped-def]
sprite_editor/tests/test_png_to_snes.py:383: error: Function is missing a type annotation  [no-untyped-def]
sprite_editor/tests/test_png_to_snes.py:396: error: Function is missing a type annotation  [no-untyped-def]
sprite_editor/views/main_window.py:35: error: Function is missing a type annotation  [no-untyped-def]
sprite_editor/views/main_window.py:42: error: Function is missing a return type annotation  [no-untyped-def]
sprite_editor/views/main_window.py:42: note: Use "-> None" if function does not return a value
sprite_editor/views/main_window.py:76: error: Function is missing a return type annotation  [no-untyped-def]
sprite_editor/views/main_window.py:76: note: Use "-> None" if function does not return a value
sprite_editor/views/main_window.py:81: error: Item "None" of "Optional[QMenuBar]" has no attribute "addMenu"  [union-attr]
sprite_editor/views/main_window.py:86: error: Item "None" of "Union[QMenu, Any, None]" has no attribute "addAction"  [union-attr]
sprite_editor/views/main_window.py:89: error: Item "None" of "Union[QMenu, Any, None]" has no attribute "addAction"  [union-attr]
sprite_editor/views/main_window.py:91: error: Item "None" of "Union[QMenu, Any, None]" has no attribute "addSeparator"  [union-attr]
sprite_editor/views/main_window.py:94: error: Item "None" of "Union[QMenu, Any, None]" has no attribute "addMenu"  [union-attr]
sprite_editor/views/main_window.py:96: error: Item "None" of "Union[QMenu, Any, None]" has no attribute "addSeparator"  [union-attr]
sprite_editor/views/main_window.py:102: error: Item "None" of "Union[QMenu, Any, None]" has no attribute "addAction"  [union-attr]
sprite_editor/views/main_window.py:105: error: Item "None" of "Optional[QMenuBar]" has no attribute "addMenu"  [union-attr]
sprite_editor/views/main_window.py:110: error: Item "None" of "Union[QMenu, Any, None]" has no attribute "addAction"  [union-attr]
sprite_editor/views/main_window.py:115: error: Item "None" of "Union[QMenu, Any, None]" has no attribute "addAction"  [union-attr]
sprite_editor/views/main_window.py:117: error: Item "None" of "Union[QMenu, Any, None]" has no attribute "addSeparator"  [union-attr]
sprite_editor/views/main_window.py:122: error: Function is missing a return type annotation  [no-untyped-def]
sprite_editor/views/main_window.py:122: note: Use "-> None" if function does not return a value
sprite_editor/views/main_window.py:125: error: Item "None" of "Optional[QToolBar]" has no attribute "setMovable"  [union-attr]
sprite_editor/views/main_window.py:130: error: Item "None" of "Optional[QToolBar]" has no attribute "addAction"  [union-attr]
sprite_editor/views/main_window.py:134: error: Item "None" of "Optional[QToolBar]" has no attribute "addAction"  [union-attr]
sprite_editor/views/main_window.py:136: error: Function is missing a return type annotation  [no-untyped-def]
sprite_editor/views/main_window.py:136: note: Use "-> None" if function does not return a value
sprite_editor/views/main_window.py:189: error: Function is missing a type annotation  [no-untyped-def]
sprite_editor/views/main_window.py:191: error: Item "None" of "Union[QMenu, Any, None]" has no attribute "clear"  [union-attr]
sprite_editor/views/main_window.py:195: error: Item "None" of "Union[QMenu, Any, None]" has no attribute "addAction"  [union-attr]
sprite_editor/views/main_window.py:195: error: Item "None" of "Union[QAction, Any, None]" has no attribute "setEnabled"  [union-attr]
sprite_editor/views/main_window.py:204: error: Item "None" of "Union[QMenu, Any, None]" has no attribute "addAction"  [union-attr]
sprite_editor/views/main_window.py:205: error: Item "None" of "Union[QMenu, Any, None]" has no attribute "addSeparator"  [union-attr]
sprite_editor/views/main_window.py:209: error: Item "None" of "Union[QMenu, Any, None]" has no attribute "addAction"  [union-attr]
sprite_editor/views/main_window.py:209: error: Item "None" of "Union[QAction, Any, None]" has no attribute "setEnabled"  [union-attr]
sprite_editor/views/main_window.py:218: error: Item "None" of "Union[QMenu, Any, None]" has no attribute "addAction"  [union-attr]
sprite_editor/views/main_window.py:219: error: Item "None" of "Union[QMenu, Any, None]" has no attribute "addSeparator"  [union-attr]
sprite_editor/views/main_window.py:223: error: Item "None" of "Union[QMenu, Any, None]" has no attribute "addAction"  [union-attr]
sprite_editor/views/main_window.py:223: error: Item "None" of "Union[QAction, Any, None]" has no attribute "setEnabled"  [union-attr]
sprite_editor/views/main_window.py:232: error: Item "None" of "Union[QMenu, Any, None]" has no attribute "addAction"  [union-attr]
sprite_editor/views/main_window.py:235: error: Item "None" of "Union[QMenu, Any, None]" has no attribute "addAction"  [union-attr]
sprite_editor/views/main_window.py:235: error: Item "None" of "Union[QAction, Any, None]" has no attribute "setEnabled"  [union-attr]
sprite_editor/views/main_window.py:237: error: Function is missing a return type annotation  [no-untyped-def]
sprite_editor/views/main_window.py:237: note: Use "-> None" if function does not return a value
sprite_editor/views/main_window.py:241: error: Function is missing a return type annotation  [no-untyped-def]
sprite_editor/views/main_window.py:241: note: Use "-> None" if function does not return a value
sprite_editor/views/main_window.py:245: error: Function is missing a type annotation  [no-untyped-def]
sprite_editor/views/main_window.py:249: error: Function is missing a type annotation  [no-untyped-def]
sprite_editor/views/main_window.py:254: error: Function is missing a return type annotation  [no-untyped-def]
sprite_sheet_editor.py:13: error: Function is missing a type annotation  [no-untyped-def]
sprite_sheet_editor.py:21: error: Function is missing a type annotation  [no-untyped-def]
sprite_sheet_editor.py:31: error: Function is missing a type annotation  [no-untyped-def]
sprite_sheet_editor.py:143: error: Function is missing a type annotation  [no-untyped-def]
sprite_sheet_editor.py:163: error: Function is missing a type annotation  [no-untyped-def]
sprite_sheet_editor.py:215: error: Argument 1 to "len" has incompatible type "Union[float, tuple[int, ...], None]"; expected "Sized"  [arg-type]
sprite_sheet_editor.py:215: error: Value of type "Union[float, tuple[int, int, int, int], None]" is not indexable  [index]
sprite_sheet_editor.py:218: error: Value of type "Union[float, tuple[int, ...], None]" is not indexable  [index]
sprite_sheet_editor.py:222: error: "object" has no attribute "append"  [attr-defined]
sprite_sheet_editor.py:225: error: Unsupported target for indexed assignment ("object")  [index]
sprite_sheet_editor.py:240: error: "object" has no attribute "append"  [attr-defined]
sprite_sheet_editor.py:251: error: Argument 1 to "len" has incompatible type "object"; expected "Sized"  [arg-type]
sprite_sheet_editor.py:252: error: Argument 1 to "len" has incompatible type "object"; expected "Sized"  [arg-type]
sprite_sheet_editor.py:256: error: Value of type "object" is not indexable  [index]
sprite_sheet_editor.py:261: error: Function is missing a type annotation  [no-untyped-def]
sprite_sheet_editor.py:309: error: Argument 1 to "len" has incompatible type "Union[float, tuple[int, ...], None]"; expected "Sized"  [arg-type]
sprite_sheet_editor.py:309: error: Value of type "Union[float, tuple[int, int, int, int], None]" is not indexable  [index]
sprite_sheet_editor.py:319: error: Value of type "Union[float, tuple[int, ...], None]" is not indexable  [index]
sprite_sheet_editor.py:320: error: Value of type "Union[float, tuple[int, ...], None]" is not indexable  [index]
sprite_sheet_editor.py:321: error: Value of type "Union[float, tuple[int, ...], None]" is not indexable  [index]
sprite_sheet_editor.py:350: error: Function is missing a type annotation  [no-untyped-def]
sprite_sheet_editor.py:412: error: Function is missing a return type annotation  [no-untyped-def]
sprite_sheet_editor.py:412: note: Use "-> None" if function does not return a value
sprite_editor/sprite_editor_core.py:25: error: Name "BYTES_PER_TILE_4BPP" already defined (possibly by an import)  [no-redef]
sprite_editor/sprite_editor_core.py:25: error: Name "DEFAULT_TILES_PER_ROW" already defined (possibly by an import)  [no-redef]
sprite_editor/sprite_editor_core.py:25: error: Name "MAX_PNG_FILE_SIZE" already defined (possibly by an import)  [no-redef]
sprite_editor/sprite_editor_core.py:25: error: Name "MAX_VRAM_FILE_SIZE" already defined (possibly by an import)  [no-redef]
sprite_editor/sprite_editor_core.py:25: error: Name "PIXELS_PER_TILE" already defined (possibly by an import)  [no-redef]
sprite_editor/sprite_editor_core.py:25: error: Name "PIXEL_4BPP_MASK" already defined (possibly by an import)  [no-redef]
sprite_editor/sprite_editor_core.py:25: error: Name "TILE_DATA_MAX_SIZE" already defined (possibly by an import)  [no-redef]
sprite_editor/sprite_editor_core.py:25: error: Name "TILE_HEIGHT" already defined (possibly by an import)  [no-redef]
sprite_editor/sprite_editor_core.py:25: error: Name "TILE_WIDTH" already defined (possibly by an import)  [no-redef]
sprite_editor/sprite_editor_core.py:25: error: Name "VRAM_SIZE_ABSOLUTE_MAX" already defined (possibly by an import)  [no-redef]
sprite_editor/sprite_editor_core.py:30: error: Name "get_logger" already defined (possibly by an import)  [no-redef]
sprite_editor/sprite_editor_core.py:31: error: Name "OAMPaletteMapper" already defined (possibly by an import)  [no-redef]
sprite_editor/sprite_editor_core.py:32: error: Name "get_grayscale_palette" already defined (possibly by an import)  [no-redef]
sprite_editor/sprite_editor_core.py:32: error: Name "read_cgram_palette" already defined (possibly by an import)  [no-redef]
sprite_editor/sprite_editor_core.py:33: error: Name "SecurityError" already defined (possibly by an import)  [no-redef]
sprite_editor/sprite_editor_core.py:33: error: Name "validate_file_path" already defined (possibly by an import)  [no-redef]
sprite_editor/sprite_editor_core.py:33: error: Name "validate_output_path" already defined (possibly by an import)  [no-redef]
sprite_editor/sprite_editor_core.py:35: error: Name "decode_4bpp_tile" already defined (possibly by an import)  [no-redef]
sprite_editor/sprite_editor_core.py:35: error: Name "encode_4bpp_tile" already defined (possibly by an import)  [no-redef]
sprite_editor/sprite_editor_core.py:424: error: Incompatible types in assignment (expression has type "None", variable has type "str")  [assignment]
sprite_editor/sprite_editor_core.py:427: error: Incompatible types in assignment (expression has type "None", variable has type "str")  [assignment]
sprite_editor/sprite_editor_core.py:454: error: Returning Any from function declared to return "int"  [no-any-return]
sprite_editor/sprite_editor_core.py:656: error: Returning Any from function declared to return "dict[int, int]"  [no-any-return]
sprite_editor/compare_preview_sizes.py:9: error: Function is missing a return type annotation  [no-untyped-def]
sprite_editor/compare_preview_sizes.py:9: note: Use "-> None" if function does not return a value
sprite_editor/compare_preview_sizes.py:36: error: Incompatible types in assignment (expression has type "Image", variable has type "ImageFile")  [assignment]
sprite_edit_workflow.py:16: error: Function is missing a type annotation  [no-untyped-def]
sprite_edit_workflow.py:25: error: Function is missing a type annotation  [no-untyped-def]
sprite_edit_workflow.py:38: error: Function is missing a type annotation  [no-untyped-def]
sprite_edit_workflow.py:126: error: Function is missing a type annotation  [no-untyped-def]
sprite_edit_workflow.py:159: error: Function is missing a type annotation  [no-untyped-def]
sprite_edit_workflow.py:171: error: Need type annotation for "validation_results"  [var-annotated]
sprite_edit_workflow.py:269: error: Function is missing a type annotation  [no-untyped-def]
sprite_edit_workflow.py:340: error: Function is missing a type annotation  [no-untyped-def]
sprite_edit_workflow.py:355: error: "tuple[Image, int]" has no attribute "save"  [attr-defined]
sprite_edit_workflow.py:360: error: Function is missing a return type annotation  [no-untyped-def]
sprite_editor/workers/inject_worker.py:18: error: Function is missing a type annotation  [no-untyped-def]
sprite_editor/workers/inject_worker.py:26: error: Function is missing a return type annotation  [no-untyped-def]
sprite_editor/workers/inject_worker.py:26: note: Use "-> None" if function does not return a value
sprite_editor/workers/extract_worker.py:20: error: Function is missing a type annotation  [no-untyped-def]
sprite_editor/workers/extract_worker.py:31: error: Function is missing a return type annotation  [no-untyped-def]
sprite_editor/workers/extract_worker.py:31: note: Use "-> None" if function does not return a value
sprite_editor/tests/test_tile_palette_edge_cases.py:27: error: Function is missing a return type annotation  [no-untyped-def]
sprite_editor/tests/test_tile_palette_edge_cases.py:27: note: Use "-> None" if function does not return a value
sprite_editor/tests/test_tile_palette_edge_cases.py:40: error: Function is missing a return type annotation  [no-untyped-def]
sprite_editor/tests/test_tile_palette_edge_cases.py:40: note: Use "-> None" if function does not return a value
sprite_editor/tests/test_tile_palette_edge_cases.py:52: error: Function is missing a return type annotation  [no-untyped-def]
sprite_editor/tests/test_tile_palette_edge_cases.py:52: note: Use "-> None" if function does not return a value
sprite_editor/tests/test_tile_palette_edge_cases.py:65: error: Function is missing a return type annotation  [no-untyped-def]
sprite_editor/tests/test_tile_palette_edge_cases.py:65: note: Use "-> None" if function does not return a value
sprite_editor/tests/test_tile_palette_edge_cases.py:81: error: Function is missing a return type annotation  [no-untyped-def]
sprite_editor/tests/test_tile_palette_edge_cases.py:81: note: Use "-> None" if function does not return a value
sprite_editor/tests/test_tile_palette_edge_cases.py:84: error: Need type annotation for "tile_data" (hint: "tile_data: list[<type>] = ...")  [var-annotated]
sprite_editor/tests/test_tile_palette_edge_cases.py:96: error: Function is missing a return type annotation  [no-untyped-def]
sprite_editor/tests/test_tile_palette_edge_cases.py:96: note: Use "-> None" if function does not return a value
sprite_editor/tests/test_tile_palette_edge_cases.py:111: error: Function is missing a return type annotation  [no-untyped-def]
sprite_editor/tests/test_tile_palette_edge_cases.py:111: note: Use "-> None" if function does not return a value
sprite_editor/tests/test_tile_palette_edge_cases.py:130: error: Function is missing a type annotation  [no-untyped-def]
sprite_editor/tests/test_tile_palette_edge_cases.py:147: error: Function is missing a return type annotation  [no-untyped-def]
sprite_editor/tests/test_tile_palette_edge_cases.py:147: note: Use "-> None" if function does not return a value
sprite_editor/tests/test_tile_palette_edge_cases.py:163: error: Function is missing a return type annotation  [no-untyped-def]
sprite_editor/tests/test_tile_palette_edge_cases.py:163: note: Use "-> None" if function does not return a value
sprite_editor/tests/test_tile_palette_edge_cases.py:185: error: Function is missing a type annotation  [no-untyped-def]
sprite_editor/tests/test_tile_palette_edge_cases.py:200: error: Function is missing a return type annotation  [no-untyped-def]
sprite_editor/tests/test_tile_palette_edge_cases.py:200: note: Use "-> None" if function does not return a value
sprite_editor/tests/test_tile_palette_edge_cases.py:225: error: Function is missing a type annotation  [no-untyped-def]
sprite_editor/tests/test_tile_palette_edge_cases.py:241: error: Function is missing a type annotation  [no-untyped-def]
sprite_editor/tests/test_tile_palette_edge_cases.py:252: error: Function is missing a type annotation  [no-untyped-def]
sprite_editor/tests/test_tile_palette_edge_cases.py:263: error: Function is missing a type annotation  [no-untyped-def]
sprite_editor/tests/test_tile_palette_edge_cases.py:291: error: Function is missing a type annotation  [no-untyped-def]
sprite_editor/tests/test_tile_palette_edge_cases.py:319: error: Function is missing a type annotation  [no-untyped-def]
sprite_editor/tests/test_tile_palette_edge_cases.py:336: error: Function is missing a type annotation  [no-untyped-def]
sprite_editor/tests/test_tile_palette_edge_cases.py:352: error: Function is missing a type annotation  [no-untyped-def]
sprite_editor/tests/test_tile_palette_edge_cases.py:358: error: Argument 4 to "create_palette_grid_preview" of "SpriteEditorCore" has incompatible type "None"; expected "str"  [arg-type]
sprite_editor/tests/test_tile_palette_edge_cases.py:371: error: Function is missing a type annotation  [no-untyped-def]
sprite_editor/tests/test_tile_palette_edge_cases.py:383: error: Function is missing a type annotation  [no-untyped-def]
sprite_editor/tests/test_tile_palette_edge_cases.py:397: error: Function is missing a type annotation  [no-untyped-def]
sprite_editor/tests/test_sprite_editor_core.py:21: error: Function is missing a type annotation  [no-untyped-def]
sprite_editor/tests/test_sprite_editor_core.py:39: error: Function is missing a return type annotation  [no-untyped-def]
sprite_editor/tests/test_sprite_editor_core.py:39: note: Use "-> None" if function does not return a value
sprite_editor/tests/test_sprite_editor_core.py:61: error: Function is missing a return type annotation  [no-untyped-def]
sprite_editor/tests/test_sprite_editor_core.py:61: note: Use "-> None" if function does not return a value
sprite_editor/tests/test_sprite_editor_core.py:82: error: Function is missing a type annotation  [no-untyped-def]
sprite_editor/tests/test_sprite_editor_core.py:87: error: Argument 1 to "len" has incompatible type "Optional[list[int]]"; expected "Sized"  [arg-type]
sprite_editor/tests/test_sprite_editor_core.py:91: error: Value of type "Optional[list[int]]" is not indexable  [index]
sprite_editor/tests/test_sprite_editor_core.py:92: error: Value of type "Optional[list[int]]" is not indexable  [index]
sprite_editor/tests/test_sprite_editor_core.py:93: error: Value of type "Optional[list[int]]" is not indexable  [index]
sprite_editor/tests/test_sprite_editor_core.py:99: error: Function is missing a type annotation  [no-untyped-def]
sprite_editor/tests/test_sprite_editor_core.py:108: error: Function is missing a return type annotation  [no-untyped-def]
sprite_editor/tests/test_sprite_editor_core.py:108: note: Use "-> None" if function does not return a value
sprite_editor/tests/test_sprite_editor_core.py:128: error: Function is missing a type annotation  [no-untyped-def]
sprite_editor/tests/test_sprite_editor_core.py:143: error: Function is missing a type annotation  [no-untyped-def]
sprite_editor/tests/test_sprite_editor_core.py:153: error: Function is missing a type annotation  [no-untyped-def]
sprite_editor/tests/test_sprite_editor_core.py:165: error: Function is missing a type annotation  [no-untyped-def]
sprite_editor/tests/test_sprite_editor_core.py:194: error: Function is missing a type annotation  [no-untyped-def]
sprite_editor/tests/test_sprite_editor_core.py:206: error: Function is missing a type annotation  [no-untyped-def]
sprite_editor/tests/test_sprite_editor_core.py:223: error: Function is missing a type annotation  [no-untyped-def]
sprite_editor/tests/test_sprite_editor_core.py:244: error: Function is missing a type annotation  [no-untyped-def]
sprite_editor/tests/test_sprite_editor_core.py:258: error: Function is missing a type annotation  [no-untyped-def]
sprite_editor/tests/test_sprite_editor_core.py:272: error: Function is missing a type annotation  [no-untyped-def]
sprite_editor/tests/test_sprite_editor_core.py:287: error: Function is missing a type annotation  [no-untyped-def]
sprite_editor/tests/test_sprite_editor_core.py:300: error: Function is missing a type annotation  [no-untyped-def]
sprite_editor/tests/test_sprite_editor_core.py:314: error: Function is missing a type annotation  [no-untyped-def]
sprite_editor/tests/test_sprite_editor_core.py:343: error: Function is missing a type annotation  [no-untyped-def]
sprite_editor/tests/test_sprite_editor_core.py:350: error: Unsupported right operand type for in ("Union[str, int]")  [operator]
sprite_editor/tests/test_sprite_editor_core.py:354: error: Function is missing a type annotation  [no-untyped-def]
sprite_editor/tests/test_sprite_editor_core.py:362: error: Value of type "Optional[dict[str, Union[str, int]]]" is not indexable  [index]
sprite_editor/tests/test_sprite_editor_core.py:363: error: Unsupported right operand type for in ("Union[str, int, Any]")  [operator]
sprite_editor/tests/test_sprite_editor_core.py:363: error: Value of type "Optional[dict[str, Union[str, int]]]" is not indexable  [index]
sprite_editor/tests/test_sprite_editor_core.py:370: error: Function is missing a type annotation  [no-untyped-def]
sprite_editor/tests/test_sprite_editor_core.py:379: error: Function is missing a type annotation  [no-untyped-def]
sprite_editor/tests/test_sprite_editor_core.py:393: error: Function is missing a type annotation  [no-untyped-def]
sprite_editor/tests/test_sprite_editor_core.py:407: error: Function is missing a type annotation  [no-untyped-def]
sprite_editor/tests/test_oam_integration.py:15: error: Function is missing a type annotation  [no-untyped-def]
sprite_editor/tests/test_oam_integration.py:51: error: Argument 1 to "putpalette" of "Image" has incompatible type "Optional[list[int]]"; expected "Union[ImagePalette, bytes, Sequence[int]]"  [arg-type]
sprite_editor/tests/test_oam_integration.py:64: error: Function is missing a type annotation  [no-untyped-def]
sprite_editor/tests/test_oam_integration.py:107: error: Function is missing a type annotation  [no-untyped-def]
sprite_editor/tests/test_oam_integration.py:140: error: Function is missing a type annotation  [no-untyped-def]
sprite_editor/tests/test_oam_integration.py:174: error: Function is missing a type annotation  [no-untyped-def]
sprite_editor/tests/test_oam_integration.py:220: error: Argument 1 to "putpalette" of "Image" has incompatible type "Optional[list[int]]"; expected "Union[ImagePalette, bytes, Sequence[int]]"  [arg-type]
sprite_editor/tests/test_oam_integration.py:231: error: Function is missing a type annotation  [no-untyped-def]
sprite_editor/tests/test_oam_integration.py:261: error: Function is missing a type annotation  [no-untyped-def]
sprite_editor/tests/test_integration.py:19: error: Function is missing a type annotation  [no-untyped-def]
sprite_editor/tests/test_integration.py:61: error: Argument 1 to "Path" has incompatible type "Union[str, bytes]"; expected "Union[str, PathLike[str]]"  [arg-type]
sprite_editor/tests/test_integration.py:64: error: Argument 1 to "extract_sprites" of "SpriteEditorCore" has incompatible type "Union[str, bytes]"; expected "str"  [arg-type]
sprite_editor/tests/test_integration.py:73: error: Function is missing a type annotation  [no-untyped-def]
sprite_editor/tests/test_integration.py:115: error: Function is missing a type annotation  [no-untyped-def]
sprite_editor/tests/test_integration.py:203: error: Function is missing a type annotation  [no-untyped-def]
sprite_editor/tests/test_integration.py:230: error: Function is missing a type annotation  [no-untyped-def]
sprite_editor/tests/test_integration.py:256: error: Function is missing a type annotation  [no-untyped-def]
sprite_editor/tests/test_integration.py:304: error: Function is missing a type annotation  [no-untyped-def]
sprite_editor/tests/test_integration.py:365: error: Argument 1 to "putpalette" of "Image" has incompatible type "Optional[list[int]]"; expected "Union[ImagePalette, bytes, Sequence[int]]"  [arg-type]
sprite_editor/tests/test_integration.py:370: error: Argument 1 to "putpalette" of "Image" has incompatible type "Optional[list[int]]"; expected "Union[ImagePalette, bytes, Sequence[int]]"  [arg-type]
sprite_editor/models/sprite_model.py:44: error: Function is missing a type annotation  [no-untyped-def]
sprite_editor/models/sprite_model.py:50: error: Function is missing a type annotation  [no-untyped-def]
sprite_editor/models/sprite_model.py:77: error: Function is missing a type annotation  [no-untyped-def]
sprite_editor/models/sprite_model.py:105: error: Function is missing a return type annotation  [no-untyped-def]
sprite_editor/models/sprite_model.py:111: error: Function is missing a return type annotation  [no-untyped-def]
sprite_editor/models/sprite_model.py:124: error: Function is missing a type annotation  [no-untyped-def]
sprite_editor/models/sprite_model.py:136: error: Function is missing a return type annotation  [no-untyped-def]
sprite_editor/models/sprite_model.py:142: error: Function is missing a return type annotation  [no-untyped-def]
sprite_editor/models/sprite_model.py:146: error: Function is missing a type annotation  [no-untyped-def]
sprite_editor/models/palette_model.py:30: error: Function is missing a type annotation  [no-untyped-def]
sprite_editor/models/palette_model.py:37: error: Function is missing a type annotation  [no-untyped-def]
sprite_editor/models/palette_model.py:54: error: Function is missing a type annotation  [no-untyped-def]
sprite_editor/models/palette_model.py:60: error: Function is missing a return type annotation  [no-untyped-def]
sprite_editor/models/palette_model.py:64: error: Function is missing a type annotation  [no-untyped-def]
sprite_editor/models/palette_model.py:80: error: Function is missing a type annotation  [no-untyped-def]
sprite_editor/models/palette_model.py:84: error: Function is missing a type annotation  [no-untyped-def]
sprite_editor/models/palette_model.py:88: error: Function is missing a type annotation  [no-untyped-def]
sprite_editor/models/palette_model.py:99: error: Function is missing a return type annotation  [no-untyped-def]
sprite_editor/models/palette_model.py:103: error: Function is missing a type annotation  [no-untyped-def]
sprite_editor/models/palette_model.py:107: error: Function is missing a type annotation  [no-untyped-def]
sprite_editor/models/palette_model.py:113: error: Function is missing a type annotation  [no-untyped-def]
sprite_editor/models/palette_model.py:134: error: Function is missing a type annotation  [no-untyped-def]
sprite_editor_unified.py:38: error: Function is missing a type annotation  [no-untyped-def]
sprite_editor_unified.py:45: error: Function is missing a return type annotation  [no-untyped-def]
sprite_editor_unified.py:45: note: Use "-> None" if function does not return a value
sprite_editor_unified.py:60: error: Function is missing a return type annotation  [no-untyped-def]
sprite_editor_unified.py:60: note: Use "-> None" if function does not return a value
sprite_editor_unified.py:104: error: Function is missing a return type annotation  [no-untyped-def]
sprite_editor_unified.py:104: note: Use "-> None" if function does not return a value
sprite_editor_unified.py:148: error: Function is missing a return type annotation  [no-untyped-def]
sprite_editor_unified.py:148: note: Use "-> None" if function does not return a value
sprite_editor_unified.py:194: error: Function is missing a return type annotation  [no-untyped-def]
sprite_editor_unified.py:194: note: Use "-> None" if function does not return a value
sprite_editor_unified.py:244: error: Function is missing a type annotation  [no-untyped-def]
sprite_editor_unified.py:308: error: Function is missing a return type annotation  [no-untyped-def]
sprite_editor_unified.py:308: note: Use "-> None" if function does not return a value
sprite_editor_unified.py:314: error: Function is missing a type annotation  [no-untyped-def]
sprite_editor_unified.py:329: error: Function is missing a return type annotation  [no-untyped-def]
sprite_editor_unified.py:341: error: Incompatible types in assignment (expression has type "int", target has type "Optional[str]")  [assignment]
sprite_editor_unified.py:342: error: Incompatible types in assignment (expression has type "int", target has type "Optional[str]")  [assignment]
sprite_editor_unified.py:344: error: Incompatible types in assignment (expression has type "int", target has type "Optional[str]")  [assignment]
sprite_editor_unified.py:345: error: Incompatible types in assignment (expression has type "int", target has type "Optional[str]")  [assignment]
sprite_editor_unified.py:347: error: Incompatible types in assignment (expression has type "int", target has type "Optional[str]")  [assignment]
sprite_editor_unified.py:348: error: Incompatible types in assignment (expression has type "int", target has type "Optional[str]")  [assignment]
sprite_editor_unified.py:356: error: Function is missing a return type annotation  [no-untyped-def]
sprite_editor_unified.py:356: note: Use "-> None" if function does not return a value
sprite_editor_unified.py:365: error: Function is missing a return type annotation  [no-untyped-def]
sprite_editor_unified.py:365: note: Use "-> None" if function does not return a value
sprite_editor_unified.py:404: error: Function is missing a return type annotation  [no-untyped-def]
sprite_editor_unified.py:404: note: Use "-> None" if function does not return a value
sprite_editor_unified.py:409: error: Item "None" of "Optional[QMenuBar]" has no attribute "addMenu"  [union-attr]
sprite_editor_unified.py:414: error: Item "None" of "Union[QMenu, Any, None]" has no attribute "addAction"  [union-attr]
sprite_editor_unified.py:419: error: Item "None" of "Union[QMenu, Any, None]" has no attribute "addAction"  [union-attr]
sprite_editor_unified.py:424: error: Item "None" of "Union[QMenu, Any, None]" has no attribute "addAction"  [union-attr]
sprite_editor_unified.py:426: error: Item "None" of "Union[QMenu, Any, None]" has no attribute "addSeparator"  [union-attr]
sprite_editor_unified.py:429: error: Item "None" of "Union[QMenu, Any, None]" has no attribute "addMenu"  [union-attr]
sprite_editor_unified.py:431: error: Item "None" of "Union[QMenu, Any, None]" has no attribute "addSeparator"  [union-attr]
sprite_editor_unified.py:436: error: Item "None" of "Union[QMenu, Any, None]" has no attribute "addAction"  [union-attr]
sprite_editor_unified.py:439: error: Item "None" of "Optional[QMenuBar]" has no attribute "addMenu"  [union-attr]
sprite_editor_unified.py:444: error: Item "None" of "Union[QMenu, Any, None]" has no attribute "addAction"  [union-attr]
sprite_editor_unified.py:449: error: Item "None" of "Union[QMenu, Any, None]" has no attribute "addAction"  [union-attr]
sprite_editor_unified.py:451: error: Item "None" of "Union[QMenu, Any, None]" has no attribute "addSeparator"  [union-attr]
sprite_editor_unified.py:455: error: Item "None" of "Union[QMenu, Any, None]" has no attribute "addAction"  [union-attr]
sprite_editor_unified.py:458: error: Item "None" of "Optional[QMenuBar]" has no attribute "addMenu"  [union-attr]
sprite_editor_unified.py:463: error: Item "None" of "Union[QMenu, Any, None]" has no attribute "addAction"  [union-attr]
sprite_editor_unified.py:465: error: Item "None" of "Union[QMenu, Any, None]" has no attribute "addSeparator"  [union-attr]
sprite_editor_unified.py:469: error: Item "None" of "Union[QMenu, Any, None]" has no attribute "addAction"  [union-attr]
sprite_editor_unified.py:473: error: Item "None" of "Union[QMenu, Any, None]" has no attribute "addAction"  [union-attr]
sprite_editor_unified.py:475: error: Item "None" of "Union[QMenu, Any, None]" has no attribute "addSeparator"  [union-attr]
sprite_editor_unified.py:479: error: Item "None" of "Union[QMenu, Any, None]" has no attribute "addAction"  [union-attr]
sprite_editor_unified.py:483: error: Item "None" of "Union[QMenu, Any, None]" has no attribute "addAction"  [union-attr]
sprite_editor_unified.py:486: error: Item "None" of "Optional[QMenuBar]" has no attribute "addMenu"  [union-attr]
sprite_editor_unified.py:491: error: Item "None" of "Union[QMenu, Any, None]" has no attribute "addAction"  [union-attr]
sprite_editor_unified.py:495: error: Item "None" of "Union[QMenu, Any, None]" has no attribute "addAction"  [union-attr]
sprite_editor_unified.py:497: error: Item "None" of "Union[QMenu, Any, None]" has no attribute "addSeparator"  [union-attr]
sprite_editor_unified.py:501: error: Item "None" of "Union[QMenu, Any, None]" has no attribute "addAction"  [union-attr]
sprite_editor_unified.py:503: error: Function is missing a return type annotation  [no-untyped-def]
sprite_editor_unified.py:535: error: Function is missing a return type annotation  [no-untyped-def]
sprite_editor_unified.py:592: error: Function is missing a return type annotation  [no-untyped-def]
sprite_editor_unified.py:592: note: Use "-> None" if function does not return a value
sprite_editor_unified.py:618: error: Function is missing a return type annotation  [no-untyped-def]
sprite_editor_unified.py:726: error: Function is missing a return type annotation  [no-untyped-def]
sprite_editor_unified.py:801: error: Function is missing a return type annotation  [no-untyped-def]
sprite_editor_unified.py:845: error: Function is missing a return type annotation  [no-untyped-def]
sprite_editor_unified.py:910: error: Function is missing a return type annotation  [no-untyped-def]
sprite_editor_unified.py:961: error: Function is missing a return type annotation  [no-untyped-def]
sprite_editor_unified.py:994: error: Function is missing a type annotation  [no-untyped-def]
sprite_editor_unified.py:1002: error: Function is missing a type annotation  [no-untyped-def]
sprite_editor_unified.py:1010: error: Function is missing a type annotation  [no-untyped-def]
sprite_editor_unified.py:1017: error: Item "None" of "Optional[QScrollBar]" has no attribute "setValue"  [union-attr]
sprite_editor_unified.py:1017: error: Item "None" of "Optional[QScrollBar]" has no attribute "maximum"  [union-attr]
sprite_editor_unified.py:1019: error: Function is missing a type annotation  [no-untyped-def]
sprite_editor_unified.py:1026: error: Function is missing a type annotation  [no-untyped-def]
sprite_editor_unified.py:1033: error: Function is missing a return type annotation  [no-untyped-def]
sprite_editor_unified.py:1033: note: Use "-> None" if function does not return a value
sprite_editor_unified.py:1040: error: Function is missing a return type annotation  [no-untyped-def]
sprite_editor_unified.py:1040: note: Use "-> None" if function does not return a value
sprite_editor_unified.py:1093: error: Function is missing a type annotation  [no-untyped-def]
sprite_editor_unified.py:1104: error: Function is missing a return type annotation  [no-untyped-def]
sprite_editor_unified.py:1104: note: Use "-> None" if function does not return a value
sprite_editor_unified.py:1126: error: Function is missing a type annotation  [no-untyped-def]
sprite_editor_unified.py:1140: error: Function is missing a return type annotation  [no-untyped-def]
sprite_editor_unified.py:1140: note: Use "-> None" if function does not return a value
sprite_editor_unified.py:1164: error: Function is missing a type annotation  [no-untyped-def]
sprite_editor_unified.py:1179: error: Function is missing a return type annotation  [no-untyped-def]
sprite_editor_unified.py:1179: note: Use "-> None" if function does not return a value
sprite_editor_unified.py:1186: error: Function is missing a type annotation  [no-untyped-def]
sprite_editor_unified.py:1194: error: Function is missing a return type annotation  [no-untyped-def]
sprite_editor_unified.py:1194: note: Use "-> None" if function does not return a value
sprite_editor_unified.py:1229: error: Function is missing a return type annotation  [no-untyped-def]
sprite_editor_unified.py:1229: note: Use "-> None" if function does not return a value
sprite_editor_unified.py:1265: error: Function is missing a return type annotation  [no-untyped-def]
sprite_editor_unified.py:1265: note: Use "-> None" if function does not return a value
sprite_editor_unified.py:1286: error: Function is missing a return type annotation  [no-untyped-def]
sprite_editor_unified.py:1286: note: Use "-> None" if function does not return a value
sprite_editor_unified.py:1303: error: Function is missing a return type annotation  [no-untyped-def]
sprite_editor_unified.py:1303: note: Use "-> None" if function does not return a value
sprite_editor_unified.py:1321: error: Function is missing a return type annotation  [no-untyped-def]
sprite_editor_unified.py:1321: note: Use "-> None" if function does not return a value
sprite_editor_unified.py:1332: error: Function is missing a return type annotation  [no-untyped-def]
sprite_editor_unified.py:1332: note: Use "-> None" if function does not return a value
sprite_editor_unified.py:1340: error: Function is missing a return type annotation  [no-untyped-def]
sprite_editor_unified.py:1340: note: Use "-> None" if function does not return a value
sprite_editor_unified.py:1354: error: Function is missing a type annotation  [no-untyped-def]
sprite_editor_unified.py:1372: error: Function is missing a type annotation  [no-untyped-def]
sprite_editor_unified.py:1378: error: Function is missing a return type annotation  [no-untyped-def]
sprite_editor_unified.py:1380: error: Item "None" of "Union[QMenu, Any, None]" has no attribute "clear"  [union-attr]
sprite_editor_unified.py:1393: error: Item "None" of "Union[QMenu, Any, None]" has no attribute "addAction"  [union-attr]
sprite_editor_unified.py:1405: error: Item "None" of "Union[QMenu, Any, None]" has no attribute "addAction"  [union-attr]
sprite_editor_unified.py:1408: error: Function is missing a return type annotation  [no-untyped-def]
sprite_editor_unified.py:1408: note: Use "-> None" if function does not return a value
sprite_editor_unified.py:1415: error: Function is missing a return type annotation  [no-untyped-def]
sprite_editor_unified.py:1415: note: Use "-> None" if function does not return a value
sprite_editor_unified.py:1422: error: Function is missing a return type annotation  [no-untyped-def]
sprite_editor_unified.py:1422: note: Use "-> None" if function does not return a value
sprite_editor_unified.py:1429: error: Function is missing a return type annotation  [no-untyped-def]
sprite_editor_unified.py:1429: note: Use "-> None" if function does not return a value
sprite_editor_unified.py:1437: error: Function is missing a return type annotation  [no-untyped-def]
sprite_editor_unified.py:1437: note: Use "-> None" if function does not return a value
sprite_editor_unified.py:1442: error: Function is missing a return type annotation  [no-untyped-def]
sprite_editor_unified.py:1442: note: Use "-> None" if function does not return a value
sprite_editor_unified.py:1447: error: Function is missing a return type annotation  [no-untyped-def]
sprite_editor_unified.py:1447: note: Use "-> None" if function does not return a value
sprite_editor_unified.py:1452: error: Function is missing a return type annotation  [no-untyped-def]
sprite_editor_unified.py:1452: note: Use "-> None" if function does not return a value
sprite_editor_unified.py:1457: error: Function is missing a return type annotation  [no-untyped-def]
sprite_editor_unified.py:1457: note: Use "-> None" if function does not return a value
sprite_editor_unified.py:1491: error: Function is missing a return type annotation  [no-untyped-def]
sprite_editor_unified.py:1491: note: Use "-> None" if function does not return a value
sprite_editor_unified.py:1522: error: Function is missing a return type annotation  [no-untyped-def]
sprite_editor_unified.py:1522: note: Use "-> None" if function does not return a value
sprite_editor_unified.py:1542: error: Function is missing a return type annotation  [no-untyped-def]
sprite_editor_unified.py:1542: note: Use "-> None" if function does not return a value
sprite_editor_unified.py:1552: error: Function is missing a return type annotation  [no-untyped-def]
sprite_editor_unified.py:1552: note: Use "-> None" if function does not return a value
sprite_editor_unified.py:1555: error: Module has no attribute "startfile"  [attr-defined]
sprite_editor_unified.py:1561: error: Function is missing a return type annotation  [no-untyped-def]
sprite_editor_unified.py:1561: note: Use "-> None" if function does not return a value
sprite_editor_unified.py:1580: error: Function is missing a return type annotation  [no-untyped-def]
sprite_editor_unified.py:1580: note: Use "-> None" if function does not return a value
sprite_editor_unified.py:1584: error: Function is missing a return type annotation  [no-untyped-def]
sprite_editor_unified.py:1584: note: Use "-> None" if function does not return a value
sprite_editor_unified.py:1595: error: Function is missing a return type annotation  [no-untyped-def]
sprite_editor_unified.py:1595: note: Use "-> None" if function does not return a value
sprite_editor_unified.py:1602: error: Function is missing a return type annotation  [no-untyped-def]
sprite_editor_unified.py:1602: note: Use "-> None" if function does not return a value
sprite_editor_unified.py:1607: error: Function is missing a type annotation  [no-untyped-def]
sprite_editor_unified.py:1613: error: Function is missing a return type annotation  [no-untyped-def]
sprite_editor_unified.py:1613: note: Use "-> None" if function does not return a value
sprite_editor/tests/test_workers.py:22: error: Function is missing a type annotation  [no-untyped-def]
sprite_editor/tests/test_workers.py:69: error: Function is missing a type annotation  [no-untyped-def]
sprite_editor/tests/test_workers.py:88: error: Function is missing a type annotation  [no-untyped-def]
sprite_editor/tests/test_workers.py:110: error: Function is missing a type annotation  [no-untyped-def]
sprite_editor/tests/test_workers.py:141: error: Function is missing a type annotation  [no-untyped-def]
sprite_editor/tests/test_workers.py:161: error: Function is missing a type annotation  [no-untyped-def]
sprite_editor/tests/test_workers.py:181: error: Function is missing a type annotation  [no-untyped-def]
sprite_editor/tests/test_workers.py:206: error: Function is missing a type annotation  [no-untyped-def]
sprite_editor/tests/test_workers.py:222: error: Function is missing a type annotation  [no-untyped-def]
sprite_editor/tests/test_workers.py:233: error: Cannot assign to a method  [method-assign]
sprite_editor/tests/test_workers.py:234: error: Cannot assign to a method  [method-assign]
sprite_editor/tests/test_workers.py:235: error: Cannot assign to a method  [method-assign]
sprite_editor/tests/test_workers.py:261: error: Function is missing a type annotation  [no-untyped-def]
sprite_editor/tests/test_workers.py:273: error: Cannot assign to a method  [method-assign]
sprite_editor/tests/test_workers.py:295: error: Function is missing a type annotation  [no-untyped-def]
sprite_editor/tests/test_workers.py:306: error: Cannot assign to a method  [method-assign]
sprite_editor/tests/test_workers.py:307: error: Cannot assign to a method  [method-assign]
sprite_editor/tests/test_workers.py:321: error: Function is missing a type annotation  [no-untyped-def]
sprite_editor/tests/test_workers.py:332: error: Cannot assign to a method  [method-assign]
sprite_editor/tests/test_workers.py:333: error: Cannot assign to a method  [method-assign]
sprite_editor/tests/test_workers.py:334: error: Cannot assign to a method  [method-assign]
sprite_editor/tests/test_viewer_controller.py:23: error: Function is missing a return type annotation  [no-untyped-def]
sprite_editor/tests/test_viewer_controller.py:31: error: Function is missing a return type annotation  [no-untyped-def]
sprite_editor/tests/test_viewer_controller.py:69: error: Function is missing a type annotation  [no-untyped-def]
sprite_editor/tests/test_viewer_controller.py:78: error: Function is missing a return type annotation  [no-untyped-def]
sprite_editor/tests/test_viewer_controller.py:95: error: Function is missing a type annotation  [no-untyped-def]
sprite_editor/tests/test_viewer_controller.py:104: error: Function is missing a type annotation  [no-untyped-def]
sprite_editor/tests/test_viewer_controller.py:119: error: Function is missing a type annotation  [no-untyped-def]
sprite_editor/tests/test_viewer_controller.py:133: error: Function is missing a type annotation  [no-untyped-def]
sprite_editor/tests/test_viewer_controller.py:141: error: Function is missing a type annotation  [no-untyped-def]
sprite_editor/tests/test_viewer_controller.py:154: error: Function is missing a type annotation  [no-untyped-def]
sprite_editor/tests/test_viewer_controller.py:176: error: Function is missing a type annotation  [no-untyped-def]
sprite_editor/tests/test_viewer_controller.py:189: error: Function is missing a type annotation  [no-untyped-def]
sprite_editor/tests/test_viewer_controller.py:202: error: Function is missing a type annotation  [no-untyped-def]
sprite_editor/tests/test_viewer_controller.py:215: error: Function is missing a type annotation  [no-untyped-def]
sprite_editor/tests/test_viewer_controller.py:222: error: Function is missing a type annotation  [no-untyped-def]
sprite_editor/tests/test_viewer_controller.py:234: error: Function is missing a type annotation  [no-untyped-def]
sprite_editor/tests/test_viewer_controller.py:247: error: Function is missing a type annotation  [no-untyped-def]
sprite_editor/tests/test_viewer_controller.py:262: error: Function is missing a type annotation  [no-untyped-def]
sprite_editor/tests/test_viewer_controller.py:287: error: Function is missing a type annotation  [no-untyped-def]
sprite_editor/tests/test_viewer_controller.py:300: error: Function is missing a type annotation  [no-untyped-def]
sprite_editor/tests/test_viewer_controller.py:321: error: Function is missing a type annotation  [no-untyped-def]
sprite_editor/tests/test_viewer_controller.py:338: error: Function is missing a type annotation  [no-untyped-def]
sprite_editor/tests/test_viewer_controller.py:360: error: Function is missing a type annotation  [no-untyped-def]
sprite_editor/tests/test_viewer_controller.py:372: error: Function is missing a type annotation  [no-untyped-def]
sprite_editor/tests/test_viewer_controller.py:386: error: Function is missing a type annotation  [no-untyped-def]
sprite_editor/tests/test_viewer_controller.py:413: error: Function is missing a type annotation  [no-untyped-def]
sprite_editor/tests/test_viewer_controller.py:448: error: Function is missing a type annotation  [no-untyped-def]
sprite_editor/tests/test_viewer_controller.py:474: error: Function is missing a type annotation  [no-untyped-def]
sprite_editor/tests/test_sprite_editor_core_coverage.py:17: error: Function is missing a type annotation  [no-untyped-def]
sprite_editor/tests/test_sprite_editor_core_coverage.py:30: error: Function is missing a type annotation  [no-untyped-def]
sprite_editor/tests/test_sprite_editor_core_coverage.py:45: error: Function is missing a type annotation  [no-untyped-def]
sprite_editor/tests/test_sprite_editor_core_coverage.py:53: error: Function is missing a type annotation  [no-untyped-def]
sprite_editor/tests/test_sprite_editor_core_coverage.py:65: error: Function is missing a type annotation  [no-untyped-def]
sprite_editor/tests/test_sprite_editor_core_coverage.py:73: error: Function is missing a type annotation  [no-untyped-def]
sprite_editor/tests/test_sprite_editor_core_coverage.py:82: error: Function is missing a type annotation  [no-untyped-def]
sprite_editor/tests/test_sprite_editor_core_coverage.py:96: error: Function is missing a type annotation  [no-untyped-def]
sprite_editor/tests/test_sprite_editor_core_coverage.py:109: error: Function is missing a type annotation  [no-untyped-def]
sprite_editor/tests/test_sprite_editor_core_coverage.py:124: error: Function is missing a type annotation  [no-untyped-def]
sprite_editor/tests/test_sprite_editor_core_coverage.py:137: error: Function is missing a type annotation  [no-untyped-def]
sprite_editor/tests/test_sprite_editor_core_coverage.py:148: error: Function is missing a type annotation  [no-untyped-def]
sprite_editor/tests/test_sprite_editor_core_coverage.py:158: error: Function is missing a type annotation  [no-untyped-def]
sprite_editor/tests/test_sprite_editor_core_coverage.py:168: error: Function is missing a type annotation  [no-untyped-def]
sprite_editor/tests/test_sprite_editor_core_coverage.py:181: error: Function is missing a type annotation  [no-untyped-def]
sprite_editor/tests/test_sprite_editor_core_coverage.py:191: error: Function is missing a type annotation  [no-untyped-def]
sprite_editor/tests/test_sprite_editor_core_coverage.py:200: error: Function is missing a type annotation  [no-untyped-def]
sprite_editor/tests/test_sprite_editor_core_coverage.py:208: error: Function is missing a type annotation  [no-untyped-def]
sprite_editor/tests/test_sprite_editor_core_coverage.py:222: error: Function is missing a type annotation  [no-untyped-def]
sprite_editor/tests/test_sprite_editor_core_coverage.py:236: error: Function is missing a type annotation  [no-untyped-def]
sprite_editor/tests/test_sprite_editor_core_coverage.py:254: error: Function is missing a type annotation  [no-untyped-def]
sprite_editor/tests/test_sprite_editor_core_coverage.py:262: error: Function is missing a type annotation  [no-untyped-def]
sprite_editor/tests/test_sprite_editor_core_coverage.py:279: error: Function is missing a return type annotation  [no-untyped-def]
sprite_editor/tests/test_sprite_editor_core_coverage.py:279: note: Use "-> None" if function does not return a value
sprite_editor/tests/test_settings_manager.py:19: error: Function is missing a type annotation  [no-untyped-def]
sprite_editor/tests/test_settings_manager.py:27: error: Function is missing a type annotation  [no-untyped-def]
sprite_editor/tests/test_settings_manager.py:30: error: Function is missing a return type annotation  [no-untyped-def]
sprite_editor/tests/test_settings_manager.py:44: error: Function is missing a type annotation  [no-untyped-def]
sprite_editor/tests/test_settings_manager.py:48: error: Function is missing a return type annotation  [no-untyped-def]
sprite_editor/tests/test_settings_manager.py:57: error: Function is missing a type annotation  [no-untyped-def]
sprite_editor/tests/test_settings_manager.py:74: error: Function is missing a type annotation  [no-untyped-def]
sprite_editor/tests/test_settings_manager.py:88: error: Function is missing a type annotation  [no-untyped-def]
sprite_editor/tests/test_settings_manager.py:112: error: Function is missing a type annotation  [no-untyped-def]
sprite_editor/tests/test_settings_manager.py:117: error: Function is missing a type annotation  [no-untyped-def]
sprite_editor/tests/test_settings_manager.py:122: error: Function is missing a type annotation  [no-untyped-def]
sprite_editor/tests/test_settings_manager.py:127: error: Function is missing a type annotation  [no-untyped-def]
sprite_editor/tests/test_settings_manager.py:132: error: Function is missing a type annotation  [no-untyped-def]
sprite_editor/tests/test_settings_manager.py:137: error: Function is missing a type annotation  [no-untyped-def]
sprite_editor/tests/test_settings_manager.py:142: error: Function is missing a type annotation  [no-untyped-def]
sprite_editor/tests/test_settings_manager.py:150: error: Function is missing a type annotation  [no-untyped-def]
sprite_editor/tests/test_settings_manager.py:168: error: Function is missing a type annotation  [no-untyped-def]
sprite_editor/tests/test_settings_manager.py:175: error: Function is missing a type annotation  [no-untyped-def]
sprite_editor/tests/test_settings_manager.py:191: error: Function is missing a type annotation  [no-untyped-def]
sprite_editor/tests/test_settings_manager.py:207: error: Function is missing a type annotation  [no-untyped-def]
sprite_editor/tests/test_settings_manager.py:218: error: Function is missing a type annotation  [no-untyped-def]
sprite_editor/tests/test_settings_manager.py:228: error: Function is missing a type annotation  [no-untyped-def]
sprite_editor/tests/test_settings_manager.py:242: error: Function is missing a type annotation  [no-untyped-def]
sprite_editor/tests/test_settings_manager.py:254: error: Function is missing a type annotation  [no-untyped-def]
sprite_editor/tests/test_settings_manager.py:270: error: Function is missing a type annotation  [no-untyped-def]
sprite_editor/tests/test_settings_manager.py:282: error: Function is missing a type annotation  [no-untyped-def]
sprite_editor/tests/test_settings_manager.py:293: error: Function is missing a type annotation  [no-untyped-def]
sprite_editor/tests/test_settings_manager.py:310: error: Function is missing a type annotation  [no-untyped-def]
sprite_editor/tests/test_settings_manager.py:322: error: Function is missing a type annotation  [no-untyped-def]
sprite_editor/tests/test_settings_manager.py:325: error: Function is missing a type annotation  [no-untyped-def]
sprite_editor/tests/test_settings_manager.py:333: error: Function is missing a type annotation  [no-untyped-def]
sprite_editor/tests/test_settings_manager.py:351: error: Function is missing a type annotation  [no-untyped-def]
sprite_editor/tests/test_settings_manager.py:363: error: Function is missing a type annotation  [no-untyped-def]
sprite_editor/tests/test_palette_controller.py:24: error: Function is missing a type annotation  [no-untyped-def]
sprite_editor/tests/test_palette_controller.py:45: error: Function is missing a return type annotation  [no-untyped-def]
sprite_editor/tests/test_palette_controller.py:64: error: Function is missing a type annotation  [no-untyped-def]
sprite_editor/tests/test_palette_controller.py:75: error: Function is missing a type annotation  [no-untyped-def]
sprite_editor/tests/test_palette_controller.py:101: error: Function is missing a type annotation  [no-untyped-def]
sprite_editor/tests/test_palette_controller.py:113: error: Function is missing a type annotation  [no-untyped-def]
sprite_editor/tests/test_palette_controller.py:125: error: Function is missing a type annotation  [no-untyped-def]
sprite_editor/tests/test_palette_controller.py:153: error: Function is missing a type annotation  [no-untyped-def]
sprite_editor/tests/test_palette_controller.py:163: error: Function is missing a type annotation  [no-untyped-def]
sprite_editor/tests/test_palette_controller.py:179: error: Function is missing a type annotation  [no-untyped-def]
sprite_editor/tests/test_palette_controller.py:198: error: Function is missing a type annotation  [no-untyped-def]
sprite_editor/tests/test_palette_controller.py:211: error: Function is missing a type annotation  [no-untyped-def]
sprite_editor/tests/test_palette_controller.py:225: error: Function is missing a type annotation  [no-untyped-def]
sprite_editor/tests/test_palette_controller.py:238: error: Function is missing a type annotation  [no-untyped-def]
sprite_editor/tests/test_palette_controller.py:252: error: Function is missing a type annotation  [no-untyped-def]
sprite_editor/tests/test_palette_controller.py:288: error: Function is missing a type annotation  [no-untyped-def]
sprite_editor/tests/test_palette_controller.py:318: error: Function is missing a type annotation  [no-untyped-def]
sprite_editor/tests/test_palette_controller.py:343: error: Function is missing a type annotation  [no-untyped-def]
sprite_editor/tests/test_palette_controller.py:357: error: Function is missing a type annotation  [no-untyped-def]
sprite_editor/tests/test_palette_controller.py:369: error: Function is missing a type annotation  [no-untyped-def]
sprite_editor/tests/test_palette_controller.py:387: error: Function is missing a type annotation  [no-untyped-def]
sprite_editor/tests/test_palette_controller.py:419: error: Function is missing a type annotation  [no-untyped-def]
sprite_editor/tests/test_palette_controller.py:438: error: Function is missing a type annotation  [no-untyped-def]
sprite_editor/tests/test_palette_controller.py:450: error: Function is missing a type annotation  [no-untyped-def]
sprite_editor/tests/test_palette_controller.py:471: error: Function is missing a type annotation  [no-untyped-def]
sprite_editor/tests/test_palette_controller.py:488: error: Function is missing a type annotation  [no-untyped-def]
sprite_editor/tests/test_palette_controller.py:495: error: Function is missing a type annotation  [no-untyped-def]
sprite_editor/tests/test_palette_controller.py:496: error: Function is missing a type annotation  [no-untyped-def]
sprite_editor/tests/test_models.py:20: error: Function is missing a return type annotation  [no-untyped-def]
sprite_editor/tests/test_models.py:20: note: Use "-> None" if function does not return a value
sprite_editor/tests/test_models.py:35: error: Function is missing a return type annotation  [no-untyped-def]
sprite_editor/tests/test_models.py:35: note: Use "-> None" if function does not return a value
sprite_editor/tests/test_models.py:49: error: Function is missing a return type annotation  [no-untyped-def]
sprite_editor/tests/test_models.py:49: note: Use "-> None" if function does not return a value
sprite_editor/tests/test_models.py:63: error: Function is missing a return type annotation  [no-untyped-def]
sprite_editor/tests/test_models.py:63: note: Use "-> None" if function does not return a value
sprite_editor/tests/test_models.py:85: error: Function is missing a return type annotation  [no-untyped-def]
sprite_editor/tests/test_models.py:85: note: Use "-> None" if function does not return a value
sprite_editor/tests/test_models.py:103: error: Function is missing a return type annotation  [no-untyped-def]
sprite_editor/tests/test_models.py:103: note: Use "-> None" if function does not return a value
sprite_editor/tests/test_models.py:129: error: Function is missing a return type annotation  [no-untyped-def]
sprite_editor/tests/test_models.py:129: note: Use "-> None" if function does not return a value
sprite_editor/tests/test_models.py:147: error: Function is missing a return type annotation  [no-untyped-def]
sprite_editor/tests/test_models.py:147: note: Use "-> None" if function does not return a value
sprite_editor/tests/test_models.py:158: error: Function is missing a return type annotation  [no-untyped-def]
sprite_editor/tests/test_models.py:158: note: Use "-> None" if function does not return a value
sprite_editor/tests/test_models.py:183: error: Function is missing a return type annotation  [no-untyped-def]
sprite_editor/tests/test_models.py:183: note: Use "-> None" if function does not return a value
sprite_editor/tests/test_models.py:198: error: Function is missing a return type annotation  [no-untyped-def]
sprite_editor/tests/test_models.py:198: note: Use "-> None" if function does not return a value
sprite_editor/tests/test_models.py:213: error: Function is missing a return type annotation  [no-untyped-def]
sprite_editor/tests/test_models.py:213: note: Use "-> None" if function does not return a value
sprite_editor/tests/test_models.py:232: error: Function is missing a return type annotation  [no-untyped-def]
sprite_editor/tests/test_models.py:232: note: Use "-> None" if function does not return a value
sprite_editor/tests/test_models.py:270: error: Function is missing a return type annotation  [no-untyped-def]
sprite_editor/tests/test_models.py:270: note: Use "-> None" if function does not return a value
sprite_editor/tests/test_models.py:284: error: Function is missing a return type annotation  [no-untyped-def]
sprite_editor/tests/test_models.py:284: note: Use "-> None" if function does not return a value
sprite_editor/tests/test_models.py:298: error: Function is missing a return type annotation  [no-untyped-def]
sprite_editor/tests/test_models.py:298: note: Use "-> None" if function does not return a value
sprite_editor/tests/test_models.py:312: error: Function is missing a return type annotation  [no-untyped-def]
sprite_editor/tests/test_models.py:312: note: Use "-> None" if function does not return a value
sprite_editor/tests/test_models.py:325: error: Function is missing a return type annotation  [no-untyped-def]
sprite_editor/tests/test_models.py:325: note: Use "-> None" if function does not return a value
sprite_editor/tests/test_models.py:345: error: Function is missing a return type annotation  [no-untyped-def]
sprite_editor/tests/test_models.py:345: note: Use "-> None" if function does not return a value
sprite_editor/tests/test_models.py:358: error: Function is missing a return type annotation  [no-untyped-def]
sprite_editor/tests/test_models.py:358: note: Use "-> None" if function does not return a value
sprite_editor/tests/test_models.py:364: error: Function is missing a type annotation  [no-untyped-def]
sprite_editor/tests/test_models.py:380: error: Function is missing a return type annotation  [no-untyped-def]
sprite_editor/tests/test_models.py:380: note: Use "-> None" if function does not return a value
sprite_editor/tests/test_models.py:396: error: Function is missing a return type annotation  [no-untyped-def]
sprite_editor/tests/test_models.py:396: note: Use "-> None" if function does not return a value
sprite_editor/tests/test_error_handling.py:26: error: Function is missing a return type annotation  [no-untyped-def]
sprite_editor/tests/test_error_handling.py:26: note: Use "-> None" if function does not return a value
sprite_editor/tests/test_error_handling.py:34: error: Function is missing a type annotation  [no-untyped-def]
sprite_editor/tests/test_error_handling.py:48: error: Function is missing a type annotation  [no-untyped-def]
sprite_editor/tests/test_error_handling.py:56: error: Function is missing a return type annotation  [no-untyped-def]
sprite_editor/tests/test_error_handling.py:56: note: Use "-> None" if function does not return a value
sprite_editor/tests/test_error_handling.py:64: error: Function is missing a return type annotation  [no-untyped-def]
sprite_editor/tests/test_error_handling.py:64: note: Use "-> None" if function does not return a value
sprite_editor/tests/test_error_handling.py:72: error: Function is missing a type annotation  [no-untyped-def]
sprite_editor/tests/test_error_handling.py:84: error: Function is missing a type annotation  [no-untyped-def]
sprite_editor/tests/test_error_handling.py:97: error: Function is missing a type annotation  [no-untyped-def]
sprite_editor/tests/test_error_handling.py:118: error: Function is missing a type annotation  [no-untyped-def]
sprite_editor/tests/test_error_handling.py:147: error: Function is missing a type annotation  [no-untyped-def]
sprite_editor/tests/test_error_handling.py:159: error: Function is missing a type annotation  [no-untyped-def]
sprite_editor/tests/test_error_handling.py:177: error: Function is missing a return type annotation  [no-untyped-def]
sprite_editor/tests/test_error_handling.py:177: note: Use "-> None" if function does not return a value
sprite_editor/tests/test_error_handling.py:183: error: Function is missing a return type annotation  [no-untyped-def]
sprite_editor/tests/test_error_handling.py:183: note: Use "-> None" if function does not return a value
sprite_editor/tests/test_error_handling.py:189: error: Function is missing a type annotation  [no-untyped-def]
sprite_editor/tests/test_error_handling.py:203: error: Function is missing a type annotation  [no-untyped-def]
sprite_editor/tests/test_error_handling.py:214: error: Function is missing a type annotation  [no-untyped-def]
sprite_editor/tests/test_error_handling.py:225: error: Function is missing a return type annotation  [no-untyped-def]
sprite_editor/tests/test_error_handling.py:225: note: Use "-> None" if function does not return a value
sprite_editor/tests/test_error_handling.py:235: error: Function is missing a type annotation  [no-untyped-def]
sprite_editor/tests/test_error_handling.py:249: error: Function is missing a type annotation  [no-untyped-def]
sprite_editor/tests/test_error_handling.py:262: error: Function is missing a return type annotation  [no-untyped-def]
sprite_editor/tests/test_error_handling.py:262: note: Use "-> None" if function does not return a value
sprite_editor/tests/test_error_handling.py:274: error: Function is missing a type annotation  [no-untyped-def]
sprite_editor/tests/test_error_handling.py:284: error: Function is missing a type annotation  [no-untyped-def]
sprite_editor/tests/test_error_handling.py:299: error: Function is missing a type annotation  [no-untyped-def]
sprite_editor/tests/test_error_handling.py:313: error: Function is missing a type annotation  [no-untyped-def]
sprite_editor/tests/test_error_handling.py:318: error: Argument 4 to "create_palette_grid_preview" of "SpriteEditorCore" has incompatible type "None"; expected "str"  [arg-type]
sprite_editor/tests/test_error_handling.py:330: error: Function is missing a type annotation  [no-untyped-def]
sprite_editor/tests/test_error_handling.py:353: error: Function is missing a type annotation  [no-untyped-def]
sprite_editor/tests/test_error_handling.py:385: error: Function is missing a type annotation  [no-untyped-def]
sprite_editor/tests/test_error_handling.py:394: error: Function is missing a type annotation  [no-untyped-def]
sprite_editor/tests/test_error_handling.py:404: error: Function is missing a type annotation  [no-untyped-def]
sprite_editor/tests/test_error_handling.py:414: error: Function is missing a type annotation  [no-untyped-def]
sprite_editor/tests/test_error_handling.py:431: error: Function is missing a return type annotation  [no-untyped-def]
sprite_editor/tests/test_error_handling.py:431: note: Use "-> None" if function does not return a value
sprite_editor/tests/test_error_handling.py:438: error: Function is missing a type annotation  [no-untyped-def]
sprite_editor/tests/test_advanced_integration.py:22: error: Function is missing a type annotation  [no-untyped-def]
sprite_editor/tests/test_advanced_integration.py:65: error: Function is missing a type annotation  [no-untyped-def]
sprite_editor/tests/test_advanced_integration.py:89: error: Incompatible types in assignment (expression has type "tuple[int, int]", variable has type "int")  [assignment]
sprite_editor/tests/test_advanced_integration.py:91: error: Value of type "int" is not indexable  [index]
sprite_editor/tests/test_advanced_integration.py:95: error: Function is missing a type annotation  [no-untyped-def]
sprite_editor/tests/test_advanced_integration.py:134: error: Function is missing a type annotation  [no-untyped-def]
sprite_editor/tests/test_advanced_integration.py:168: error: Function is missing a type annotation  [no-untyped-def]
sprite_editor/tests/test_advanced_integration.py:192: error: Function is missing a type annotation  [no-untyped-def]
sprite_editor/tests/test_advanced_integration.py:227: error: Function is missing a type annotation  [no-untyped-def]
sprite_editor/tests/test_advanced_integration.py:255: error: Function is missing a type annotation  [no-untyped-def]
sprite_editor/tests/test_advanced_integration.py:289: error: Function is missing a type annotation  [no-untyped-def]
sprite_editor/tests/test_advanced_integration.py:319: error: Function is missing a type annotation  [no-untyped-def]
sprite_editor/tests/test_advanced_integration.py:338: error: Too many arguments for "main"  [call-arg]
sprite_editor/tests/test_advanced_integration.py:351: error: Function is missing a type annotation  [no-untyped-def]
sprite_editor/controllers/inject_controller.py:18: error: Function is missing a type annotation  [no-untyped-def]
sprite_editor/controllers/inject_controller.py:23: error: Function is missing a return type annotation  [no-untyped-def]
sprite_editor/controllers/inject_controller.py:23: note: Use "-> None" if function does not return a value
sprite_editor/controllers/inject_controller.py:33: error: Function is missing a return type annotation  [no-untyped-def]
sprite_editor/controllers/inject_controller.py:33: note: Use "-> None" if function does not return a value
sprite_editor/controllers/inject_controller.py:48: error: Function is missing a return type annotation  [no-untyped-def]
sprite_editor/controllers/inject_controller.py:48: note: Use "-> None" if function does not return a value
sprite_editor/controllers/inject_controller.py:67: error: Function is missing a type annotation  [no-untyped-def]
sprite_editor/controllers/inject_controller.py:81: error: Function is missing a return type annotation  [no-untyped-def]
sprite_editor/controllers/inject_controller.py:81: note: Use "-> None" if function does not return a value
sprite_editor/controllers/inject_controller.py:135: error: Function is missing a type annotation  [no-untyped-def]
sprite_editor/controllers/inject_controller.py:139: error: Function is missing a type annotation  [no-untyped-def]
sprite_editor/controllers/inject_controller.py:152: error: Function is missing a type annotation  [no-untyped-def]
sprite_editor/controllers/extract_controller.py:18: error: Function is missing a type annotation  [no-untyped-def]
sprite_editor/controllers/extract_controller.py:23: error: Function is missing a return type annotation  [no-untyped-def]
sprite_editor/controllers/extract_controller.py:23: note: Use "-> None" if function does not return a value
sprite_editor/controllers/extract_controller.py:34: error: Function is missing a return type annotation  [no-untyped-def]
sprite_editor/controllers/extract_controller.py:34: note: Use "-> None" if function does not return a value
sprite_editor/controllers/extract_controller.py:52: error: Function is missing a return type annotation  [no-untyped-def]
sprite_editor/controllers/extract_controller.py:52: note: Use "-> None" if function does not return a value
sprite_editor/controllers/extract_controller.py:70: error: Function is missing a return type annotation  [no-untyped-def]
sprite_editor/controllers/extract_controller.py:70: note: Use "-> None" if function does not return a value
sprite_editor/controllers/extract_controller.py:113: error: Function is missing a type annotation  [no-untyped-def]
sprite_editor/controllers/extract_controller.py:117: error: Function is missing a type annotation  [no-untyped-def]
sprite_editor/controllers/extract_controller.py:134: error: Function is missing a type annotation  [no-untyped-def]
sprite_editor/controllers/extract_controller.py:140: error: Function is missing a type annotation  [no-untyped-def]
sprite_editor/controllers/extract_controller.py:146: error: Function is missing a type annotation  [no-untyped-def]
sprite_editor/tests/test_worker_advanced.py:22: error: Function is missing a type annotation  [no-untyped-def]
sprite_editor/tests/test_worker_advanced.py:37: error: Function is missing a type annotation  [no-untyped-def]
sprite_editor/tests/test_worker_advanced.py:42: error: Function is missing a type annotation  [no-untyped-def]
sprite_editor/tests/test_worker_advanced.py:78: error: Function is missing a type annotation  [no-untyped-def]
sprite_editor/tests/test_worker_advanced.py:108: error: Function is missing a type annotation  [no-untyped-def]
sprite_editor/tests/test_worker_advanced.py:146: error: Function is missing a type annotation  [no-untyped-def]
sprite_editor/tests/test_worker_advanced.py:158: error: Function is missing a return type annotation  [no-untyped-def]
sprite_editor/tests/test_worker_advanced.py:158: note: Use "-> None" if function does not return a value
sprite_editor/tests/test_worker_advanced.py:170: error: Function is missing a type annotation  [no-untyped-def]
sprite_editor/tests/test_worker_advanced.py:177: error: Function is missing a return type annotation  [no-untyped-def]
sprite_editor/tests/test_worker_advanced.py:177: note: Use "-> None" if function does not return a value
sprite_editor/tests/test_worker_advanced.py:197: error: Function is missing a type annotation  [no-untyped-def]
sprite_editor/tests/test_worker_advanced.py:209: error: Function is missing a return type annotation  [no-untyped-def]
sprite_editor/tests/test_worker_advanced.py:209: note: Use "-> None" if function does not return a value
sprite_editor/tests/test_worker_advanced.py:213: error: Cannot assign to a method  [method-assign]
sprite_editor/tests/test_worker_advanced.py:229: error: Function is missing a type annotation  [no-untyped-def]
sprite_editor/tests/test_worker_advanced.py:241: error: Function is missing a return type annotation  [no-untyped-def]
sprite_editor/tests/test_worker_advanced.py:241: note: Use "-> None" if function does not return a value
sprite_editor/tests/test_worker_advanced.py:246: error: Cannot assign to a method  [method-assign]
sprite_editor/tests/test_worker_advanced.py:264: error: Function is missing a type annotation  [no-untyped-def]
sprite_editor/tests/test_worker_advanced.py:268: error: Function is missing a return type annotation  [no-untyped-def]
sprite_editor/tests/test_worker_advanced.py:268: note: Use "-> None" if function does not return a value
sprite_editor/tests/test_worker_advanced.py:293: error: Function is missing a type annotation  [no-untyped-def]
sprite_editor/tests/test_worker_advanced.py:299: error: Function is missing a return type annotation  [no-untyped-def]
sprite_editor/tests/test_worker_advanced.py:299: note: Use "-> None" if function does not return a value
sprite_editor/tests/test_worker_advanced.py:317: error: Function is missing a type annotation  [no-untyped-def]
sprite_editor/tests/test_worker_advanced.py:322: error: Function is missing a return type annotation  [no-untyped-def]
sprite_editor/tests/test_worker_advanced.py:322: note: Use "-> None" if function does not return a value
sprite_editor/tests/test_worker_advanced.py:342: error: Function is missing a type annotation  [no-untyped-def]
sprite_editor/tests/test_worker_advanced.py:363: error: Function is missing a type annotation  [no-untyped-def]
sprite_editor/tests/test_worker_advanced.py:402: error: Function is missing a type annotation  [no-untyped-def]
sprite_editor/tests/test_worker_advanced.py:436: error: Function is missing a type annotation  [no-untyped-def]
sprite_editor/tests/test_worker_advanced.py:465: error: Function is missing a return type annotation  [no-untyped-def]
sprite_editor/tests/test_worker_advanced.py:465: note: Use "-> None" if function does not return a value
sprite_editor/tests/test_worker_advanced.py:473: error: Cannot assign to a method  [method-assign]
sprite_editor/tests/test_worker_advanced.py:489: error: Function is missing a type annotation  [no-untyped-def]
sprite_editor/tests/test_worker_advanced.py:496: error: Function is missing a type annotation  [no-untyped-def]
sprite_editor/tests/test_unified_sprite_editor.py:19: error: Function is missing a return type annotation  [no-untyped-def]
sprite_editor/tests/test_unified_sprite_editor.py:28: error: Function is missing a return type annotation  [no-untyped-def]
sprite_editor/tests/test_unified_sprite_editor.py:44: error: Function is missing a type annotation  [no-untyped-def]
sprite_editor/tests/test_unified_sprite_editor.py:55: error: Function is missing a type annotation  [no-untyped-def]
sprite_editor/tests/test_unified_sprite_editor.py:73: error: Cannot assign to a method  [method-assign]
sprite_editor/tests/test_unified_sprite_editor.py:85: error: Function is missing a type annotation  [no-untyped-def]
sprite_editor/tests/test_unified_sprite_editor.py:97: error: Function is missing a return type annotation  [no-untyped-def]
sprite_editor/tests/test_unified_sprite_editor.py:97: note: Use "-> None" if function does not return a value
sprite_editor/tests/test_unified_sprite_editor.py:101: error: Function is missing a return type annotation  [no-untyped-def]
sprite_editor/tests/test_unified_sprite_editor.py:101: note: Use "-> None" if function does not return a value
sprite_editor/tests/test_unified_sprite_editor.py:106: error: Function is missing a return type annotation  [no-untyped-def]
sprite_editor/tests/test_unified_sprite_editor.py:113: error: Function is missing a return type annotation  [no-untyped-def]
sprite_editor/tests/test_unified_sprite_editor.py:113: note: Use "-> None" if function does not return a value
sprite_editor/tests/test_unified_sprite_editor.py:151: error: Function is missing a type annotation  [no-untyped-def]
sprite_editor/tests/test_unified_sprite_editor.py:164: error: Function is missing a type annotation  [no-untyped-def]
sprite_editor/tests/test_unified_sprite_editor.py:180: error: Function is missing a type annotation  [no-untyped-def]
sprite_editor/tests/test_unified_sprite_editor.py:204: error: Function is missing a type annotation  [no-untyped-def]
sprite_editor/tests/test_unified_sprite_editor.py:215: error: Function is missing a type annotation  [no-untyped-def]
sprite_editor/tests/test_unified_sprite_editor.py:227: error: Function is missing a type annotation  [no-untyped-def]
sprite_editor/tests/test_unified_sprite_editor.py:247: error: Function is missing a type annotation  [no-untyped-def]
sprite_editor/tests/test_unified_sprite_editor.py:256: error: Function is missing a return type annotation  [no-untyped-def]
sprite_editor/tests/test_unified_sprite_editor.py:256: note: Use "-> None" if function does not return a value
sprite_editor/tests/test_project_management.py:24: error: Function is missing a type annotation  [no-untyped-def]
sprite_editor/tests/test_project_management.py:32: error: Function is missing a return type annotation  [no-untyped-def]
sprite_editor/tests/test_project_management.py:42: error: Function is missing a type annotation  [no-untyped-def]
sprite_editor/tests/test_project_management.py:64: error: Function is missing a type annotation  [no-untyped-def]
sprite_editor/tests/test_project_management.py:94: error: Function is missing a type annotation  [no-untyped-def]
sprite_editor/tests/test_project_management.py:109: error: Function is missing a type annotation  [no-untyped-def]
sprite_editor/tests/test_project_management.py:140: error: Function is missing a type annotation  [no-untyped-def]
sprite_editor/tests/test_project_management.py:157: error: Function is missing a type annotation  [no-untyped-def]
sprite_editor/tests/test_project_management.py:175: error: Function is missing a type annotation  [no-untyped-def]
sprite_editor/tests/test_project_management.py:208: error: Function is missing a type annotation  [no-untyped-def]
sprite_editor/tests/test_project_management.py:237: error: Function is missing a type annotation  [no-untyped-def]
sprite_editor/tests/test_project_management.py:252: error: Function is missing a type annotation  [no-untyped-def]
sprite_editor/tests/test_project_management.py:271: error: Function is missing a type annotation  [no-untyped-def]
sprite_editor/tests/test_project_management.py:292: error: Function is missing a type annotation  [no-untyped-def]
sprite_editor/tests/test_project_management.py:311: error: Function is missing a type annotation  [no-untyped-def]
sprite_editor/tests/test_project_management.py:350: error: Function is missing a type annotation  [no-untyped-def]
sprite_editor/tests/test_project_management.py:364: error: Function is missing a type annotation  [no-untyped-def]
sprite_editor/tests/test_project_management.py:372: error: Function is missing a type annotation  [no-untyped-def]
sprite_editor/tests/test_project_management.py:390: error: Argument 1 to "getmtime" has incompatible type "Optional[str]"; expected "Union[int, Union[str, bytes, PathLike[str], PathLike[bytes]]]"  [arg-type]
sprite_editor/tests/test_project_management.py:393: error: Function is missing a type annotation  [no-untyped-def]
sprite_editor/tests/test_inject_controller.py:24: error: Function is missing a return type annotation  [no-untyped-def]
sprite_editor/tests/test_inject_controller.py:30: error: Cannot assign to a method  [method-assign]
sprite_editor/tests/test_inject_controller.py:31: error: Cannot assign to a method  [method-assign]
sprite_editor/tests/test_inject_controller.py:34: error: Cannot assign to a method  [method-assign]
sprite_editor/tests/test_inject_controller.py:40: error: Function is missing a return type annotation  [no-untyped-def]
sprite_editor/tests/test_inject_controller.py:62: error: Function is missing a type annotation  [no-untyped-def]
sprite_editor/tests/test_inject_controller.py:71: error: Function is missing a type annotation  [no-untyped-def]
sprite_editor/tests/test_inject_controller.py:93: error: Function is missing a type annotation  [no-untyped-def]
sprite_editor/tests/test_inject_controller.py:103: error: Function is missing a type annotation  [no-untyped-def]
sprite_editor/tests/test_inject_controller.py:115: error: Function is missing a type annotation  [no-untyped-def]
sprite_editor/tests/test_inject_controller.py:140: error: Function is missing a type annotation  [no-untyped-def]
sprite_editor/tests/test_inject_controller.py:151: error: Function is missing a type annotation  [no-untyped-def]
sprite_editor/tests/test_inject_controller.py:170: error: Function is missing a type annotation  [no-untyped-def]
sprite_editor/tests/test_inject_controller.py:189: error: Function is missing a type annotation  [no-untyped-def]
sprite_editor/tests/test_inject_controller.py:197: error: Function is missing a type annotation  [no-untyped-def]
sprite_editor/tests/test_inject_controller.py:208: error: Function is missing a type annotation  [no-untyped-def]
sprite_editor/tests/test_inject_controller.py:221: error: Function is missing a type annotation  [no-untyped-def]
sprite_editor/tests/test_inject_controller.py:243: error: Function is missing a type annotation  [no-untyped-def]
sprite_editor/tests/test_inject_controller.py:258: error: Function is missing a type annotation  [no-untyped-def]
sprite_editor/tests/test_inject_controller.py:276: error: Function is missing a type annotation  [no-untyped-def]
sprite_editor/tests/test_inject_controller.py:296: error: Function is missing a type annotation  [no-untyped-def]
sprite_editor/tests/test_inject_controller.py:339: error: Function is missing a type annotation  [no-untyped-def]
sprite_editor/tests/test_inject_controller.py:364: error: Function is missing a type annotation  [no-untyped-def]
sprite_editor/tests/test_inject_controller.py:370: error: Function is missing a type annotation  [no-untyped-def]
sprite_editor/tests/test_inject_controller.py:393: error: Function is missing a type annotation  [no-untyped-def]
sprite_editor/tests/test_gui_workflows.py:17: error: Function is missing a type annotation  [no-untyped-def]
sprite_editor/tests/test_gui_workflows.py:27: error: Function is missing a type annotation  [no-untyped-def]
sprite_editor/tests/test_gui_workflows.py:45: error: Function is missing a type annotation  [no-untyped-def]
sprite_editor/tests/test_gui_workflows.py:66: error: Function is missing a type annotation  [no-untyped-def]
sprite_editor/tests/test_gui_workflows.py:80: error: Function is missing a type annotation  [no-untyped-def]
sprite_editor/tests/test_gui_workflows.py:89: error: Function is missing a type annotation  [no-untyped-def]
sprite_editor/tests/test_gui_workflows.py:105: error: Function is missing a type annotation  [no-untyped-def]
sprite_editor/tests/test_gui_views.py:25: error: Function is missing a type annotation  [no-untyped-def]
sprite_editor/tests/test_gui_views.py:35: error: Function is missing a type annotation  [no-untyped-def]
sprite_editor/tests/test_gui_views.py:63: error: Function is missing a type annotation  [no-untyped-def]
sprite_editor/tests/test_gui_views.py:81: error: Function is missing a type annotation  [no-untyped-def]
sprite_editor/tests/test_gui_views.py:97: error: Function is missing a type annotation  [no-untyped-def]
sprite_editor/tests/test_gui_views.py:123: error: Function is missing a type annotation  [no-untyped-def]
sprite_editor/tests/test_gui_views.py:144: error: Function is missing a type annotation  [no-untyped-def]
sprite_editor/tests/test_gui_views.py:156: error: Function is missing a type annotation  [no-untyped-def]
sprite_editor/tests/test_gui_views.py:174: error: Function is missing a type annotation  [no-untyped-def]
sprite_editor/tests/test_gui_views.py:186: error: Function is missing a type annotation  [no-untyped-def]
sprite_editor/tests/test_gui_views.py:231: error: Function is missing a type annotation  [no-untyped-def]
sprite_editor/tests/test_gui_views.py:248: error: Function is missing a type annotation  [no-untyped-def]
sprite_editor/tests/test_gui_views.py:271: error: Function is missing a type annotation  [no-untyped-def]
sprite_editor/tests/test_gui_views.py:287: error: Function is missing a type annotation  [no-untyped-def]
sprite_editor/tests/test_gui_views.py:305: error: Function is missing a type annotation  [no-untyped-def]
sprite_editor/tests/test_gui_views.py:316: error: Function is missing a type annotation  [no-untyped-def]
sprite_editor/tests/test_gui_views.py:332: error: Function is missing a type annotation  [no-untyped-def]
sprite_editor/tests/test_gui_views.py:357: error: Function is missing a type annotation  [no-untyped-def]
sprite_editor/tests/test_gui_views.py:375: error: Function is missing a type annotation  [no-untyped-def]
sprite_editor/tests/test_gui_views.py:395: error: Function is missing a type annotation  [no-untyped-def]
sprite_editor/tests/test_gui_views.py:408: error: Function is missing a type annotation  [no-untyped-def]
sprite_editor/tests/test_gui_views.py:435: error: Function is missing a type annotation  [no-untyped-def]
sprite_editor/tests/test_gui_views.py:455: error: Function is missing a type annotation  [no-untyped-def]
sprite_editor/tests/test_gui_views.py:465: error: Function is missing a type annotation  [no-untyped-def]
sprite_editor/tests/test_gui_views.py:492: error: Function is missing a type annotation  [no-untyped-def]
sprite_editor/tests/test_gui_views.py:516: error: Function is missing a type annotation  [no-untyped-def]
sprite_editor/tests/test_gui_views.py:531: error: Function is missing a return type annotation  [no-untyped-def]
sprite_editor/tests/test_gui_views.py:531: note: Use "-> None" if function does not return a value
sprite_editor/tests/test_gui_views.py:549: error: Function is missing a type annotation  [no-untyped-def]
sprite_editor/tests/test_gui_views.py:561: error: Function is missing a type annotation  [no-untyped-def]
sprite_editor/tests/test_extract_controller.py:24: error: Function is missing a return type annotation  [no-untyped-def]
sprite_editor/tests/test_extract_controller.py:30: error: Cannot assign to a method  [method-assign]
sprite_editor/tests/test_extract_controller.py:31: error: Cannot assign to a method  [method-assign]
sprite_editor/tests/test_extract_controller.py:37: error: Function is missing a return type annotation  [no-untyped-def]
sprite_editor/tests/test_extract_controller.py:58: error: Function is missing a type annotation  [no-untyped-def]
sprite_editor/tests/test_extract_controller.py:67: error: Function is missing a type annotation  [no-untyped-def]
sprite_editor/tests/test_extract_controller.py:88: error: Function is missing a type annotation  [no-untyped-def]
sprite_editor/tests/test_extract_controller.py:98: error: Function is missing a type annotation  [no-untyped-def]
sprite_editor/tests/test_extract_controller.py:110: error: Function is missing a type annotation  [no-untyped-def]
sprite_editor/tests/test_extract_controller.py:128: error: Function is missing a type annotation  [no-untyped-def]
sprite_editor/tests/test_extract_controller.py:139: error: Function is missing a type annotation  [no-untyped-def]
sprite_editor/tests/test_extract_controller.py:157: error: Function is missing a type annotation  [no-untyped-def]
sprite_editor/tests/test_extract_controller.py:171: error: Function is missing a type annotation  [no-untyped-def]
sprite_editor/tests/test_extract_controller.py:190: error: Function is missing a type annotation  [no-untyped-def]
sprite_editor/tests/test_extract_controller.py:214: error: Function is missing a type annotation  [no-untyped-def]
sprite_editor/tests/test_extract_controller.py:236: error: Function is missing a type annotation  [no-untyped-def]
sprite_editor/tests/test_extract_controller.py:277: error: Function is missing a type annotation  [no-untyped-def]
sprite_editor/tests/test_extract_controller.py:306: error: Function is missing a type annotation  [no-untyped-def]
sprite_editor/tests/test_extract_controller.py:312: error: Function is missing a type annotation  [no-untyped-def]
sprite_editor/tests/test_extract_controller.py:332: error: Function is missing a type annotation  [no-untyped-def]
sprite_editor/tests/test_extract_controller.py:356: error: Function is missing a type annotation  [no-untyped-def]
sprite_editor/tests/test_extract_controller.py:366: error: Function is missing a type annotation  [no-untyped-def]
sprite_editor/tests/test_extract_controller.py:374: error: Function is missing a type annotation  [no-untyped-def]
sprite_editor/tests/test_extract_controller.py:384: error: Function is missing a type annotation  [no-untyped-def]
sprite_editor/tests/test_enhanced_gui_interaction.py:26: error: Function is missing a type annotation  [no-untyped-def]
sprite_editor/tests/test_enhanced_gui_interaction.py:32: error: Function is missing a return type annotation  [no-untyped-def]
sprite_editor/tests/test_enhanced_gui_interaction.py:32: note: Use "-> None" if function does not return a value
sprite_editor/tests/test_enhanced_gui_interaction.py:71: error: Function is missing a type annotation  [no-untyped-def]
sprite_editor/tests/test_enhanced_gui_interaction.py:81: error: Function is missing a type annotation  [no-untyped-def]
sprite_editor/tests/test_enhanced_gui_interaction.py:93: error: Function is missing a type annotation  [no-untyped-def]
sprite_editor/tests/test_enhanced_gui_interaction.py:108: error: Function is missing a type annotation  [no-untyped-def]
sprite_editor/tests/test_enhanced_gui_interaction.py:127: error: Function is missing a type annotation  [no-untyped-def]
sprite_editor/tests/test_enhanced_gui_interaction.py:140: error: Function is missing a type annotation  [no-untyped-def]
sprite_editor/tests/test_enhanced_gui_interaction.py:154: error: Function is missing a type annotation  [no-untyped-def]
sprite_editor/tests/test_enhanced_gui_interaction.py:172: error: Function is missing a type annotation  [no-untyped-def]
sprite_editor/tests/test_enhanced_gui_interaction.py:175: error: Function is missing a return type annotation  [no-untyped-def]
sprite_editor/tests/test_enhanced_gui_interaction.py:175: note: Use "-> None" if function does not return a value
sprite_editor/tests/test_enhanced_gui_interaction.py:185: error: Function is missing a type annotation  [no-untyped-def]
sprite_editor/tests/test_enhanced_gui_interaction.py:211: error: Function is missing a type annotation  [no-untyped-def]
sprite_editor/tests/test_enhanced_gui_interaction.py:221: error: Item "None" of "Optional[QTabBar]" has no attribute "tabRect"  [union-attr]
sprite_editor/tests/test_enhanced_gui_interaction.py:238: error: Function is missing a type annotation  [no-untyped-def]
sprite_editor/tests/test_enhanced_gui_interaction.py:241: error: Function is missing a return type annotation  [no-untyped-def]
sprite_editor/tests/test_enhanced_gui_interaction.py:248: error: Function is missing a return type annotation  [no-untyped-def]
sprite_editor/tests/test_enhanced_gui_interaction.py:248: note: Use "-> None" if function does not return a value
sprite_editor/tests/test_enhanced_gui_interaction.py:263: error: Function is missing a type annotation  [no-untyped-def]
sprite_editor/tests/test_enhanced_gui_interaction.py:280: error: Function is missing a type annotation  [no-untyped-def]
sprite_editor/tests/test_enhanced_gui_interaction.py:305: error: Function is missing a type annotation  [no-untyped-def]
sprite_editor/tests/test_enhanced_gui_interaction.py:317: error: Function is missing a type annotation  [no-untyped-def]
sprite_editor/tests/test_enhanced_gui_interaction.py:330: error: Function is missing a type annotation  [no-untyped-def]
sprite_editor/tests/test_enhanced_gui_interaction.py:346: error: Function is missing a type annotation  [no-untyped-def]
sprite_editor/controllers/main_controller.py:18: error: Function is missing a type annotation  [no-untyped-def]
sprite_editor/controllers/main_controller.py:60: error: Function is missing a return type annotation  [no-untyped-def]
sprite_editor/controllers/main_controller.py:60: note: Use "-> None" if function does not return a value
sprite_editor/controllers/main_controller.py:95: error: Function is missing a return type annotation  [no-untyped-def]
sprite_editor/controllers/main_controller.py:109: error: Function is missing a return type annotation  [no-untyped-def]
sprite_editor/controllers/main_controller.py:109: note: Use "-> None" if function does not return a value
sprite_editor/controllers/main_controller.py:129: error: Function is missing a type annotation  [no-untyped-def]
sprite_editor/controllers/main_controller.py:142: error: Function is missing a type annotation  [no-untyped-def]
sprite_editor/controllers/main_controller.py:148: error: Function is missing a return type annotation  [no-untyped-def]
sprite_editor/controllers/main_controller.py:148: note: Use "-> None" if function does not return a value
sprite_editor/controllers/main_controller.py:152: error: Function is missing a return type annotation  [no-untyped-def]
sprite_editor/controllers/main_controller.py:152: note: Use "-> None" if function does not return a value
sprite_editor/controllers/main_controller.py:159: error: Function is missing a return type annotation  [no-untyped-def]
sprite_editor/controllers/main_controller.py:159: note: Use "-> None" if function does not return a value
sprite_editor/application.py:21: error: Function is missing a return type annotation  [no-untyped-def]
sprite_editor/application.py:21: note: Use "-> None" if function does not return a value
sprite_editor/application.py:42: error: Function is missing a return type annotation  [no-untyped-def]
sprite_editor/application.py:51: error: Function is missing a return type annotation  [no-untyped-def]
sprite_editor/application.py:65: error: Function is missing a return type annotation  [no-untyped-def]
sprite_editor/application.py:79: error: Function is missing a return type annotation  [no-untyped-def]
sprite_editor/application.py:121: error: Function is missing a return type annotation  [no-untyped-def]
sprite_editor/application.py:121: note: Use "-> None" if function does not return a value
sprite_editor/application.py:139: error: Function is missing a return type annotation  [no-untyped-def]
sprite_editor/application.py:139: note: Use "-> None" if function does not return a value
sprite_editor/application.py:148: error: Function is missing a return type annotation  [no-untyped-def]
sprite_editor/application.py:148: note: Use "-> None" if function does not return a value
sprite_editor/application.py:163: error: Function is missing a return type annotation  [no-untyped-def]
sprite_editor/application.py:169: error: Function is missing a return type annotation  [no-untyped-def]
sprite_editor/application.py:169: note: Use "-> None" if function does not return a value
sprite_editor/tests/test_main_controller.py:22: error: Function is missing a return type annotation  [no-untyped-def]
sprite_editor/tests/test_main_controller.py:22: note: Use "-> None" if function does not return a value
sprite_editor/tests/test_main_controller.py:25: error: Function is missing a type annotation  [no-untyped-def]
sprite_editor/tests/test_main_controller.py:28: error: Function is missing a type annotation  [no-untyped-def]
sprite_editor/tests/test_main_controller.py:35: error: Function is missing a return type annotation  [no-untyped-def]
sprite_editor/tests/test_main_controller.py:35: note: Use "-> None" if function does not return a value
sprite_editor/tests/test_main_controller.py:56: error: Function is missing a return type annotation  [no-untyped-def]
sprite_editor/tests/test_main_controller.py:56: note: Use "-> None" if function does not return a value
sprite_editor/tests/test_main_controller.py:70: error: Function is missing a return type annotation  [no-untyped-def]
sprite_editor/tests/test_main_controller.py:70: note: Use "-> None" if function does not return a value
sprite_editor/tests/test_main_controller.py:94: error: Function is missing a return type annotation  [no-untyped-def]
sprite_editor/tests/test_main_controller.py:94: note: Use "-> None" if function does not return a value
sprite_editor/tests/test_main_controller.py:126: error: Function is missing a return type annotation  [no-untyped-def]
sprite_editor/tests/test_main_controller.py:126: note: Use "-> None" if function does not return a value
sprite_editor/tests/test_main_controller.py:141: error: Function is missing a return type annotation  [no-untyped-def]
sprite_editor/tests/test_main_controller.py:153: error: Function is missing a type annotation  [no-untyped-def]
sprite_editor/tests/test_main_controller.py:191: error: Function is missing a return type annotation  [no-untyped-def]
sprite_editor/tests/test_main_controller.py:221: error: Function is missing a type annotation  [no-untyped-def]
sprite_editor/tests/test_main_controller.py:243: error: Function is missing a type annotation  [no-untyped-def]
sprite_editor/tests/test_main_controller.py:259: error: Function is missing a type annotation  [no-untyped-def]
sprite_editor/tests/test_main_controller.py:298: error: Function is missing a type annotation  [no-untyped-def]
sprite_editor/tests/test_main_controller.py:302: error: "QObject" has no attribute "show_viewer_tab"  [attr-defined]
sprite_editor/tests/test_main_controller.py:303: error: "QObject" has no attribute "show_inject_tab"  [attr-defined]
sprite_editor/tests/test_main_controller.py:319: error: Function is missing a type annotation  [no-untyped-def]
sprite_editor/tests/test_main_controller.py:343: error: Function is missing a type annotation  [no-untyped-def]
sprite_editor/tests/test_main_controller.py:352: error: Function is missing a type annotation  [no-untyped-def]
sprite_editor/tests/test_main_controller.py:372: error: Function is missing a type annotation  [no-untyped-def]
sprite_editor/tests/test_main_controller.py:392: error: Function is missing a type annotation  [no-untyped-def]
sprite_editor/tests/test_main_controller.py:410: error: Function is missing a type annotation  [no-untyped-def]
sprite_editor/tests/test_main_controller.py:426: error: Function is missing a type annotation  [no-untyped-def]
sprite_editor/tests/test_main_controller.py:441: error: Function is missing a type annotation  [no-untyped-def]
sprite_editor/tests/test_main_controller.py:456: error: Function is missing a type annotation  [no-untyped-def]
sprite_editor/tests/test_main_controller.py:475: error: Function is missing a type annotation  [no-untyped-def]
sprite_editor/tests/test_main_controller.py:483: error: Function is missing a type annotation  [no-untyped-def]
sprite_editor/tests/test_main_controller.py:497: error: Function is missing a type annotation  [no-untyped-def]
sprite_editor/tests/test_main_controller.py:511: error: Function is missing a type annotation  [no-untyped-def]
sprite_editor/tests/test_main_controller.py:522: error: Function is missing a type annotation  [no-untyped-def]
sprite_editor/tests/test_main_controller.py:540: error: Function is missing a type annotation  [no-untyped-def]
sprite_editor/tests/test_main_controller.py:547: error: Function is missing a type annotation  [no-untyped-def]
sprite_editor/tests/test_main_controller.py:548: error: Function is missing a type annotation  [no-untyped-def]
sprite_editor/tests/test_main_controller.py:553: error: Cannot assign to a method  [method-assign]
sprite_editor/tests/test_main_controller.py:554: error: Cannot assign to a method  [method-assign]
sprite_editor/tests/test_main_controller.py:567: error: Function is missing a type annotation  [no-untyped-def]
sprite_editor/tests/test_main_controller.py:593: error: Function is missing a type annotation  [no-untyped-def]
sprite_editor/tests/test_main_controller.py:618: error: Function is missing a type annotation  [no-untyped-def]
sprite_editor/tests/test_main_controller.py:643: error: Function is missing a type annotation  [no-untyped-def]
sprite_editor/tests/test_main_controller.py:661: error: Function is missing a type annotation  [no-untyped-def]
sprite_editor/tests/test_main_controller.py:669: error: Cannot assign to a method  [method-assign]
sprite_editor/tests/test_main_controller.py:670: error: Cannot assign to a method  [method-assign]
sprite_editor/tests/test_controllers.py:23: error: Function is missing a return type annotation  [no-untyped-def]
sprite_editor/tests/test_controllers.py:23: note: Use "-> None" if function does not return a value
sprite_editor/tests/test_controllers.py:54: error: Function is missing a return type annotation  [no-untyped-def]
sprite_editor/tests/test_controllers.py:54: note: Use "-> None" if function does not return a value
sprite_editor/tests/test_controllers.py:81: error: Function is missing a return type annotation  [no-untyped-def]
sprite_editor/tests/test_controllers.py:81: note: Use "-> None" if function does not return a value
sprite_editor/tests/test_controllers.py:109: error: Function is missing a return type annotation  [no-untyped-def]
sprite_editor/tests/test_controllers.py:109: note: Use "-> None" if function does not return a value
sprite_editor/tests/test_controllers.py:144: error: Function is missing a return type annotation  [no-untyped-def]
sprite_editor/tests/test_controllers.py:157: error: Function is missing a return type annotation  [no-untyped-def]
sprite_editor/tests/test_controllers.py:168: error: Function is missing a return type annotation  [no-untyped-def]
sprite_editor/tests/test_controllers.py:179: error: Function is missing a return type annotation  [no-untyped-def]
sprite_editor/tests/test_controllers.py:192: error: Function is missing a return type annotation  [no-untyped-def]
sprite_editor/tests/test_controllers.py:192: note: Use "-> None" if function does not return a value
sprite_editor/tests/test_controllers.py:217: error: Function is missing a return type annotation  [no-untyped-def]
sprite_editor/tests/test_controllers.py:217: note: Use "-> None" if function does not return a value
sprite_editor/tests/test_controllers.py:249: error: Function is missing a return type annotation  [no-untyped-def]
sprite_editor/tests/test_controllers.py:249: note: Use "-> None" if function does not return a value
sprite_editor/tests/test_controllers.py:255: error: Function is missing a type annotation  [no-untyped-def]
sprite_editor/tests/test_controllers.py:261: error: Function is missing a return type annotation  [no-untyped-def]
sprite_editor/tests/test_controllers.py:261: note: Use "-> None" if function does not return a value
sprite_editor/tests/test_application.py:20: error: Function is missing a type annotation  [no-untyped-def]
sprite_editor/tests/test_application.py:44: error: Function is missing a type annotation  [no-untyped-def]
sprite_editor/tests/test_application.py:68: error: Function is missing a type annotation  [no-untyped-def]
sprite_editor/tests/test_application.py:91: error: Function is missing a return type annotation  [no-untyped-def]
sprite_editor/tests/test_application.py:115: error: Function is missing a return type annotation  [no-untyped-def]
sprite_editor/tests/test_application.py:149: error: Function is missing a type annotation  [no-untyped-def]
Found 1458 errors in 86 files (checked 95 source files)
