<?xml version="1.0" encoding="utf-8"?><testsuites name="pytest tests"><testsuite name="pytest" errors="0" failures="1" skipped="0" tests="17" time="7.388" timestamp="2025-08-08T21:58:58.083726+01:00" hostname="Gab-ROG"><testcase classname="tests.test_collapsible_group_box.TestCollapsibleGroupBox" name="test_basic_initialization" time="0.259" /><testcase classname="tests.test_collapsible_group_box.TestCollapsibleGroupBox" name="test_collapse_expand_functionality" time="0.543" /><testcase classname="tests.test_collapsible_group_box.TestCollapsibleGroupBox" name="test_animation_connection_cleanup_runtime_error" time="0.156" /><testcase classname="tests.test_collapsible_group_box.TestCollapsibleGroupBox" name="test_animation_connection_cleanup_type_error" time="0.150" /><testcase classname="tests.test_collapsible_group_box.TestCollapsibleGroupBox" name="test_animation_connection_cleanup_success" time="0.149" /><testcase classname="tests.test_collapsible_group_box.TestCollapsibleGroupBox" name="test_mixed_animation_connection_errors" time="0.146" /><testcase classname="tests.test_collapsible_group_box.TestCollapsibleGroupBox" name="test_no_animation_to_stop" time="0.137" /><testcase classname="tests.test_collapsible_group_box.TestCollapsibleGroupBox" name="test_animation_connection_non_callable" time="0.142" /><testcase classname="tests.test_collapsible_group_box.TestCollapsibleGroupBox" name="test_qt_object_deletion_error_specificity" time="0.158" /><testcase classname="tests.test_collapsible_group_box.TestCollapsibleGroupBox" name="test_animation_state_after_error_cleanup" time="0.197" /><testcase classname="tests.test_collapsible_group_box.TestCollapsibleGroupBox" name="test_animation_creation_and_cleanup_integration" time="0.150" /><testcase classname="tests.test_collapsible_group_box.TestCollapsibleGroupBox" name="test_widget_deletion_during_animation" time="0.250" /><testcase classname="tests.test_sprite_preview_widget.TestSpritePreviewWidget" name="test_widget_creation" time="0.167" /><testcase classname="tests.test_sprite_preview_widget.TestSpritePreviewWidget" name="test_load_grayscale_sprite" time="0.225" /><testcase classname="tests.test_sprite_preview_widget.TestSpritePreviewWidget" name="test_load_indexed_sprite" time="0.151" /><testcase classname="tests.test_sprite_preview_widget.TestSpritePreviewWidget" name="test_clear_preview" time="0.151" /><testcase classname="tests.test_sprite_preview_widget.TestSpritePreviewWidget" name="test_load_4bpp_sprite" time="0.148"><failure message="AssertionError: assert 'Size: 8x8 | ... Pixels: 0/64' == 'Size: 8x8 | Tiles: 1'&#10;  &#10;  - Size: 8x8 | Tiles: 1&#10;  + Size: 8x8 | Tiles: 1 | Pixels: 0/64">tests/test_sprite_preview_widget.py:115: in test_load_4bpp_sprite
    assert widget.info_label.text() == "Size: 8x8 | Tiles: 1"
E   AssertionError: assert 'Size: 8x8 | ... Pixels: 0/64' == 'Size: 8x8 | Tiles: 1'
E     
E     - Size: 8x8 | Tiles: 1
E     + Size: 8x8 | Tiles: 1 | Pixels: 0/64</failure></testcase></testsuite></testsuites>